

 << Logging of terminal I/O resumes >> 

1 3693691 2883
101 2115880 4018
201 1113011 4076
301 752520 4079
401 572568 4059
501 464136 4029
601 392874 3996
701 342625 3961
801 305575 3927
901 277207 3892
1001 255006 3859
1101 237182 3827
1201 222634 3796
1301 210644 3766
1401 200579 3738
1501 192032 3711
1601 184758 3686
1701 178462 3662
1801 173014 3639
1901 168240 3617
2001 164031 3597
2101 160305 3578
2201 156968 3559
2301 154008 3542
2401 151326 3526
2501 148915 3511
2601 146693 3496
2701 144693 3482
2801 142867 3469
2901 141179 3457
3001 139619 3445
3101 138189 3434
3201 136858 3423
3301 135606 3413
3401 134454 3403
3501 133370 3394
3601 132364 3385
3701 131401 3377
3801 130492 3369
3901 129654 3361
4001 128827 3354
4101 128073 3347
4201 127341 3340
4301 126651 3334
4401 125981 3327
4501 125367 3321
4601 124760 3316
4701 124179 3310
4801 123623 3305
4901 123083 3300
5001 122579 3295
5101 122084 3290
5201 121615 3285
5301 121156 3281
5401 120718 3276
5501 120294 3272
5601 119869 3268
5701 119466 3264
5801 119073 3260
5901 118707 3256
6001 118345 3253
6101 117986 3249
6201 117640 3245
6301 117309 3242
6401 116998 3239
6501 116670 3235
6601 116370 3232
6701 116082 3229
6801 115781 3226
6901 115504 3223
7001 115223 3221
7101 114961 3218
7201 114695 3215
7301 114444 3212
7401 114200 3210
7501 113955 3207
7601 113723 3205
7701 113483 3202
7801 113272 3200
7901 113040 3197
8001 112822 3195
8101 112617 3193
8201 112407 -2569
8301 112224 -2571
8401 112019 -2574
8501 111825 -2576
8601 111646 -2578
8701 111456 -2580
8801 111276 -2582
8901 111102 -2584
9001 110928 -2585
9101 110764 -2587
9201 110593 -2589
9301 110442 -2591
9401 110276 -2593
9501 110134 -2594
9601 109980 -2596
9701 109832 -2598
9801 109692 -2600
9901 109542 -2601
10001 109407 -2603
10101 109270 -2604
10201 109141 -2606
10301 109001 -2608
10401 108871 -2609
10501 108755 -2611
10601 108626 -2612
10701 108504 -2614
10801 108389 -2615
10901 108278 -2616
11001 108166 -2618
11101 108050 -2619
11201 107935 -2620
11301 107827 -2622
11401 107728 -2623
11501 107614 -2624
11601 107523 -2626
11701 107424 -2627
11801 107332 -2628
11901 107233 -2629
12001 107136 -2631
12101 107031 -2632
12201 106950 -2633
12301 106860 -2634
12401 106779 -2635
12501 106680 -2636
12601 106598 -2637
12701 106511 -2638
12801 106440 -2639
12901 106355 -2640
13001 106281 -2641
13101 106199 -2642
13201 106129 -2643
13301 106052 -2644
13401 105972 -2645
13501 105903 -2646
13601 105831 -2647
13701 105769 -2648
13801 105700 -2649
13901 105627 -2650
14001 105557 -2651
14101 105489 -2652
14201 105435 -2653
14301 105380 -2654
14401 105308 -2654
14501 105250 -2655
14601 105160 -2656
14701 105124 -2657
14801 105070 -2658
14901 104998 -2658
15001 104962 -2659
15101 104899 -2660
15201 104849 -2661
15301 104799 -2661
15401 104736 -2662
15501 104689 -2663
15601 104630 -2663
15701 104586 -2664
15801 104524 -2665
15901 104483 -2666
16001 104438 -2666
16101 104388 -2667
16201 104340 -2668
16301 104300 -2668
16401 104248 -2669
16501 104205 -2669
16601 104164 -2670
16701 104117 -2671
16801 104080 -2671
16901 104035 -2672
17001 103990 -2673
17101 103954 -2673
17201 103913 -2674
17301 103869 -2674
17401 103825 -2675
17501 103800 -2675
17601 103764 -2676
17701 103718 -2676
17801 103681 -2677
17901 103643 -2677
18001 103604 -2678
18101 103583 -2678
18201 103537 -2679
18301 103509 -2680
18401 103470 -2680
18501 103437 -2681
18601 103411 -2681
18701 103373 -2681
18801 103341 -2682
18901 103306 -2682
19001 103279 -2683
19101 103252 -2683
19201 103219 -2684
19301 103192 -2684
19401 103159 -2684
19501 103135 -2685
19601 103104 -2685
19701 103067 -2686
19801 103045 -2686
19901 103007 -2687
20001 102987 -2687
20101 102956 -2687
20201 102937 -2688
20301 102904 -2688
20401 102877 -2689
20501 102861 -2689
20601 102830 -2689
20701 102807 -2690
20801 102779 -2690
20901 102760 -2690
21001 102722 -2691
21101 102702 -2691
21201 102681 -2691
21301 102664 -2691
21401 102630 -2692
21501 102615 -2692
21601 102592 -2692
21701 102571 -2693
21801 102546 -2693
21901 102526 -2693
22001 102502 -2694
22101 102485 -2694
22201 102457 -2694
22301 102449 -2695
22401 102424 -2695
22501 102406 -2695
22601 102386 -2696
22701 102358 -2696
22801 102344 -2696
22901 102323 -2696
23001 102302 -2696
23101 102291 -2696
23201 102274 -2697
23301 102257 -2697
23401 102231 -2697
23501 102205 -2698
23601 102194 -2698
23701 102175 -2698
23801 102157 -2698
23901 102144 -2699
24001 102119 -2699
24101 102114 -2699
24201 102092 -2699
24301 102078 -2699
24401 102063 -2700
24501 102042 -2700
24601 101986 -2702
24701 102022 -2700
24801 101997 -2700
24901 101981 -2701
25001 101960 -2701
25101 101950 -2701
25201 101937 -2701
25301 101916 -2701
25401 101901 -2701
25501 101897 -2701
25601 101881 -2701
25701 101859 -2702
25801 101849 -2702
25901 101833 3058
26001 101821 3058
26101 101814 3058
26201 101799 3057
26301 101777 3057
26401 101768 3057
26501 101756 3057
26601 101750 3057
26701 101730 3057
26801 101717 3056
26901 101706 3056
27001 101704 3056
27101 101677 3056
27201 101663 3056
27301 101657 3056
27401 101657 3057
27501 101628 3056
27601 101614 3056
27701 101618 3056
27801 101592 3055
27901 101588 3055
28001 101574 3055
28101 101568 3055
28201 101553 3055
28301 101540 3055
28401 101544 3055
28501 101520 3055
28601 101537 3054
28701 101485 3054
28801 101498 3054
28901 101481 3054
29001 101488 3055
29101 101458 3054
29201 101434 3054
29301 101441 3054
29401 101431 3054
29501 101413 3054
29601 101403 3054
29701 101394 3054
29801 101384 3054
29901 101368 3054
30001 101367 3054
30101 101352 3054
30201 101350 3053
30301 101339 3053
30401 101382 3053
30501 101320 3053
30601 101313 3053
30701 101300 3053
30801 101301 3053
30901 101281 3053
31001 101284 3053
31101 101267 3053
31201 101249 3053
31301 101252 3053
31401 101241 3053
31501 101229 3053
31601 101201 3053
31701 101214 3053
31801 101217 3053
31901 101208 3053
32001 101188 3053
32101 101182 3053
32201 101167 3053
32301 101161 3053
32401 101151 3053
32501 101158 3053
32601 101144 3053
32701 101130 3052
32801 101130 3052
32901 101117 3052
33001 101107 3053
33101 101098 3052
33201 101095 3052
33301 101088 3052
33401 101091 3052
33501 101092 3053
33601 101070 3052
33701 101062 3053
33801 101062 3053
33901 101045 3053
34001 101046 3053
34101 101042 3053
34201 101036 3053
34301 101035 3053
34401 101001 3053
34501 101002 3053
34601 100996 3053
34701 101002 3053
34801 100974 3053
34901 100991 3052
35001 100984 3053
35101 100966 3053
35201 100969 3053
35301 100830 3044
35401 100942 3053
35501 100949 3053
35601 100926 3053
35701 100930 3053
35801 100923 3053
35901 100921 3053
36001 100918 3053
36101 100907 3053
36201 100896 3053
36301 100897 3053
36401 100903 3053
36501 100883 3053
36601 100875 3053
36701 100876 3053
36801 100854 3053
36901 100866 3053
37001 100856 3053
37101 100854 3053
37201 100840 3053
37301 100842 3053
37401 100832 3053
37501 100815 3053
37601 100810 3053
37701 100825 3053
37801 100801 3054
37901 100848 3054
38001 100801 3054
38101 100809 3054
38201 100789 3054
38301 100798 3054
38401 100782 3054
38501 100777 3054
38601 100777 3054
38701 100775 3054
38801 100753 3054
38901 100754 3054
39001 100757 3054
39101 100758 3054
39201 100741 3054
39301 100717 3055
39401 100736 3055
39501 100728 3055
39601 100720 3055
39701 100717 3055
39801 100706 3055
39901 100718 3055
40001 100708 3055
40101 100513 3056
40201 100713 3055
40301 100700 3055
40401 100685 3055
40501 100694 3055
40601 100663 3055
40701 100675 3056
40801 100666 3056
40901 100675 3056
41001 100655 3056
41101 100659 3056
41201 100637 3056
41301 100647 3056
41401 100631 3056
41501 100622 3056
41601 100626 3056
41701 100625 3056
41801 100627 3056
41901 100623 3056
42001 100622 3056
42101 100597 -2703
42201 100604 -2703
42301 100613 -2703
42401 100614 -2703
42501 100587 -2703
42601 100574 -2703
42701 100647 -2705
42801 100560 -2703
42901 100601 -2703
43001 100546 -2702
43101 100539 -2702
43201 100566 -2702
43301 100555 -2702
43401 100570 -2702
43501 100552 -2702
43601 100537 -2702
43701 100553 -2702
43801 100529 -2702
43901 100538 -2702
44001 100573 -2702
44101 100532 -2701
44201 100532 -2701
44301 100538 -2701
44401 100513 -2701
44501 100526 -2701
44601 100515 -2701
44701 100519 -2701
44801 100515 -2701
44901 100499 -2701
45001 100500 -2701
45101 100484 -2701
45201 100492 -2700
45301 100483 -2700
45401 100489 -2700
45501 100533 -2699
45601 100463 -2700
45701 100459 -2700
45801 100468 -2700
45901 100459 -2700
46001 100461 -2700
46101 100466 -2699
46201 100466 -2699
46301 100455 -2699
46401 100464 -2699
46501 100438 -2699
46601 100445 -2699
46701 100441 -2699
46801 100423 -2699
46901 100403 -2698
47001 100228 -2698
47101 100430 -2698
47201 100417 -2698
47301 100461 -2698
47401 100345 -2697
47501 100423 -2698
47601 100402 -2698
47701 100403 -2697
47801 100406 -2697
47901 100398 -2697
48001 100380 -2697
48101 100385 -2697
48201 100377 -2697
48301 100377 -2697
48401 100377 -2697
48501 100378 -2697
48601 100368 -2696
48701 100392 -2696
48801 100362 -2696
48901 100359 -2696
49001 100356 -2696
49101 100342 -2696
49201 100372 -2696
49301 100349 -2696
49401 100357 -2696
49501 100358 -2695
49601 100344 -2695
49701 100356 -2695
49801 100348 -2695
49901 100345 -2695
