

 << Logging of terminal I/O resumes >> 

1000 13409 4162
1100 12207 4154
1200 11276 4144
1300 10446 4136
1400 9723 4125
1500 9163 4119
1600 8606 4105
1700 8144 4096
1800 7720 4088
1900 7338 4079
2000 6999 4071
2100 6725 4060
2200 6427 4053
2300 6167 4042
2400 5943 4034
2500 5744 4027
2600 5547 4018
2700 5369 4009
2800 5197 4003
2900 5044 3990
3000 4890 3984
3100 4778 3977
3200 4656 3967
3300 4546 3960
3400 4422 3951
3500 4344 3941
3600 4265 3937
3700 4173 3925
3800 4111 3922
3900 4032 3913
4000 3958 3906
4100 3892 3897
4200 3829 3890
4300 3770 3885
4400 3744 3875
4500 3688 3871
4600 3643 3862
4700 3575 3852
4800 3533 3849
4900 3494 3842
5000 3460 3834
5100 3426 3828
5200 3368 3822
5300 3339 3816
5400 3310 3811
5500 3261 -1953
5600 3233 -1957
5700 3210 -1966
5800 3189 -1970
5900 3145 -1977
6000 3126 -1980
6100 3105 -1989
6200 3073 -1994
6300 3050 -1997
6400 3012 -2004
6500 2993 -2010
6600 2959 -2017
6700 2943 -2022
6800 2910 -2028
6900 2899 -2034
7000 2864 -2038
7100 2858 -2043
7200 2828 -2046
7300 2821 -2051
7400 2793 -2053
7500 2786 -2058
7600 2752 -2066
7700 2726 -2067
7800 2728 -2071
7900 2718 -2082
8000 2695 -2082
8100 2665 -2088
8200 2665 -2093
8300 2652 181
8400 2671 219
8500 2702 248
8600 2719 288
8700 2726 323
8800 2727 359
8900 2764 397
9000 2764 432
9100 2780 465
9200 2776 505
9300 2770 544
9400 2783 577
9500 2772 617
9600 2775 663
9700 2761 704
9800 2742 -5026
9900 2721 -4986
10000 2699 -4946
10100 2676 -4904
10200 2667 -4872
10300 2640 -4830
10400 2610 -4790
10500 2583 -4750
10600 2545 -4723
10700 2513 -4682
10800 2462 -4649
10900 2426 -4610
11000 2408 -4580
11100 2355 -4548
11200 2321 -4511
11300 2273 -2206
11400 2275 -2206
11500 2265 -2218
11600 2265 -2216
11700 2246 -2220
11800 2228 -2223
11900 2232 -2220
12000 2223 -2232
12100 2206 -2233
12200 2192 -2235
12300 2207 -2243
12400 2190 -2240
12500 2180 -2245
12600 2173 -2256
12700 2163 -2256
12800 2153 -2257
12900 2141 -2256
13000 2134 -2257
13100 2131 -2266
13200 2125 -2266
13300 2119 -2267
13400 2118 -2275
13500 2114 -2275
13600 2110 -2274
13700 2110 -2283
13800 2086 -2283
13900 2086 -2291
14000 2086 -2291
14100 2064 -2289
14200 2065 -2287
14300 2068 -2297
14400 2048 -2294
14500 2050 -2303
14600 2059 -2301
14700 2036 -2309
14800 2042 -2306
14900 2025 -2315
15000 2033 -2312
15100 2016 -2319
15200 2002 -2315
15300 2011 -2323
15400 1999 -2319
15500 1983 -2325
15600 1990 -2333
15700 1982 -2328
15800 1970 -2334
15900 1985 -2332
16000 1972 -2336
16100 1959 113
16200 1958 144
16300 1991 183
16400 1993 215
16500 1990 248
16600 2000 292
16700 1998 326
16800 1993 360
16900 1988 396
17000 1982 431
17100 1974 464
17200 1978 509
17300 1969 545
17400 1958 580
17500 1946 615
17600 1932 650
17700 1918 684
17800 1904 718
17900 1890 -2374
18000 1889 -2377
18100 1888 -2379
18200 1874 -2390
18300 1857 -2384
18400 1859 -2385
18500 1860 -2388
18600 1862 -2387
18700 1868 -2391
18800 1837 -2391
18900 1844 -2393
19000 1850 -2393
19100 1837 -2405
19200 1844 -2404
19300 1852 -2406
19400 1826 -2404
19500 1835 -2407
19600 1824 -2414
19700 1821 -2406
19800 1810 -2414
19900 1822 -2415
20000 1816 -2421
20100 1816 -2412
20200 1807 -2419
20300 1798 -2426
20400 1812 -2428
20500 1794 -2422
20600 1788 -2429
20700 1805 -2432
20800 1789 -2425
20900 1785 -2429
21000 1778 -2437
21100 1790 -2428
21200 1786 -2431
21300 1781 -2437
21400 1777 -2443
21500 1768 -2437
21600 1766 -2442
21700 1764 -2446
21800 1761 -2452
21900 1756 -2443
22000 1757 -2446
22100 1754 -2452
22200 1752 -2446
22300 1752 -2446
22400 1753 -2453
22500 1756 -2456
22600 1730 -2461
22700 1732 -2452
22800 1736 -2455
22900 1738 -2462
23000 1717 -2464
23100 1720 -2467
23200 1727 -2456
23300 1735 -2460
23400 1712 -2464
23500 1720 -2467
23600 1701 -2468
23700 1709 -2473
23800 1718 -2461
23900 1701 -2462
24000 1711 -2466
24100 1696 -2465
24200 1704 -2469
24300 1689 -2469
24400 1701 -2471
24500 1686 -2472
24600 1699 -2475
24700 1685 -2475
24800 1694 -2481
24900 1685 -2477
25000 1675 -2473
25100 1689 -2479
25200 1680 -2474
25300 1671 3289
25400 1674 3272
25500 1667 3275
25600 1658 3276
25700 1676 3273
25800 1669 3277
25900 1664 3281
26000 1660 3284
26100 1665 3268
26200 1660 3273
26300 1658 3277
26400 1657 3282
26500 1641 3274
26600 1639 3279
26700 1662 3274
26800 1645 3268
26900 1646 3273
27000 1630 3267
27100 1632 3274
27200 1640 3279
27300 1641 3263
27400 1648 3268
27500 1632 3264
27600 1638 3269
27700 1626 3264
27800 1632 3271
27900 1620 3268
28000 1630 3273
28100 1615 3270
28200 1629 3278
28300 1618 3275
28400 1604 3271
28500 1638 3263
28600 1625 3260
28700 1614 3259
28800 1628 3265
28900 1621 3263
29000 1613 3261
29100 1605 3260
29200 1623 3266
29300 1615 3265
29400 1607 3266
29500 1601 3264
29600 1595 3263
29700 1618 3269
29800 1615 3269
29900 1610 3268
30000 1608 3269
30100 1608 3251
30200 1606 3253
30300 1603 3254
30400 1600 3254
30500 1601 3255
30600 1597 3254
30700 1600 3256
30800 1598 3258
30900 1599 3260
31000 1596 3261
31100 1598 3259
31200 1574 3262
31300 1577 3246
31400 1582 3250
31500 1583 3250
31600 1561 3256
31700 1594 3254
31800 1570 3259
31900 1575 3261
32000 1581 3263
32100 1587 3245
32200 1562 3251
32300 1571 3252
32400 1581 3257
32500 1586 3239
32600 1566 3245
32700 1577 3248
32800 1589 3251
32900 1568 3258
33000 1581 3260
33100 1552 3248
33200 1569 3251
33300 1585 3254
33400 1556 3244
33500 1570 3247
33600 1559 3257
33700 1562 3239
33800 1548 3249
33900 1567 3251
34000 1541 3244
34100 1560 3245
34200 1548 3258
34300 1553 3240
34400 1542 3252
34500 1545 3234
34600 1539 3248
34700 1563 3250
34800 1539 3244
34900 1564 3247
35000 1538 3241
35100 1565 3244
35200 1541 3239
35300 1540 3252
35400 1544 3236
35500 1546 3251
35600 1550 3235
35700 1551 3249
35800 1533 3248
35900 1539 3232
36000 1541 3246
36100 1547 3230
36200 1553 3245
36300 1534 3246
36400 1541 3228
36500 1550 3245
36600 1530 3245
36700 1536 3231
36800 1517 3230
36900 1556 3228
37000 1536 3232
37100 1522 3233
37200 1535 3251
37300 1544 3234
37400 1526 3238
37500 1514 3243
37600 1556 3237
37700 1540 3240
37800 1526 3245
37900 1535 3229
38000 1519 3233
38100 1511 3241
38200 1517 3224
38300 1506 3230
38400 1538 3246
38500 1541 3230
38600 1533 3236
38700 1525 3244
38800 1532 3228
38900 1525 3234
39000 1536 3220
39100 1526 3227
39200 1524 3235
39300 1520 3245
39400 1526 3228
39500 1524 3236
39600 1530 3219
39700 1531 3229
39800 1530 3239
39900 1495 3219
40000 1539 3232
40100 1503 3241
40200 1505 3224
40300 1509 3234
40400 1514 3218
40500 1524 -2532
40600 1528 -2522
40700 1486 -2538
40800 1489 -2526
40900 1499 -2541
41000 1509 -2531
41100 1523 -2522
41200 1530 -2536
41300 1495 -2522
41400 1501 -2539
41500 1517 -2525
41600 1521 -2542
41700 1489 -2525
41800 1496 -2543
41900 1515 -2530
42000 1517 -2547
42100 1491 -2528
42200 1499 -2545
42300 1519 -2533
42400 1482 -2541
42500 1503 -2528
42600 1508 -2546
42700 1487 -2521
42800 1496 -2539
42900 1521 -2528
43000 1484 -2531
43100 1488 -2547
43200 1521 -2537
43300 1480 -2539
43400 1512 -2533
43500 1518 -2545
43600 1478 -2545
43700 1511 -2535
43800 1477 -2535
43900 1482 -2549
44000 1516 -2540
44100 1480 -2539
44200 1486 -2555
44300 1487 -2527
44400 1492 -2543
44500 1456 -2539
44600 1493 -2532
44700 1503 -2547
44800 1470 -2541
44900 1516 -2535
45000 1487 -2527
45100 1493 -2543
45200 1498 -2560
45300 1467 -2551
45400 1511 -2547
45500 1484 -2538
45600 1490 -2552
45700 1464 -2542
45800 1514 -2537
45900 1518 -2554
46000 1495 -2542
46100 1501 -2559
46200 1476 -2546
46300 1479 -2561
46400 1505 -2531
46500 1512 -2546
46600 1494 -2531
46700 1498 -2548
46800 1477 -2534
46900 1484 -2549
47000 1466 -2533
47100 1473 -2550
47200 1478 -2566
47300 1461 -2548
47400 1461 -2564
47500 1453 -2546
47600 1459 -2561
47700 1449 -2543
47800 1511 -2546
47900 1447 -2538
48000 1510 -2544
48100 1516 -2561
48200 1449 -2549
48300 1456 -2564
48400 1448 -2543
48500 1456 -2558
48600 1451 -2535
48700 1456 -2552
48800 1465 -2569
48900 1465 -2546
49000 1471 -2563
49100 1469 -2538
49200 1474 -2556
49300 1481 -2532
49400 1491 -2546
49500 1496 -2563
49600 1501 -2535
49700 1445 -2553
49800 1452 -2571
49900 1462 -2544
50000 1475 -2561
50100 1482 -2536
50200 1487 -2551
50300 1492 -2568
50400 1445 -2537
50500 1451 -2552
50600 1459 -2569
50700 1481 -2544
50800 1484 -2561
50900 1425 -2565
51000 1451 -2539
51100 1459 -2552
51200 1463 -2570
51300 1491 -2546
51400 1502 -2563
51500 1437 -2564
51600 1466 -2537
51700 1479 -2552
51800 1479 -2570
51900 1455 -2525
52000 1459 -2542
52100 1469 -2558
52200 1473 -2575
52300 1452 -2530
52400 1457 -2545
52500 1465 -2559
52600 1471 -2574
52700 1454 -2529
52800 1460 -2542
52900 1470 -2560
53000 1477 -2575
53100 1415 -2565
53200 1471 -2541
53300 1477 -2558
53400 1485 -2575
53500 1434 -2557
53600 1488 -2539
53700 1493 -2553
53800 1444 -2534
53900 1453 -2551
54000 1458 -2569
54100 1463 -2586
54200 1475 -2532
54300 1484 -2547
54400 1496 -2562
54500 1444 -2539
54600 1455 -2555
54700 1457 -2570
54800 1419 -2545
54900 1426 -2559
55000 1434 -2577
55100 1506 -2565
55200 1466 -2537
55300 1470 -2552
55400 1480 -2569
55500 1446 -2536
55600 1451 -2553
55700 1459 -2569
55800 1465 -2584
55900 1429 -2552
56000 1437 -2570
56100 1442 -2585
56200 1417 -2551
56300 1419 -2570
56400 1432 -2582
56500 1404 -2542
56600 1411 -2557
56700 1418 -2574
56800 1514 -2574
56900 1406 -2552
57000 1413 -2566
57100 1419 -2581
57200 1407 -2540
57300 1413 -2556
57400 1416 -2574
57500 1425 -2588
57600 1418 -2544
57700 1426 -2564
57800 1434 -2577
57900 1426 -2535
58000 1431 -2549
58100 1439 -2564
58200 1441 -2579
58300 1451 -2535
58400 1459 -2552
58500 1466 -2566
58600 1475 -2583
58700 1480 -2535
58800 1490 -2554
58900 1399 -2564
59000 1405 -2581
59100 1425 -2533
59200 1433 -2548
59300 1438 -2564
59400 1446 -2579
59500 1467 -2533
59600 1471 -2548
59700 1479 -2564
59800 1489 -2579
59900 1388 -2581
60000 1426 -2531
60100 1434 -2548
60200 1444 -2564
60300 1448 -2579
60400 1454 -2595
60500 1491 3212
60600 1403 3222
60700 1414 3206
60800 1417 3192
60900 1424 3174
61000 1478 3221
61100 1491 3205
61200 1494 3192
61300 1396 3207
61400 1405 3192
61500 1413 3178
61600 1474 3221
61700 1482 3205
61800 1484 3191
61900 1401 3213
62000 1409 3201
62100 1414 3183
62200 1429 3169
62300 1506 3209
62400 1422 3242
62500 1429 3226
62600 1434 3210
62700 1442 3194
62800 1447 3178
62900 1454 3162
63000 1379 3202
63100 1383 3183
63200 1396 3165
63300 1486 3207
63400 1494 3192
63500 1416 3235
63600 1426 3223
63700 1432 3205
63800 1434 3190
63900 1447 3169
64000 1381 3224
64100 1391 3209
64200 1395 3194
64300 1403 3178
64400 1410 3161
64500 1424 3152
64600 1347 3202
64700 1356 3189
64800 1488 3213
64900 1496 3196
65000 1499 3181
65100 1460 3242
65200 1470 3224
65300 1443 3228
65400 1485 3194
65500 1496 3177
65600 1498 3165
65700 1454 3227
65800 1463 3216
65900 1471 3199
66000 1475 3180
66100 1456 3252
66200 1461 3236
66300 1471 3220
66400 1477 3205
66500 1487 3191
66600 1496 3175
66700 1504 3159
66800 1479 3232
66900 1489 3217
67000 1336 3191
67100 1350 3174
67200 1349 3156
67300 1357 3143
67400 1365 3229
67500 1376 3214
67600 1380 3197
67700 1388 3180
67800 1395 3165
67900 1400 3149
68000 1413 3237
68100 1422 3220
68200 1421 3207
68300 1436 3184
68400 1437 3176
68500 1445 3159
68600 1451 3143
68700 1494 3228
68800 1501 3210
68900 1362 3219
69000 1366 3204
69100 1378 3189
69200 1380 3173
69300 1393 3157
69400 1435 3246
69500 1447 3229
69600 1461 3216
69700 1457 3198
69800 1474 3183
69900 1479 3168
70000 1310 3195
70100 1318 3179
70200 1328 3164
70300 1426 3252
70400 1434 3239
70500 1441 3225
70600 1449 3207
70700 1461 3190
70800 1469 3174
70900 1472 3159
71000 1479 3145
71100 1346 3194
71200 1348 3175
71300 1461 3259
71400 1463 3239
71500 1472 3229
71600 1478 3211
71700 1488 3196
71800 1495 3178
71900 1505 3159
72000 1357 3231
72100 1366 3218
72200 1376 3202
72300 1377 3185
72400 1387 3169
72500 1392 3154
72600 1400 3140
72700 1412 3124
72800 1291 3210
72900 1297 3194
73000 1305 3178
73100 1495 3241
73200 1508 3227
73300 1513 3210
73400 1528 3198
73500 1531 3180
73600 1420 3281
73700 1427 3263
73800 1432 3247
73900 1442 3231
74000 1449 3218
74100 1457 3203
74200 1468 3187
74300 1472 3173
74400 1476 3153
74500 1420 3268
74600 1426 3254
74700 1439 3240
74800 1445 3223
74900 1458 3207
75000 1465 3191
75100 1470 3178
75200 1477 3161
75300 1487 3147
75400 1420 3276
75500 1429 3258
75600 1434 3242
75700 1448 3229
75800 1448 3213
75900 1465 3199
76000 1468 3184
76100 1481 3167
76200 1487 3147
76300 1503 3133
76400 1508 -2491
76500 1519 -2505
76600 1521 -2524
76700 1538 -2532
76800 1541 -2552
76900 1263 -2571
77000 1269 -2581
77100 1276 -2598
77200 1292 -2613
77300 1294 -2630
77400 1300 -2638
77500 1306 -2477
77600 1314 -2497
77700 1328 -2510
77800 1335 -2524
77900 1338 -2538
78000 1350 -2555
78100 1357 -2574
78200 1365 -2586
78300 1377 -2599
78400 1373 -2615
78500 1393 -2633
78600 1401 -2652
78700 1407 -2663
78800 1524 -2512
78900 1536 -2526
79000 1300 -2465
79100 1555 -2555
79200 1556 -2573
79300 1329 -2516
79400 1336 -2523
79500 1344 -2542
79600 1351 -2557
79700 1366 -2575
79800 1363 -2592
79900 619 -3008
80000 2748 -10
80100 2209 -2929
80200 1387 -2652
80300 1537 -2501
80400 1552 -2515
80500 1423 -2693
80600 1564 -2542
80700 1284 -2431
80800 1300 -2450
80900 1308 -2456
81000 1304 -2472
81100 1371 -2487
81200 1336 -2504
81300 1363 -2530
81400 1333 -2524
81500 1356 -2555
81600 1358 -2569
81700 1374 -2586
81800 1383 -2600
81900 1389 -2615
82000 1397 -2625
82100 1405 -2646
82200 1229 -2484
82300 1239 -2495
82400 1244 -2513
82500 1256 -2527
82600 1259 -2547
82700 1268 -2556
82800 1279 -2573
82900 1279 -2590
83000 1287 -2603
83100 1307 -2619
83200 1304 -2647
83300 1273 -2583
83400 1317 -2666
83500 1332 -2676
83600 1334 -2697
83700 1092 -2464
83800 1116 -2486
83900 1111 -2495
84000 1125 -2508
84100 1134 -2534
84200 1128 -2541
84300 1140 -2557
84400 1142 -2567
84500 1156 -2584
84600 1163 -2606
84700 1166 -2621
84800 1170 -2633
84900 1185 -2655
85000 1196 -2669
85100 1205 -2683
85200 1199 -2700
85300 1218 -2714
85400 1217 -2434
85500 1234 -2441
85600 1238 -2462
85700 1247 -2479
85800 1250 -2494
85900 1255 -2512
86000 1264 -2522
86100 1276 -2540
86200 1278 -2561
86300 1283 -2566
86400 1302 -2586
86500 1306 -2596
86600 1311 -2610
86700 1325 -2632
86800 1332 -2649
86900 1347 -2662
87000 1349 -2677
87100 1351 -2693
87200 1364 -2714
87300 1379 -2432
87400 1394 -2445
87500 1399 -2459
87600 1396 -2469
87700 1394 -2493
87800 1419 -2509
87900 1434 -2522
88000 1445 -2532
88100 1443 -2553
88200 1460 -2561
88300 1037 -2476
88400 1045 -2469
88500 1061 -2485
88600 1060 -2487
88700 1068 -2511
88800 1070 -2518
88900 1081 -2550
89000 1082 -2560
89100 1083 -2573
89200 1102 -2587
89300 1113 -2599
89400 1112 -2622
89500 1135 -2633
89600 1118 -2654
89700 1138 -2657
89800 1132 -2679
89900 1151 -2697
90000 1172 -2713
90100 1174 -2724
90200 1189 -2737
90300 1190 -2767
90400 1187 -2769
90500 1707 -2496
90600 1720 -2507
90700 1242 -2817
90800 1744 -2541
90900 1750 -2558
91000 1237 -2272
91100 1772 -2583
91200 1261 -2306
91300 1788 -2605
91400 1279 -2336
91500 1272 -2356
91600 1307 -2356
91700 1300 -2381
91800 1308 -2388
91900 1316 -2429
92000 1333 -2423
92100 1331 -2429
92200 1353 -2442
92300 1360 -2463
92400 1360 -2484
92500 1381 -2493
92600 1393 -2511
92700 1395 -2531
92800 1390 -2563
92900 1412 -2557
93000 1421 -2576
93100 1446 -2603
93200 1429 -2597
93300 1454 -2643
93400 1462 -2639
93500 1461 -2655
93600 1515 -2675
93700 1490 -2664
93800 1490 -2696
93900 1501 -2719
94000 1515 -2721
94100 1524 -2304
94200 1558 -2330
94300 1571 -2361
94400 1581 -2365
94500 1589 -2385
94600 1602 -2385
94700 1604 -2424
94800 1641 -2418
94900 1628 -2448
95000 1652 -2456
95100 1630 -2474
95200 1667 -2482
95300 1693 -2508
95400 1675 -2526
95500 1719 -2532
95600 1710 -2548
95700 1747 -2560
95800 1710 -2570
95900 1754 -2598
96000 0 0
96100 1772 -2639
96200 0 0
96300 1764 -2669
96400 1824 -2670
96500 0 0
96600 0 0
96700 0 0
96800 0 0
96900 0 0
97000 0 0
97100 0 0
97200 1913 -2799
97300 0 0
97400 0 0
97500 0 0
97600 0 0
97700 0 0
97800 0 0
97900 0 0
98000 0 0
98100 0 0
98200 0 0
98300 0 0
98400 0 0
98500 0 0
98600 0 0
98700 0 0
98800 0 0
98900 0 0
99000 0 0
99100 0 0
99200 0 0
99300 0 0
99400 0 0
99500 0 0
99600 0 0
99700 0 0
99800 0 0
99900 0 0
100000 0 0
