1000 3125429 3539
1100 2936531 3542
1200 2763407 3530
1300 2638728 3527
1400 2500416 3511
1500 2407627 3502
1600 2327298 3482
1700 2268011 3471
1800 2187815 3460
1900 2143493 3439
2000 2081937 3434
2100 2030930 3417
2200 1983678 3405
2300 1959312 3391
2400 1925866 3376
2500 1887499 3367
2600 1859497 3352
2700 1837929 3344
2800 1821324 3328
2900 1799028 3322
3000 1780572 3306
3100 1752052 3303
3200 1747148 3288
3300 1738421 3282
3400 1706568 3274
3500 1697138 3269
3600 1697161 3256
3700 1682591 3249
3800 1675526 3238
3900 1659937 3232
4000 1661333 3226
4100 1652889 3220
4200 1641211 3218
4300 1632253 3212
4400 1622968 3207
4500 1624542 3199
4600 1618495 3191
4700 1607840 3186
4800 1603855 3181
4900 1600120 3183
5000 1599049 3175
5100 1592175 3165
5200 1582873 3165
5300 1580199 3157
5400 1582243 3158
5500 1581897 3153
5600 1572548 3144
5700 1568609 3143
5800 1567320 3139
5900 1563178 3138
6000 1561456 3134
6100 1564660 3128
6200 1554314 3126
6300 1551799 3123
6400 1553146 3122
6500 1554852 3116
6600 1543951 3114
6700 1549491 3111
6800 1539945 3107
6900 1545146 3110
7000 1544059 3106
7100 1549945 3099
7200 1538327 3098
7300 1536314 3094
7400 1535659 3097
7500 1533382 3092
7600 1533494 3092
7700 1530691 3087
7800 1527558 3083
7900 1532395 3088
8000 1529199 3080
8100 1525348 3080
8200 1530484 -2679
8300 1520324 -2683
8400 1527443 -2689
8500 1516581 -2693
8600 1521957 -2688
8700 1522815 -2691
8800 1528744 -2697
8900 1522220 -2692
9000 1509931 -2698
9100 1527813 -2701
9200 1521672 -2696
9300 1521754 -2699
9400 1520054 -2705
9500 1514384 -2699
9600 1512416 -2705
9700 1517123 -2704
9800 1510562 -2705
9900 1509458 -2704
10000 1514519 -2706
10100 1517177 -2711
10200 1510275 -2709
10300 1512444 -2715
10400 1505655 -2712
10500 1507342 -2717
10600 1506425 -2715
10700 1507717 -2720
10800 1512340 -2720
10900 1511699 -2717
11000 1512157 -2723
11100 1511625 -2720
11200 1507708 -2720
11300 1502516 -2724
11400 1498435 -2724
11500 1498204 -2721
11600 1513613 -2724
11700 1504613 -2722
11800 1500648 -2722
11900 1504741 -2729
12000 1500502 -2729
12100 1501630 -2730
12200 1497482 -2730
12300 1510051 -2728
12400 1496847 -2728
12500 1502564 -2727
12600 1507816 -2731
12700 1503777 -2735
12800 1495475 -2731
12900 1503237 -2733
13000 1503891 -2734
13100 1499232 -2738
13200 1499965 -2729
13300 1495271 -2732
13400 1497417 -2736
13500 1497698 -2738
13600 1501819 -2736
13700 1496400 -2740
13800 1500443 -2739
13900 1495980 -2736
14000 1490278 -2739
14100 1494459 -2738
14200 1492885 -2738
14300 1497646 -2745
14400 1501887 -2744
14500 1497691 -2741
14600 1495973 -2741
14700 1494096 -2742
14800 1492323 -2742
14900 1490397 -2743
15000 1491736 -2746
15100 1494805 -2744
15200 1492765 -2745
15300 1493836 -2748
15400 1497024 -2747
15500 1494871 -2747
15600 1497186 -2742
15700 1492060 -2750
15800 1495391 -2749
15900 1486564 -2749
16000 1489971 -2748
16100 1495677 -2750
16200 1499202 -2749
16300 1502811 -2748
16400 1488965 -2751
16500 1492542 -2750
16600 1489450 -2749
16700 1493166 -2748
16800 1491098 -2754
16900 1487981 -2753
17000 1498517 -2747
17100 1495662 -2746
17200 1492695 -2753
17300 1489782 -2751
17400 1486990 -2750
17500 1497163 -2749
17600 1493389 -2755
17700 1496767 -2753
17800 1492195 -2756
17900 1495767 -2754
18000 1493132 -2753
18100 1496813 -2751
18200 1485513 -2752
18300 1492892 -2760
18400 1490052 -2757
18500 1497610 -2761
18600 1489588 -2753
18700 1483248 -2758
18800 1491419 -2749
18900 1492373 -2751
19000 1491923 -2758
19100 1486300 -2758
19200 1492060 -2753
19300 1492591 -2756
19400 1487077 -2756
19500 1487353 -2759
19600 1487708 -2751
19700 1499969 -2758
19800 1494171 -2758
19900 1488504 -2758
20000 1489837 -2751
20100 1496649 -2762
20200 1490841 -2761
20300 1492643 -2754
20400 1493094 -2762
20500 1490502 -2758
20600 1495584 -2762
20700 1493250 -2752
20800 1487252 -2758
20900 1490720 -2756
21000 1489653 -2763
21100 1487471 -2759
21200 1495668 -2761
21300 1489475 -2753
21400 1487509 -2761
21500 1486063 -2757
21600 1489878 -2755
21700 1491656 -2760
21800 1495539 -2758
21900 1488311 -2756
22000 1492410 -2755
22100 1493640 -2759
22200 1494447 -2764
22300 1490615 -2756
22400 1488064 -2756
22500 1488595 -2761
22600 1485805 -2762
22700 1491437 -2754
22800 1488972 -2755
22900 1488820 -2760
23000 1491753 -2758
23100 1489099 -2758
23200 1494431 -2761
23300 1491435 -2761
23400 1477525 -2759
23500 1488327 -2756
23600 1491768 -2754
23700 1482771 -2760
23800 1493908 -2758
23900 1498702 -2761
24000 1487939 -2762
24100 1488853 -2756
24200 1484761 -2755
24300 1488644 -2754
24400 1493094 -2757
24500 1497073 -2756
24600 1493255 -2759
24700 1497264 -2758
24800 1486000 -2763
24900 1496878 -2765
25000 1491408 -2754
25100 1495128 -2758
25200 1490564 -2762
25300 1486591 -2760
25400 1497051 2996
25500 1492225 3003
25600 1488565 3004
25700 1483436 3001
25800 1493780 2998
25900 1489502 3004
26000 1486098 3006
26100 1488047 3003
26200 1495751 2994
26300 1486746 3007
26400 1496520 3003
26500 1482560 3001
26600 1492484 3001
26700 1478360 3001
26800 1487395 2996
26900 1492951 3002
27000 1478756 3002
27100 1484474 3008
27200 1481846 3001
27300 1490170 2995
27400 1492657 2997
27500 1484069 3006
27600 1480277 2999
27700 1487530 3005
27800 1483185 2997
27900 1483356 3006
28000 1486196 3008
28100 1481383 3000
28200 1489331 3006
28300 1487010 3003
28400 1479893 3003
28500 1482871 3004
28600 1493373 3003
28700 1496334 3004
28800 1483117 3001
28900 1486248 3002
29000 1482965 2999
29100 1479924 3004
29200 1490092 3003
29300 1493660 3004
29400 1484021 3005
29500 1480559 3003
29600 1478109 3008
29700 1481118 3003
29800 1479209 3008
29900 1475274 3006
30000 1485205 3003
30100 1473379 2998
30200 1496672 3002
30300 1487262 3004
30400 1478348 3007
30500 1484226 2996
30600 1489497 3005
30700 1490719 2999
30800 1473173 3000
30900 1479279 3009
31000 1475024 2995
31100 1481948 3005
31200 1481949 2999
31300 1489405 3008
31400 1472183 3009
31500 1488401 3008
31600 1480978 3008
31700 1489686 3003
31800 1479788 3009
31900 1478943 3003
32000 1480904 3004
32100 1487263 3000
32200 1487647 3007
32300 1494032 3003
32400 1476480 3007
32500 1483751 2997
32600 1485004 3004
32700 1480579 3000
32800 1482819 3001
32900 1484798 3008
33000 1490360 3004
33100 1482411 3011
33200 1477440 3000
33300 1480249 3007
33400 1482856 3008
33500 1477539 3004
33600 1470707 3012
33700 1494271 3001
33800 1486428 3002
33900 1480190 3010
34000 1493938 3006
34100 1486170 3008
34200 1480847 3016
34300 1482851 3004
34400 1495444 3005
34500 1480121 3015
34600 1470696 3005
34700 1483058 3006
34800 1479140 3015
34900 1492274 3015
35000 1481454 3005
35100 1494448 3005
35200 1480793 3016
35300 1490393 3010
35400 1472240 3009
35500 1485063 3009
35600 1498779 3008
35700 1481782 3014
35800 1490080 3007
35900 1473347 3014
36000 1479189 3000
36100 1490453 3014
36200 1494622 3016
36300 1473397 3002
36400 1476512 3004
36500 1480429 3006
36600 1493370 3004
36700 1490567 2999
36800 1486138 3020
36900 1482820 3016
37000 1487554 3017
37100 1492926 3009
37200 1497611 3010
37300 1475335 3014
37400 1471642 3011
37500 1476115 3013
37600 1485626 3020
37700 1482092 3016
37800 1477521 3013
37900 1473502 3009
38000 1483938 3017
38100 1489033 3018
38200 1474624 3010
38300 1469684 3006
38400 1480965 3013
38500 1476259 3010
38600 1488183 3016
38700 1482971 3013
38800 1495512 3019
38900 1479535 3012
39000 1492560 3017
39100 1475665 3011
39200 1488928 3016
39300 1483467 3013
39400 1485636 3015
39500 1479462 3013
39600 1481696 3015
39700 1484467 3016
39800 1478153 3014
39900 1481000 3016
40000 1491798 3028
40100 1482654 3027
40200 1475792 3025
40300 1489314 3013
40400 1492597 3014
40500 1495577 3016
40600 1475573 3012
40700 1478478 3014
40800 1481947 3016
40900 1485107 3017
41000 1488837 3019
41100 1492242 3020
41200 1496223 3022
41300 1486029 3022
41400 1490161 3024
41500 1493940 3025
41600 1498300 3026
41700 1488052 3027
41800 1492567 -2731
41900 1482519 -2730
42000 1489561 -2754
42100 1490662 -2736
42200 1480863 -2735
42300 1470795 -2733
42400 1502544 -2730
42500 1490658 -2738
42600 1480970 -2735
42700 1470767 -2733
42800 1475732 -2732
42900 1490851 -2739
43000 1495761 -2738
43100 1485589 -2736
43200 1472700 -2742
43300 1490170 -2740
43400 1490897 -2749
43500 1480779 -2746
43600 1489621 -2725
43700 1490202 -2733
43800 1480598 -2730
43900 1494087 -2738
44000 1484416 -2735
44100 1498091 -2744
44200 1481860 -2749
44300 1494678 -2728
44400 1479350 -2733
44500 1463058 -2737
44600 1482714 -2738
44700 1466065 -2742
44800 1487584 -2735
44900 1479473 -2730
45000 1476798 -2736
45100 1460237 -2738
45200 1482766 -2732
45300 1492729 -2744
45400 1475269 -2746
45500 1485571 -2735
45600 1467700 -2737
45700 1476543 -2749
45800 1488154 -2738
45900 1469557 -2740
46000 1494939 -2736
46100 1464650 -2730
46200 1490054 -2726
46300 1485233 -2731
46400 1454607 -2739
46500 1480110 -2737
46600 1474304 -2741
46700 1476306 -2726
46800 1478399 -2723
46900 1484175 -2736
47000 1487473 -2721
47100 1466738 -2732
47200 1494444 -2732
47300 1472940 -2743
47400 1478072 -2727
47500 1491326 -2734
47600 1483224 -2738
47700 1474039 -2729
47800 1494004 -2720
47900 1479243 -2740
48000 1483071 -2736
48100 1491287 -2721
48200 1466238 -2730
48300 1477978 -2738
48400 1463481 -2716
48500 1491888 -2720
48600 1473714 -2738
48700 1477380 -2736
48800 1488052 -2744
48900 1476297 -2721
49000 1486443 -2730
49100 1496956 -2739
49200 1453815 -2725
49300 1462900 -2733
49400 1468184 -2730
49500 1476525 -2740
49600 1469254 -2716
49700 1478804 -2725
49800 1486753 -2735
49900 1484094 -2723
50000 1470557 -2722
50100 1477853 -2732
50200 1485858 -2742
50300 1483085 -2717
50400 1489816 -2728
50500 1476865 -2739
50600 1476296 -2713
50700 1482268 -2724
50800 1468080 -2734
50900 1472680 -2745
51000 1454480 -2718
51100 1460258 -2729
51200 1464050 -2740
51300 1485087 -2725
51400 1492795 -2723
51500 1474872 -2708
51600 1478598 -2720
51700 1461129 -2729
51800 1465516 -2716
51900 1486573 -2726
52000 1489467 -2738
52100 1473232 -2722
52200 1453682 -2730
52300 1501367 -2720
52400 1481696 -2728
52500 1460377 -2736
52600 1467857 -2723
52700 1487661 -2736
52800 1475000 -2717
52900 1473693 -2730
53000 1461783 -2711
53100 1482421 -2725
53200 1459075 -2731
53300 1469172 -2718
53400 1487606 -2733
53500 1466819 -2726
53600 1442765 -2731
53700 1475549 -2720
53800 1487820 -2708
53900 1505681 -2724
54000 1485259 -2716
54100 1459906 -2720
54200 1495929 -2711
54300 1471316 -2716
54400 1491743 -2720
54500 1484137 -2733
54600 1465323 -2723
54700 1503055 -2716
54800 1477525 -2719
54900 1497857 -2724
55000 1469795 -2726
55100 1451760 -2715
55200 1491932 -2710
55300 1446870 -2722
55400 1485310 -2717
55500 1468065 -2705
55600 1478043 -2725
55700 1461487 -2712
55800 1445676 -2699
55900 1502148 -2709
56000 1489374 -2740
56100 1473980 -2727
56200 1480735 -2704
56300 1462900 -2733
56400 1448276 -2719
56500 1491196 -2720
56600 1477175 -2705
56700 1496295 -2715
56800 1482744 -2699
56900 1462900 -2729
57000 1475458 -2706
57100 1493530 -2717
57200 1481697 -2701
57300 1501826 -2712
57400 1445264 -2713
57500 1461266 -2725
57600 1451223 -2708
57700 1478280 -2737
57800 1469126 -2720
57900 1484047 -2733
58000 1475806 -2715
58100 1467518 -2697
58200 1485342 -2711
58300 1499749 -2725
58400 1493549 -2706
58500 1487323 -2688
58600 1452545 -2715
58700 1447630 -2696
58800 1464366 -2729
58900 1460626 -2710
59000 1474118 -2725
59100 1495204 -2698
59200 1507074 -2714
59300 1505713 -2694
59400 1519321 -2711
59500 1519321 -2711
59600 1497347 -2729
59700 1497347 -2709
59800 1498762 -2689
59900 1510414 -2706
60000 1510414 -2706
60100 1485343 -2722
60200 1488252 -2702
60300 1465439 -2717
60400 1465439 -2717
60500 1469892 -2697
60600 1442973 3049
60700 1507135 3049
60800 1513429 3069
60900 1488097 3054
61000 1488097 3054
61100 1456819 3041
61200 1466499 3061
61300 1433978 3068
61400 1501357 3044
61500 1513198 3064
61600 1479113 3072
61700 1479155 3052
61800 1446566 3060
61900 1515971 3031
62000 1496223 3061
62100 1496223 3061
62200 1463335 3070
62300 1461098 3050
62400 1509593 3069
62500 1509593 3069
62600 1476016 3059
62700 1476016 3059
62800 1462676 3091
62900 1503502 3034
63000 1493629 3067
63100 1493629 3067
63200 1434770 3040
63300 1519974 3040
63400 1489015 3054
63500 1482745 3089
63600 1447351 3049
63700 1482789 3042
63800 1508728 3061
63900 1478420 3077
64000 1478420 3077
64100 1501825 3048
64200 1472662 3066
64300 1472662 3066
64400 1510945 3057
64500 1513356 3093
64600 1463174 3055
64700 1437317 3075
64800 1529485 3060
64900 1502713 3081
65000 1502713 3081
65100 1486727 3031
65200 1461399 3053
65300 1521481 3046
65400 1474118 3091
65500 1529764 3054
65600 1505922 3077
65700 1484407 3101
65800 1474983 3028
65900 1453291 3053
66000 1453291 3053
66100 1481699 3036
66200 1524000 3048
66300 1504408 3074
66400 1487408 3100
66500 1540357 3055
66600 1522548 3082
66700 1522548 3082
66800 1553240 3061
66900 1553240 3061
67000 1537628 3089
67100 1491007 3041
67200 1574233 3066
67300 1478581 3070
67400 1478581 3070
67500 1453753 3042
67600 1453753 3042
67700 1443761 3072
67800 1443761 3072
67900 1471421 3049
68000 1471421 3049
68100 1464529 3080
68200 1488736 3024
68300 1485221 3056
68400 1481697 3087
68500 1481697 3087
68600 1455925 3028
68700 1455925 3061
68800 1552631 3074
68900 1552631 3106
69000 1468643 3034
69100 1515186 3078
69200 1515186 3078
69300 1519320 3112
69400 1534747 3047
69500 1543065 3080
69600 1488164 3085
69700 1488164 3085
69800 1496741 3054
69900 1496741 3054
70000 1509517 3088
70100 1453349 3096
70200 1453349 3031
70300 1466501 3065
70400 1584002 3060
70500 1545828 3105
70600 1527746 3035
70700 1527746 3035
70800 1489063 3082
70900 1489063 3082
71000 1489063 3082
71100 1459377 3131
71200 1552421 3046
71300 1552421 3046
71400 1552421 3046
71500 1520188 3098
71600 1520188 3098
71700 1513113 3061
71800 1460375 3080
71900 1460375 3080
72000 1460375 3080
72100 1560532 3110
72200 1560532 3110
72300 1516568 3039
72400 1463954 3062
72500 1463954 3062
72600 1505035 3095
72700 1452002 3120
72800 1564719 3086
72900 1564719 3086
73000 1487908 3075
73100 1487908 3075
73200 1487908 3075
73300 1556449 3061
73400 1556449 3061
73500 1556449 3061
73600 1563383 3122
73700 1563383 3122
73800 1488298 3055
73900 1441463 3089
74000 1540991 3036
74100 1540991 3036
74200 1496743 3071
74300 1496743 3071
74400 1451146 3109
74500 1511636 3135
74600 1632752 3073
74700 1592229 3112
74800 1592229 3112
74900 1474119 3051
75000 1435625 3093
75100 1435625 3093
75200 1519319 3024
75300 1485923 3067
75400 1485923 3067
75500 1485923 3067
75600 1451759 3112
75700 1451759 3112
75800 1547581 3034
75900 1519695 3081
76000 1519695 3081
76100 1519695 3081
76200 1491286 3130
76300 1491286 3130
76400 1564079 3043
76500 1543895 3093
76600 1543895 3093
76700 1543895 3093
76800 1543895 3093
76900 1523444 3145
77000 1605851 3049
77100 1605851 3049
77200 1594964 3102
77300 1594964 3102
77400 1594964 3102
77500 1493410 3152
77600 1493410 3152
77700 1536708 3047
77800 1536708 3047
77900 1536708 -2655
78000 1536708 -2655
78100 1536708 -2655
78200 1536708 -2598
78300 1584003 -2709
78400 1584003 -2709
78500 1481700 -2705
78600 1494870 -2644
78700 1494870 -2644
78800 1494870 -2644
78900 1494870 -2644
79000 1507928 -2699
79100 1507928 -2699
79200 1414006 -2687
79300 1414006 -2687
79400 1414006 -2687
79500 1414006 -2687
79600 1664458 -2625
79700 1664458 -2625
79800 1342904 -2720
79900 2065281 -2185
80000 0 0
80100 2920767 -3080
80200 1584000 -2674
80300 1584000 -2674
80400 1584000 -2674
80500 1533701 -2585
80600 1533701 -2585
80700 1473532 -2710
80800 1473532 -2710
80900 1473532 -2710
81000 1371786 -2677
81100 1623114 -2655
81200 1623114 -2655
81300 1623114 -2655
81400 1623114 -2655
81500 1623114 -2655
81600 1523439 -2615
81700 1523439 -2615
81800 1452544 -2745
81900 1452544 -2745
82000 1529048 -2687
82100 1432780 -2639
82200 1432780 -2639
82300 1432780 -2639
82400 1680089 -2709
82500 1680089 -2709
82600 1584004 -2655
82700 1584004 -2655
82800 1584004 -2655
82900 1584004 -2655
83000 1680089 -2602
83100 1680089 -2602
83200 1416771 -2664
83300 1584004 -2655
83400 1416771 -2664
83500 1584004 -2766
83600 1507929 -2699
83700 1507929 -2699
83800 1507929 -2699
83900 1507929 -2699
84000 1507929 -2699
84100 1507929 -2699
84200 1427803 -2625
84300 1427803 -2625
84400 1427803 -2625
84500 1427803 -2625
84600 1427803 -2625
84700 1584005 -2674
84800 1584005 -2674
84900 1584005 -2674
85000 1584005 -2674
85100 1584005 -2674
85200 1584005 -2674
85300 1516571 -2585
85400 1516571 -2585
85500 1516571 -2585
85600 1516571 -2585
85700 1661324 -2750
85800 1661324 -2750
85900 1623124 -2655
86000 1623124 -2655
86100 1623124 -2655
86200 1623124 -2655
86300 1623124 -2655
86400 1623124 -2655
86500 1584005 -2556
86600 1584005 -2556
86700 1584005 -2556
86800 1584005 -2556
86900 1584005 -2556
87000 1770974 -2757
87100 1770974 -2655
87200 1770974 -2655
87300 1770974 -2655
87400 1770974 -2655
87500 1770974 -2655
87600 1584006 -2655
87700 1584006 -2655
87800 1584006 -2541
87900 1584006 -2541
88000 1584006 -2541
88100 1584006 -2541
88200 1584006 -2766
88300 1584006 -2766
88400 1584006 -2766
88500 1584006 -2766
88600 1632757 -2655
88700 1632757 -2655
88800 1427807 -2625
88900 1427807 -2625
89000 1427807 -2625
89100 1427807 -2625
89200 1427807 -2625
89300 1427807 -2625
89400 1427807 -2625
89500 1481706 -2509
89600 1481706 -2509
89700 1481706 -2509
89800 1481706 -2733
89900 1313391 -2680
90000 1313391 -2680
90100 1313391 -2680
90200 1313391 -2680
90300 1313391 -2680
90400 1857420 -2750
90500 1857420 -2750
90600 1857420 -2750
90700 1857420 -2750
90800 1857420 -2750
90900 1857420 -2750
91000 1770983 -2556
91100 1770983 -2556
91200 1770983 -2556
91300 1770983 -2556
91400 1770983 -2556
91500 1770983 -2556
91600 1770983 -2556
91700 1770983 -2556
91800 1770983 -2556
91900 1770983 -2556
92000 1584009 -2455
92100 1584009 -2455
92200 1293333 -2699
92300 1293333 -2699
92400 1293333 -2699
92500 1293333 -2699
92600 1584009 -2880
92700 1293333 -2699
92800 1584009 -2880
92900 1371791 -2750
93000 1371791 -2750
93100 1371791 -2750
93200 1371791 -2750
93300 1584009 -2655
93400 1371791 -2750
93500 1371791 -2750
93600 1584009 -2655
93700 1584009 -2655
93800 1371791 -2750
93900 1481703 -2509
94000 1481703 -2509
94100 1252266 -2585
94200 1481703 -2509
94300 1481703 -2509
94400 1481703 -2509
94500 1252266 -2585
94600 1252266 -2585
94700 2095455 -2804
94800 1481703 -2509
94900 2095455 -2804
95000 1940016 -2636
95100 1584012 -2680
95200 1584012 -2680
95300 1940016 -2636
95400 1584012 -2680
95500 1584012 -2680
95600 1584012 -2680
95700 1584012 -2680
95800 1584012 -2680
95900 1584012 -2680
96000 1584012 -2680
96100 1584012 -2680
96200 1584012 -2680
96300 1584012 -2455
96400 1584012 -2455
96500 1584012 -2455
96600 1584012 -2455
96700 1584012 -2455
96800 1584012 -2455
96900 1584012 -2455
97000 1584012 -2455
97100 1584012 -2455
97200 1584012 2880
97300 1584012 -2455
97400 1584012 2880
97500 1584012 2880
97600 1584012 2880
97700 1584012 2880
97800 1584012 2880
97900 1584012 3105
98000 1584012 3105
98100 1584012 3105
98200 1584012 3105
98300 1584012 3105
98400 1120063 3175
98500 1584012 3105
98600 1120063 3175
98700 1120063 3175
98800 1120063 3175
98900 1120063 3175
99000 1120063 3175
99100 1120063 3175
99200 1120063 3175
99300 1120063 3175
99400 1120063 3175
99500 1120063 3175
99600 1120063 3175
99700 1120063 3175
99800 1120063 3175
99900 1120063 3175
100000 1120063 3175
