

 << Logging of terminal I/O resumes >> 

1000 555597 3531
1100 521055 3518
1200 479806 3453
1300 396856 3348
1400 399414 3380
1500 397562 3355
1600 372542 3347
1700 365251 171
1800 372649 3329
1900 366868 204
2000 384856 317
2100 384091 319
2200 387435 356
2300 393318 455
2400 394815 460
2500 389394 509
2600 394121 590
2700 392635 623
2800 386065 649
2900 390006 687
3000 379856 770
3100 379258 778
3200 378606 811
3300 363824 891
3400 365660 905
3500 359661 939
3600 347010 1001
3700 347335 1019
3800 339367 1048
3900 330831 1100
4000 326694 3160
4100 328760 3173
4200 326515 3185
4300 325925 3143
4400 326001 3166
4500 325310 3166
4600 324923 3134
4700 324313 3154
4800 325149 3149
4900 323224 3126
5000 323034 3132
5100 324850 3137
5200 322347 3135
5300 322267 3115
5400 323101 3133
5500 321853 3139
5600 321885 3108
5700 321370 3126
5800 321355 3124
5900 320914 3102
6000 320393 3119
6100 321735 3113
6200 319505 3097
6300 319458 3098
6400 320938 3106
6500 319152 3113
6600 319302 3089
6700 319353 3105
6800 318734 3107
6900 318939 3085
7000 318785 5126
7100 323772 5158
7200 333456 5198
7300 336613 5223
7400 338684 5255
7500 346160 5286
7600 353116 5327
7700 353290 5351
7800 356759 5376
7900 366126 5433
8000 366919 5452
8100 370776 5489
8200 377688 -217
8300 378544 -197
8400 381015 -152
8500 387452 -101
8600 389361 -65
8700 387934 -33
8800 391675 3
8900 393090 60
9000 392403 83
9100 393706 118
9200 392547 -5580
9300 393099 -5557
9400 391542 -5516
9500 388906 -5459
9600 388776 -5433
9700 383904 -5393
9800 382854 -5346
9900 378328 -5302
10000 375502 -5278
10100 374659 -5247
10200 366109 -5191
10300 365460 -5168
10400 361163 -5132
10500 352691 -5084
10600 352041 -5061
10700 344811 -5027
10800 338027 -4982
10900 334368 -4952
11000 329176 -4929
11100 325327 -4893
11200 317429 -4858
11300 314959 -4838
11400 311844 -4810
11500 311052 -2717
11600 311032 -2708
11700 311077 -2709
11800 310469 -2719
11900 310591 -2709
12000 311791 -2714
12100 309861 -2722
12200 309899 -2721
12300 311047 -2716
12400 309694 -2709
12500 309409 -2722
12600 309535 -2714
12700 309271 -2714
12800 309096 -2723
12900 308855 -2715
13000 309709 -2719
13100 308472 -2726
13200 308368 -2723
13300 309697 -2722
13400 307814 -2724
13500 307868 -2728
13600 308635 -2722
13700 307374 -2716
13800 307600 -2727
13900 307157 -2720
14000 307061 -2721
14100 307129 -2728
14200 306567 -2721
14300 307616 -2725
14400 306398 -2731
14500 306116 -2729
14600 307410 -2728
14700 305653 -2720
14800 306094 -2731
14900 305556 -2725
15000 305159 -2724
15100 305645 -2731
15200 304731 -2725
15300 305489 -2728
15400 304834 -2733
15500 304270 -2730
15600 305672 -2730
15700 308336 -407
15800 311296 -373
15900 311272 -343
16000 313692 -316
16100 317110 -271
16200 318018 -245
16300 319763 -211
16400 321803 -167
16500 322637 -141
16600 322654 -101
16700 324904 -59
16800 325325 -26
16900 323393 8
17000 325410 46
17100 324418 84
17200 323806 113
17300 323227 147
17400 321378 192
17500 320724 221
17600 317992 258
17700 316354 300
17800 314774 330
17900 310591 364
18000 309444 404
18100 306491 438
18200 302697 466
18300 301789 496
18400 299628 -2739
18500 298982 -2734
18600 298610 -2734
18700 299179 -2738
18800 298191 -2734
18900 299027 -2737
19000 298216 -2740
19100 297636 -2738
19200 299115 -2738
19300 297163 -2741
19400 297244 -2741
19500 298174 -2739
19600 296603 -2735
19700 297083 -2740
19800 296135 -2736
19900 296649 -2738
20000 296264 -2741
20100 295618 -2738
20200 297013 -2740
20300 295142 -2743
20400 295121 -2743
20500 296319 -2741
20600 294486 -2735
20700 294910 -2742
20800 294409 -2738
20900 293828 -2736
21000 294412 -2741
21100 293436 -2737
21200 294113 -2740
21300 293578 -2742
21400 292923 -2739
21500 294414 -2741
21600 292506 -2743
21700 292455 -2743
21800 293575 -2741
21900 291805 -2736
22000 292315 -2741
22100 291307 -2738
22200 291764 -2740
22300 291482 -2742
22400 290781 -2739
22500 292266 -2742
22600 290427 -2744
22700 290261 -2743
22800 291565 -2742
22900 289635 -2737
23000 290057 -2743
23100 289673 -2740
23200 288961 -2738
23300 289543 -2741
23400 288576 -2739
23500 288965 -2741
23600 288644 -2742
23700 287686 -2738
23800 289514 -2742
23900 287511 -2744
24000 287325 -2743
24100 288779 -2743
24200 286791 -2738
24300 287103 -2743
24400 286955 -2741
24500 286679 -2740
24600 286432 -2743
24700 285695 -2739
24800 287364 -2743
24900 285347 -2744
25000 285071 -2743
25100 286735 -2743
25200 284584 -2739
25300 284844 -2743
25400 284828 -2741
25500 283875 -2738
25600 284423 -2741
25700 283458 3021
25800 283792 3019
25900 283562 3018
26000 282779 3022
26100 284510 3018
26200 282466 3016
26300 282234 3017
26400 284020 3017
26500 281641 3021
26600 281888 3018
26700 282194 3019
26800 280970 3022
26900 281390 3019
27000 280567 3022
27100 282385 3018
27200 280253 3017
27300 280032 3018
27400 281859 3017
27500 279428 3022
27600 279766 3018
27700 280006 3019
27800 278721 3023
27900 279329 3020
28000 278341 3021
28100 278524 3020
28200 278565 3020
28300 277957 3027
28400 279467 3018
28500 277457 3018
28600 277091 3019
28700 279127 3018
28800 276564 3021
28900 276785 3019
29000 277537 3019
29100 275814 3024
29200 276427 3021
29300 275541 3022
29400 277292 3019
29500 275125 3018
29600 274879 3019
29700 276921 3019
29800 274297 3022
29900 274600 3020
30000 275174 3020
30100 273625 3024
30200 274212 3021
30300 273217 3022
30400 273285 3022
30500 273463 3022
30600 272506 3024
30700 274410 3020
30800 272406 3020
30900 272058 3021
31000 274057 3019
31100 271598 3022
31200 271643 3021
31300 272825 3021
31400 270747 3026
31500 271295 3023
31600 270826 3022
31700 270358 3023
31800 270127 3021
31900 269810 3022
32000 272051 3021
32100 269224 3024
32200 269442 3022
32300 270383 3022
32400 268518 3026
32500 269101 3024
32600 268279 3024
32700 268232 3024
32800 268344 3024
32900 267418 3026
33000 269347 3022
33100 267315 3022
33200 266823 3024
33300 269434 3022
33400 266306 3024
33500 266416 3023
33600 268160 3022
33700 265613 3028
33800 266144 3025
33900 265638 3025
34000 265215 3026
34100 265514 3026
34200 264484 3027
34300 267399 3022
34400 264001 3026
34500 264284 3025
34600 265736 3024
34700 263352 3028
34800 263996 3026
34900 263267 3026
35000 263131 3026
35100 263287 3027
35200 262240 3028
35300 264534 3024
35400 262232 3025
35500 261676 3027
35600 264906 3024
35700 261218 3026
35800 261334 3026
35900 263714 3025
36000 260551 3030
36100 261190 3027
36200 260855 3027
36300 260119 3028
36400 260650 3028
36500 259536 3029
36600 261040 3026
36700 259125 3028
36800 259455 3028
36900 261348 3027
37000 258501 3031
37100 259210 3029
37200 258708 3029
37300 258280 3029
37400 258605 3029
37500 257451 3030
37600 259832 3027
37700 257570 3029
37800 256890 3029
37900 260773 3027
38000 256466 3028
38100 256563 3029
38200 259638 3027
38300 255785 3033
38400 256494 3030
38500 256440 3029
38600 255319 3031
38700 256172 3031
38800 254820 3031
38900 256287 3029
39000 255220 3031
39100 254237 3032
39200 257423 3029
39300 253828 3034
39400 254676 3032
39500 254246 3032
39600 253662 3032
39700 254219 3032
39800 252913 3033
39900 255649 3030
40000 253298 3032
40100 252934 3031
40200 257240 3030
40300 252141 3031
40400 252177 3032
40500 256402 3032
40600 251437 3035
40700 252242 3033
40800 252680 3032
40900 250975 3034
41000 251936 3034
41100 250578 3034
41200 251928 3032
41300 251168 3034
41400 249970 3035
41500 255027 3032
41600 249590 3036
41700 250706 3035
41800 250119 3034
41900 249702 3034
42000 250224 -2725
42100 248687 -2724
42200 252043 -2726
42300 249193 -2725
42400 248229 -2724
42500 254469 -2725
42600 247938 -2726
42700 247673 -2726
42800 253680 -2725
42900 247240 -2722
43000 248317 -2724
43100 249745 -2724
43200 246787 -2723
43300 248228 -2723
43400 246732 -2722
43500 248060 -2724
43600 247469 -2723
43700 245852 -2721
43800 251993 -2723
43900 246197 -2724
44000 245600 -2723
44100 246623 -2723
44200 245618 -2722
44300 246761 -2721
44400 244698 -2721
44500 248996 -2722
44600 245707 -2722
44700 244317 -2721
44800 251610 -2722
44900 244246 -2722
45000 244285 -2722
45100 251096 -2722
45200 243460 -2719
45300 245002 -2720
45400 247309 -2720
45500 243035 -2715
45600 245273 -2719
45700 243193 -2720
45800 244930 -2719
45900 244639 -2719
46000 242212 -2718
46100 249086 -2720
46200 243249 -2720
46300 242263 -2720
46400 249994 -2719
46500 242677 -2717
46600 244168 -2718
46700 241425 -2718
46800 246428 -2718
46900 243128 -2718
47000 241219 -2719
47100 248814 -2718
47200 241545 -2719
47300 241543 -2718
47400 248809 -2720
47500 240494 -2716
47600 242541 -2717
47700 245154 -2717
47800 240315 -2715
47900 242862 -2716
48000 241144 -2715
48100 242269 -2715
48200 242366 -2715
48300 239786 -2714
48400 246134 -2716
48500 241197 -2716
48600 240067 -2715
48700 247082 -2716
48800 239910 -2715
48900 240618 -2715
49000 239605 -2713
49100 243750 -2715
49200 240987 -2715
49300 239590 -2712
49400 246028 -2715
49500 239823 -2714
49600 240091 -2712
49700 245794 -2714
49800 239405 -2711
49900 240423 -2714
50000 242912 -2713
50100 239342 -2709
50200 240751 -2713
50300 239679 -2711
50400 240056 -2711
50500 240398 -2712
50600 239254 -2709
50700 243247 -2712
50800 239647 -2712
50900 239223 -2710
51000 244372 -2712
51100 239151 -2711
51200 239283 -2711
51300 243583 -2711
51400 241544 -2710
51500 239505 -2710
51600 239149 -2708
51700 243389 -2710
51800 239030 -2710
51900 239083 -2709
52000 243266 -2711
52100 239041 -2706
52200 239239 -2709
52300 240937 -2709
52400 239051 -2705
52500 239412 -2709
52600 238938 -2706
52700 238932 -2706
52800 239282 -2708
52900 238947 -2704
53000 240649 -2708
53100 238940 -2707
53200 239009 -2705
53300 241626 -2708
53400 238817 -2706
53500 238888 -2706
53600 241120 -2708
53700 238875 -2702
53800 238899 -2705
53900 238870 -2703
54000 240855 -2707
54100 238759 -2706
54200 238806 -2704
54300 240701 -2707
54400 238757 -2702
54500 238785 -2705
54600 239177 -2705
54700 238778 -2700
54800 238845 -2704
54900 238497 -2702
55000 238539 -2702
55100 238896 -2701
55200 238325 -2702
55300 238386 -2700
55400 238625 -2703
55500 238864 -2699
55600 239650 -2704
55700 238606 -2701
55800 238874 -2700
55900 239834 -2703
56000 238731 -2698
56100 238547 -2702
56200 238444 -2701
56300 239401 -2702
56400 238487 -2702
56500 238510 -2701
56600 239092 -2702
56700 238551 -2698
56800 238509 -2701
56900 238324 -2700
57000 238439 -2697
57100 238513 -2699
57200 238104 -2698
57300 238137 -2699
57400 238502 -2699
57500 238302 -2697
57600 238205 -2698
57700 238352 -2699
57800 238348 -2697
57900 238535 -2699
58000 238271 -2698
58100 238233 -2698
58200 238378 -2698
58300 238276 -2695
58400 238247 -2697
58500 238043 -2697
58600 238139 -2694
58700 238270 -2696
58800 238168 -2695
58900 238309 -2696
59000 238117 -2694
59100 238142 -2696
59200 237912 -2695
59300 238055 -2693
59400 238122 -2695
59500 237879 -2694
59600 237936 -2693
59700 238043 -2694
59800 238022 -2693
59900 237812 -2694
60000 237922 -2694
60100 238004 -2692
60200 237989 -2693
60300 237865 -2694
60400 237893 -2693
60500 237919 -2693
60600 237925 -2691
60700 237800 -2693
60800 237728 -2691
60900 237939 -2690
61000 237949 -2692
61100 237763 -2691
61200 237844 3069
61300 237834 3070
61400 237731 3068
61500 237649 3069
61600 237810 3071
61700 237778 3069
61800 237753 3071
61900 237723 3071
62000 237551 3070
62100 237767 3072
62200 237608 3071
62300 237690 3070
62400 237841 3072
62500 237593 3071
62600 237594 3070
62700 237661 3071
62800 237550 3072
62900 237721 3073
63000 237637 3071
63100 237545 3073
63200 236652 3080
63300 237653 3073
63400 237597 3074
63500 237610 3074
63600 237684 3073
63700 237742 3074
63800 237563 3075
63900 237731 3076
64000 237627 3074
64100 237544 3075
64200 237560 3076
64300 237566 3075
64400 237636 3076
64500 237635 3076
64600 237603 3075
64700 237623 3077
64800 237585 3076
64900 237435 3075
65000 237556 3076
65100 237470 3077
65200 237469 3077
65300 237510 3076
65400 237420 3077
65500 237776 3080
65600 237477 3077
65700 237373 3078
65800 237517 3079
65900 237484 3078
66000 237548 3076
66100 237303 3078
66200 237587 3080
66300 237474 3078
66400 237406 3080
66500 237432 3080
66600 237460 3079
66700 237417 3081
66800 237277 3080
66900 237293 3079
67000 237479 3081
67100 237265 3080
67200 237244 3079
67300 237362 3081
67400 237227 3081
67500 237362 3082
67600 237364 3080
67700 237149 3082
67800 237426 3084
67900 237354 3082
68000 237247 3083
68100 237254 3083
68200 237582 3083
68300 237225 3083
68400 237148 3083
68500 237294 3083
68600 237398 3084
68700 237231 3085
68800 237266 3084
68900 237238 3084
69000 237263 3085
69100 237016 3085
69200 237281 3084
69300 237365 3086
69400 237092 3085
69500 237212 3084
69600 237164 3084
69700 237040 3085
69800 237224 3087
69900 237186 3085
70000 237065 3087
70100 237374 3088
70200 237191 3086
70300 237035 3088
70400 237190 3088
70500 237040 3088
70600 236899 3088
70700 236917 3088
70800 237117 3087
70900 237207 3087
71000 236993 3088
71100 237033 3092
71200 237095 3088
71300 237117 3089
71400 237168 3090
71500 237057 3089
71600 237125 3090
71700 236948 3090
71800 236995 3089
71900 237027 3090
72000 236921 3090
72100 237091 3091
72200 237015 3090
72300 236954 3091
72400 237135 3093
72500 237015 3091
72600 236883 3092
72700 237046 3092
72800 237065 3092
72900 236962 3093
73000 236952 3093
73100 236945 3092
73200 236916 3093
73300 236838 3093
73400 236859 3092
73500 237041 3093
73600 236927 3095
73700 236839 3093
73800 236867 3093
73900 236905 3095
74000 236612 3095
74100 236800 3093
74200 236854 3094
74300 236697 3095
74400 236570 3096
74500 236950 3094
74600 236656 3095
74700 236876 3098
74800 236863 3096
74900 236775 3097
75000 236909 3098
75100 236759 3096
75200 236834 3097
75300 236679 3097
75400 236702 3096
75500 236701 3099
75600 236635 3098
75700 236643 3097
75800 236877 3097
75900 236864 3099
76000 236669 3099
76100 236738 3098
76200 236845 3099
76300 236737 3099
76400 236612 3099
76500 236864 3100
76600 236599 3100
76700 236742 3100
76800 236823 3099
76900 236710 3100
77000 236906 3102
77100 236661 3100
77200 236519 3101
77300 236657 3102
77400 236916 3101
77500 236785 3102
77600 236549 3102
77700 236658 3102
77800 236816 3103
77900 236552 3102
78000 236572 3101
78100 236665 3102
78200 236455 3103
78300 236618 3102
78400 236717 3102
78500 236714 -2656
78600 236445 -2657
78700 236582 -2657
78800 236588 -2657
78900 236511 -2656
79000 235401 -2651
79100 236728 -2656
79200 236584 -2655
79300 236592 -2644
79400 236552 -2655
79500 236568 -2654
79600 236701 -2654
79700 236735 -2654
79800 236463 -2654
79900 229678 -2659
80000 28200 2905
80100 239244 -2649
80200 236015 -2647
80300 235659 -2657
80400 236716 -2652
80500 236422 -2653
80600 236812 -2654
80700 236444 -2652
80800 236445 -2652
80900 236468 -2653
81000 236603 -2650
81100 236360 -2652
81200 236234 -2652
81300 236598 -2651
81400 236564 -2651
81500 236285 -2650
81600 236437 -2649
81700 236389 -2649
81800 236449 -2650
81900 236334 -2649
82000 236452 -2650
82100 236349 -2649
82200 236477 -2649
82300 236541 -2649
82400 236290 -2648
82500 236064 -2649
82600 236465 -2649
82700 236328 -2648
82800 236462 -2648
82900 236185 -2649
83000 236272 -2647
83100 236254 -2647
83200 236354 -2647
83300 235286 -2645
83400 236473 -2648
83500 236141 -2646
83600 236218 -2645
83700 236288 -2647
83800 236560 -2648
83900 236839 -2642
84000 236438 -2646
84100 236267 -2644
84200 236419 -2644
84300 234741 -2643
84400 236216 -2643
84500 236136 -2644
84600 236291 -2645
84700 236326 -2642
84800 235999 -2643
84900 236471 -2644
85000 235976 -2643
85100 236155 -2643
85200 236216 -2644
85300 236113 -2644
85400 236098 -2650
85500 236259 -2641
85600 236296 -2643
85700 235945 -2642
85800 236073 -2642
85900 236093 -2641
86000 236227 -2638
86100 235731 -2641
86200 236299 -2640
86300 236011 -2641
86400 236084 -2640
86500 236399 -2640
86600 236183 -2639
86700 237563 -2635
86800 235788 -2639
86900 236089 -2640
87000 235965 -2638
87100 235951 -2638
87200 235834 -2640
87300 236333 -2638
87400 236016 -2638
87500 236094 -2638
87600 236959 -2641
87700 236095 -2638
87800 236087 -2638
87900 235651 -2638
88000 236053 -2637
88100 236451 -2635
88200 235872 -2635
88300 235965 -2638
88400 236057 -2635
88500 236286 -2635
88600 235804 -2635
88700 235983 -2635
88800 235798 -2634
88900 235905 -2636
89000 235722 -2635
89100 236087 -2636
89200 235914 -2634
89300 236051 -2632
89400 235621 -2633
89500 235653 -2635
89600 235813 -2633
89700 235845 -2632
89800 235712 -2635
89900 235900 -2634
90000 235594 -2633
90100 235633 -2633
90200 235989 -2633
90300 235698 -2632
90400 235930 -2631
90500 235781 -2631
90600 235811 -2632
90700 235703 -2631
90800 235376 -2631
90900 235928 -2631
91000 235849 -2626
91100 235678 -2631
91200 236109 -2631
91300 235808 -2633
91400 235924 -2629
91500 235476 -2631
91600 235702 -2629
91700 235767 -2628
91800 235532 -2630
91900 235487 -2628
92000 235810 -2630
92100 235373 -2629
92200 235838 -2629
92300 235811 -2628
92400 236053 -2627
92500 235688 -2629
92600 235669 -2628
92700 236761 -2629
92800 235734 -2627
92900 235630 -2627
93000 235738 -2626
93100 235752 -2625
93200 235654 -2634
93300 235784 -2626
93400 236028 -2625
93500 235795 -2626
93600 235470 -2624
93700 235774 -2622
93800 235117 -2625
93900 235974 -2624
94000 235600 -2620
94100 234618 -2623
94200 235881 -2626
94300 235407 -2624
94400 235452 -2622
94500 235537 -2624
94600 235250 -2622
94700 236510 -2622
94800 237082 -2627
94900 235672 -2621
95000 236291 -2620
95100 235603 -2623
95200 239114 -2622
95300 235658 -2620
95400 235302 -2622
95500 234741 -2620
95600 234942 -2621
95700 236077 -2623
95800 235839 -2621
95900 231619 -2618
96000 235758 -2619
96100 234310 -2619
96200 235408 -2621
96300 235425 -2619
96400 235763 -2619
96500 235510 -2621
96600 235139 -2619
96700 235895 -2619
96800 235351 -2619
96900 236013 -2618
97000 235507 -2618
97100 235558 -2620
97200 235752 -2618
97300 234266 -2617
97400 235257 -2616
97500 236970 -2613
97600 231920 -2627
97700 235169 -2614
97800 236466 -2617
97900 234629 -2612
98000 235151 -2618
98100 235792 -2617
98200 235496 -2615
98300 235757 -2617
98400 235827 -2616
98500 235199 -2615
98600 236899 -2612
98700 234983 -2612
98800 235286 -2617
98900 235077 -2617
99000 235889 -2616
99100 235845 -2612
99200 234967 -2615
99300 236110 -2614
99400 235509 -2614
99500 235662 3146
99600 235760 3147
99700 235154 3148
99800 235594 3157
99900 234279 3148
100000 235513 3148
