

 << Logging of terminal I/O resumes >> 

1 1 529
2 3 1154
3 2 1304
4 2 1336
5 1 1393
6 1 1460
7 1 1452
8 1 1498
9 1 1539
10 1 1525
11 1 1582
12 1 1566
13 1 1600
14 1 -576
15 1 -466
16 1 -349
17 1 -232
18 1 -120
19 1 -4
20 1 110
21 1 234
22 1 343
23 0 0
24 0 0
25 1 -1550
26 1 -1493
27 1 -1429
28 1 -1416
29 1 -1315
30 1 -1288
31 1 -1180
32 1 -1062
33 1 -985
34 1 -824
35 1 -694
36 1 -467
37 1 -167
38 1 25
39 1 265
40 1 410
41 1 578
42 1 666
43 1 709
44 1 821
45 1 835
46 1 910
47 1 905
48 1 921
49 1 906
50 1 888
51 1 868
52 0 0
53 0 0
54 0 0
55 0 0
56 0 0
57 0 0
58 0 0
59 0 0
60 0 0
61 0 0
62 0 0
63 0 0
64 0 0
65 0 0
66 0 0
67 0 0
68 0 0
69 0 0
70 0 0
71 0 0
72 0 0
73 0 0
74 0 0
75 0 0
76 0 0
77 0 0
78 0 0
79 0 0
80 0 0
81 0 0
82 0 0
83 0 0
84 0 0
85 0 0
86 0 0
87 0 0
88 0 0
89 0 0
90 0 0
91 0 0
92 0 0
93 0 0
94 0 0
95 0 0
96 0 0
97 0 0
98 0 0
99 0 0
100 0 0
