

 << Logging of terminal I/O resumes >> 

1 3 498
2 3 1147
3 2 1297
4 2 1328
5 1 1393
6 1 1446
7 1 1452
8 1 1498
9 1 1539
10 1 1525
11 1 1582
12 1 1566
13 1 1600
14 1 -576
15 1 -465
16 1 -348
17 1 -232
18 1 -119
19 1 -4
20 1 110
21 1 194
22 1 343
23 0 0
24 0 0
25 1 -1550
26 1 -1493
27 1 -1429
28 1 -1416
29 1 -1315
30 1 -1288
31 1 -1180
32 1 -1062
33 1 -987
34 1 -824
35 1 -694
36 1 -467
37 1 -167
38 1 24
39 1 266
40 1 405
41 1 579
42 1 665
43 1 777
44 1 823
45 1 835
46 1 839
47 1 836
48 1 845
49 1 831
50 1 812
51 0 0
52 0 0
53 0 0
54 0 0
55 0 0
56 0 0
57 0 0
58 0 0
59 0 0
60 0 0
61 0 0
62 0 0
63 0 0
64 1 113
65 1 92
66 1 -6
67 1 -29
68 1 -47
69 1 -63
70 1 -134
71 1 -145
72 1 -157
73 1 -169
74 1 -160
75 1 -164
76 1 -166
77 1 -165
78 1 -163
79 1 -162
80 1 -93
81 1 -87
82 1 -73
83 1 -65
84 1 -58
85 1 -53
86 1 -47
87 1 18
88 1 25
89 1 27
90 1 30
91 1 33
92 1 34
93 1 36
94 1 36
95 1 36
96 1 96
97 1 96
98 1 93
99 1 90
100 1 88
