
 << Logging of terminal I/O resumes >> 

1 22 6
2 12169 463
3 4338 2656
4 7473 2318
5 7768 2106
6 3749 2473
7 3758 2384
8 2844 2458
9 2197 2527
10 1812 2565
11 1437 2614
12 1334 2611
13 1180 2630
14 1064 2645
15 960 2661
16 845 2684
17 778 2697
18 718 2711
19 665 2725
20 95 126
21 1 234
22 1 213
23 2 -33
24 543 2802
25 1 -1694
26 1 -1546
27 1 -1752
28 1 -1831
29 1 -1790
30 1 -1288
31 1 -1180
32 1 -1062
33 1 -987
34 1 -821
35 1 -693
36 1 -467
37 1 -167
38 1 24
39 1 266
40 1 405
41 1 578
42 1 666
43 1 712
44 1 748
45 1 763
46 1 766
47 1 686
48 1 601
49 1 585
50 1 491
51 1 395
52 1 310
53 1 219
54 1 131
55 1 70
56 1 -12
57 1 -72
58 1 -121
59 1 -190
60 1 -192
61 1 -260
62 1 -306
63 1 -340
64 1 -374
65 1 -405
66 1 -405
67 1 -411
68 1 -439
69 1 -437
70 1 -438
71 1 -433
72 2 -464
73 1 -452
74 2 -444
75 2 -436
76 2 -404
77 2 -394
78 2 -381
79 2 -357
80 2 -343
81 2 -306
82 2 -292
83 2 -276
84 2 -247
85 2 -215
86 2 -202
87 2 -174
88 2 -165
89 2 -137
90 2 -128
91 2 -106
92 2 -104
93 2 -78
94 2 -57
95 2 -55
96 2 -56
97 2 -37
98 2 -37
99 2 -18
100 2 -21
