

 << Logging of terminal I/O resumes >> 

1 54378 2922
2 55377 2847
3 84466 2888
4 88388 2863
5 101065 2919
6 113266 2910
7 103793 2936
8 122593 2901
9 118182 2927
10 129858 2967
11 122376 2921
12 137925 2939
13 128884 2944
14 136781 2984
15 146018 2965
16 142426 2971
17 148559 3010
18 160704 2968
19 148130 3000
20 166887 3014
21 162782 3060
22 182374 3070
23 170443 3081
24 196092 3113
25 186515 3096
26 196258 3165
27 203909 3169
28 220697 3260
29 237357 3224
30 239538 3324
31 269841 3398
32 249823 3429
33 279304 3579
34 304078 3620
35 296920 3732
36 294703 3760
37 275058 3951
38 295704 4011
39 266630 4180
40 265016 4259
41 233556 4395
42 228732 -1288
43 202075 4439
44 186997 -1174
45 160968 -1212
46 149108 -1094
47 140403 -1120
48 122767 -1093
49 110967 -1039
50 109694 -1090
51 97334 -1073
52 91990 -1075
53 82973 -1088
54 78866 -1072
55 75905 -1125
56 70420 -1095
57 67723 -1150
58 62486 -1187
59 60268 -1200
60 58312 -1213
61 57821 -1244
62 55059 -1299
63 52629 -1312
64 51425 -1308
65 52348 -1337
66 49489 4377
67 50468 4380
68 48763 4338
69 48121 4347
70 49165 4323
71 47684 4302
72 47954 4312
73 49120 4291
74 47748 4305
75 48803 4287
76 47369 4272
77 47690 4302
78 47906 4287
79 46497 4275
80 46715 4306
81 46819 4293
82 45466 4297
83 45579 4314
84 44900 4303
85 44253 4305
86 43624 4336
87 43556 4311
88 42250 4315
89 42255 4342
90 41570 4331
91 40340 4333
92 40280 4347
93 39612 4336
94 38467 4324
95 37898 4337
96 37837 4349
97 37247 4336
98 36681 4324
99 35686 4312
100 35675 4333
