

 << Logging of terminal I/O resumes >> 

1 1630616 36
2 2184455 73
3 2284889 -72
4 1580650 15
5 1288464 -44
6 1247653 1
7 1051304 -33
8 917384 31
9 856475 -15
10 741032 -22
11 637889 -11
12 616431 24
13 543148 31
14 509692 15
15 524301 16
16 464212 44
17 478612 45
18 448722 32
19 421816 25
20 416172 61
21 432265 66
22 429115 100
23 406169 97
24 446788 130
25 447645 165
26 469071 163
27 475553 201
28 509079 280
29 538802 264
30 585342 348
31 594824 398
32 693515 548
33 704804 586
34 674754 679
35 833957 809
36 781349 893
37 828728 1023
38 805830 1179
39 841003 1303
40 796490 1438
41 741562 1485
42 700562 -4081
43 655181 -3984
44 623436 -3952
45 590179 -3866
46 556725 -3786
47 537038 -3797
48 488238 -3728
49 491529 -3689
50 451563 -3666
51 433316 -3597
52 415458 -3557
53 403841 -3559
54 373535 -3498
55 372604 -3460
56 359443 -3457
57 334650 -3416
58 322518 -3382
59 320259 -3371
60 298089 -3335
61 286335 -3299
62 281456 -3277
63 270230 -3262
64 258570 -3225
65 253561 -3183
66 242166 -3145
67 235774 2641
68 230310 2659
69 219098 2701
70 213076 2764
71 207070 2781
72 197117 2823
73 190058 2872
74 179105 2894
75 174065 2933
76 164181 2996
77 162531 3018
78 153586 3069
79 144414 3130
80 139118 3172
81 134224 3195
82 127516 3255
83 119633 3303
84 115328 3349
85 109431 3384
86 105639 3428
87 100518 3463
88 96686 3529
89 91632 3570
90 87745 3588
91 85245 3639
92 83373 3663
93 77818 3716
94 75897 3753
95 74728 3770
96 70786 3796
97 69222 3848
98 67123 3870
99 65153 3895
100 64060 3928
