

 << Logging of terminal I/O resumes >> 

1 65026 1
2 57434 -3
3 51764 -3
4 47049 -7
5 43274 -8
6 39061 -12
7 36454 -16
8 34226 -18
9 32228 -21
10 30539 -25
11 28576 -28
12 27378 -32
13 26153 -35
14 24982 -37
15 24072 -39
16 22959 -43
17 22257 -45
18 21567 -48
19 20937 -49
20 20375 -51
21 19834 -52
22 19344 -52
23 18990 -53
24 18656 -53
25 18361 -53
26 18033 -53
27 17826 -52
28 17658 -50
29 17460 -48
30 17383 -45
31 17191 -43
32 17090 -39
33 17059 -35
34 17030 -31
35 17026 -25
36 16972 -19
37 17040 -10
38 17068 -3
39 17160 5
40 17182 15
41 17296 25
42 17421 39
43 17550 52
44 17677 66
45 17828 80
46 18015 95
47 18236 117
48 18430 135
49 18634 155
50 18818 177
51 19041 200
52 19311 230
53 19464 254
54 19724 282
55 19951 310
56 20114 341
57 20367 380
58 20506 413
59 20678 447
60 20812 483
61 20847 517
62 21028 566
63 21068 604
64 21068 641
65 21090 683
66 21069 724
67 21000 777
68 20916 814
69 20810 856
70 20684 896
71 20475 938
72 20297 978
73 20021 1035
74 19803 1074
75 19636 1111
76 19461 1156
77 19142 1197
78 18907 1246
79 18658 1285
80 18608 1326
81 18235 1370
82 17950 1404
83 17580 1462
84 17462 1501
85 17339 1543
86 16916 1585
87 16623 1630
88 16349 1689
89 16246 1729
90 15794 1778
91 15627 1823
92 15324 1869
93 15065 1926
94 14757 1978
95 14550 2026
96 14197 2076
97 13873 2131
98 13394 2196
99 13107 2244
100 12724 2299
