

 << Logging of terminal I/O resumes >> 

1000 275673 2797
1100 279026 2768
1200 269130 2662
1300 280672 2685
1400 289598 2695
1500 283664 2611
1600 294208 2642
1700 301460 2650
1800 301831 2617
1900 309261 2641
2000 314867 2658
2100 317480 2643
2200 322078 2649
2300 326791 2669
2400 332036 2683
2500 331679 2651
2600 336947 2675
2700 340139 2683
2800 341117 2667
2900 344704 2687
3000 347503 2697
3100 348165 2687
3200 351032 2697
3300 352694 2713
3400 354941 2713
3500 355787 2708
3600 358168 2724
3700 360353 2733
3800 360033 2718
3900 362093 2732
4000 363265 2737
4100 363373 2731
4200 365039 2744
4300 365663 2751
4400 366048 2745
4500 367094 2750
4600 367373 2760
4700 368882 2766
4800 368714 2757
4900 370455 2768
5000 371138 2772
5100 370872 2766
5200 372020 2775
5300 372366 2780
5400 372405 2775
5500 382053 2783
5600 382180 2789
5700 382879 2788
5800 383090 2788
5900 383322 2796
6000 384403 2802
6100 383953 2794
6200 384670 2801
6300 385021 2804
6400 384678 2800
6500 385432 2808
6600 385106 2811
6700 385201 2807
6800 385763 2811
6900 384981 2815
7000 385253 2817
7100 385171 2814
7200 385406 2820
7300 385996 2823
7400 385303 2818
7500 384851 2824
7600 384677 2826
7700 384115 2823
7800 384790 2828
7900 384200 2830
8000 384502 2829
8100 384722 2830
8200 384590 2834
8300 385274 2839
8400 384888 2833
8500 385396 2838
8600 385722 2840
8700 385214 2837
8800 385821 2842
8900 385417 2843
9000 385420 2840
9100 385871 2844
9200 385538 2845
9300 385833 2846
9400 385843 2845
9500 385777 -2911
9600 386312 -2908
9700 385983 -2912
9800 386419 -2908
9900 386349 -2907
10000 385967 -2909
10100 386502 -2905
10200 385999 -2905
10300 386196 -2905
10400 386154 -2904
10500 386056 -2902
10600 386500 -2898
10700 386025 -2903
10800 386182 -2899
10900 386363 -2897
11000 385883 -2900
11100 386058 -2896
11200 385631 -2896
11300 385332 -2897
11400 385570 -2895
11500 384792 -2894
11600 384828 -2894
11700 384621 -2894
11800 384501 -2892
11900 384766 -2889
12000 384359 -2892
12100 384481 -2889
12200 384453 -2888
12300 384136 -2890
12400 384490 -2887
12500 384083 -2887
12600 384051 -2888
12700 384148 -2886
12800 384055 -2886
12900 384148 -2883
13000 384021 -2886
13100 384097 -2883
13200 384428 -2881
13300 384167 -2884
13400 384597 -2881
13500 384278 -2880
13600 384289 -2882
13700 384632 -2879
13800 384393 -2879
13900 384403 -2879
14000 384652 -2879
14100 384617 -2878
14200 384776 -2874
14300 384272 -2878
14400 384130 -2875
14500 384230 -2874
14600 384154 -2876
14700 384315 -2873
14800 383800 -2874
14900 383787 -2874
15000 383924 -2873
15100 383715 -2872
15200 384006 -2870
15300 383950 -2872
15400 383736 -2870
15500 384066 -2868
15600 384004 -2871
15700 384078 -2868
15800 383888 -2868
15900 383939 -2869
16000 384195 -2866
16100 383654 -2867
16200 383717 -2867
16300 383844 -2866
16400 383582 -2866
16500 383775 -2863
16600 383747 -2866
16700 383658 -2864
16800 383833 -2862
16900 383676 -2864
17000 383741 -2862
17100 383290 -2862
17200 383334 -2863
17300 383420 -2862
17400 383287 -2862
17500 383420 -2860
17600 383352 -2861
17700 383267 -2859
17800 383728 -2857
17900 383603 -2860
18000 383697 -2857
18100 383618 -2857
18200 383598 -2858
18300 383792 -2856
18400 383470 -2857
18500 383579 -2857
18600 383618 -2856
18700 383624 -2856
18800 383716 -2854
18900 383617 -2855
19000 383503 -2854
19100 383691 -2852
19200 383531 -2854
19300 383518 -2852
19400 383284 -2852
19500 383239 -2853
19600 383305 -2851
19700 382955 -2852
19800 383137 -2850
19900 383158 -2851
20000 382920 -2850
20100 383212 -2848
20200 383127 -2850
20300 383192 -2848
20400 383059 -2848
20500 383024 -2849
20600 383259 -2847
20700 382783 -2848
20800 383000 -2848
20900 383083 -2847
21000 382812 -2847
21100 383015 -2845
21200 383009 -2846
21300 382832 -2845
21400 383195 -2843
21500 383076 -2845
21600 383104 -2843
21700 383003 -2843
21800 382998 -2844
21900 383067 -2842
22000 382726 -2843
22100 382798 -2842
22200 382783 -2842
22300 382555 -2842
22400 382802 -2840
22500 382640 -2842
22600 382661 -2840
22700 382546 -2839
22800 382425 -2840
22900 382538 -2838
23000 382101 -2839
23100 382069 -2839
23200 382141 -2838
23300 381817 -2839
23400 381964 -2837
23500 381864 -2838
23600 381691 -2837
23700 381496 -2835
23800 381771 -2837
23900 381853 -2835
24000 381791 -2835
24100 381557 -2836
24200 381724 -2834
24300 381302 -2835
24400 381470 -2835
24500 381506 -2834
24600 381358 -2834
24700 381643 -2832
24800 381536 -2834
24900 381483 -2832
25000 381491 -2831
25100 381497 -2833
25200 381595 -2830
25300 381297 -2831
25400 381394 -2831
25500 381534 -2830
25600 381248 -2831
25700 381553 2930
25800 381468 2930
25900 381323 2930
26000 381564 2932
26100 381648 2931
26200 381619 2932
26300 381766 2933
26400 381750 2932
26500 381920 2934
26600 381679 2933
26700 381925 2933
26800 382050 2934
26900 381975 2934
27000 382206 2936
27100 382254 2934
27200 382386 2936
27300 382528 2936
27400 382411 2935
27500 382476 2937
27600 382138 2936
27700 382330 2936
27800 382425 2937
27900 382026 2937
28000 382215 2937
28100 382209 2937
28200 381860 2938
28300 382492 2943
28400 382018 2938
28500 381906 2939
28600 381977 2940
28700 381863 2939
28800 381960 2941
28900 381636 2940
29000 381597 2940
29100 381732 2941
29200 381353 2941
29300 381449 2941
29400 381434 2941
29500 381362 2943
29600 381433 2943
29700 381332 2942
29800 381399 2944
29900 381125 2943
30000 381154 2943
30100 381299 2944
30200 380987 2944
30300 381162 2944
30400 381141 2945
30500 380849 2945
30600 381200 2947
30700 381025 2945
30800 381067 2946
30900 381199 2947
31000 380637 2945
31100 380975 2948
31200 380761 2947
31300 380765 2947
31400 380980 2948
31500 380630 2948
31600 381310 2947
31700 380700 2948
31800 380613 2949
31900 380682 2950
32000 380629 2949
32100 380729 2951
32200 380422 2950
32300 380553 2950
32400 380674 2951
32500 380367 2951
32600 380514 2951
32700 380437 2951
32800 380255 2952
32900 380384 2953
33000 380191 2952
33100 380022 2953
33200 380348 2954
33300 380260 2953
33400 380309 2954
33500 380171 2954
33600 380167 2954
33700 380312 2955
33800 380018 2955
33900 380140 2955
34000 380139 2955
34100 379946 2955
34200 380164 2957
34300 380036 2955
34400 380160 2957
34500 379932 2957
34600 380071 2957
34700 380096 2958
34800 379828 2957
34900 380012 2958
35000 380016 2958
35100 379028 2958
35200 379600 2960
35300 379780 2959
35400 379661 2960
35500 379830 2960
35600 379731 2960
35700 379775 2961
35800 379701 2961
35900 379634 2960
36000 379681 2962
36100 379414 2961
36200 379583 2961
36300 379633 2962
36400 379440 2962
36500 379641 2963
36600 379634 2963
36700 379681 2964
36800 379578 2963
36900 379558 2963
37000 379628 2964
37100 379357 2964
37200 379744 2964
37300 379583 2965
37400 379459 2964
37500 379654 2966
37600 379508 2965
37700 379557 2966
37800 379664 2967
37900 379734 2966
38000 379608 2967
38100 379572 2968
38200 379549 2967
38300 379661 2969
38400 379424 2968
38500 379510 2968
38600 379650 2969
38700 379608 2968
38800 379649 2969
38900 379632 2969
39000 379533 2969
39100 379721 2971
39200 379626 2970
39300 379746 2971
39400 379539 2970
39500 380186 2972
39600 379708 2971
39700 379565 2971
39800 379770 2972
39900 379791 2972
40000 379722 2972
40100 380784 2971
40200 379854 2973
40300 379908 2974
40400 379827 2974
40500 379769 2974
40600 380043 2975
40700 379820 2974
40800 379933 2974
40900 380087 2975
41000 379876 2975
41100 380127 2975
41200 380070 2975
41300 379896 2976
41400 380133 2977
41500 379993 2976
41600 380076 2977
41700 379893 2977
41800 379913 2977
41900 380275 2977
42000 379698 2977
42100 379926 2979
42200 379770 2978
42300 379781 2979
42400 379836 -2780
42500 379713 -2781
42600 379760 -2780
42700 379139 -2781
42800 379689 -2780
42900 379889 -2779
43000 379631 -2780
43100 379698 -2779
43200 379786 -2779
43300 379580 -2779
43400 379945 -2777
43500 379791 -2778
43600 379617 -2778
43700 379851 -2777
43800 379731 -2778
43900 379739 -2777
44000 379706 -2776
44100 379597 -2777
44200 379665 -2776
44300 379553 -2776
44400 379556 -2775
44500 379536 -2776
44600 379385 -2775
44700 379472 -2774
44800 379480 -2775
44900 379470 -2774
45000 379457 -2774
45100 379332 -2774
45200 379356 -2773
45300 379104 -2773
45400 379238 -2773
45500 379073 -2768
45600 378995 -2773
45700 379021 -2772
45800 379117 -2772
45900 378969 -2772
46000 379082 -2771
46100 379024 -2772
46200 378874 -2771
46300 379152 -2771
46400 379063 -2771
46500 378940 -2770
46600 378807 -2770
46700 379150 -2769
46800 378984 -2769
46900 378884 -2769
47000 379261 -2769
47100 378978 -2768
47200 379107 -2768
47300 379061 -2767
47400 379518 -2770
47500 379138 -2767
47600 378962 -2767
47700 379125 -2767
47800 379265 -2766
47900 378998 -2767
48000 379154 -2766
48100 379227 -2766
48200 379141 -2766
48300 379376 -2764
48400 379329 -2765
48500 379272 -2765
48600 379301 -2763
48700 379232 -2764
48800 379439 -2763
48900 379365 -2763
49000 379400 -2763
49100 379444 -2763
49200 379400 -2763
49300 379554 -2762
49400 379498 -2762
49500 379531 -2761
49600 380112 -2760
49700 379543 -2762
49800 379649 -2761
49900 379518 -2761
50000 379576 -2761
50100 379588 -2760
50200 379471 -2760
50300 379475 -2760
50400 379524 -2760
50500 379363 -2760
50600 379421 -2759
50700 379423 -2759
50800 379339 -2759
50900 379452 -2758
51000 379364 -2758
51100 379299 -2757
51200 379273 -2757
51300 379215 -2757
51400 379158 -2757
51500 379026 -2756
51600 379042 -2755
51700 379058 -2755
51800 378883 -2755
51900 378910 -2755
52000 378753 -2756
52100 378785 -2754
52200 378582 -2755
52300 378621 -2755
52400 378656 -2754
52500 378426 -2754
52600 378409 -2754
52700 378460 -2754
52800 378214 -2754
52900 378336 -2752
53000 378227 -2753
53100 378086 -2752
53200 378136 -2752
53300 378169 -2752
53400 377987 -2752
53500 378056 -2751
53600 378041 -2751
53700 377924 -2750
53800 377804 -2751
53900 377874 -2750
54000 377811 -2750
54100 377843 -2750
54200 377881 -2749
54300 377797 -2750
54400 377864 -2748
54500 377668 -2749
54600 377721 -2749
54700 377853 -2748
54800 377641 -2748
54900 377689 -2748
55000 377686 -2748
55100 377501 -2748
55200 377685 -2747
55300 376929 -2743
55400 377489 -2747
55500 377706 -2746
55600 377588 -2746
55700 377533 -2745
55800 377866 -2745
55900 377560 -2746
56000 377534 -2744
56100 377232 -2745
56200 377540 -2744
56300 377836 -2744
56400 377623 -2744
56500 377591 -2743
56600 377435 -2743
56700 377565 -2742
56800 377516 -2743
56900 377550 -2743
57000 377560 -2742
57100 377474 -2742
57200 377598 -2742
57300 377542 -2742
57400 377362 -2741
57500 377633 -2741
57600 377612 -2741
57700 377562 -2741
57800 377641 -2740
57900 377627 -2740
58000 377656 -2739
58100 377690 -2739
58200 377607 -2739
58300 377767 -2738
58400 377591 -2739
58500 377706 -2739
58600 377795 -2738
58700 377657 -2738
58800 377635 -2737
58900 377713 -2738
59000 377731 -2737
59100 377625 -2737
59200 377677 -2737
59300 377801 -2736
59400 377618 -2737
59500 377751 -2736
59600 377761 -2736
59700 377681 -2736
59800 377838 -2735
59900 377755 -2735
60000 377734 -2735
60100 377780 -2733
60200 377822 -2734
60300 377949 -2733
60400 377834 -2733
60500 377920 -2734
60600 377958 -2732
60700 377755 -2733
60800 377781 -2733
60900 377887 -2732
61000 377933 -2733
61100 377905 3028
61200 378028 3029
61300 377995 3029
61400 377779 3029
61500 377919 3029
61600 378021 3030
61700 377879 3030
61800 377898 3030
61900 377956 3030
62000 377446 3030
62100 377953 3031
62200 378217 3031
62300 377954 3031
62400 378092 3032
62500 378003 3032
62600 378069 3032
62700 378144 3033
62800 378119 3032
62900 378204 3034
63000 378032 3033
63100 378173 3033
63200 376443 3039
63300 378065 3034
63400 378185 3034
63500 378159 3034
63600 378056 3034
63700 378168 3035
63800 378088 3035
63900 378327 3036
64000 378071 3035
64100 378337 3035
64200 378308 3036
64300 378163 3036
64400 378192 3037
64500 378476 3036
64600 378242 3037
64700 378349 3038
64800 378610 3037
64900 378344 3038
65000 378329 3038
65100 378399 3039
65200 378339 3039
65300 378343 3039
65400 378431 3039
65500 378815 3040
65600 378228 3040
65700 378408 3039
65800 378317 3040
65900 378347 3040
66000 378480 3038
66100 378308 3041
66200 378662 3041
66300 378367 3041
66400 378509 3042
66500 378189 3042
66600 378081 3042
66700 378281 3042
66800 378287 3042
66900 378081 3043
67000 378148 3044
67100 378082 3043
67200 377993 3043
67300 378062 3044
67400 378188 3044
67500 377969 3045
67600 377957 3045
67700 377855 3045
67800 378097 3046
67900 377811 3045
68000 377985 3045
68100 378066 3046
68200 378327 3046
68300 377946 3047
68400 377839 3047
68500 377856 3047
68600 377885 3047
68700 377742 3047
68800 377846 3047
68900 377711 3047
69000 377825 3048
69100 377683 3048
69200 377878 3048
69300 378003 3050
69400 377837 3049
69500 377600 3050
69600 377803 3050
69700 377680 3049
69800 377611 3051
69900 377680 3050
70000 377482 3051
70100 377967 3051
70200 377504 3051
70300 377367 3051
70400 377589 3052
70500 377227 3052
70600 377365 3053
70700 377659 3052
70800 377385 3052
70900 377102 3052
71000 377491 3053
71100 377702 3056
71200 377565 3053
71300 377665 3054
71400 378083 3054
71500 377570 3054
71600 377775 3055
71700 377791 3055
71800 377550 3056
71900 377542 3055
72000 377563 3055
72100 377743 3056
72200 377570 3056
72300 377833 3057
72400 377692 3057
72500 377672 3057
72600 377784 3057
72700 377701 3057
72800 377714 3058
72900 377650 3057
73000 377879 3057
73100 377624 3058
73200 377686 3059
73300 377938 3058
73400 377716 3059
73500 377794 3059
73600 377739 3060
73700 377768 3059
73800 377581 3060
73900 377788 3061
74000 377758 3061
74100 377807 3061
74200 377733 3062
74300 377876 3061
74400 377325 3063
74500 377690 3062
74600 377933 3062
74700 377877 3063
74800 377898 3062
74900 377816 3063
75000 378141 3063
75100 377812 3063
75200 377983 3064
75300 377981 3064
75400 378001 3064
75500 377810 3065
75600 378048 3064
75700 377911 3065
75800 377979 3064
75900 378067 3065
76000 378212 3065
76100 377821 3065
76200 378174 3066
76300 378050 3066
76400 378103 3067
76500 377938 3067
76600 377949 3067
76700 378251 3067
76800 378076 3067
76900 378048 3068
77000 377821 3069
77100 378127 3068
77200 378221 3068
77300 378133 3068
77400 378078 3069
77500 378251 3069
77600 377964 3069
77700 377980 3069
77800 377908 3071
77900 377786 3070
78000 377776 3070
78100 377737 3071
78200 377577 3071
78300 378007 3070
78400 377733 3070
78500 377509 3071
78600 377466 3071
78700 377343 -2688
78800 377605 -2687
78900 377706 -2688
79000 375674 -2683
79100 377512 -2687
79200 377363 -2687
79300 377296 -2676
79400 377531 -2686
79500 377463 -2686
79600 377402 -2685
79700 377477 -2685
79800 376935 -2686
79900 375906 -2681
80000 43406 -550
80100 381569 -2683
80200 376711 -2679
80300 376454 -2687
80400 377164 -2683
80500 377215 -2684
80600 377441 -2683
80700 377314 -2683
80800 377001 -2683
80900 377310 -2683
81000 377518 -2680
81100 376895 -2682
81200 377265 -2682
81300 377272 -2682
81400 377109 -2682
81500 377033 -2680
81600 377303 -2681
81700 376725 -2679
81800 377059 -2680
81900 377061 -2680
82000 377273 -2681
82100 377177 -2680
82200 376811 -2679
82300 377377 -2679
82400 377239 -2678
82500 377107 -2678
82600 377084 -2679
82700 376763 -2679
82800 376951 -2678
82900 377039 -2678
83000 377354 -2678
83100 377040 -2678
83200 376938 -2679
83300 375422 -2677
83400 377065 -2676
83500 377139 -2677
83600 376868 -2676
83700 377243 -2676
83800 377524 -2678
83900 378067 -2674
84000 377400 -2676
84100 377062 -2674
84200 377085 -2674
84300 374614 -2673
84400 377198 -2672
84500 376959 -2673
84600 376898 -2674
84700 377427 -2673
84800 377162 -2673
84900 377499 -2674
85000 377354 -2672
85100 377719 -2672
85200 377224 -2673
85300 377079 -2672
85400 377155 -2679
85500 377165 -2672
85600 377459 -2672
85700 377489 -2670
85800 377781 -2670
85900 377409 -2670
86000 377977 -2668
86100 377383 -2671
86200 377109 -2669
86300 377689 -2669
86400 377457 -2671
86500 377956 -2670
86600 378028 -2669
86700 379501 -2663
86800 377979 -2668
86900 378127 -2670
87000 378313 -2669
87100 377966 -2668
87200 378132 -2668
87300 378490 -2668
87400 378175 -2666
87500 378123 -2667
87600 380651 -2667
87700 378960 -2666
87800 378507 -2666
87900 378173 -2666
88000 378575 -2665
88100 379471 -2665
88200 379099 -2664
88300 379670 -2668
88400 378830 -2663
88500 379850 -2665
88600 379692 -2664
88700 379852 -2664
88800 379673 -2663
88900 379402 -2663
89000 379905 -2663
89100 379280 -2664
89200 379340 -2662
89300 379844 -2661
89400 380616 -2663
89500 380328 -2662
89600 380036 -2659
89700 380808 -2660
89800 380757 -2660
89900 379856 -2660
90000 380392 -2661
90100 380762 -2661
90200 380307 -2660
90300 380443 -2660
90400 381335 -2659
90500 380137 -2659
90600 380703 -2660
90700 380501 -2659
90800 381162 -2659
90900 380452 -2658
91000 381262 -2654
91100 380308 -2658
91200 380483 -2658
91300 380451 -2662
91400 380462 -2657
91500 380419 -2657
91600 380227 -2655
91700 380204 -2654
91800 380610 -2657
91900 380753 -2655
92000 380315 -2656
92100 380244 -2655
92200 379791 -2655
92300 379740 -2654
92400 380755 -2656
92500 379928 -2652
92600 380234 -2656
92700 380039 -2659
92800 379746 -2654
92900 380220 -2653
93000 380207 -2653
93100 378945 -2654
93200 380215 -2662
93300 379643 -2653
93400 379790 -2652
93500 379227 -2653
93600 379105 -2650
93700 379591 -2652
93800 379005 -2652
93900 379561 -2651
94000 379072 -2648
94100 376840 -2649
94200 378170 -2653
94300 378493 -2649
94400 377874 -2651
94500 378073 -2649
94600 378260 -2650
94700 379070 -2653
94800 381191 -2653
94900 378847 -2651
95000 377647 -2647
95100 378199 -2650
95200 384093 -2648
95300 378554 -2647
95400 378821 -2650
95500 378361 -2649
95600 376389 -2648
95700 378820 -2646
95800 378742 -2647
95900 372107 -2643
96000 378197 -2647
96100 377074 -2644
96200 377558 -2644
96300 376873 -2647
96400 377621 -2645
96500 377801 -2643
96600 377661 -2646
96700 378189 -2642
96800 377848 -2644
96900 377810 -2641
97000 376512 -2642
97100 377865 -2645
97200 378704 -2645
97300 377194 -2640
97400 377236 -2642
97500 377681 -2636
97600 372901 -2657
97700 377486 -2646
97800 378039 -2643
97900 376436 -2638
98000 377367 -2643
98100 377921 -2644
98200 377039 -2642
98300 377723 -2639
98400 375069 -2641
98500 375787 -2638
98600 377220 -2632
98700 376774 -2639
98800 377593 -2637
98900 376125 -2641
99000 376695 -2642
99100 375723 -2638
99200 376213 -2637
99300 377562 -2637
99400 375862 -2639
99500 376351 3119
99600 376855 3122
99700 375053 3120
99800 372936 3132
99900 374306 3123
100000 375239 3124
