

 << Logging of terminal I/O resumes >> 

1 6573554 2883
101 7057809 3149
201 6102389 3342
301 5186277 3477
401 4423707 3559
501 3825272 3608
601 3367371 3634
701 3013029 3645
801 2732555 3645
901 2509017 3639
1001 2328265 3629
1101 2180727 3617
1201 2057303 3602
1301 1953889 3586
1401 1868161 3570
1501 1792025 3554
1601 1728192 3537
1701 1672396 3522
1801 1624391 3506
1901 1581528 3491
2001 1543773 3476
2101 1510099 3462
2201 1480172 3449
2301 1452746 3435
2401 1429036 3424
2501 1407121 3412
2601 1388128 3400
2701 1369690 3390
2801 1352408 3380
2901 1337827 3370
3001 1323623 3361
3101 1309776 3352
3201 1298407 3343
3301 1286904 3335
3401 1276799 3328
3501 1266777 3321
3601 1257384 3313
3701 1248953 3307
3801 1240146 3300
3901 1233444 3294
4001 1225981 3288
4101 1218289 3282
4201 1212083 3276
4301 1205537 3271
4401 1200021 3266
4501 1194296 3261
4601 1188586 3257
4701 1183659 3252
4801 1178451 3248
4901 1173587 3244
5001 1169520 3240
5101 1165136 3236
5201 1160555 3232
5301 1156354 3228
5401 1152297 3225
5501 1149121 3221
5601 1145165 3217
5701 1141055 3214
5801 1138046 3211
5901 1134035 3208
6001 1130843 3205
6101 1128011 3202
6201 1124873 3199
6301 1122100 3196
6401 1119254 3193
6501 1116525 3191
6601 1113742 3188
6701 1111053 3186
6801 1108571 3183
6901 1105779 3181
7001 1103500 3179
7101 1101014 3176
7201 1099128 3174
7301 1096381 3171
7401 1094178 3169
7501 1091886 3167
7601 1089826 3165
7701 1088007 3163
7801 1085722 3161
7901 1084022 3159
8001 1082364 3157
8101 1080376 3155
8201 1078249 -2606
8301 1076351 -2608
8401 1074667 -2610
8501 1073307 -2612
8601 1071737 -2614
8701 1069502 -2615
8801 1067993 -2617
8901 1066941 -2618
9001 1065497 -2620
9101 1063533 -2622
9201 1062172 -2623
9301 1060906 -2624
9401 1059087 -2626
9501 1057748 -2627
9601 1056676 -2629
9701 1055537 -2630
9801 1053800 -2632
9901 1052614 -2633
10001 1052085 -2634
10101 1049953 -2636
10201 1048919 -2637
10301 1047830 -2638
10401 1046667 -2640
10501 1045703 -2641
10601 1044689 -2642
10701 1043802 -2643
10801 1042629 -2645
10901 1041752 -2646
11001 1040038 -2647
11101 1039347 -2648
11201 1038586 -2649
11301 1036998 -2650
11401 1036634 -2651
11501 1035922 -2652
11601 1034587 -2654
11701 1034129 -2655
11801 1033252 -2655
11901 1032321 -2657
12001 1031525 -2657
12101 1030342 -2659
12201 1029680 -2660
12301 1028522 -2660
12401 1027820 -2661
12501 1027235 -2662
12601 1026617 -2663
12701 1025637 -2664
12801 1025254 -2665
12901 1024832 -2666
13001 1023753 -2667
13101 1022641 -2667
13201 1022116 -2668
13301 1021821 -2669
13401 1020624 -2670
13501 1020446 -2671
13601 1019667 -2672
13701 1018963 -2672
13801 1018104 -2673
13901 1017797 -2674
14001 1017136 -2674
14101 1016819 -2675
14201 1016222 -2676
14301 1015696 -2677
14401 1014903 -2678
14501 1014701 -2678
14601 1013470 -2679
14701 1013336 -2680
14801 1012908 -2680
14901 1012021 -2681
15001 1011610 -2681
15101 1011196 -2683
15201 1010782 -2682
15301 1010615 -2684
15401 1009823 -2683
15501 1009203 -2685
15601 1009237 -2685
15701 1008553 -2686
15801 1008074 -2687
15901 1007272 -2687
16001 1007244 -2687
16101 1007031 -2689
16201 1006592 -2689
16301 1006243 -2689
16401 1005538 -2690
16501 1004809 -2690
16601 1004746 -2691
16701 1004203 -2691
16801 1003646 -2691
16901 1003811 -2692
17001 1003460 -2692
17101 1003049 -2693
17201 1002323 -2693
17301 1002048 -2694
17401 1001369 -2694
17501 1001766 -2695
17601 1001009 -2695
17701 1001048 -2696
17801 1000500 -2696
17901 1000556 -2697
18001 999569 -2697
18101 999604 -2698
18201 999317 -2698
18301 998854 -2699
18401 998609 -2699
18501 998181 -2699
18601 998469 -2700
18701 997716 -2700
18801 996901 -2700
18901 997172 -2701
19001 996997 -2701
19101 996801 -2701
19201 996124 -2702
19301 995763 -2702
19401 995787 -2702
19501 995504 -2703
19601 995360 -2703
19701 994771 -2703
19801 994475 -2704
19901 994392 -2704
20001 994188 -2705
20101 993942 -2705
20201 993827 -2705
20301 993022 -2706
20401 993731 -2706
20501 992893 -2706
20601 992717 -2706
20701 992526 -2706
20801 992326 -2707
20901 991912 -2707
21001 991487 -2707
21101 991923 -2708
21201 991633 -2708
21301 990897 -2708
21401 991097 -2708
21501 990872 -2709
21601 990777 -2709
21701 990705 -2709
21801 990645 -2710
21901 989872 -2710
22001 989565 -2710
22101 989671 -2710
22201 989364 -2710
22301 989546 -2710
22401 989269 -2711
22501 988674 -2711
22601 988587 -2711
22701 988758 -2712
22801 988244 -2712
22901 988608 -2712
23001 988149 -2712
23101 988079 -2712
23201 987496 -2713
23301 987974 -2713
23401 987892 -2712
23501 987125 -2713
23601 987255 -2713
23701 986762 -2713
23801 986821 -2714
23901 986432 -2713
24001 986546 -2714
24101 986484 -2714
24201 985933 -2714
24301 986144 -2714
24401 985710 -2715
24501 986058 -2715
24601 985314 -2715
24701 985593 -2715
24801 985366 -2714
24901 984713 -2715
25001 985376 -2715
25101 984792 -2716
25201 984943 -2715
25301 985072 -2715
25401 984601 -2716
25501 984902 -2716
25601 983990 -2716
25701 984300 -2716
25801 984200 3044
25901 984546 3043
26001 983925 3044
26101 983722 3043
26201 983672 3043
26301 983631 3043
26401 983120 3043
26501 983233 3043
26601 982544 3043
26701 982725 3043
26801 982707 3043
26901 982835 3042
27001 982423 3042
27101 982800 3043
27201 982495 3043
27301 981935 3042
27401 982518 3043
27501 981839 3042
27601 982281 3042
27701 981981 3042
27801 981633 3042
27901 981641 3042
28001 981459 3042
28101 981914 3042
28201 981545 3041
28301 981498 3042
28401 980945 3041
28501 981542 3042
28601 981329 3042
28701 980330 3041
28801 980672 3042
28901 979820 3041
29001 980401 3041
29101 980557 3041
29201 980287 3041
29301 980623 3041
29401 979903 3041
29501 980242 3041
29601 979716 3041
29701 979696 3042
29801 979771 3041
29901 979836 3041
