

 << Logging of terminal I/O resumes >> 

1 19819865 2921
101 23251737 4020
201 12217399 4078
301 8275770 4078
401 6293678 4059
501 5108603 4028
601 4324708 3996
701 3769736 3962
801 3359780 3926
901 3050106 3891
1001 2803593 3859
1101 2610595 3826
1201 2450874 3795
1301 2317330 3766
1401 2206733 3738
1501 2113503 3710
1601 2032969 3685
1701 1964589 3661
1801 1903619 3638
1901 1851912 3617
2001 1805330 3596
2101 1764991 3577
2201 1727418 3559
2301 1695951 3541
2401 1666032 3525
2501 1639613 3510
2601 1615142 3495
2701 1593174 3482
2801 1573148 3468
2901 1555207 3456
3001 1536772 3444
3101 1521401 3433
3201 1506423 3423
3301 1494147 3412
3401 1480935 3403
3501 1469196 3393
3601 1457520 3384
3701 1446553 3376
3801 1437389 3368
3901 1428589 3360
4001 1419151 3353
4101 1410283 3346
4201 1402512 3339
4301 1394721 3333
4401 1387554 3327
4501 1381020 3321
4601 1374105 3315
4701 1367849 3310
4801 1362440 3304
4901 1355620 3299
5001 1350581 3294
5101 1344531 3289
5201 1339324 3284
5301 1334803 3280
5401 1329576 3275
5501 1325375 3271
5601 1320248 3268
5701 1315826 3263
5801 1311680 3259
5901 1307879 3256
6001 1304151 3252
6101 1299548 3249
6201 1295974 3245
6301 1291845 3241
6401 1288529 3238
6501 1285340 3235
6601 1281861 3231
6701 1278214 3229
6801 1275224 3226
6901 1272734 3223
7001 1269453 3220
7101 1266597 3218
7201 1263251 3214
7301 1261034 3212
7401 1258085 3209
7501 1255692 3207
7601 1252819 3205
7701 1250241 3202
7801 1248070 3199
7901 1245629 3197
8001 1242906 3194
8101 1241023 3192
8201 1238524 -2570
8301 1236164 -2572
8401 1233940 -2574
8501 1232309 -2576
8601 1229816 -2578
8701 1228018 -2580
8801 1226008 -2582
8901 1223734 -2584
9001 1221776 -2586
9101 1219901 -2588
9201 1218285 -2589
9301 1216758 -2591
9401 1215090 -2593
9501 1213157 -2595
9601 1211784 -2597
9701 1209845 -2598
9801 1208876 -2600
9901 1207202 -2601
10001 1205537 -2604
10101 1203845 -2605
10201 1201987 -2606
10301 1200561 -2608
10401 1199274 -2609
10501 1198434 -2611
10601 1196720 -2613
10701 1195688 -2614
10801 1193921 -2615
10901 1193305 -2617
11001 1191736 -2618
11101 1190293 -2619
11201 1189285 -2621
11301 1188198 -2622
11401 1186624 -2624
11501 1185949 -2625
11601 1184817 -2626
11701 1183721 -2627
11801 1182832 -2629
11901 1182159 -2630
12001 1180742 -2631
12101 1179592 -2632
12201 1178351 -2633
12301 1177377 -2634
12401 1176276 -2635
12501 1175752 -2637
12601 1174254 -2637
12701 1173545 -2639
12801 1172818 -2640
12901 1171378 -2641
13001 1170941 -2641
13101 1169663 -2642
13201 1169022 -2643
13301 1167787 -2645
13401 1167468 -2645
13501 1165761 -2647
13601 1165649 -2647
13701 1164791 -2649
13801 1163911 -2649
13901 1163510 -2650
14001 1162613 -2651
14101 1162038 -2652
14201 1160958 -2653
14301 1160405 -2654
14401 1159946 -2655
14501 1158949 -2656
14601 1158335 -2656
14701 1157623 -2657
14801 1156771 -2658
14901 1156758 -2658
15001 1155965 -2659
15101 1154902 -2660
15201 1154979 -2661
15301 1154016 -2662
15401 1153510 -2662
15501 1152848 -2663
15601 1152627 -2664
15701 1151565 -2664
15801 1151233 -2665
15901 1150859 -2666
16001 1150321 -2667
16101 1149552 -2668
16201 1149158 -2668
16301 1148014 -2669
16401 1147967 -2669
16501 1147191 -2670
16601 1146760 -2671
16701 1146882 -2671
16801 1146464 -2671
16901 1145614 -2672
17001 1144951 -2673
17101 1144863 -2673
17201 1144466 -2674
17301 1144103 -2675
17401 1143139 -2675
17501 1143067 -2675
17601 1142207 -2676
17701 1142212 -2677
17801 1141032 -2677
17901 1141225 -2678
18001 1140721 -2679
18101 1140657 -2679
18201 1139835 -2680
18301 1139656 -2680
18401 1138945 -2681
18501 1139103 -2680
18601 1138679 -2681
18701 1138491 -2683
18801 1137667 -2682
18901 1137362 -2683
19001 1137258 -2683
19101 1136928 -2684
19201 1136798 -2684
19301 1135901 -2685
19401 1135976 -2685
19501 1135302 -2685
19601 1135604 -2685
19701 1134561 -2686
19801 1134477 -2687
19901 1134243 -2687
20001 1134011 -2687
20101 1133347 -2688
20201 1133444 -2688
20301 1133009 -2689
20401 1132980 -2689
20501 1132544 -2689
20601 1131973 -2690
20701 1131815 -2690
20801 1131900 -2690
20901 1131628 -2691
21001 1131343 -2691
21101 1130886 -2691
21201 1130472 -2692
21301 1130042 -2692
21401 1130284 -2693
21501 1129709 -2693
21601 1129673 -2693
21701 1129166 -2693
21801 1129215 -2694
21901 1128553 -2694
22001 1128486 -2694
22101 1128461 -2695
22201 1128137 -2695
22301 1128198 -2695
22401 1127467 -2695
22501 1127601 -2696
22601 1126745 -2696
22701 1127447 -2697
22801 1126965 -2696
22901 1126786 -2697
23001 1126356 -2697
23101 1126499 -2698
23201 1126033 -2697
23301 1126321 -2698
23401 1126019 -2698
23501 1125543 -2698
23601 1125388 -2699
23701 1125410 -2699
23801 1125044 -2699
23901 1125244 -2699
24001 1124051 -2700
24101 1123773 -2699
24201 1123928 -2700
24301 1123943 -2700
24401 1124206 -2700
24501 1123622 -2700
24601 1122898 -2701
24701 1123386 -2700
24801 1122853 -2701
24901 1122743 -2701
25001 1122407 -2701
25101 1121919 -2701
25201 1122376 -2702
25301 1122956 -2702
25401 1122037 -2702
25501 1122253 -2702
25601 1121500 -2703
25701 1121877 -2703
25801 1121339 -2703
25901 1121086 3057
26001 1120983 3057
26101 1120993 3057
26201 1120733 3057
26301 1120739 3056
26401 1120118 3056
26501 1120491 3057
26601 1119953 3056
26701 1119525 3056
26801 1119242 3056
26901 1119938 3056
27001 1119566 3056
27101 1120112 3055
27201 1119668 3055
27301 1119231 3055
27401 1119377 3055
27501 1118914 3055
27601 1119057 3055
27701 1118260 3054
27801 1118665 3054
27901 1118500 3055
28001 1117623 3054
28101 1117952 3054
28201 1118125 3055
28301 1117527 3054
28401 1117749 3054
28501 1117885 3054
28601 1117148 3054
28701 1117177 3054
28801 1117716 3053
28901 1117281 3053
29001 1117677 3053
29101 1117285 3053
29201 1116708 3053
29301 1116686 3053
29401 1116154 3053
29501 1116534 3053
29601 1115770 3053
29701 1115617 3053
29801 1116120 3054
29901 1116249 3053
