

 << Logging of terminal I/O resumes >> 

1 72775 2880
101 73090 2883
201 73013 2886
301 72965 2889
401 72882 2892
501 72797 2895
601 72666 2897
701 72555 2899
801 72432 2901
901 72318 2903
1001 72169 2904
1101 72012 2906
1201 71875 2907
1301 71760 2908
1401 71618 2909
1501 71481 2910
1601 71378 2910
1701 71245 2911
1801 71129 2911
1901 71038 2912
2001 70920 2912
2101 70840 2912
2201 70755 2912
2301 70656 2912
2401 70578 2913
2501 70512 2913
2601 70427 2913
2701 70376 2913
2801 70312 2913
2901 70241 2913
3001 70204 2913
3101 70126 2913
3201 70066 2913
3301 70061 2913
3401 69980 2913
3501 69955 2913
3601 69898 2913
3701 69869 2913
3801 69822 2913
3901 69790 2913
4001 69761 2913
4101 69733 2914
4201 69679 2913
4301 69687 2913
4401 69628 2913
4501 69604 2914
4601 69574 2913
4701 69550 2914
4801 69530 2914
4901 69515 2913
5001 69461 2914
5101 69446 2913
5201 69456 2914
5301 69410 2914
5401 69389 2914
5501 69383 2914
5601 69342 2914
5701 69346 2914
5801 69334 2914
5901 69282 2914
6001 69269 2915
6101 69236 2915
6201 69241 2915
6301 69228 2915
6401 69229 2914
6501 69200 2915
6601 69174 2915
6701 69171 2915
6801 69169 2916
6901 69129 2915
7001 69140 2915
7101 69105 2916
7201 69080 2916
7301 69084 2916
7401 69074 2916
7501 69068 2916
7601 69039 2916
7701 69045 2916
7801 69009 2916
7901 69023 2917
8001 69009 2917
8101 68993 2916
8201 68973 -2843
8301 68965 -2843
8401 68967 -2843
8501 68956 -2843
8601 68945 -2842
8701 68922 -2842
8801 68928 -2842
8901 68924 -2842
9001 68910 -2842
9101 68901 -2842
9201 68902 -2842
9301 68871 -2842
9401 68867 -2842
9501 68852 -2841
9601 68874 -2841
9701 68852 -2841
9801 68826 -2841
9901 68841 -2841
10001 68848 -2840
10101 68825 -2841
10201 68806 -2840
10301 68798 -2840
10401 68799 -2840
10501 68789 -2840
10601 68785 -2840
10701 68776 -2840
10801 68761 -2839
10901 68780 -2839
11001 68751 -2839
11101 68762 -2839
11201 68739 -2839
11301 68726 -2839
11401 68747 -2839
11501 68742 -2838
11601 68717 -2838
11701 68716 -2839
11801 68705 -2838
11901 68720 -2838
12001 68708 -2838
12101 68700 -2838
12201 68685 -2837
12301 68704 -2837
12401 68684 -2837
12501 68695 -2837
12601 68675 -2836
12701 68683 -2836
12801 68673 -2836
12901 68657 -2836
13001 68688 -2836
13101 68648 -2836
13201 68658 -2836
13301 68657 -2835
13401 68636 -2835
13501 68655 -2835
13601 68626 -2835
13701 68640 -2835
13801 68635 -2834
13901 68610 -2834
14001 68618 -2834
14101 68609 -2834
14201 68628 -2834
14301 68631 -2834
14401 68608 -2834
14501 68608 -2833
14601 68593 -2833
14701 68579 -2833
14801 68568 -2833
14901 68592 -2832
15001 68574 -2832
15101 68584 -2832
15201 68582 -2832
15301 68569 -2832
15401 68579 -2832
15501 68580 -2831
15601 68573 -2831
15701 68553 -2831
15801 68575 -2831
15901 68558 -2830
16001 68550 -2831
16101 68528 -2830
16201 68530 -2830
16301 68528 -2830
16401 68552 -2829
16501 68521 -2829
16601 68520 -2829
16701 68544 -2829
16801 68548 -2829
16901 68513 -2829
17001 68536 -2828
17101 68510 -2828
17201 68514 -2828
17301 68503 -2828
17401 68522 -2828
17501 68484 -2828
17601 68501 -2828
17701 68514 -2827
17801 68509 -2827
17901 68504 -2827
18001 68511 -2827
18101 68507 -2826
18201 68507 -2826
18301 68462 -2826
18401 68482 -2826
18501 68511 -2826
18601 68502 -2825
18701 68498 -2825
18801 68484 -2825
18901 68474 -2825
19001 68454 -2824
19101 68460 -2825
19201 68460 -2824
19301 68480 -2824
19401 68463 -2824
19501 68456 -2824
19601 68466 -2823
19701 68441 -2823
19801 68456 -2823
19901 68461 -2823
20001 68462 -2822
20101 68440 -2823
20201 68461 -2822
20301 68464 -2822
20401 68433 -2822
20501 68447 -2822
20601 68451 -2821
20701 68440 -2821
20801 68427 -2821
20901 68448 -2820
21001 68458 -2821
21101 68423 -2820
21201 68419 -2820
21301 68436 -2820
21401 68427 -2820
21501 68414 -2819
21601 68424 -2819
21701 68424 -2819
21801 68410 -2819
21901 68440 -2819
22001 68431 -2819
22101 68402 -2819
22201 68401 -2818
22301 68431 -2818
22401 68441 -2818
22501 68428 -2817
22601 68405 -2818
22701 68409 -2817
22801 68424 -2817
22901 68405 -2817
23001 68392 -2816
23101 68423 -2816
23201 68384 -2816
23301 68429 -2816
23401 68392 -2816
23501 68392 -2816
23601 68402 -2815
23701 68405 -2815
23801 68401 -2815
23901 68420 -2815
24001 68411 -2814
24101 68395 -2814
24201 68413 -2814
24301 68387 -2814
24401 68393 -2814
24501 68388 -2813
24601 68402 -2813
24701 68400 -2813
24801 68391 -2812
24901 68395 -2813
25001 68378 -2812
25101 68382 -2812
25201 68376 -2811
25301 68390 2949
25401 68394 2948
25501 68388 2949
25601 68394 2949
25701 68362 2949
25801 68360 2950
25901 68383 2950
26001 68376 2950
26101 68390 2950
26201 68382 2950
26301 68362 2951
26401 68396 2950
26501 68360 2951
26601 68393 2951
26701 68352 2951
26801 68383 2951
26901 68343 2952
27001 68376 2952
27101 68361 2952
27201 68370 2952
27301 68357 2952
27401 68387 2953
27501 68349 2953
27601 68363 2954
27701 68365 2953
27801 68354 2954
27901 68362 2954
28001 68351 2954
28101 68331 2954
28201 68372 2954
28301 68334 2955
28401 68355 2955
28501 68362 2955
28601 68353 2955
28701 68368 2956
28801 68335 2956
28901 68381 2956
29001 68344 2957
29101 68333 2956
29201 68346 2957
29301 68339 2957
29401 68323 2957
29501 68311 2958
29601 68331 2958
29701 68356 2958
29801 68328 2958
29901 68350 2958
