

 << Logging of terminal I/O resumes >> 

1 712422 2880
101 728470 2898
201 726012 2915
301 723085 2932
401 718979 2949
501 714056 2965
601 708431 2980
701 701816 2993
801 694786 3006
901 687623 3018
1001 679973 3029
1101 672155 3038
1201 664440 3047
1301 656443 3055
1401 648722 3061
1501 641207 3067
1601 634012 3072
1701 626661 3076
1801 619827 3079
1901 613111 3082
2001 607298 3084
2101 601177 3086
2201 595541 3087
2301 590124 3089
2401 584678 3088
2501 579920 3089
2601 575303 3089
2701 570938 3090
2801 566617 3090
2901 562707 3089
3001 558774 3089
3101 553755 3070
3201 551847 3088
3301 548634 3086
3401 545700 3085
3501 542876 3079
3601 539696 3084
3701 537002 3083
3801 534440 3082
3901 531824 3081
4001 529690 3079
4101 527397 3079
4201 525158 3078
4301 523156 3076
4401 521117 3076
4501 519167 3074
4601 517824 3072
4701 515821 3072
4801 514178 3071
4901 512594 3070
5001 510879 3069
5101 509444 3067
5201 508066 3066
5301 506604 3065
5401 505234 3064
5501 503922 3063
5601 502597 3062
5701 501347 3061
5801 500360 3060
5901 499058 3059
6001 498007 3058
6101 496995 3057
6201 495800 3056
6301 494767 3055
6401 493703 3055
6501 492696 3054
6601 491741 3053
6701 490712 3053
6801 489867 3051
6901 489156 3051
7001 488325 3049
7101 487462 3049
7201 486577 3048
7301 485843 3047
7401 485171 3046
7501 484431 3045
7601 483677 3044
7701 482996 3044
7801 482269 3043
7901 481554 3043
8001 481031 3042
8101 480256 3041
8201 479637 -2719
8301 478838 -2720
8401 478255 -2720
8501 477609 -2721
8601 476989 -2722
8701 476399 -2722
8801 476045 -2723
8901 475372 -2724
9001 474926 -2725
9101 474510 -2725
9201 474004 -2726
9301 473483 -2727
9401 473195 -2728
9501 472506 -2728
9601 472239 -2728
9701 471840 -2729
9801 471400 -2730
9901 471003 -2731
10001 470513 -2731
10101 470230 -2732
10201 469867 -2732
10301 469436 -2733
10401 469073 -2733
10501 468729 -2734
10601 468258 -2734
10701 467641 -2735
10801 467420 -2735
10901 467007 -2736
11001 466592 -2736
11101 466455 -2736
11201 465901 -2737
11301 465562 -2737
11401 465196 -2738
11501 464925 -2738
11601 464744 -2739
11701 464263 -2739
11801 464088 -2740
11901 463818 -2740
12001 463655 -2741
12101 463366 -2741
12201 462815 -2741
12301 462559 -2741
12401 462487 -2741
12501 462328 -2742
12601 461894 -2742
12701 461536 -2742
12801 461369 -2743
12901 461151 -2743
13001 460842 -2743
13101 460619 -2744
13201 460351 -2744
13301 460288 -2745
13401 459893 -2745
13501 459583 -2745
13601 459559 -2745
13701 459288 -2746
13801 458937 -2746
13901 458667 -2746
14001 458627 -2747
14101 458313 -2747
14201 458153 -2747
14301 458010 -2747
14401 457763 -2748
14501 457497 -2748
14601 457377 -2748
14701 457174 -2748
14801 457010 -2748
14901 456878 -2749
15001 456925 -2750
15101 457241 -2752
15201 456879 -2752
15301 456870 -2752
15401 456886 -2752
15501 456847 -2754
15601 457272 -2757
15701 456933 -2758
15801 456918 -2761
15901 456641 -2763
16001 456210 -2764
16101 455901 -2765
16201 455780 -2766
16301 455461 -2766
16401 455394 -2766
16501 454994 -2767
16601 454817 -2767
16701 454663 -2768
16801 454373 -2769
16901 454005 -2769
17001 453795 -2769
17101 453684 -2770
17201 453602 -2770
17301 453345 -2771
17401 452819 -2771
17501 452753 -2771
17601 452705 -2771
17701 452539 -2771
17801 452565 -2771
17901 451990 -2772
18001 451988 -2772
18101 451791 -2772
18201 451779 -2772
18301 451774 -2772
18401 451734 -2772
18501 451885 -2771
18601 452236 -2770
18701 452099 -2770
18801 452167 -2769
18901 452293 -2768
19001 452548 -2767
19101 452652 -2764
19201 452692 -2762
19301 452030 -2759
19401 451363 -2757
19501 451000 -2756
19601 451213 -2757
19701 451327 -2759
19801 451781 -2760
19901 451679 -2762
20001 451857 -2764
20101 451689 -2763
20201 451601 -2764
20301 451487 -2763
20401 451016 -2762
20501 449920 -2757
20601 449962 -2757
20701 449751 -2756
20801 449556 -2757
20901 449690 -2757
21001 449533 -2757
21101 449557 -2757
21201 449499 -2757
21301 449343 -2757
21401 449329 -2757
21501 449264 -2757
21601 449051 -2757
21701 449199 -2757
21801 449078 -2757
21901 448917 -2757
22001 448864 -2757
22101 448794 -2757
22201 448914 -2757
22301 448597 -2758
22401 448798 -2758
22501 448488 -2758
22601 448488 -2758
22701 448612 -2757
22801 448579 -2758
22901 448202 -2758
23001 448345 -2757
23101 448107 -2757
23201 448052 -2757
23301 448252 -2757
23401 448211 -2758
23501 448054 -2758
23601 447859 -2757
23701 448040 -2758
23801 447835 -2758
23901 447811 -2757
24001 447861 -2757
24101 447700 -2757
24201 447563 -2757
24301 447557 -2758
24401 447557 -2758
24501 447587 -2757
24601 447347 -2758
24701 447391 -2758
24801 447207 -2757
24901 447300 -2758
25001 447146 -2757
25101 447142 -2757
25201 447112 -2757
25301 447123 -2757
25401 446860 -2757
25501 446788 -2757
25601 446832 3003
25701 446881 3003
25801 446816 3003
25901 446697 3003
26001 446817 3003
26101 446647 3003
26201 446741 3003
26301 446548 3003
26401 446500 3003
26501 446503 3003
26601 446528 3003
26701 446644 3003
26801 446151 3003
26901 446346 3003
27001 446227 3004
27101 446146 3003
27201 446154 3003
27301 446137 3004
27401 446222 3003
27501 446057 3003
27601 446154 3004
27701 445959 3004
27801 446033 3004
27901 446011 3004
28001 445844 3004
28101 445890 3004
28201 445922 3004
28301 445841 3004
28401 445531 3004
28501 445666 3004
28601 445569 3004
28701 445749 3004
28801 445737 3004
28901 445602 3004
29001 445797 3005
29101 445590 3005
29201 445305 3005
29301 445554 3005
29401 445388 3005
29501 445331 3005
29601 445283 3005
29701 446077 3002
29801 446119 3002
29901 445436 2995
