

 << Logging of terminal I/O resumes >> 

1 5 712
2 3 1165
3 2 1302
4 2 1330
5 1 1394
6 1 1446
7 1 1453
8 1 1498
9 1 1539
10 1 1525
11 1 1582
12 1 1566
13 1 1600
14 1 -576
15 1 -466
16 1 -349
17 1 -232
18 1 -120
19 1 -4
20 1 110
21 1 234
22 1 343
23 0 0
24 0 0
25 1 -1550
26 1 -1493
27 1 -1485
28 1 -1416
29 1 -1315
30 1 -1288
31 1 -1180
32 1 -1124
33 1 -987
34 1 -823
35 1 -694
36 1 -467
37 1 -166
38 1 24
39 1 261
40 1 405
41 1 579
42 1 668
43 1 780
44 1 807
45 1 841
46 1 844
47 1 840
48 1 831
49 1 837
50 1 820
51 0 0
52 0 0
53 0 0
54 0 0
55 0 0
56 0 0
57 0 0
58 0 0
59 0 0
60 0 0
61 0 0
62 0 0
63 0 0
64 0 0
65 0 0
66 0 0
67 0 0
68 0 0
69 1 29
70 1 16
71 1 -71
72 1 -81
73 1 -94
74 1 -87
75 1 -22
76 1 -93
77 1 -93
78 1 -93
79 1 -90
80 1 -85
81 1 -11
82 1 -4
83 1 7
84 1 8
85 1 19
86 1 25
87 1 30
88 1 30
89 1 104
90 1 106
91 1 107
92 1 110
93 1 111
94 1 112
95 1 111
96 1 109
97 1 108
98 1 106
99 1 102
100 1 100
