

 << Logging of terminal I/O resumes >> 

1 6 700
2 3 1151
3 2 1300
4 2 1329
5 1 1394
6 1 1446
7 1 1453
8 1 1498
9 1 1539
10 1 1525
11 1 1582
12 1 1617
13 1 1600
14 1 -527
15 1 -466
16 1 -302
17 1 -232
18 1 -120
19 1 -4
20 1 110
21 1 234
22 1 343
23 0 0
24 0 0
25 1 -1550
26 1 -1493
27 1 -1485
28 1 -1391
29 1 -1315
30 1 -1288
31 1 -1180
32 1 -1124
33 1 -987
34 1 -823
35 1 -693
36 1 -467
37 1 -167
38 1 25
39 1 261
40 1 400
41 1 578
42 1 666
43 1 713
44 1 805
45 1 836
46 1 841
47 1 836
48 1 826
49 1 812
50 1 721
51 1 625
52 1 597
53 0 0
54 1 470
55 0 0
56 0 0
57 0 0
58 0 0
59 1 186
60 1 158
61 1 64
62 1 -35
63 1 -40
64 1 -65
65 1 -87
66 1 -149
67 1 -172
68 1 -225
69 1 -189
70 1 -255
71 1 -249
72 1 -260
73 1 -270
74 1 -260
75 1 -263
76 1 -252
77 1 -253
78 1 -250
79 1 -204
80 1 -230
81 1 -181
82 1 -175
83 1 -125
84 1 -118
85 1 -113
86 1 -98
87 1 -93
88 1 -87
89 1 -42
90 1 -39
91 1 7
92 1 -34
93 1 -28
94 1 13
95 1 10
96 1 12
97 1 11
98 1 51
99 1 48
100 1 47
