

 << Logging of terminal I/O resumes >> 

1 58036 9
2 341851 2882
3 411308 2881
4 462486 2879
5 504249 2877
6 525211 2876
7 563373 2871
8 585411 2868
9 600201 2865
10 611971 2864
11 615689 2864
12 634748 2861
13 638590 2863
14 642343 2864
15 646028 2867
16 643106 2873
17 647755 2878
18 650715 2885
19 651453 2894
20 650289 2904
21 650334 2919
22 647844 2932
23 644904 2947
24 644568 2963
25 642771 2982
26 642946 3006
27 637793 3029
28 635066 3052
29 631725 3078
30 625367 3104
31 627247 3141
32 615961 3171
33 610382 3203
34 602774 3237
35 594984 3272
36 587620 3309
37 579045 3360
38 558051 3394
39 546053 3434
40 531270 3474
41 515088 3514
42 496795 3567
43 474271 3600
44 454579 3637
45 434153 3669
46 414254 3701
47 392134 3744
48 370869 3765
49 352372 3791
50 334031 3812
51 317513 3832
52 298201 3856
53 282654 3866
54 268944 3877
55 256261 3885
56 244712 3890
57 231809 3895
58 222416 3896
59 213847 3896
60 206690 3895
61 200417 3895
62 193248 3890
63 188398 3889
64 184301 3885
65 180644 3883
66 177526 3880
67 174176 3874
68 171797 3876
69 169970 3876
70 168197 3875
71 166434 3876
72 165172 3877
73 163485 3876
74 161977 3881
75 160738 3884
76 159356 3888
77 157941 3891
78 156338 3895
79 154637 3899
80 152924 3903
81 151234 3907
82 149402 3910
83 147496 3914
84 145427 3917
85 143409 3920
86 141554 3922
87 139471 3924
88 137254 3925
89 135202 3925
90 133297 3925
91 131493 3925
92 129869 3924
93 127901 3923
94 126341 3921
95 125044 3918
96 123781 3916
97 122618 3913
98 121299 3910
99 120491 3907
100 119726 3904
