

 << Logging of terminal I/O resumes >> 

1 323138 2876
2 255062 2881
3 325996 2874
4 375534 2868
5 410528 2862
6 423583 2858
7 462320 2846
8 484240 2838
9 492150 2833
10 503369 2827
11 498073 2825
12 515200 2818
13 513448 2817
14 512188 2817
15 510063 2820
16 502821 2826
17 500975 2830
18 498444 2836
19 494325 2845
20 489087 2856
21 482903 2871
22 475868 2885
23 470378 2902
24 464906 2918
25 458574 2936
26 454680 2960
27 445488 2983
28 439414 3005
29 432779 3028
30 424041 3054
31 420923 3086
32 408146 3113
33 400338 3142
34 392777 3169
35 383325 3199
36 374211 3229
37 366029 3270
38 349960 3296
39 340382 3327
40 329199 3357
41 317467 3385
42 306801 3426
43 292161 3450
44 280951 3477
45 269016 3501
46 257823 3525
47 246018 3560
48 233620 3575
49 223905 3594
50 214199 3612
51 205076 3628
52 195265 3651
53 186400 3659
54 179021 3670
55 172246 3678
56 166008 3687
57 159061 3696
58 153878 3699
59 149364 3703
60 145740 3710
61 142400 3714
62 138369 3716
63 136032 3721
64 133622 3723
65 131757 3727
66 130132 3730
67 128336 3732
68 127081 3739
69 125992 3745
70 125062 3749
71 124187 3756
72 123366 3760
73 122353 3766
74 121338 3775
75 120459 3782
76 119573 3788
77 118682 3795
78 117539 3799
79 116190 3808
80 114989 3814
81 113797 3819
82 112588 3823
83 111186 3827
84 109628 3832
85 108275 3834
86 107010 3837
87 105516 3839
88 104006 3840
89 102538 3841
90 101271 3840
91 100041 3839
92 98887 3838
93 97704 3836
94 96655 3834
95 95709 3831
96 94959 3829
97 94236 3826
98 93540 3822
99 93143 3818
100 92714 3815
