

 << Logging of terminal I/O resumes >> 

1 47050 11
2 323777 2883
3 389757 2880
4 440898 2877
5 481760 2874
6 497731 2872
7 535721 2866
8 557634 2863
9 569237 2860
10 585830 2858
11 584068 2857
12 602341 2854
13 605260 2854
14 607467 2855
15 609483 2858
16 607125 2864
17 607311 2868
18 611566 2876
19 610226 2884
20 607552 2894
21 606356 2909
22 602352 2922
23 598436 2937
24 595907 2953
25 592923 2972
26 592689 2996
27 584961 3017
28 582157 3041
29 576817 3065
30 569043 3091
31 569629 3126
32 557831 3156
33 550810 3186
34 544079 3218
35 535704 3252
36 526828 3287
37 519139 3334
38 500279 3367
39 488972 3405
40 474808 3442
41 460072 3479
42 444698 3529
43 424126 3559
44 407669 3593
45 389289 3623
46 371861 3653
47 352384 3695
48 333929 3713
49 318690 3739
50 302463 3759
51 288011 3778
52 271461 3802
53 257796 3812
54 245895 3823
55 234790 3832
56 225035 3837
57 213647 3845
58 205191 3846
59 198114 3848
60 191649 3851
61 185834 3850
62 179682 3848
63 175360 3847
64 171862 3846
65 168514 3845
66 165762 3844
67 162788 3841
68 160688 3843
69 158881 3844
70 157438 3845
71 155965 3847
72 154741 3848
73 153273 3851
74 151771 3856
75 150497 3860
76 149298 3864
77 147928 3868
78 146532 3871
79 144845 3877
80 143238 3882
81 141688 3885
82 140111 3889
83 138225 3893
84 136158 3897
85 134344 3899
86 132628 3901
87 130737 3903
88 128649 3904
89 126686 3905
90 124911 3905
91 123300 3905
92 121834 3904
93 120047 3902
94 118655 3900
95 117394 3897
96 116329 3896
97 115252 3893
98 114085 3889
99 113388 3886
100 112733 3883
