

 << Logging of terminal I/O resumes >> 

1 42939 2707
201 871 3149
401 812 3076
601 784 3035
801 758 3042
1001 740 3048
1201 725 3050
1401 709 3047
1601 697 3044
1801 683 3044
2001 673 3042
2201 665 3037
2401 657 3031
2601 653 3027
2801 645 3024
3001 640 3020
3201 636 3015
3401 632 3011
3601 630 3007
3801 627 3005
4001 623 3001
4201 622 2997
4401 618 2994
4601 618 2992
4801 617 2990
5001 614 2987
5201 614 2984
5401 611 2982
5601 610 2981
5801 610 2979
6001 609 2977
6201 609 2975
6401 607 2974
6601 606 2973
6801 606 2971
7001 605 2969
7201 606 2968
7401 604 2968
7601 603 2966
7801 603 2965
8001 602 2964
8201 603 -2796
8401 603 -2797
8601 601 -2798
8801 602 -2799
9001 600 -2799
9201 601 -2799
9401 601 -2800
9601 600 -2801
9801 601 -2802
10001 599 -2802
10201 599 -2802
10401 599 -2802
10601 599 -2803
10801 600 -2803
11001 599 -2803
11201 598 -2804
11401 598 -2804
11601 598 -2804
11801 599 -2804
12001 599 -2804
12201 597 -2805
12401 598 -2805
12601 596 -2805
12801 597 -2805
13001 598 -2805
13201 597 -2805
13401 598 -2805
13601 596 -2805
13801 596 -2805
14001 597 -2805
14201 597 -2805
14401 598 -2805
14601 596 -2805
14801 596 -2805
15001 596 -2805
15201 595 -2805
15401 597 -2805
15601 597 -2805
15801 596 -2805
16001 596 -2805
16201 595 -2805
16401 596 -2805
16601 596 -2804
16801 595 -2804
17001 596 -2804
17201 595 -2804
17401 595 -2804
17601 596 -2803
17801 595 -2803
18001 596 -2803
18201 595 -2803
18401 594 -2803
18601 595 -2803
18801 595 -2803
19001 596 -2802
19201 595 -2802
19401 594 -2802
19601 595 -2802
19801 594 -2801
20001 596 -2801
20201 595 -2801
20401 594 -2801
20601 595 -2800
20801 594 -2800
21001 594 -2800
21201 595 -2799
21401 595 -2799
21601 595 -2799
21801 594 -2799
22001 594 -2798
22201 595 -2798
22401 595 -2798
22601 596 -2798
22801 594 -2797
23001 594 -2797
23201 595 -2797
23401 594 -2797
23601 596 -2796
23801 594 -2796
24001 593 -2795
24201 594 -2795
24401 594 -2795
24601 595 -2795
24801 595 -2794
25001 593 -2794
25201 594 -2794
25401 593 2967
25601 594 2967
25801 595 2967
26001 593 2968
26201 594 2968
26401 593 2969
26601 594 2969
26801 595 2969
27001 594 2969
27201 594 2970
27401 593 2971
27601 593 2971
27801 595 2971
28001 593 2971
28201 594 2972
28401 593 2972
28601 593 2972
28801 594 2973
29001 594 2974
29201 594 2974
29401 593 2974
29601 592 2974
29801 594 2975
30001 594 2975
30201 593 2976
30401 593 2976
30601 592 2976
30801 593 2976
31001 594 2977
31201 593 2977
31401 594 2978
31601 592 2978
31801 593 2979
32001 593 2979
32201 593 2979
32401 594 2980
32601 592 2980
32801 593 2980
33001 593 2980
33201 593 2981
33401 594 2982
33601 593 2982
33801 592 2983
34001 592 2983
34201 592 2983
34401 594 2984
34601 593 2984
34801 592 2984
35001 593 2985
35201 592 2985
35401 594 2985
35601 594 2986
35801 593 2986
36001 593 2987
36201 592 2987
36401 593 2988
36601 593 2988
36801 592 2989
37001 593 2989
37201 592 2989
37401 593 2990
37601 593 2990
37801 593 2991
38001 593 2991
38201 592 2992
38401 593 2992
38601 593 2992
38801 592 2993
39001 593 2993
39201 592 2993
39401 592 2994
39601 594 2995
39801 593 2995
40001 593 2995
40201 592 2996
40401 592 2996
40601 594 2997
40801 593 2997
41001 593 2998
41201 593 2998
41401 592 2998
41601 593 2999
41801 593 2999
42001 594 3000
42201 593 -2760
42401 592 -2760
42601 593 -2759
42801 592 -2759
43001 593 -2758
43201 593 -2758
43401 592 -2757
43601 593 -2757
43801 592 -2756
44001 592 -2756
44201 593 -2755
44401 592 -2755
44601 592 -2755
44801 592 -2754
45001 592 -2754
45201 593 -2753
45401 592 -2753
45601 592 -2753
45801 593 -2752
46001 592 -2752
46201 593 -2751
46401 593 -2751
46601 592 -2751
46801 593 -2750
47001 592 -2749
47201 593 -2749
47401 592 -2748
47601 592 -2748
47801 594 -2748
48001 592 -2747
48201 593 -2747
48401 593 -2747
48601 593 -2746
48801 593 -2746
49001 592 -2745
49201 593 -2744
49401 593 -2744
49601 592 -2744
49801 594 -2743
50001 593 -2743
50201 593 -2742
50401 593 -2742
50601 593 -2742
50801 593 -2741
51001 593 -2740
51201 593 -2740
51401 594 -2739
51601 593 -2739
51801 594 -2739
52001 594 -2738
52201 593 -2738
52401 594 -2738
52601 593 -2737
52801 594 -2737
53001 593 -2736
53201 593 -2736
53401 595 -2735
53601 593 -2734
53801 594 -2734
54001 594 -2734
54201 593 -2734
54401 594 -2733
54601 594 -2733
54801 594 -2732
55001 594 -2731
55201 594 -2731
55401 595 -2730
55601 594 -2730
55801 593 -2729
56001 595 -2729
56201 594 -2729
56401 594 -2728
56601 594 -2728
56801 594 -2727
57001 594 -2727
57201 594 -2727
57401 595 -2726
57601 594 -2726
57801 593 -2725
58001 595 -2725
58201 594 -2725
58401 594 -2724
58601 594 -2723
58801 593 -2723
59001 595 -2722
59201 594 -2722
59401 594 -2722
59601 594 -2721
59801 593 -2721
60001 595 -2720
60201 594 -2720
60401 593 -2719
60601 595 -2718
60801 594 -2718
61001 593 3042
61201 594 3043
61401 593 3043
61601 594 3044
61801 594 3044
62001 595 3045
62201 594 3045
62401 593 3045
62601 595 3046
62801 593 3046
63001 594 3047
63201 594 3046
63401 593 3048
63601 594 3048
63801 594 3049
64001 593 3049
64201 594 3050
64401 593 3050
64601 593 3051
64801 593 3051
65001 593 3051
65201 594 3052
65401 593 3053
65601 593 3053
65801 594 3053
66001 591 3046
66201 594 3055
66401 593 3055
66601 594 3055
66801 593 3056
67001 593 3056
67201 594 3056
67401 593 3056
67601 594 3057
67801 593 3058
68001 592 3058
68201 594 3059
68401 593 3059
68601 593 3059
68801 594 3060
69001 593 3060
69201 594 3061
69401 593 3062
69601 593 3062
69801 594 3063
70001 593 3063
70201 593 3064
70401 594 3063
70601 592 3074
70801 594 3065
71001 593 3066
71201 592 3065
71401 592 3066
71601 593 3067
71801 593 3067
72001 593 3067
72201 593 3067
72401 593 3068
72601 592 3068
72801 594 3070
73001 593 3069
73201 593 3070
73401 594 3070
73601 593 3071
73801 593 3071
74001 592 3070
74201 593 3072
74401 593 3074
74601 593 3073
74801 593 3073
75001 593 3074
75201 593 3075
75401 594 3075
75601 593 3075
75801 591 3081
76001 594 3077
76201 593 3076
76401 593 3077
76601 593 3078
76801 594 3078
77001 594 3079
77201 593 3079
77401 594 3081
77601 592 3080
77801 593 3081
78001 593 3081
78201 592 3081
78401 593 3082
78601 593 -2677
78801 592 -2677
79001 594 -2677
79201 593 -2676
79401 592 -2675
79601 593 -2676
79801 592 -2675
80001 168 2910
80201 593 -2672
80401 593 -2673
80601 593 -2673
80801 592 -2673
81001 592 -2671
81201 592 -2672
81401 593 -2671
81601 591 -2660
81801 592 -2670
82001 592 -2670
82201 593 -2668
82401 592 -2669
82601 593 -2668
82801 592 -2669
83001 592 -2668
83201 593 -2665
83401 592 -2666
83601 593 -2667
83801 593 -2666
84001 592 -2665
84201 594 -2663
84401 592 -2663
84601 593 -2664
84801 594 -2658
85001 592 -2663
85201 593 -2663
85401 593 -2661
85601 593 -2661
85801 593 -2659
86001 585 -2663
86201 593 -2658
86401 592 -2660
86601 593 -2658
86801 593 -2659
87001 592 -2658
87201 592 -2657
87401 592 -2658
87601 591 -2658
87801 592 -2655
88001 592 -2655
88201 593 -2653
88401 592 -2654
88601 592 -2652
88801 588 -2653
89001 592 -2655
89201 592 -2651
89401 592 -2653
89601 593 -2651
89801 594 -2653
90001 594 -2651
90201 594 -2651
90401 592 -2650
90601 592 -2650
90801 593 -2647
91001 592 -2651
91201 593 -2648
91401 593 -2649
91601 592 -2647
91801 593 -2646
92001 593 -2647
92201 592 -2644
92401 591 -2645
92601 595 -2644
92801 593 -2646
93001 592 -2644
93201 591 -2644
93401 594 -2639
93601 593 -2642
93801 592 -2640
94001 592 -2634
94201 592 -2640
94401 590 -2640
94601 592 -2640
94801 591 -2639
95001 592 -2641
95201 593 -2635
95401 591 -2636
95601 595 -2638
95801 591 -2639
96001 591 -2638
96201 593 -2638
96401 591 -2637
96601 592 -2635
96801 593 -2635
97001 593 -2637
97201 590 -2635
97401 592 -2636
97601 593 -2718
97801 592 -2631
98001 591 -2635
98201 591 -2633
98401 591 -2637
98601 592 -2631
98801 590 -2626
99001 593 -2633
99201 594 -2630
99401 591 3135
99601 593 3131
99801 591 3126
