

 << Logging of terminal I/O resumes >> 

1 730 13
201 888 3113
401 842 3042
601 815 3048
801 793 3040
1001 771 3051
1201 754 3054
1401 738 3047
1601 725 3051
1801 711 3046
2001 700 3045
2201 692 3042
2401 683 3034
2601 678 3033
2801 670 3027
3001 665 3023
3201 662 3020
3401 656 3014
3601 654 3012
3801 650 3008
4001 647 3003
4201 646 3002
4401 642 2997
4601 641 2996
4801 639 2993
5001 637 2990
5201 638 2989
5401 635 2985
5601 635 2984
5801 634 2983
6001 631 2980
6201 633 2980
6401 631 2977
6601 630 2976
6801 631 2975
7001 627 2972
7201 629 2973
7401 627 2971
7601 627 2969
7801 627 2970
8001 625 2967
8201 626 -2792
8401 625 -2793
8601 624 -2795
8801 625 -2794
9001 623 -2796
9201 624 -2796
9401 624 -2796
9601 622 -2798
9801 624 -2797
10001 622 -2799
10201 622 -2799
10401 624 -2798
10601 621 -2800
10801 624 -2799
11001 610 -2801
11201 600 -2802
11401 601 -2801
11601 599 -2803
11801 601 -2802
12001 599 -2802
12201 599 -2803
12401 600 -2802
12601 598 -2803
12801 599 -2803
13001 599 -2803
13201 598 -2803
13401 600 -2802
13601 597 -2803
13801 598 -2803
14001 598 -2803
14201 597 -2803
14401 599 -2802
14601 598 -2803
14801 597 -2803
15001 598 -2802
15201 596 -2803
15401 598 -2802
15601 597 -2802
15801 597 -2803
16001 598 -2802
16201 596 -2803
16401 598 -2802
16601 597 -2802
16801 596 -2802
17001 598 -2801
17201 597 -2802
17401 597 -2801
17601 597 -2801
17801 596 -2801
18001 597 -2800
18201 596 -2801
18401 596 -2800
18601 597 -2800
18801 595 -2800
19001 597 -2799
19201 596 -2799
19401 596 -2799
19601 597 -2798
19801 595 -2799
20001 596 -2798
20201 596 -2798
20401 595 -2798
20601 596 -2797
20801 595 -2797
21001 596 -2797
21201 596 -2797
21401 595 -2797
21601 596 -2796
21801 595 -2796
22001 595 -2796
22201 596 -2795
22401 594 -2795
22601 596 -2794
22801 595 -2795
23001 595 -2794
23201 595 -2793
23401 593 -2794
23601 596 -2793
23801 595 -2793
24001 594 -2793
24201 595 -2792
24401 594 -2792
24601 595 -2791
24801 595 -2791
25001 594 -2791
25201 595 -2790
25401 594 2970
25601 594 2970
25801 594 2971
26001 593 2971
26201 595 2972
26401 594 2972
26601 594 2972
26801 594 2973
27001 593 2972
27201 594 2973
27401 594 2974
27601 594 2974
27801 595 2975
28001 593 2974
28201 595 2975
28401 594 2975
28601 594 2975
28801 595 2976
29001 593 2977
29201 594 2977
29401 594 2978
29601 593 2977
29801 595 2978
30001 593 2978
30201 594 2979
30401 594 2980
30601 593 2979
30801 594 2980
31001 594 2980
31201 594 2980
31401 594 2982
31601 593 2981
31801 594 2982
32001 594 2982
32201 594 2983
32401 594 2984
32601 592 2983
32801 594 2984
33001 594 2984
33201 593 2984
33401 594 2986
33601 593 2985
33801 594 2986
34001 594 2987
34201 593 2986
34401 594 2988
34601 594 2987
34801 593 2988
35001 594 2989
35201 592 2988
35401 594 2990
35601 593 2990
35801 593 2990
36001 594 2991
36201 593 2991
36401 594 2992
36601 593 2992
36801 593 2992
37001 594 2993
37201 593 2993
37401 593 2994
37601 593 2994
37801 593 2994
38001 594 2996
38201 593 2995
38401 593 2996
38601 594 2996
38801 592 2996
39001 594 2998
39201 593 2998
39401 593 2998
39601 593 2999
39801 592 2998
40001 593 2999
40201 593 3000
40401 593 3000
40601 593 3001
40801 593 3001
41001 593 3001
41201 594 3002
41401 592 3001
41601 594 3003
41801 593 3003
42001 593 3004
42201 593 -2756
42401 593 -2756
42601 593 -2754
42801 593 -2755
43001 593 -2754
43201 593 -2753
43401 592 -2754
43601 593 -2752
43801 593 -2753
44001 593 -2752
44201 593 -2751
44401 592 -2752
44601 593 -2750
44801 593 -2750
45001 592 -2750
45201 593 -2749
45401 592 -2749
45601 592 -2749
45801 593 -2748
46001 592 -2748
46201 593 -2747
46401 593 -2747
46601 593 -2746
46801 593 -2745
47001 592 -2746
47201 593 -2744
47401 592 -2744
47601 592 -2744
47801 593 -2743
48001 591 -2743
48201 593 -2742
48401 592 -2742
48601 592 -2742
48801 593 -2741
49001 592 -2741
49201 593 -2740
49401 592 -2740
49601 592 -2740
49801 593 -2739
50001 592 -2739
50201 592 -2738
50401 593 -2737
50601 591 -2738
50801 593 -2736
51001 592 -2736
51201 592 -2736
51401 593 -2735
51601 592 -2735
51801 593 -2734
52001 592 -2734
52201 592 -2734
52401 593 -2733
52601 591 -2733
52801 593 -2732
53001 592 -2732
53201 592 -2731
53401 592 -2730
53601 592 -2731
53801 592 -2730
54001 592 -2729
54201 591 -2729
54401 593 -2728
54601 592 -2728
54801 592 -2728
55001 593 -2727
55201 591 -2727
55401 592 -2726
55601 592 -2726
55801 591 -2725
56001 592 -2724
56201 591 -2725
56401 592 -2724
56601 592 -2723
56801 592 -2723
57001 593 -2722
57201 591 -2723
57401 593 -2721
57601 592 -2721
57801 592 -2721
58001 592 -2720
58201 592 -2720
58401 592 -2720
58601 592 -2718
58801 591 -2719
59001 592 -2717
59201 591 -2718
59401 591 -2717
59601 593 -2717
59801 591 -2717
60001 592 -2715
60201 592 -2715
60401 591 -2715
60601 592 -2713
60801 591 -2714
61001 591 3047
61201 591 3048
61401 591 3047
61601 592 3048
61801 591 3048
62001 592 3049
62201 592 3050
62401 591 3049
62601 592 3051
62801 591 3050
63001 592 3052
63201 592 3051
63401 590 3052
63601 592 3053
63801 591 3053
64001 591 3053
64201 592 3054
64401 591 3054
64601 592 3055
64801 592 3056
65001 591 3056
65201 592 3057
65401 591 3057
65601 592 3057
65801 592 3058
66001 590 3051
66201 592 3059
66401 592 3059
66601 592 3060
66801 592 3060
67001 591 3060
67201 592 3061
67401 591 3061
67601 592 3062
67801 592 3063
68001 591 3062
68201 592 3064
68401 592 3064
68601 591 3064
68801 592 3065
69001 591 3065
69201 593 3065
69401 591 3067
69601 591 3067
69801 592 3068
70001 591 3068
70201 591 3068
70401 592 3069
70601 590 3078
70801 592 3070
71001 592 3070
71201 591 3069
71401 591 3071
71601 591 3071
71801 592 3072
72001 591 3072
72201 591 3072
72401 591 3073
72601 590 3073
72801 592 3075
73001 591 3074
73201 591 3074
73401 591 3076
73601 590 3075
73801 591 3077
74001 591 3075
74201 591 3077
74401 591 3078
74601 591 3078
74801 591 3079
75001 591 3079
75201 590 3080
75401 592 3080
75601 591 3080
75801 589 3085
76001 591 3081
76201 591 3082
76401 591 3084
76601 591 3083
76801 591 3083
77001 591 3084
77201 590 3084
77401 592 3085
77601 591 3086
77801 590 3085
78001 592 3086
78201 590 3086
78401 591 3087
78601 591 -2672
78801 590 -2673
79001 592 -2672
79201 591 -2672
79401 591 -2670
79601 592 -2669
79801 591 -2671
80001 310 2911
80201 591 -2669
80401 591 -2668
80601 591 -2668
80801 591 -2667
81001 591 -2667
81201 591 -2666
81401 591 -2666
81601 586 -2657
81801 590 -2666
82001 590 -2664
82201 590 -2663
82401 590 -2664
82601 591 -2663
82801 590 -2663
83001 590 -2663
83201 591 -2661
83401 589 -2661
83601 591 -2661
83801 590 -2660
84001 590 -2658
84201 591 -2658
84401 589 -2659
84601 591 -2659
84801 593 -2655
85001 589 -2658
85201 591 -2657
85401 590 -2656
85601 590 -2655
85801 590 -2654
86001 582 -2659
86201 590 -2653
86401 589 -2655
86601 591 -2652
86801 589 -2654
87001 590 -2653
87201 591 -2652
87401 590 -2653
87601 591 -2651
87801 590 -2651
88001 589 -2650
88201 590 -2651
88401 590 -2648
88601 591 -2648
88801 585 -2651
89001 590 -2650
89201 589 -2649
89401 590 -2647
89601 591 -2648
89801 590 -2647
90001 591 -2646
90201 589 -2646
90401 589 -2644
90601 590 -2645
90801 589 -2642
91001 590 -2643
91201 590 -2643
91401 589 -2642
91601 589 -2643
91801 591 -2640
92001 590 -2641
92201 590 -2641
92401 588 -2641
92601 592 -2639
92801 592 -2638
93001 589 -2639
93201 590 -2636
93401 590 -2634
93601 590 -2639
93801 589 -2636
94001 589 -2628
94201 590 -2636
94401 589 -2638
94601 588 -2632
94801 589 -2635
95001 588 -2633
95201 591 -2631
95401 590 -2634
95601 593 -2633
95801 587 -2634
96001 588 -2635
96201 592 -2635
96401 588 -2630
96601 588 -2628
96801 589 -2628
97001 590 -2633
97201 590 -2630
97401 589 -2632
97601 625 -2694
97801 589 -2626
98001 589 -2624
98201 586 -2628
98401 588 -2625
98601 588 -2629
98801 588 -2627
99001 590 -2626
99201 591 -2626
99401 589 3138
99601 589 3135
99801 587 3133
