

 << Logging of terminal I/O resumes >> 

1 707 14
201 865 3108
401 822 3041
601 795 3043
801 774 3038
1001 754 3047
1201 737 3050
1401 722 3044
1601 709 3047
1801 696 3043
2001 685 3041
2201 678 3038
2401 669 3031
2601 664 3030
2801 657 3024
3001 651 3020
3201 649 3018
3401 643 3011
3601 641 3009
3801 637 3006
4001 634 3001
4201 633 3000
4401 630 2995
4601 629 2994
4801 627 2991
5001 624 2988
5201 625 2987
5401 622 2984
5601 621 2982
5801 621 2981
6001 618 2978
6201 619 2978
6401 617 2975
6601 617 2974
6801 617 2974
7001 614 2971
7201 615 2971
7401 614 2970
7601 613 2968
7801 614 2968
8001 611 2966
8201 613 -2794
8401 612 -2794
8601 611 -2796
8801 612 -2796
9001 610 -2797
9201 611 -2797
9401 611 -2798
9601 609 -2799
9801 611 -2798
10001 610 -2800
10201 609 -2800
10401 610 -2799
10601 608 -2801
10801 610 -2800
11001 608 -2801
11201 608 -2801
11401 609 -2801
11601 607 -2802
11801 609 -2801
12001 608 -2802
12201 607 -2803
12401 608 -2802
12601 607 -2803
12801 608 -2802
13001 608 -2802
13201 607 -2803
13401 608 -2802
13601 606 -2803
13801 607 -2803
14001 607 -2802
14201 606 -2803
14401 607 -2802
14601 606 -2803
14801 606 -2802
15001 607 -2802
15201 605 -2803
15401 607 -2802
15601 606 -2802
15801 606 -2802
16001 607 -2801
16201 605 -2802
16401 606 -2801
16601 606 -2801
16801 605 -2802
17001 607 -2800
17201 605 -2801
17401 606 -2801
17601 606 -2800
17801 605 -2801
18001 606 -2800
18201 605 -2800
18401 605 -2800
18601 606 -2799
18801 604 -2800
19001 606 -2799
19201 605 -2799
19401 605 -2799
19601 606 -2798
19801 604 -2798
20001 605 -2798
20201 605 -2798
20401 605 -2798
20601 606 -2796
20801 604 -2797
21001 605 -2796
21201 605 -2796
21401 604 -2796
21601 606 -2795
21801 605 -2796
22001 605 -2795
22201 605 -2794
22401 604 -2795
22601 605 -2794
22801 604 -2794
23001 605 -2794
23201 605 -2793
23401 604 -2793
23601 605 -2792
23801 604 -2792
24001 604 -2792
24201 605 -2791
24401 604 -2792
24601 605 -2791
24801 604 -2791
25001 604 -2790
25201 605 -2789
25401 604 2970
25601 604 2971
25801 604 2971
26001 603 2971
26201 605 2972
26401 604 2972
26601 604 2972
26801 605 2973
27001 603 2973
27201 605 2974
27401 604 2974
27601 604 2974
27801 604 2975
28001 603 2975
28201 604 2976
28401 604 2976
28601 604 2976
28801 604 2977
29001 603 2977
29201 604 2978
29401 604 2978
29601 603 2978
29801 604 2979
30001 604 2979
30201 604 2979
30401 604 2980
30601 603 2980
30801 604 2981
31001 604 2981
31201 603 2981
31401 604 2982
31601 603 2981
31801 604 2983
32001 604 2983
32201 603 2983
32401 604 2984
32601 602 2984
32801 604 2985
33001 603 2985
33201 603 2985
33401 604 2986
33601 603 2986
33801 603 2987
34001 603 2987
34201 602 2987
34401 604 2988
34601 603 2988
34801 603 2988
35001 604 2989
35201 602 2989
35401 604 2990
35601 603 2990
35801 602 2991
36001 603 2992
36201 602 2991
36401 603 2992
36601 603 2993
36801 602 2992
37001 603 2994
37201 602 2993
37401 603 2994
37601 603 2995
37801 602 2995
38001 603 2996
38201 603 2996
38401 603 2996
38601 603 2997
38801 602 2997
39001 603 2998
39201 602 2998
39401 603 2998
39601 603 2999
39801 602 2999
40001 603 3000
40201 603 3000
40401 602 3000
40601 603 3002
40801 602 3001
41001 603 3002
41201 603 3003
41401 602 3002
41601 603 3004
41801 602 3003
42001 603 3005
42201 603 -2755
42401 602 -2755
42601 603 -2754
42801 602 -2754
43001 603 -2754
43201 603 -2753
43401 601 -2753
43601 602 -2752
43801 603 -2752
44001 602 -2751
44201 603 -2751
44401 602 -2751
44601 603 -2750
44801 602 -2750
45001 602 -2750
45201 603 -2748
45401 602 -2749
45601 603 -2748
45801 603 -2747
46001 602 -2748
46201 603 -2746
46401 602 -2746
46601 602 -2746
46801 603 -2744
47001 602 -2745
47201 603 -2744
47401 602 -2743
47601 602 -2743
47801 602 -2743
48001 601 -2743
48201 602 -2742
48401 602 -2742
48601 602 -2741
48801 603 -2740
49001 601 -2741
49201 602 -2740
49401 602 -2739
49601 601 -2739
49801 602 -2738
50001 602 -2738
50201 602 -2737
50401 602 -2737
50601 601 -2737
50801 602 -2736
51001 602 -2736
51201 601 -2735
51401 603 -2734
51601 601 -2734
51801 602 -2733
52001 602 -2733
52201 602 -2733
52401 602 -2732
52601 601 -2733
52801 602 -2731
53001 602 -2731
53201 602 -2731
53401 603 -2730
53601 602 -2730
53801 602 -2729
54001 602 -2729
54201 601 -2728
54401 603 -2728
54601 602 -2728
54801 602 -2727
55001 602 -2726
55201 601 -2727
55401 602 -2725
55601 602 -2725
55801 601 -2725
56001 602 -2724
56201 601 -2724
56401 602 -2723
56601 602 -2722
56801 602 -2722
57001 602 -2722
57201 601 -2722
57401 602 -2720
57601 601 -2721
57801 601 -2721
58001 602 -2719
58201 601 -2720
58401 601 -2718
58601 601 -2718
58801 601 -2718
59001 602 -2717
59201 601 -2717
59401 602 -2717
59601 602 -2716
59801 601 -2716
60001 602 -2715
60201 602 -2715
60401 601 -2715
60601 602 -2713
60801 601 -2713
61001 601 3048
61201 601 3048
61401 600 3048
61601 601 3049
61801 601 3048
62001 602 3050
62201 601 3050
62401 601 3050
62601 602 3052
62801 601 3051
63001 601 3052
63201 602 3052
63401 600 3053
63601 602 3054
63801 601 3053
64001 601 3054
64201 601 3055
64401 601 3055
64601 601 3056
64801 601 3056
65001 600 3056
65201 601 3058
65401 601 3057
65601 601 3058
65801 601 3059
66001 599 3052
66201 601 3060
66401 601 3060
66601 601 3061
66801 601 3061
67001 600 3061
67201 601 3062
67401 601 3062
67601 601 3063
67801 601 3064
68001 600 3063
68201 601 3064
68401 601 3064
68601 601 3065
68801 601 3066
69001 600 3065
69201 602 3066
69401 601 3067
69601 600 3068
69801 601 3068
70001 600 3068
70201 600 3069
70401 601 3070
70601 599 3078
70801 601 3071
71001 601 3071
71201 600 3070
71401 600 3072
71601 600 3072
71801 601 3072
72001 600 3072
72201 601 3073
72401 600 3074
72601 599 3074
72801 600 3076
73001 601 3075
73201 600 3075
73401 601 3077
73601 599 3076
73801 600 3077
74001 601 3076
74201 600 3078
74401 600 3079
74601 600 3079
74801 600 3079
75001 601 3080
75201 599 3081
75401 601 3081
75601 600 3082
75801 598 3086
76001 601 3082
76201 600 3083
76401 600 3084
76601 600 3083
76801 600 3084
77001 600 3085
77201 599 3086
77401 601 3085
77601 600 3086
77801 600 3086
78001 601 3089
78201 600 3088
78401 600 3088
78601 600 -2671
78801 599 -2672
79001 600 -2671
79201 600 -2671
79401 600 -2669
79601 601 -2670
79801 598 -2669
80001 91 21
80201 601 -2667
80401 600 -2667
80601 600 -2667
80801 600 -2666
81001 600 -2666
81201 600 -2666
81401 599 -2665
81601 596 -2657
81801 599 -2665
82001 600 -2664
82201 599 -2663
82401 599 -2663
82601 599 -2662
82801 599 -2662
83001 600 -2663
83201 600 -2660
83401 598 -2661
83601 600 -2659
83801 599 -2659
84001 601 -2659
84201 601 -2656
84401 599 -2658
84601 600 -2657
84801 601 -2652
85001 599 -2658
85201 600 -2656
85401 599 -2655
85601 600 -2655
85801 599 -2657
86001 591 -2653
86201 600 -2652
86401 599 -2654
86601 600 -2653
86801 599 -2653
87001 599 -2652
87201 600 -2651
87401 598 -2651
87601 598 -2650
87801 599 -2649
88001 598 -2649
88201 599 -2649
88401 599 -2650
88601 598 -2650
88801 594 -2654
89001 599 -2649
89201 600 -2649
89401 599 -2646
89601 600 -2646
89801 598 -2645
90001 600 -2645
90201 600 -2647
90401 600 -2644
90601 599 -2645
90801 599 -2641
91001 599 -2643
91201 599 -2643
91401 597 -2642
91601 600 -2643
91801 600 -2641
92001 598 -2642
92201 599 -2640
92401 597 -2641
92601 602 -2638
92801 598 -2641
93001 599 -2639
93201 600 -2636
93401 601 -2633
93601 600 -2639
93801 599 -2634
94001 598 -2627
94201 598 -2636
94401 599 -2634
94601 599 -2633
94801 599 -2635
95001 600 -2635
95201 599 -2631
95401 599 -2633
95601 602 -2634
95801 597 -2634
96001 598 -2635
96201 599 -2627
96401 598 -2629
96601 600 -2626
96801 599 -2627
97001 600 -2630
97201 600 -2628
97401 599 -2630
97601 628 -2698
97801 599 -2625
98001 597 -2624
98201 597 -2628
98401 597 -2623
98601 599 -2627
98801 596 -2622
99001 599 -2625
99201 601 -2626
99401 598 3138
99601 598 3138
99801 597 3132
