

 << Logging of terminal I/O resumes >> 

1 707 15
201 873 3106
401 829 3040
601 803 3043
801 781 3038
1001 761 3048
1201 744 3050
1401 729 3045
1601 716 3048
1801 702 3044
2001 692 3042
2201 684 3039
2401 675 3031
2601 670 3031
2801 662 3025
3001 657 3021
3201 654 3018
3401 648 3012
3601 646 3010
3801 642 3006
4001 639 3002
4201 638 3000
4401 634 2996
4601 634 2995
4801 632 2992
5001 629 2988
5201 630 2987
5401 627 2984
5601 626 2983
5801 626 2982
6001 623 2978
6201 624 2978
6401 622 2976
6601 621 2975
6801 621 2974
7001 619 2972
7201 621 2972
7401 619 2970
7601 618 2968
7801 619 2969
8001 617 2967
8201 618 -2793
8401 617 -2794
8601 616 -2795
8801 617 -2795
9001 615 -2797
9201 616 -2797
9401 616 -2797
9601 614 -2799
9801 616 -2798
10001 614 -2799
10201 614 -2799
10401 615 -2799
10601 613 -2800
10801 615 -2799
11001 613 -2801
11201 613 -2801
11401 614 -2800
11601 612 -2802
11801 613 -2801
12001 613 -2801
12201 612 -2802
12401 613 -2801
12601 611 -2802
12801 613 -2802
13001 612 -2802
13201 611 -2802
13401 613 -2801
13601 611 -2802
13801 612 -2802
14001 612 -2802
14201 610 -2803
14401 612 -2801
14601 611 -2802
14801 611 -2802
15001 612 -2801
15201 610 -2802
15401 612 -2801
15601 611 -2802
15801 610 -2802
16001 611 -2801
16201 610 -2802
16401 611 -2801
16601 610 -2801
16801 610 -2801
17001 611 -2800
17201 610 -2801
17401 610 -2800
17601 610 -2800
17801 609 -2800
18001 611 -2799
18201 610 -2800
18401 610 -2799
18601 610 -2799
18801 609 -2799
19001 610 -2798
19201 609 -2798
19401 610 -2798
19601 610 -2797
19801 609 -2798
20001 610 -2797
20201 609 -2797
20401 609 -2797
20601 610 -2796
20801 609 -2796
21001 609 -2796
21201 609 -2795
21401 608 -2796
21601 610 -2795
21801 609 -2795
22001 609 -2795
22201 610 -2794
22401 608 -2794
22601 610 -2793
22801 609 -2794
23001 609 -2793
23201 609 -2792
23401 608 -2793
23601 610 -2791
23801 609 -2792
24001 609 -2792
24201 609 -2791
24401 608 -2791
24601 609 -2790
24801 609 -2790
25001 608 -2790
25201 609 -2789
25401 608 2971
25601 609 2971
25801 609 2972
26001 608 2972
26201 609 2973
26401 608 2973
26601 609 2973
26801 609 2974
27001 607 2973
27201 609 2974
27401 608 2974
27601 608 2975
27801 609 2976
28001 607 2975
28201 609 2976
28401 608 2976
28601 608 2976
28801 609 2977
29001 608 2978
29201 609 2978
29401 608 2979
29601 607 2978
29801 609 2980
30001 608 2979
30201 608 2980
30401 608 2981
30601 607 2980
30801 609 2982
31001 608 2981
31201 608 2981
31401 608 2983
31601 608 2982
31801 608 2983
32001 608 2983
32201 608 2984
32401 609 2985
32601 607 2984
32801 608 2985
33001 608 2985
33201 607 2986
33401 609 2987
33601 607 2986
33801 608 2987
34001 608 2988
34201 607 2988
34401 608 2989
34601 608 2989
34801 608 2989
35001 608 2990
35201 607 2990
35401 608 2991
35601 608 2991
35801 607 2991
36001 608 2992
36201 607 2992
36401 608 2993
36601 608 2993
36801 607 2993
37001 608 2994
37201 607 2994
37401 608 2995
37601 608 2995
37801 607 2995
38001 608 2997
38201 607 2996
38401 608 2997
38601 608 2998
38801 607 2997
39001 608 2999
39201 607 2999
39401 607 2999
39601 608 3000
39801 607 2999
40001 607 3001
40201 607 3001
40401 607 3001
40601 608 3002
40801 607 3002
41001 607 3002
41201 608 3003
41401 606 3003
41601 608 3004
41801 607 3004
42001 607 3005
42201 607 -2755
42401 607 -2755
42601 608 -2753
42801 607 -2754
43001 607 -2753
43201 607 -2752
43401 606 -2753
43601 608 -2752
43801 607 -2752
44001 607 -2751
44201 607 -2750
44401 606 -2750
44601 607 -2749
44801 607 -2749
45001 606 -2749
45201 608 -2747
45401 607 -2748
45601 607 -2747
45801 607 -2747
46001 606 -2747
46201 608 -2746
46401 607 -2745
46601 607 -2745
46801 608 -2744
47001 606 -2744
47201 608 -2743
47401 606 -2742
47601 607 -2743
47801 608 -2742
48001 606 -2742
48201 608 -2741
48401 607 -2741
48601 607 -2741
48801 608 -2740
49001 606 -2740
49201 607 -2739
49401 607 -2739
49601 606 -2739
49801 607 -2737
50001 606 -2738
50201 607 -2737
50401 607 -2736
50601 606 -2736
50801 607 -2735
51001 607 -2735
51201 607 -2735
51401 607 -2733
51601 606 -2734
51801 607 -2733
52001 606 -2733
52201 607 -2732
52401 607 -2731
52601 606 -2732
52801 607 -2731
53001 607 -2730
53201 606 -2730
53401 607 -2729
53601 606 -2729
53801 607 -2728
54001 607 -2728
54201 606 -2728
54401 607 -2727
54601 607 -2727
54801 607 -2727
55001 607 -2726
55201 606 -2726
55401 607 -2725
55601 607 -2724
55801 606 -2724
56001 607 -2723
56201 606 -2723
56401 607 -2722
56601 607 -2722
56801 606 -2722
57001 607 -2721
57201 605 -2721
57401 607 -2720
57601 606 -2720
57801 606 -2720
58001 607 -2718
58201 606 -2719
58401 607 -2718
58601 606 -2717
58801 605 -2717
59001 607 -2716
59201 606 -2717
59401 606 -2716
59601 606 -2715
59801 605 -2716
60001 606 -2714
60201 606 -2714
60401 606 -2713
60601 607 -2712
60801 606 -2712
61001 606 3048
61201 606 3049
61401 605 3048
61601 606 3049
61801 606 3050
62001 606 3051
62201 606 3051
62401 606 3051
62601 606 3052
62801 606 3052
63001 606 3053
63201 607 3052
63401 605 3053
63601 606 3054
63801 606 3055
64001 606 3054
64201 606 3056
64401 605 3055
64601 606 3056
64801 606 3057
65001 605 3057
65201 606 3059
65401 605 3058
65601 605 3059
65801 606 3060
66001 604 3053
66201 606 3060
66401 606 3061
66601 606 3062
66801 606 3062
67001 605 3062
67201 606 3063
67401 605 3063
67601 606 3063
67801 606 3064
68001 605 3064
68201 606 3065
68401 606 3065
68601 606 3065
68801 606 3067
69001 606 3066
69201 606 3067
69401 606 3068
69601 605 3068
69801 606 3069
70001 606 3069
70201 606 3070
70401 606 3070
70601 604 3080
70801 606 3072
71001 606 3071
71201 605 3072
71401 605 3073
71601 605 3073
71801 606 3074
72001 605 3073
72201 606 3074
72401 605 3075
72601 605 3075
72801 606 3076
73001 605 3076
73201 605 3076
73401 605 3077
73601 605 3077
73801 606 3078
74001 607 3077
74201 604 3077
74401 606 3079
74601 606 3080
74801 605 3080
75001 606 3080
75201 604 3081
75401 606 3082
75601 605 3082
75801 603 3087
76001 606 3083
76201 605 3084
76401 606 3084
76601 605 3085
76801 605 3085
77001 605 3086
77201 605 3085
77401 606 3088
77601 606 3087
77801 605 3087
78001 606 3087
78201 605 3087
78401 605 3089
78601 605 -2670
78801 604 -2672
79001 605 -2670
79201 605 -2670
79401 605 -2669
79601 606 -2668
79801 604 -2668
80001 324 2909
80201 605 -2665
80401 605 -2667
80601 605 -2666
80801 606 -2666
81001 605 -2665
81201 605 -2665
81401 604 -2664
81601 599 -2659
81801 604 -2664
82001 605 -2662
82201 604 -2663
82401 605 -2662
82601 605 -2661
82801 605 -2662
83001 606 -2661
83201 605 -2659
83401 604 -2660
83601 606 -2659
83801 605 -2659
84001 605 -2659
84201 605 -2656
84401 604 -2657
84601 606 -2658
84801 606 -2651
85001 603 -2656
85201 605 -2656
85401 605 -2654
85601 605 -2654
85801 606 -2655
86001 597 -2658
86201 605 -2652
86401 603 -2653
86601 605 -2650
86801 605 -2651
87001 604 -2651
87201 606 -2651
87401 604 -2651
87601 605 -2649
87801 606 -2649
88001 603 -2648
88201 605 -2646
88401 604 -2650
88601 604 -2646
88801 598 -2646
89001 606 -2645
89201 604 -2645
89401 605 -2646
89601 606 -2645
89801 607 -2645
90001 606 -2644
90201 607 -2645
90401 606 -2642
90601 605 -2644
90801 605 -2641
91001 605 -2641
91201 605 -2642
91401 603 -2641
91601 605 -2642
91801 606 -2638
92001 604 -2641
92201 605 -2638
92401 604 -2639
92601 605 -2640
92801 605 -2640
93001 605 -2637
93201 603 -2639
93401 607 -2631
93601 605 -2636
93801 606 -2633
94001 603 -2628
94201 604 -2634
94401 607 -2632
94601 605 -2632
94801 604 -2632
95001 605 -2632
95201 606 -2628
95401 604 -2630
95601 610 -2632
95801 603 -2632
96001 603 -2628
96201 608 -2632
96401 605 -2630
96601 604 -2626
96801 605 -2627
97001 608 -2629
97201 607 -2630
97401 605 -2624
97601 626 -2703
97801 603 -2624
98001 605 -2621
98201 603 -2627
98401 603 -2625
98601 605 -2626
98801 603 -2621
99001 606 -2625
99201 608 -2626
99401 603 3142
99601 605 3134
99801 604 3135
