

 << Logging of terminal I/O resumes >> 

1 735 14
201 903 3100
401 861 3039
601 832 3043
801 809 3039
1001 788 3049
1201 770 3052
1401 754 3048
1601 740 3051
1801 726 3046
2001 714 3045
2201 706 3042
2401 697 3034
2601 691 3033
2801 683 3028
3001 678 3023
3201 674 3021
3401 669 3014
3601 666 3013
3801 663 3008
4001 659 3004
4201 658 3003
4401 654 2998
4601 653 2997
4801 651 2994
5001 649 2990
5201 649 2989
5401 646 2986
5601 645 2985
5801 645 2983
6001 643 2980
6201 644 2980
6401 642 2977
6601 641 2976
6801 641 2976
7001 639 2973
7201 640 2973
7401 638 2971
7601 638 2970
7801 638 2970
8001 636 2968
8201 637 -2792
8401 636 -2793
8601 636 -2794
8801 636 -2794
9001 635 -2795
9201 635 -2796
9401 635 -2796
9601 634 -2797
9801 635 -2797
10001 634 -2798
10201 633 -2798
10401 634 -2798
10601 632 -2799
10801 633 -2799
11001 634 -2799
11201 631 -2800
11401 633 -2799
11601 631 -2801
11801 633 -2800
12001 632 -2800
12201 631 -2801
12401 632 -2800
12601 631 -2801
12801 632 -2801
13001 631 -2801
13201 631 -2801
13401 632 -2801
13601 630 -2801
13801 631 -2801
14001 631 -2801
14201 630 -2802
14401 631 -2801
14601 630 -2801
14801 630 -2801
15001 631 -2800
15201 629 -2801
15401 631 -2800
15601 630 -2801
15801 630 -2801
16001 631 -2800
16201 629 -2801
16401 630 -2800
16601 630 -2800
16801 629 -2800
17001 630 -2799
17201 629 -2800
17401 629 -2799
17601 629 -2799
17801 629 -2799
18001 630 -2798
18201 629 -2799
18401 629 -2798
18601 630 -2798
18801 628 -2798
19001 629 -2797
19201 629 -2797
19401 629 -2797
19601 629 -2796
19801 628 -2797
20001 629 -2796
20201 629 -2796
20401 628 -2796
20601 629 -2795
20801 628 -2796
21001 629 -2795
21201 629 -2795
21401 628 -2795
21601 629 -2794
21801 628 -2794
22001 628 -2794
22201 629 -2793
22401 628 -2794
22601 629 -2792
22801 628 -2793
23001 628 -2792
23201 629 -2791
23401 627 -2792
23601 629 -2791
23801 628 -2791
24001 628 -2791
24201 629 -2790
24401 628 -2790
24601 629 -2789
24801 628 -2789
25001 628 -2789
25201 630 -2788
25401 629 2972
25601 630 2972
25801 629 2973
26001 627 2973
26201 630 2974
26401 629 2974
26601 629 2974
26801 629 2975
27001 628 2974
27201 630 2976
27401 630 2976
27601 629 2976
27801 630 2977
28001 628 2976
28201 629 2977
28401 629 2977
28601 629 2977
28801 630 2979
29001 628 2979
29201 630 2979
29401 629 2980
29601 628 2979
29801 630 2981
30001 629 2980
30201 629 2981
30401 629 2982
30601 628 2981
30801 629 2983
31001 629 2982
31201 629 2983
31401 629 2984
31601 628 2983
31801 629 2984
32001 629 2985
32201 628 2985
32401 629 2986
32601 628 2985
32801 629 2986
33001 629 2986
33201 629 2986
33401 629 2988
33601 628 2988
33801 629 2988
34001 629 2989
34201 628 2989
34401 629 2990
34601 628 2990
34801 629 2990
35001 629 2991
35201 628 2991
35401 629 2992
35601 628 2992
35801 628 2992
36001 629 2993
36201 628 2993
36401 629 2994
36601 629 2994
36801 628 2994
37001 629 2995
37201 627 2995
37401 629 2996
37601 629 2996
37801 628 2996
38001 629 2998
38201 628 2998
38401 628 2998
38601 628 2999
38801 627 2998
39001 629 3000
39201 628 2999
39401 628 3000
39601 629 3001
39801 627 3000
40001 629 3002
40201 629 3002
40401 628 3002
40601 629 3004
40801 628 3003
41001 629 3004
41201 629 3004
41401 628 3004
41601 629 3005
41801 628 3005
42001 629 3006
42201 628 -2754
42401 628 -2754
42601 629 -2752
42801 628 -2753
43001 629 -2752
43201 628 -2751
43401 627 -2751
43601 629 -2750
43801 628 -2750
44001 628 -2750
44201 629 -2749
44401 628 -2749
44601 629 -2748
44801 628 -2748
45001 628 -2748
45201 629 -2746
45401 629 -2747
45601 628 -2746
45801 629 -2745
46001 627 -2746
46201 629 -2744
46401 628 -2744
46601 628 -2744
46801 629 -2743
47001 628 -2743
47201 629 -2742
47401 628 -2741
47601 629 -2742
47801 628 -2741
48001 627 -2741
48201 629 -2740
48401 628 -2740
48601 628 -2739
48801 629 -2738
49001 628 -2739
49201 629 -2738
49401 628 -2737
49601 628 -2738
49801 628 -2736
50001 628 -2736
50201 628 -2736
50401 628 -2735
50601 627 -2735
50801 628 -2734
51001 628 -2734
51201 629 -2733
51401 628 -2732
51601 627 -2733
51801 629 -2731
52001 628 -2732
52201 628 -2731
52401 628 -2730
52601 627 -2731
52801 630 -2730
53001 628 -2729
53201 628 -2729
53401 628 -2728
53601 628 -2728
53801 628 -2727
54001 628 -2727
54201 627 -2727
54401 628 -2725
54601 628 -2726
54801 628 -2726
55001 628 -2724
55201 627 -2725
55401 629 -2723
55601 628 -2723
55801 628 -2723
56001 628 -2721
56201 627 -2722
56401 628 -2721
56601 628 -2720
56801 628 -2720
57001 628 -2719
57201 627 -2720
57401 629 -2719
57601 628 -2718
57801 628 -2718
58001 628 -2717
58201 627 -2717
58401 628 -2716
58601 628 -2716
58801 627 -2716
59001 628 -2715
59201 628 -2715
59401 628 -2715
59601 627 -2714
59801 626 -2714
60001 628 -2713
60201 628 -2712
60401 627 -2713
60601 628 -2711
60801 627 -2711
61001 627 3049
61201 628 3050
61401 627 3050
61601 628 3051
61801 627 3051
62001 628 3052
62201 628 3052
62401 627 3052
62601 628 3054
62801 627 3053
63001 628 3054
63201 628 3054
63401 626 3054
63601 628 3056
63801 627 3056
64001 627 3056
64201 628 3057
64401 627 3057
64601 628 3058
64801 628 3059
65001 627 3058
65201 628 3060
65401 627 3060
65601 628 3060
65801 627 3061
66001 625 3054
66201 628 3062
66401 627 3062
66601 628 3063
66801 627 3063
67001 627 3063
67201 628 3064
67401 627 3064
67601 627 3065
67801 628 3066
68001 627 3065
68201 627 3067
68401 627 3066
68601 627 3067
68801 628 3068
69001 627 3068
69201 628 3069
69401 627 3069
69601 627 3069
69801 628 3071
70001 627 3071
70201 627 3071
70401 627 3072
70601 626 3081
70801 627 3072
71001 628 3073
71201 627 3073
71401 627 3073
71601 627 3074
71801 628 3075
72001 627 3075
72201 628 3076
72401 628 3077
72601 627 3077
72801 627 3078
73001 627 3078
73201 627 3077
73401 628 3079
73601 627 3079
73801 628 3079
74001 626 3078
74201 626 3080
74401 627 3081
74601 627 3081
74801 627 3081
75001 627 3081
75201 626 3082
75401 628 3083
75601 627 3084
75801 625 3088
76001 628 3084
76201 627 3085
76401 628 3085
76601 627 3085
76801 627 3086
77001 627 3087
77201 626 3088
77401 628 3088
77601 627 3088
77801 627 3088
78001 627 3090
78201 627 3090
78401 627 3090
78601 627 -2669
78801 626 -2670
79001 627 -2668
79201 627 -2668
79401 626 -2666
79601 628 -2667
79801 626 -2667
80001 418 2908
80201 627 -2663
80401 626 -2667
80601 627 -2664
80801 628 -2664
81001 627 -2665
81201 626 -2664
81401 628 -2663
81601 621 -2658
81801 626 -2663
82001 627 -2662
82201 627 -2661
82401 627 -2661
82601 627 -2660
82801 626 -2660
83001 628 -2659
83201 627 -2657
83401 626 -2659
83601 627 -2658
83801 627 -2658
84001 628 -2656
84201 627 -2655
84401 626 -2656
84601 628 -2655
84801 628 -2652
85001 626 -2655
85201 627 -2653
85401 627 -2653
85601 627 -2652
85801 626 -2651
86001 617 -2648
86201 626 -2651
86401 625 -2651
86601 627 -2649
86801 627 -2649
87001 625 -2650
87201 627 -2649
87401 625 -2649
87601 626 -2648
87801 628 -2647
88001 626 -2646
88201 627 -2645
88401 627 -2646
88601 626 -2644
88801 621 -2643
89001 628 -2644
89201 626 -2644
89401 627 -2644
89601 626 -2643
89801 628 -2643
90001 628 -2643
90201 625 -2641
90401 627 -2641
90601 628 -2642
90801 626 -2638
91001 627 -2639
91201 626 -2640
91401 625 -2641
91601 626 -2639
91801 627 -2637
92001 626 -2640
92201 626 -2636
92401 625 -2638
92601 627 -2634
92801 625 -2640
93001 626 -2636
93201 625 -2636
93401 627 -2630
93601 627 -2635
93801 627 -2632
94001 626 -2625
94201 625 -2631
94401 629 -2632
94601 625 -2631
94801 626 -2632
95001 627 -2631
95201 629 -2629
95401 625 -2628
95601 631 -2631
95801 626 -2629
96001 626 -2629
96201 629 -2631
96401 626 -2630
96601 625 -2625
96801 627 -2626
97001 627 -2627
97201 622 -2627
97401 627 -2629
97601 646 -2677
97801 625 -2622
98001 626 -2622
98201 626 -2627
98401 626 -2620
98601 626 -2622
98801 628 -2623
99001 625 -2623
99201 623 -2624
99401 625 3141
99601 628 3136
99801 624 3133
