

 << Logging of terminal I/O resumes >> 

1 729 14
201 945 3093
401 901 3036
601 873 3043
801 847 3041
1001 825 3052
1201 805 3056
1401 787 3051
1601 773 3055
1801 757 3050
2001 745 3048
2201 736 3046
2401 725 3038
2601 720 3037
2801 711 3031
3001 706 3027
3201 702 3024
3401 696 3018
3601 694 3016
3801 689 3011
4001 685 3007
4201 685 3005
4401 680 3001
4601 679 2999
4801 677 2997
5001 674 2993
5201 675 2992
5401 672 2988
5601 671 2987
5801 670 2985
6001 667 2982
6201 669 2982
6401 667 2980
6601 666 2978
6801 666 2978
7001 663 2975
7201 665 2975
7401 663 2973
7601 662 2972
7801 663 2972
8001 661 2970
8201 662 -2790
8401 661 -2791
8601 660 -2793
8801 661 -2792
9001 659 -2794
9201 660 -2794
9401 659 -2794
9601 658 -2796
9801 659 -2795
10001 658 -2796
10201 658 -2797
10401 658 -2797
10601 656 -2798
10801 658 -2797
11001 657 -2798
11201 657 -2799
11401 657 -2798
11601 656 -2799
11801 657 -2799
12001 656 -2799
12201 655 -2800
12401 657 -2799
12601 655 -2800
12801 656 -2799
13001 656 -2799
13201 655 -2800
13401 656 -2799
13601 655 -2800
13801 655 -2800
14001 655 -2799
14201 654 -2800
14401 655 -2799
14601 654 -2800
14801 655 -2800
15001 655 -2799
15201 653 -2800
15401 655 -2799
15601 654 -2799
15801 654 -2800
16001 655 -2799
16201 653 -2799
16401 654 -2799
16601 654 -2798
16801 653 -2799
17001 655 -2798
17201 653 -2799
17401 653 -2798
17601 654 -2798
17801 653 -2798
18001 654 -2797
18201 653 -2798
18401 653 -2797
18601 654 -2797
18801 652 -2797
19001 654 -2796
19201 653 -2796
19401 653 -2796
19601 654 -2795
19801 652 -2796
20001 654 -2795
20201 653 -2795
20401 652 -2795
20601 654 -2794
20801 652 -2794
21001 653 -2794
21201 653 -2794
21401 652 -2794
21601 654 -2793
21801 653 -2793
22001 653 -2793
22201 653 -2792
22401 651 -2792
22601 653 -2791
22801 652 -2792
23001 652 -2791
23201 653 -2790
23401 651 -2791
23601 653 -2789
23801 652 -2790
24001 652 -2790
24201 653 -2789
24401 651 -2789
24601 653 -2788
24801 652 -2788
25001 651 -2788
25201 653 -2787
25401 652 2973
25601 652 2973
25801 653 2974
26001 651 2974
26201 653 2975
26401 652 2975
26601 652 2975
26801 653 2976
27001 651 2975
27201 652 2977
27401 652 2977
27601 652 2977
27801 653 2978
28001 651 2977
28201 653 2979
28401 652 2978
28601 652 2978
28801 653 2980
29001 649 2980
29201 650 2980
29401 650 2981
29601 649 2980
29801 651 2982
30001 649 2981
30201 650 2982
30401 650 2983
30601 649 2982
30801 650 2984
31001 649 2984
31201 650 2984
31401 650 2985
31601 649 2984
31801 650 2985
32001 650 2986
32201 649 2986
32401 650 2987
32601 648 2986
32801 650 2987
33001 649 2987
33201 649 2987
33401 650 2989
33601 649 2989
33801 650 2989
34001 649 2990
34201 648 2990
34401 650 2991
34601 649 2991
34801 649 2991
35001 649 2992
35201 648 2992
35401 650 2993
35601 649 2993
35801 649 2993
36001 650 2994
36201 648 2994
36401 649 2995
36601 649 2995
36801 648 2995
37001 650 2997
37201 648 2996
37401 649 2997
37601 649 2997
37801 648 2997
38001 649 2999
38201 648 2999
38401 649 2999
38601 649 3000
38801 648 3000
39001 649 3001
39201 649 3001
39401 648 3001
39601 649 3002
39801 648 3002
40001 649 3003
40201 649 3003
40401 648 3003
40601 649 3004
40801 648 3004
41001 648 3005
41201 649 3005
41401 647 3005
41601 649 3006
41801 648 3006
42001 648 3007
42201 649 -2752
42401 648 -2753
42601 649 -2751
42801 648 -2751
43001 648 -2751
43201 649 -2750
43401 647 -2751
43601 649 -2749
43801 648 -2749
44001 648 -2749
44201 649 -2748
44401 647 -2748
44601 648 -2747
44801 649 -2746
45001 647 -2747
45201 649 -2745
45401 648 -2746
45601 648 -2745
45801 649 -2744
46001 647 -2745
46201 648 -2743
46401 648 -2743
46601 647 -2743
46801 649 -2742
47001 647 -2742
47201 648 -2741
47401 647 -2740
47601 648 -2741
47801 648 -2740
48001 646 -2740
48201 648 -2738
48401 648 -2739
48601 647 -2739
48801 648 -2737
49001 647 -2738
49201 648 -2737
49401 648 -2736
49601 647 -2736
49801 648 -2735
50001 647 -2735
50201 648 -2735
50401 648 -2734
50601 647 -2734
50801 648 -2733
51001 647 -2733
51201 647 -2732
51401 648 -2731
51601 647 -2732
51801 648 -2730
52001 647 -2730
52201 647 -2730
52401 648 -2729
52601 647 -2729
52801 648 -2728
53001 647 -2728
53201 647 -2728
53401 648 -2726
53601 647 -2727
53801 648 -2726
54001 648 -2725
54201 647 -2726
54401 648 -2724
54601 647 -2725
54801 647 -2724
55001 648 -2723
55201 646 -2723
55401 648 -2722
55601 647 -2722
55801 647 -2722
56001 648 -2720
56201 647 -2721
56401 647 -2720
56601 647 -2719
56801 647 -2719
57001 647 -2718
57201 646 -2718
57401 647 -2717
57601 647 -2717
57801 647 -2717
58001 647 -2716
58201 646 -2716
58401 647 -2715
58601 647 -2714
58801 646 -2715
59001 647 -2713
59201 647 -2713
59401 647 -2713
59601 647 -2713
59801 646 -2713
60001 647 -2712
60201 647 -2711
60401 647 -2711
60601 647 -2710
60801 646 -2710
61001 646 3051
61201 647 3052
61401 646 3051
61601 647 3053
61801 646 3052
62001 647 3053
62201 647 3054
62401 646 3053
62601 647 3055
62801 646 3054
63001 647 3056
63201 647 3055
63401 646 3056
63601 647 3057
63801 646 3057
64001 646 3057
64201 646 3058
64401 645 3058
64601 647 3059
64801 646 3060
65001 646 3060
65201 646 3061
65401 646 3061
65601 646 3062
65801 646 3062
66001 644 3055
66201 646 3063
66401 646 3063
66601 646 3064
66801 646 3065
67001 646 3064
67201 646 3066
67401 645 3065
67601 646 3066
67801 646 3067
68001 645 3067
68201 646 3068
68401 645 3068
68601 646 3069
68801 646 3069
69001 645 3069
69201 647 3070
69401 646 3071
69601 645 3071
69801 646 3072
70001 646 3072
70201 645 3072
70401 646 3073
70601 644 3082
70801 645 3074
71001 645 3074
71201 645 3075
71401 645 3075
71601 645 3075
71801 646 3077
72001 645 3077
72201 645 3076
72401 646 3079
72601 644 3077
72801 646 3079
73001 645 3079
73201 645 3079
73401 646 3081
73601 645 3079
73801 645 3081
74001 646 3080
74201 645 3081
74401 645 3083
74601 645 3083
74801 645 3083
75001 646 3084
75201 644 3084
75401 645 3085
75601 645 3084
75801 643 3089
76001 646 3086
76201 645 3086
76401 645 3088
76601 645 3087
76801 645 3088
77001 645 3088
77201 644 3089
77401 645 3091
77601 645 3091
77801 645 3090
78001 646 3091
78201 644 3091
78401 645 3092
78601 645 -2668
78801 644 -2668
79001 645 -2666
79201 644 -2667
79401 644 -2665
79601 645 -2665
79801 645 -2667
80001 121 2911
80201 645 -2663
80401 645 -2664
80601 645 -2663
80801 646 -2663
81001 644 -2662
81201 645 -2662
81401 645 -2661
81601 638 -2658
81801 644 -2661
82001 645 -2660
82201 644 -2659
82401 644 -2659
82601 645 -2659
82801 644 -2660
83001 644 -2659
83201 645 -2656
83401 643 -2657
83601 644 -2656
83801 644 -2656
84001 645 -2655
84201 645 -2653
84401 643 -2654
84601 645 -2652
84801 646 -2648
85001 643 -2653
85201 644 -2653
85401 645 -2651
85601 644 -2650
85801 643 -2650
86001 634 -2654
86201 644 -2648
86401 643 -2651
86601 645 -2648
86801 644 -2647
87001 643 -2648
87201 644 -2647
87401 643 -2648
87601 643 -2646
87801 645 -2645
88001 643 -2644
88201 643 -2642
88401 644 -2643
88601 645 -2643
88801 639 -2647
89001 644 -2642
89201 645 -2645
89401 645 -2641
89601 643 -2645
89801 645 -2642
90001 643 -2640
90201 644 -2641
90401 644 -2641
90601 642 -2639
90801 644 -2638
91001 644 -2640
91201 644 -2637
91401 642 -2638
91601 644 -2638
91801 644 -2636
92001 643 -2636
92201 644 -2636
92401 642 -2636
92601 645 -2637
92801 645 -2633
93001 644 -2635
93201 645 -2631
93401 639 -2628
93601 639 -2637
93801 639 -2630
94001 638 -2624
94201 638 -2630
94401 635 -2628
94601 639 -2629
94801 637 -2629
95001 637 -2629
95201 638 -2625
95401 637 -2628
95601 642 -2630
95801 637 -2629
96001 637 -2625
96201 640 -2629
96401 636 -2626
96601 641 -2624
96801 640 -2624
97001 641 -2626
97201 635 -2624
97401 638 -2624
97601 687 -2673
97801 637 -2621
98001 637 -2618
98201 635 -2621
98401 636 -2621
98601 638 -2620
98801 634 -2621
99001 635 -2622
99201 640 -2621
99401 638 3145
99601 639 3140
99801 635 3136
