

 << Logging of terminal I/O resumes >> 

1 724 15
201 832 3111
401 791 3037
601 768 3042
801 748 3033
1001 729 3044
1201 713 3046
1401 698 3040
1601 687 3044
1801 674 3039
2001 665 3037
2201 657 3035
2401 649 3027
2601 645 3027
2801 637 3021
3001 632 3017
3201 629 3015
3401 624 3008
3601 623 3007
3801 619 3003
4001 616 2999
4201 616 2998
4401 612 2993
4601 611 2992
4801 609 2989
5001 606 2986
5201 607 2985
5401 604 2982
5601 604 2981
5801 603 2979
6001 601 2976
6201 602 2976
6401 600 2974
6601 599 2973
6801 599 2972
7001 597 2970
7201 598 2970
7401 597 2968
7601 596 2967
7801 597 2967
8001 594 2965
8201 596 -2794
8401 595 -2795
8601 594 -2797
8801 595 -2796
9001 593 -2798
9201 594 -2798
9401 593 -2798
9601 592 -2800
9801 594 -2799
10001 592 -2800
10201 592 -2800
10401 593 -2800
10601 591 -2801
10801 593 -2801
11001 592 -2802
11201 591 -2802
11401 592 -2801
11601 590 -2803
11801 592 -2802
12001 591 -2802
12201 590 -2803
12401 592 -2802
12601 590 -2803
12801 591 -2802
13001 590 -2802
13201 589 -2803
13401 591 -2802
13601 589 -2803
13801 590 -2803
14001 590 -2802
14201 588 -2803
14401 590 -2802
14601 589 -2803
14801 589 -2802
15001 589 -2802
15201 588 -2803
15401 589 -2802
15601 588 -2802
15801 588 -2802
16001 589 -2801
16201 587 -2802
16401 588 -2801
16601 588 -2801
16801 587 -2802
17001 589 -2800
17201 587 -2801
17401 588 -2801
17601 588 -2800
17801 587 -2801
18001 588 -2800
18201 587 -2800
18401 588 -2800
18601 588 -2799
18801 586 -2800
19001 588 -2798
19201 587 -2799
19401 587 -2799
19601 588 -2798
19801 586 -2798
20001 587 -2797
20201 587 -2797
20401 586 -2798
20601 588 -2796
20801 587 -2797
21001 587 -2796
21201 587 -2796
21401 586 -2796
21601 588 -2795
21801 587 -2795
22001 587 -2795
22201 587 -2794
22401 586 -2794
22601 588 -2793
22801 586 -2794
23001 587 -2793
23201 587 -2792
23401 586 -2793
23601 587 -2792
23801 587 -2792
24001 586 -2792
24201 587 -2791
24401 586 -2791
24601 587 -2790
24801 587 -2790
25001 586 -2790
25201 587 -2789
25401 586 2971
25601 586 2971
25801 587 2972
26001 585 2972
26201 587 2973
26401 586 2973
26601 586 2973
26801 586 2974
27001 585 2974
27201 586 2975
27401 586 2975
27601 586 2975
27801 586 2976
28001 585 2975
28201 586 2977
28401 586 2977
28601 585 2977
28801 586 2978
29001 585 2978
29201 586 2978
29401 586 2979
29601 585 2978
29801 586 2980
30001 585 2980
30201 585 2980
30401 586 2981
30601 584 2980
30801 586 2982
31001 585 2982
31201 585 2982
31401 586 2983
31601 585 2982
31801 586 2984
32001 585 2984
32201 585 2984
32401 586 2985
32601 584 2984
32801 586 2986
33001 585 2985
33201 585 2986
33401 586 2987
33601 585 2987
33801 585 2988
34001 586 2988
34201 584 2988
34401 586 2989
34601 585 2989
34801 585 2990
35001 586 2990
35201 584 2990
35401 586 2991
35601 585 2991
35801 585 2991
36001 586 2993
36201 584 2992
36401 585 2993
36601 585 2994
36801 584 2993
37001 586 2995
37201 584 2994
37401 586 2995
37601 585 2996
37801 585 2996
38001 586 2997
38201 585 2997
38401 585 2997
38601 585 2998
38801 584 2998
39001 586 2999
39201 585 2999
39401 585 2999
39601 585 3000
39801 584 3000
40001 586 3001
40201 586 3001
40401 585 3001
40601 586 3003
40801 585 3002
41001 585 3003
41201 586 3004
41401 585 3003
41601 586 3005
41801 585 3005
42001 585 3006
42201 586 -2754
42401 583 -2754
42601 585 -2753
42801 584 -2753
43001 585 -2752
43201 585 -2752
43401 583 -2752
43601 585 -2751
43801 585 -2751
44001 585 -2750
44201 586 -2749
44401 584 -2750
44601 585 -2749
44801 585 -2748
45001 584 -2748
45201 585 -2747
45401 584 -2747
45601 585 -2747
45801 585 -2746
46001 584 -2746
46201 585 -2745
46401 585 -2745
46601 584 -2744
46801 585 -2743
47001 584 -2744
47201 585 -2742
47401 584 -2742
47601 585 -2742
47801 585 -2741
48001 584 -2741
48201 585 -2740
48401 584 -2740
48601 584 -2740
48801 585 -2739
49001 584 -2739
49201 585 -2738
49401 584 -2738
49601 584 -2738
49801 585 -2736
50001 584 -2737
50201 584 -2736
50401 585 -2735
50601 583 -2736
50801 585 -2734
51001 584 -2734
51201 584 -2734
51401 585 -2733
51601 583 -2733
51801 585 -2732
52001 584 -2732
52201 584 -2731
52401 584 -2730
52601 583 -2731
52801 585 -2730
53001 584 -2729
53201 584 -2729
53401 584 -2728
53601 583 -2728
53801 584 -2728
54001 584 -2727
54201 583 -2727
54401 584 -2726
54601 584 -2726
54801 584 -2726
55001 585 -2724
55201 583 -2725
55401 584 -2724
55601 584 -2724
55801 583 -2723
56001 585 -2722
56201 583 -2722
56401 584 -2721
56601 584 -2721
56801 584 -2721
57001 584 -2720
57201 583 -2720
57401 584 -2719
57601 584 -2719
57801 584 -2719
58001 585 -2718
58201 584 -2718
58401 585 -2717
58601 585 -2716
58801 583 -2717
59001 585 -2715
59201 584 -2715
59401 584 -2715
59601 585 -2714
59801 584 -2714
60001 585 -2713
60201 584 -2712
60401 584 -2713
60601 585 -2711
60801 584 -2711
61001 584 3049
61201 584 3050
61401 583 3049
61601 584 3051
61801 583 3051
62001 585 3052
62201 584 3052
62401 583 3052
62601 585 3053
62801 584 3053
63001 584 3054
63201 585 3053
63401 583 3054
63601 585 3056
63801 584 3056
64001 584 3056
64201 585 3057
64401 583 3056
64601 584 3058
64801 584 3058
65001 583 3058
65201 585 3059
65401 584 3060
65601 584 3060
65801 584 3061
66001 581 3054
66201 584 3061
66401 584 3061
66601 584 3063
66801 584 3063
67001 583 3063
67201 584 3064
67401 583 3063
67601 583 3064
67801 583 3066
68001 582 3065
68201 584 3066
68401 583 3066
68601 583 3067
68801 584 3068
69001 583 3067
69201 584 3069
69401 583 3069
69601 582 3069
69801 584 3070
70001 583 3070
70201 583 3070
70401 583 3072
70601 582 3080
70801 583 3072
71001 584 3072
71201 583 3073
71401 583 3073
71601 583 3073
71801 584 3075
72001 583 3075
72201 583 3076
72401 583 3077
72601 582 3076
72801 583 3077
73001 583 3077
73201 583 3077
73401 584 3078
73601 582 3078
73801 583 3079
74001 583 3077
74201 583 3080
74401 583 3081
74601 582 3081
74801 583 3081
75001 583 3082
75201 582 3082
75401 584 3083
75601 583 3083
75801 581 3088
76001 583 3085
76201 582 3084
76401 583 3086
76601 583 3086
76801 583 3086
77001 583 3087
77201 582 3086
77401 582 3087
77601 583 3089
77801 582 3088
78001 584 3088
78201 582 3090
78401 583 3090
78601 582 -2669
78801 581 -2670
79001 583 -2669
79201 582 -2668
79401 582 -2667
79601 582 -2667
79801 581 -2668
80001 22 2896
80201 583 -2664
80401 582 -2665
80601 583 -2665
80801 583 -2665
81001 583 -2664
81201 582 -2664
81401 583 -2664
81601 577 -2662
81801 582 -2663
82001 583 -2662
82201 582 -2661
82401 582 -2662
82601 582 -2660
82801 582 -2661
83001 582 -2660
83201 583 -2657
83401 581 -2659
83601 583 -2659
83801 582 -2659
84001 582 -2659
84201 584 -2654
84401 581 -2656
84601 583 -2656
84801 584 -2650
85001 582 -2656
85201 583 -2655
85401 583 -2653
85601 583 -2653
85801 581 -2652
86001 576 -2661
86201 583 -2650
86401 582 -2652
86601 583 -2649
86801 582 -2649
87001 582 -2651
87201 583 -2649
87401 582 -2650
87601 581 -2648
87801 582 -2648
88001 581 -2648
88201 582 -2646
88401 582 -2646
88601 581 -2645
88801 577 -2652
89001 583 -2645
89201 582 -2643
89401 582 -2645
89601 582 -2644
89801 584 -2645
90001 583 -2643
90201 581 -2643
90401 582 -2642
90601 581 -2643
90801 583 -2640
91001 582 -2640
91201 582 -2639
91401 580 -2640
91601 582 -2641
91801 584 -2638
92001 582 -2640
92201 582 -2637
92401 581 -2637
92601 584 -2637
92801 584 -2636
93001 582 -2637
93201 582 -2636
93401 583 -2630
93601 582 -2635
93801 583 -2634
94001 581 -2625
94201 581 -2633
94401 582 -2628
94601 582 -2632
94801 580 -2631
95001 582 -2632
95201 583 -2628
95401 581 -2628
95601 585 -2633
95801 580 -2631
96001 580 -2627
96201 583 -2631
96401 581 -2630
96601 582 -2627
96801 583 -2626
97001 583 -2628
97201 580 -2628
97401 582 -2629
97601 603 -2705
97801 583 -2625
98001 582 -2620
98201 582 -2626
98401 580 -2621
98601 581 -2620
98801 579 -2621
99001 581 -2623
99201 583 -2623
99401 582 3138
99601 582 3135
99801 578 3134
