

 << Logging of terminal I/O resumes >> 

1 6005 2849
201 844 3052
401 813 3024
601 790 3019
801 770 3030
1001 751 3035
1201 736 3038
1401 720 3040
1601 708 3039
1801 696 3039
2001 685 3037
2201 677 3033
2401 668 3029
2601 663 3025
2801 656 3022
3001 651 3018
3201 648 3014
3401 642 3010
3601 640 3007
3801 637 3004
4001 634 3001
4201 633 2997
4401 630 2995
4601 628 2992
4801 626 2990
5001 624 2987
5201 624 2985
5401 622 2983
5601 621 2981
5801 620 2979
6001 618 2978
6201 619 2976
6401 617 2975
6601 617 2974
6801 617 2972
7001 615 2971
7201 615 2970
7401 614 2969
7601 613 2968
7801 613 2966
8001 613 2966
8201 613 -2795
8401 612 -2795
8601 611 -2797
8801 612 -2797
9001 611 -2798
9201 611 -2798
9401 611 -2799
9601 609 -2800
9801 610 -2800
10001 610 -2800
10201 609 -2801
10401 609 -2801
10601 608 -2802
10801 609 -2802
11001 608 -2802
11201 608 -2802
11401 609 -2803
11601 607 -2803
11801 608 -2803
12001 608 -2803
12201 607 -2803
12401 608 -2803
12601 607 -2804
12801 607 -2804
13001 607 -2804
13201 606 -2804
13401 607 -2804
13601 607 -2804
13801 606 -2804
14001 606 -2804
14201 606 -2804
14401 607 -2804
14601 606 -2804
14801 606 -2804
15001 606 -2804
15201 605 -2804
15401 606 -2804
15601 606 -2804
15801 605 -2804
16001 606 -2804
16201 606 -2804
16401 606 -2803
16601 605 -2803
16801 605 -2803
17001 606 -2803
17201 605 -2803
17401 605 -2802
17601 605 -2802
17801 604 -2802
18001 605 -2802
18201 605 -2802
18401 605 -2802
18601 605 -2802
18801 604 -2801
19001 605 -2801
19201 604 -2801
19401 604 -2801
19601 605 -2800
19801 604 -2800
20001 604 -2800
20201 604 -2800
20401 604 -2800
20601 604 -2799
20801 604 -2799
21001 604 -2799
21201 604 -2798
21401 603 -2798
21601 604 -2798
21801 603 -2798
22001 604 -2797
22201 604 -2797
22401 603 -2797
22601 604 -2796
22801 603 -2796
23001 603 -2796
23201 604 -2796
23401 603 -2795
23601 603 -2795
23801 603 -2795
24001 603 -2794
24201 604 -2794
24401 603 -2794
24601 603 -2794
24801 603 -2793
25001 603 -2793
25201 603 -2792
25401 603 2968
25601 603 2968
25801 603 2969
26001 603 2969
26201 603 2969
26401 602 2970
26601 603 2970
26801 603 2970
27001 602 2971
27201 603 2971
27401 603 2972
27601 602 2972
27801 603 2972
28001 602 2972
28201 603 2973
28401 602 2973
28601 602 2973
28801 603 2974
29001 602 2975
29201 602 2975
29401 602 2975
29601 602 2975
29801 602 2976
30001 602 2976
30201 603 2976
30401 602 2977
30601 602 2977
30801 603 2978
31001 602 2978
31201 602 2978
31401 602 2979
31601 602 2979
31801 602 2979
32001 602 2980
32201 602 2980
32401 602 2981
32601 601 2981
32801 602 2981
33001 602 2981
33201 601 2982
33401 602 2983
33601 602 2983
33801 602 2984
34001 602 2984
34201 601 2984
34401 602 2985
34601 602 2985
34801 601 2985
35001 602 2986
35201 601 2986
35401 602 2987
35601 601 2987
35801 601 2988
36001 602 2988
36201 601 2988
36401 601 2989
36601 602 2989
36801 601 2990
37001 602 2990
37201 601 2990
37401 602 2991
37601 601 2991
37801 601 2992
38001 602 2993
38201 601 2993
38401 601 2993
38601 601 2993
38801 601 2994
39001 601 2994
39201 601 2995
39401 601 2995
39601 601 2995
39801 601 2996
40001 601 2996
40201 601 2997
40401 601 2997
40601 601 2998
40801 601 2998
41001 601 2998
41201 601 2999
41401 601 2999
41601 601 3000
41801 601 3000
42001 601 3001
42201 601 -2759
42401 601 -2758
42601 602 -2758
42801 601 -2758
43001 601 -2757
43201 601 -2757
43401 600 -2757
43601 601 -2756
43801 601 -2756
44001 601 -2755
44201 601 -2755
44401 600 -2754
44601 601 -2754
44801 601 -2753
45001 600 -2753
45201 601 -2752
45401 601 -2752
45601 600 -2752
45801 600 -2751
46001 600 -2751
46201 601 -2750
46401 601 -2750
46601 600 -2749
46801 601 -2749
47001 600 -2748
47201 601 -2748
47401 600 -2747
47601 600 -2747
47801 601 -2747
48001 600 -2746
48201 601 -2746
48401 600 -2746
48601 600 -2745
48801 601 -2744
49001 600 -2744
49201 600 -2743
49401 600 -2743
49601 600 -2743
49801 600 -2742
50001 600 -2742
50201 600 -2741
50401 600 -2741
50601 600 -2741
50801 600 -2740
51001 600 -2740
51201 600 -2739
51401 600 -2739
51601 600 -2738
51801 600 -2737
52001 600 -2737
52201 600 -2737
52401 600 -2736
52601 600 -2736
52801 600 -2736
53001 600 -2735
53201 600 -2735
53401 600 -2734
53601 599 -2734
53801 600 -2734
54001 600 -2733
54201 599 -2732
54401 600 -2732
54601 600 -2731
54801 600 -2731
55001 600 -2731
55201 599 -2730
55401 600 -2729
55601 600 -2729
55801 599 -2729
56001 600 -2728
56201 599 -2728
56401 599 -2727
56601 600 -2727
56801 600 -2726
57001 600 -2726
57201 599 -2726
57401 600 -2725
57601 600 -2725
57801 599 -2724
58001 600 -2724
58201 599 -2723
58401 600 -2723
58601 600 -2722
58801 599 -2722
59001 600 -2721
59201 599 -2721
59401 599 -2721
59601 600 -2720
59801 599 -2720
60001 600 -2719
60201 600 -2719
60401 599 -2718
60601 599 -2717
60801 599 -2717
61001 599 3043
61201 599 3044
61401 598 3044
61601 599 3045
61801 599 3045
62001 599 3045
62201 599 3046
62401 599 3046
62601 600 3047
62801 599 3048
63001 599 3048
63201 599 3047
63401 598 3048
63601 599 3049
63801 598 3050
64001 598 3050
64201 599 3050
64401 599 3051
64601 599 3051
64801 599 3051
65001 598 3053
65201 599 3053
65401 598 3053
65601 599 3054
65801 598 3054
66001 597 3047
66201 599 3055
66401 599 3055
66601 599 3056
66801 599 3057
67001 599 3057
67201 599 3058
67401 598 3057
67601 599 3058
67801 598 3059
68001 598 3059
68201 599 3060
68401 598 3060
68601 599 3060
68801 599 3061
69001 598 3062
69201 599 3062
69401 598 3063
69601 598 3063
69801 599 3064
70001 598 3064
70201 598 3064
70401 599 3065
70601 596 3074
70801 599 3066
71001 599 3066
71201 598 3066
71401 598 3067
71601 598 3068
71801 598 3068
72001 598 3068
72201 598 3069
72401 599 3069
72601 598 3070
72801 598 3071
73001 598 3070
73201 598 3071
73401 598 3072
73601 598 3072
73801 598 3072
74001 599 3070
74201 597 3072
74401 598 3074
74601 597 3075
74801 597 3075
75001 598 3075
75201 597 3076
75401 598 3077
75601 597 3078
75801 596 3082
76001 598 3078
76201 597 3078
76401 598 3078
76601 597 3079
76801 598 3080
77001 598 3080
77201 597 3080
77401 597 3082
77601 597 3082
77801 598 3082
78001 597 3082
78201 597 3082
78401 598 3083
78601 597 -2676
78801 597 -2676
79001 598 -2676
79201 598 -2675
79401 597 -2674
79601 597 -2675
79801 597 -2674
80001 218 2913
80201 597 -2670
80401 597 -2672
80601 598 -2672
80801 597 -2672
81001 597 -2670
81201 597 -2671
81401 597 -2669
81601 591 -2668
81801 597 -2669
82001 597 -2668
82201 597 -2667
82401 596 -2667
82601 597 -2667
82801 597 -2667
83001 596 -2667
83201 597 -2664
83401 596 -2665
83601 597 -2665
83801 597 -2664
84001 597 -2666
84201 597 -2662
84401 597 -2664
84601 598 -2663
84801 598 -2658
85001 596 -2662
85201 597 -2662
85401 596 -2660
85601 597 -2660
85801 597 -2658
86001 589 -2667
86201 596 -2660
86401 596 -2658
86601 597 -2658
86801 596 -2658
87001 596 -2656
87201 597 -2656
87401 595 -2656
87601 596 -2657
87801 597 -2654
88001 596 -2654
88201 596 -2654
88401 596 -2655
88601 597 -2654
88801 592 -2657
89001 596 -2654
89201 595 -2652
89401 596 -2651
89601 595 -2653
89801 597 -2651
90001 596 -2649
90201 598 -2650
90401 597 -2649
90601 598 -2651
90801 596 -2646
91001 597 -2646
91201 597 -2648
91401 594 -2647
91601 596 -2647
91801 596 -2645
92001 596 -2647
92201 597 -2643
92401 596 -2644
92601 597 -2642
92801 595 -2645
93001 596 -2643
93201 595 -2643
93401 597 -2637
93601 596 -2643
93801 597 -2640
94001 595 -2632
94201 596 -2639
94401 596 -2641
94601 596 -2638
94801 595 -2639
95001 597 -2638
95201 597 -2636
95401 595 -2637
95601 600 -2639
95801 594 -2636
96001 595 -2638
96201 598 -2640
96401 595 -2637
96601 596 -2632
96801 596 -2632
97001 597 -2635
97201 594 -2636
97401 596 -2635
97601 645 -2683
97801 596 -2630
98001 593 -2635
98201 597 -2633
98401 593 -2627
98601 594 -2631
98801 592 -2626
99001 597 -2629
99201 596 -2630
99401 593 3135
99601 598 3131
99801 592 3129
