

 << Logging of terminal I/O resumes >> 

1 440 10
201 850 3061
401 819 3026
601 793 3027
801 775 3031
1001 755 3037
1201 739 3041
1401 723 3041
1601 711 3041
1801 698 3039
2001 688 3037
2201 679 3033
2401 671 3029
2601 664 3025
2801 658 3022
3001 653 3018
3201 649 3014
3401 644 3010
3601 641 3006
3801 638 3003
4001 635 3000
4201 634 2997
4401 630 2994
4601 629 2992
4801 627 2989
5001 626 2987
5201 625 2985
5401 623 2983
5601 622 2981
5801 621 2979
6001 619 2977
6201 620 2976
6401 618 2974
6601 618 2973
6801 617 2972
7001 616 2970
7201 616 2969
7401 615 2968
7601 614 2967
7801 615 2966
8001 613 2965
8201 613 -2795
8401 612 -2796
8601 612 -2797
8801 612 -2798
9001 611 -2798
9201 611 -2799
9401 611 -2799
9601 610 -2800
9801 611 -2800
10001 610 -2801
10201 610 -2801
10401 610 -2801
10601 609 -2802
10801 609 -2802
11001 609 -2802
11201 608 -2803
11401 609 -2803
11601 608 -2803
11801 608 -2804
12001 608 -2804
12201 607 -2804
12401 608 -2804
12601 607 -2804
12801 607 -2804
13001 607 -2804
13201 607 -2804
13401 607 -2804
13601 607 -2804
13801 606 -2804
14001 607 -2804
14201 606 -2804
14401 607 -2804
14601 606 -2804
14801 606 -2804
15001 606 -2804
15201 605 -2804
15401 606 -2804
15601 606 -2804
15801 605 -2804
16001 606 -2804
16201 605 -2804
16401 606 -2803
16601 605 -2803
16801 605 -2803
17001 606 -2803
17201 605 -2803
17401 605 -2803
17601 605 -2802
17801 604 -2802
18001 605 -2802
18201 604 -2802
18401 604 -2802
18601 605 -2801
18801 604 -2801
19001 605 -2801
19201 604 -2801
19401 604 -2801
19601 605 -2800
19801 604 -2800
20001 604 -2800
20201 604 -2800
20401 603 -2800
20601 605 -2799
20801 604 -2799
21001 604 -2799
21201 604 -2798
21401 603 -2798
21601 604 -2798
21801 604 -2798
22001 603 -2797
22201 604 -2797
22401 603 -2797
22601 604 -2796
22801 603 -2796
23001 604 -2796
23201 604 -2795
23401 603 -2795
23601 604 -2795
23801 604 -2794
24001 603 -2794
24201 604 -2794
24401 603 -2794
24601 603 -2793
24801 603 -2793
25001 602 -2793
25201 603 -2792
25401 603 2968
25601 603 2968
25801 603 2969
26001 602 2969
26201 603 2969
26401 603 2970
26601 602 2970
26801 603 2970
27001 602 2971
27201 603 2971
27401 602 2972
27601 603 2972
27801 603 2972
28001 602 2972
28201 603 2973
28401 603 2973
28601 602 2973
28801 603 2974
29001 602 2975
29201 603 2975
29401 602 2975
29601 602 2975
29801 603 2976
30001 602 2976
30201 602 2977
30401 603 2977
30601 602 2977
30801 603 2978
31001 602 2978
31201 602 2978
31401 602 2979
31601 602 2979
31801 602 2980
32001 602 2980
32201 602 2981
32401 602 2981
32601 602 2981
32801 602 2982
33001 602 2982
33201 601 2982
33401 602 2983
33601 601 2983
33801 602 2984
34001 602 2984
34201 601 2984
34401 602 2985
34601 602 2985
34801 602 2986
35001 602 2986
35201 601 2986
35401 602 2987
35601 601 2987
35801 601 2988
36001 602 2988
36201 601 2989
36401 601 2989
36601 601 2990
36801 601 2990
37001 602 2990
37201 601 2991
37401 601 2991
37601 601 2991
37801 601 2992
38001 602 2993
38201 601 2993
38401 601 2993
38601 601 2994
38801 601 2994
39001 602 2995
39201 601 2995
39401 601 2995
39601 602 2996
39801 600 2996
40001 601 2997
40201 601 2997
40401 601 2997
40601 601 2998
40801 601 2998
41001 601 2999
41201 601 2999
41401 600 2999
41601 601 3000
41801 601 3000
42001 601 3001
42201 601 -2759
42401 600 -2758
42601 601 -2758
42801 601 -2757
43001 600 -2757
43201 601 -2756
43401 600 -2756
43601 601 -2756
43801 601 -2755
44001 601 -2755
44201 601 -2754
44401 600 -2754
44601 601 -2753
44801 601 -2753
45001 600 -2753
45201 601 -2752
45401 600 -2752
45601 601 -2751
45801 601 -2750
46001 600 -2751
46201 601 -2750
46401 600 -2749
46601 600 -2749
46801 601 -2748
47001 600 -2748
47201 601 -2747
47401 600 -2746
47601 601 -2747
47801 600 -2746
48001 600 -2746
48201 601 -2745
48401 600 -2745
48601 600 -2745
48801 601 -2744
49001 600 -2744
49201 600 -2743
49401 600 -2743
49601 600 -2742
49801 601 -2742
50001 600 -2742
50201 600 -2741
50401 600 -2741
50601 599 -2741
50801 600 -2739
51001 600 -2739
51201 599 -2739
51401 601 -2738
51601 600 -2738
51801 601 -2737
52001 599 -2737
52201 600 -2736
52401 600 -2736
52601 599 -2736
52801 600 -2735
53001 600 -2735
53201 599 -2734
53401 600 -2734
53601 599 -2734
53801 600 -2733
54001 600 -2733
54201 599 -2732
54401 600 -2731
54601 600 -2731
54801 600 -2731
55001 600 -2730
55201 599 -2730
55401 600 -2729
55601 600 -2729
55801 599 -2728
56001 600 -2727
56201 599 -2727
56401 599 -2727
56601 600 -2727
56801 599 -2726
57001 600 -2726
57201 598 -2725
57401 599 -2724
57601 599 -2724
57801 599 -2724
58001 600 -2723
58201 599 -2723
58401 599 -2722
58601 599 -2722
58801 599 -2722
59001 600 -2721
59201 599 -2721
59401 599 -2720
59601 599 -2720
59801 598 -2720
60001 599 -2719
60201 599 -2718
60401 599 -2718
60601 599 -2717
60801 599 -2717
61001 598 3043
61201 599 3045
61401 598 3045
61601 599 3045
61801 598 3045
62001 599 3046
62201 599 3046
62401 599 3047
62601 599 3048
62801 599 3048
63001 598 3048
63201 599 3047
63401 598 3049
63601 599 3049
63801 598 3050
64001 598 3050
64201 599 3051
64401 598 3051
64601 598 3051
64801 598 3052
65001 597 3052
65201 599 3054
65401 598 3053
65601 598 3054
65801 598 3055
66001 596 3048
66201 599 3056
66401 598 3056
66601 599 3056
66801 598 3057
67001 598 3057
67201 599 3059
67401 598 3058
67601 598 3059
67801 598 3060
68001 597 3059
68201 598 3061
68401 598 3061
68601 598 3061
68801 598 3062
69001 597 3062
69201 598 3062
69401 598 3064
69601 597 3064
69801 599 3065
70001 597 3064
70201 598 3064
70401 598 3066
70601 597 3074
70801 598 3067
71001 598 3066
71201 597 3067
71401 598 3068
71601 597 3067
71801 599 3069
72001 597 3069
72201 598 3069
72401 598 3070
72601 597 3070
72801 598 3072
73001 597 3071
73201 597 3071
73401 598 3072
73601 597 3072
73801 597 3073
74001 597 3071
74201 597 3074
74401 597 3075
74601 597 3076
74801 596 3075
75001 597 3075
75201 596 3077
75401 598 3077
75601 597 3077
75801 595 3081
76001 597 3078
76201 597 3078
76401 597 3079
76601 597 3080
76801 597 3080
77001 597 3081
77201 597 3080
77401 597 3082
77601 596 3082
77801 597 3082
78001 597 3083
78201 597 3082
78401 597 3084
78601 596 -2677
78801 596 -2676
79001 597 -2675
79201 596 -2675
79401 596 -2674
79601 596 -2674
79801 595 -2674
80001 451 2909
80201 597 -2671
80401 596 -2673
80601 597 -2672
80801 596 -2672
81001 596 -2670
81201 596 -2670
81401 596 -2669
81601 590 -2667
81801 596 -2669
82001 597 -2668
82201 596 -2667
82401 596 -2667
82601 596 -2666
82801 596 -2667
83001 596 -2666
83201 597 -2665
83401 595 -2665
83601 596 -2664
83801 596 -2664
84001 596 -2665
84201 596 -2662
84401 596 -2662
84601 597 -2663
84801 596 -2657
85001 595 -2661
85201 597 -2661
85401 596 -2663
85601 597 -2661
85801 596 -2658
86001 588 -2661
86201 597 -2658
86401 595 -2657
86601 596 -2657
86801 595 -2657
87001 595 -2657
87201 596 -2655
87401 595 -2656
87601 595 -2657
87801 596 -2653
88001 595 -2653
88201 595 -2653
88401 596 -2652
88601 594 -2654
88801 591 -2646
89001 596 -2654
89201 595 -2649
89401 596 -2651
89601 596 -2649
89801 595 -2650
90001 596 -2650
90201 597 -2650
90401 596 -2649
90601 596 -2648
90801 596 -2646
91001 597 -2646
91201 595 -2647
91401 594 -2647
91601 595 -2646
91801 597 -2643
92001 596 -2645
92201 595 -2642
92401 594 -2642
92601 596 -2640
92801 595 -2645
93001 596 -2643
93201 595 -2643
93401 597 -2637
93601 595 -2642
93801 596 -2641
94001 594 -2634
94201 596 -2639
94401 592 -2637
94601 596 -2638
94801 594 -2638
95001 595 -2637
95201 596 -2634
95401 594 -2635
95601 595 -2640
95801 593 -2638
96001 594 -2635
96201 597 -2637
96401 596 -2634
96601 596 -2632
96801 596 -2632
97001 595 -2636
97201 592 -2634
97401 593 -2633
97601 631 -2694
97801 595 -2627
98001 594 -2629
98201 593 -2633
98401 593 -2627
98601 594 -2631
98801 592 -2626
99001 595 -2629
99201 596 -2630
99401 593 3135
99601 596 3131
99801 592 3129
