

 << Logging of terminal I/O resumes >> 

1 513 12
201 852 3071
401 818 3029
601 791 3032
801 772 3033
1001 753 3040
1201 737 3043
1401 721 3042
1601 708 3042
1801 695 3040
2001 684 3038
2201 676 3034
2401 668 3029
2601 662 3026
2801 656 3022
3001 651 3018
3201 648 3015
3401 642 3010
3601 640 3007
3801 636 3004
4001 634 3000
4201 632 2998
4401 629 2995
4601 628 2992
4801 626 2990
5001 624 2987
5201 624 2985
5401 621 2983
5601 620 2981
5801 619 2979
6001 617 2977
6201 617 2976
6401 616 2974
6601 615 2973
6801 616 2972
7001 614 2970
7201 614 2969
7401 614 2968
7601 612 2967
7801 613 2966
8001 611 2965
8201 612 -2795
8401 611 -2796
8601 610 -2797
8801 611 -2797
9001 610 -2798
9201 610 -2799
9401 610 -2799
9601 608 -2800
9801 610 -2800
10001 608 -2801
10201 608 -2801
10401 608 -2801
10601 607 -2802
10801 608 -2802
11001 607 -2802
11201 607 -2803
11401 608 -2803
11601 606 -2803
11801 607 -2803
12001 606 -2804
12201 605 -2804
12401 606 -2804
12601 606 -2804
12801 606 -2804
13001 605 -2804
13201 605 -2804
13401 606 -2804
13601 605 -2804
13801 605 -2804
14001 605 -2804
14201 604 -2804
14401 606 -2804
14601 604 -2804
14801 605 -2804
15001 605 -2804
15201 604 -2804
15401 604 -2804
15601 604 -2804
15801 604 -2804
16001 605 -2803
16201 603 -2804
16401 604 -2803
16601 604 -2803
16801 603 -2803
17001 604 -2803
17201 603 -2803
17401 603 -2802
17601 604 -2802
17801 603 -2802
18001 604 -2802
18201 603 -2802
18401 603 -2802
18601 603 -2801
18801 602 -2801
19001 603 -2801
19201 603 -2801
19401 602 -2801
19601 603 -2800
19801 602 -2800
20001 603 -2800
20201 602 -2800
20401 602 -2800
20601 603 -2799
20801 602 -2799
21001 602 -2799
21201 602 -2798
21401 601 -2798
21601 603 -2797
21801 602 -2797
22001 602 -2797
22201 603 -2797
22401 601 -2797
22601 603 -2796
22801 602 -2796
23001 602 -2796
23201 602 -2795
23401 601 -2795
23601 602 -2794
23801 602 -2794
24001 601 -2794
24201 602 -2794
24401 601 -2794
24601 602 -2793
24801 602 -2793
25001 601 -2793
25201 602 -2792
25401 601 2968
25601 601 2969
25801 601 2969
26001 600 2969
26201 602 2970
26401 601 2970
26601 600 2970
26801 601 2971
27001 600 2971
27201 602 2971
27401 601 2972
27601 601 2972
27801 601 2973
28001 600 2973
28201 601 2973
28401 601 2974
28601 600 2973
28801 602 2974
29001 600 2975
29201 601 2975
29401 601 2976
29601 600 2976
29801 601 2976
30001 601 2976
30201 601 2977
30401 601 2978
30601 600 2977
30801 601 2978
31001 600 2978
31201 600 2979
31401 600 2979
31601 600 2979
31801 600 2980
32001 600 2980
32201 600 2981
32401 601 2981
32601 600 2981
32801 601 2982
33001 600 2982
33201 600 2982
33401 601 2984
33601 600 2984
33801 600 2984
34001 600 2984
34201 599 2985
34401 601 2985
34601 600 2986
34801 600 2986
35001 600 2986
35201 599 2987
35401 601 2987
35601 600 2988
35801 599 2988
36001 600 2989
36201 600 2989
36401 600 2989
36601 600 2990
36801 599 2990
37001 601 2991
37201 599 2991
37401 600 2991
37601 600 2992
37801 599 2992
38001 600 2993
38201 599 2993
38401 599 2993
38601 600 2994
38801 599 2994
39001 600 2995
39201 600 2995
39401 600 2996
39601 600 2996
39801 599 2996
40001 600 2997
40201 600 2997
40401 599 2998
40601 600 2998
40801 599 2999
41001 599 2999
41201 599 3000
41401 598 3000
41601 600 3000
41801 599 3001
42001 599 3001
42201 599 -2758
42401 598 -2758
42601 600 -2757
42801 599 -2757
43001 599 -2757
43201 599 -2756
43401 598 -2756
43601 600 -2755
43801 599 -2755
44001 599 -2754
44201 600 -2754
44401 599 -2754
44601 599 -2753
44801 599 -2753
45001 598 -2752
45201 600 -2751
45401 599 -2752
45601 600 -2751
45801 599 -2751
46001 599 -2751
46201 600 -2749
46401 599 -2749
46601 598 -2749
46801 599 -2748
47001 598 -2748
47201 600 -2747
47401 598 -2746
47601 599 -2747
47801 599 -2746
48001 598 -2746
48201 599 -2745
48401 598 -2745
48601 599 -2744
48801 599 -2744
49001 598 -2743
49201 598 -2743
49401 598 -2742
49601 598 -2742
49801 599 -2741
50001 598 -2741
50201 598 -2741
50401 599 -2740
50601 597 -2740
50801 598 -2739
51001 598 -2739
51201 598 -2738
51401 599 -2738
51601 598 -2738
51801 599 -2737
52001 598 -2737
52201 598 -2736
52401 599 -2736
52601 597 -2736
52801 598 -2735
53001 598 -2734
53201 597 -2734
53401 599 -2733
53601 597 -2733
53801 598 -2732
54001 598 -2732
54201 597 -2732
54401 599 -2731
54601 598 -2731
54801 598 -2730
55001 598 -2730
55201 597 -2730
55401 598 -2729
55601 598 -2728
55801 597 -2728
56001 598 -2727
56201 597 -2727
56401 597 -2727
56601 598 -2726
56801 597 -2726
57001 597 -2725
57201 597 -2725
57401 598 -2724
57601 597 -2724
57801 597 -2724
58001 598 -2722
58201 597 -2722
58401 597 -2722
58601 597 -2721
58801 596 -2721
59001 598 -2720
59201 597 -2720
59401 597 -2720
59601 597 -2719
59801 597 -2719
60001 597 -2718
60201 597 -2718
60401 596 -2718
60601 597 -2717
60801 597 -2716
61001 597 3044
61201 597 3044
61401 596 3045
61601 597 3045
61801 597 3045
62001 597 3046
62201 597 3046
62401 597 3047
62601 598 3048
62801 597 3048
63001 597 3049
63201 598 3048
63401 596 3049
63601 597 3050
63801 596 3050
64001 596 3051
64201 597 3051
64401 596 3051
64601 596 3052
64801 597 3053
65001 596 3053
65201 597 3054
65401 596 3054
65601 596 3054
65801 597 3055
66001 594 3048
66201 597 3056
66401 596 3056
66601 597 3057
66801 597 3057
67001 596 3057
67201 597 3059
67401 596 3058
67601 595 3059
67801 597 3060
68001 595 3059
68201 596 3061
68401 596 3061
68601 596 3061
68801 597 3062
69001 595 3062
69201 596 3062
69401 596 3064
69601 596 3064
69801 597 3065
70001 596 3065
70201 596 3065
70401 597 3066
70601 594 3074
70801 596 3067
71001 596 3067
71201 596 3067
71401 595 3068
71601 596 3067
71801 597 3069
72001 596 3069
72201 596 3069
72401 596 3070
72601 595 3070
72801 596 3072
73001 596 3071
73201 596 3072
73401 596 3072
73601 595 3072
73801 595 3073
74001 594 3071
74201 595 3074
74401 596 3075
74601 595 3075
74801 595 3076
75001 595 3077
75201 595 3077
75401 596 3077
75601 595 3077
75801 593 3082
76001 596 3078
76201 595 3080
76401 596 3080
76601 596 3080
76801 595 3080
77001 596 3081
77201 595 3081
77401 596 3082
77601 596 3082
77801 595 3082
78001 595 3083
78201 594 3082
78401 595 3084
78601 594 -2675
78801 594 -2676
79001 595 -2675
79201 595 -2674
79401 594 -2673
79601 595 -2672
79801 594 -2673
80001 360 2908
80201 595 -2672
80401 595 -2671
80601 595 -2671
80801 595 -2670
81001 595 -2670
81201 594 -2670
81401 593 -2666
81601 593 -2659
81801 593 -2668
82001 595 -2667
82201 594 -2667
82401 594 -2667
82601 595 -2666
82801 594 -2666
83001 594 -2666
83201 595 -2664
83401 594 -2665
83601 594 -2665
83801 595 -2664
84001 595 -2664
84201 596 -2661
84401 594 -2662
84601 595 -2662
84801 595 -2658
85001 594 -2662
85201 594 -2661
85401 595 -2658
85601 593 -2659
85801 594 -2658
86001 587 -2665
86201 595 -2657
86401 593 -2659
86601 595 -2655
86801 594 -2655
87001 593 -2657
87201 594 -2656
87401 593 -2655
87601 593 -2654
87801 595 -2654
88001 593 -2654
88201 594 -2654
88401 594 -2652
88601 594 -2651
88801 589 -2657
89001 594 -2650
89201 596 -2649
89401 594 -2650
89601 594 -2649
89801 593 -2650
90001 595 -2650
90201 593 -2648
90401 595 -2647
90601 592 -2652
90801 594 -2645
91001 593 -2646
91201 593 -2646
91401 592 -2646
91601 593 -2647
91801 594 -2644
92001 593 -2645
92201 594 -2643
92401 592 -2643
92601 594 -2641
92801 593 -2643
93001 594 -2644
93201 593 -2644
93401 594 -2636
93601 595 -2642
93801 593 -2638
94001 593 -2632
94201 593 -2638
94401 594 -2641
94601 592 -2636
94801 592 -2637
95001 594 -2635
95201 595 -2635
95401 592 -2635
95601 596 -2640
95801 592 -2636
96001 593 -2637
96201 595 -2636
96401 592 -2634
96601 596 -2632
96801 594 -2631
97001 595 -2636
97201 590 -2635
97401 593 -2633
97601 641 -2669
97801 591 -2628
98001 591 -2632
98201 591 -2633
98401 591 -2628
98601 590 -2629
98801 590 -2630
99001 592 -2629
99201 592 -2630
99401 591 3138
99601 593 3131
99801 592 3129
