

 << Logging of terminal I/O resumes >> 

1 566 12
201 851 3081
401 814 3033
601 788 3035
801 769 3035
1001 749 3042
1201 733 3044
1401 718 3042
1601 706 3043
1801 692 3041
2001 682 3039
2201 674 3035
2401 666 3030
2601 660 3027
2801 654 3023
3001 648 3019
3201 645 3015
3401 640 3010
3601 638 3007
3801 634 3004
4001 631 3000
4201 630 2998
4401 626 2995
4601 625 2992
4801 623 2990
5001 621 2987
5201 621 2985
5401 619 2983
5601 618 2981
5801 618 2979
6001 615 2977
6201 616 2976
6401 614 2974
6601 613 2973
6801 613 2972
7001 611 2970
7201 612 2970
7401 613 2968
7601 610 2967
7801 611 2967
8001 609 2965
8201 610 -2795
8401 609 -2796
8601 608 -2797
8801 609 -2797
9001 607 -2798
9201 607 -2799
9401 607 -2799
9601 606 -2800
9801 607 -2800
10001 606 -2801
10201 606 -2801
10401 606 -2801
10601 604 -2802
10801 606 -2802
11001 605 -2802
11201 605 -2803
11401 606 -2802
11601 604 -2803
11801 605 -2803
12001 604 -2803
12201 604 -2804
12401 605 -2803
12601 603 -2804
12801 604 -2804
13001 605 -2804
13201 603 -2804
13401 605 -2804
13601 603 -2804
13801 603 -2804
14001 603 -2804
14201 602 -2804
14401 604 -2804
14601 602 -2804
14801 603 -2804
15001 603 -2803
15201 602 -2804
15401 603 -2803
15601 602 -2804
15801 602 -2804
16001 603 -2803
16201 601 -2803
16401 602 -2803
16601 602 -2803
16801 601 -2803
17001 602 -2802
17201 601 -2802
17401 601 -2802
17601 601 -2802
17801 601 -2802
18001 602 -2802
18201 601 -2802
18401 601 -2801
18601 602 -2801
18801 600 -2801
19001 602 -2800
19201 601 -2800
19401 600 -2800
19601 601 -2800
19801 600 -2800
20001 601 -2799
20201 600 -2799
20401 600 -2799
20601 601 -2798
20801 600 -2799
21001 600 -2798
21201 600 -2798
21401 599 -2798
21601 601 -2797
21801 600 -2797
22001 600 -2797
22201 601 -2796
22401 599 -2797
22601 601 -2796
22801 600 -2796
23001 600 -2795
23201 600 -2795
23401 599 -2795
23601 600 -2794
23801 599 -2794
24001 599 -2794
24201 600 -2793
24401 599 -2794
24601 600 -2793
24801 599 -2792
25001 599 -2792
25201 600 -2791
25401 599 2968
25601 599 2969
25801 599 2969
26001 598 2969
26201 600 2970
26401 599 2970
26601 599 2970
26801 599 2971
27001 598 2971
27201 599 2972
27401 599 2972
27601 599 2972
27801 599 2973
28001 598 2973
28201 599 2974
28401 599 2974
28601 599 2974
28801 600 2975
29001 598 2975
29201 599 2975
29401 599 2976
29601 598 2976
29801 600 2977
30001 598 2977
30201 599 2977
30401 598 2978
30601 598 2978
30801 599 2978
31001 598 2979
31201 598 2979
31401 599 2980
31601 598 2979
31801 599 2980
32001 598 2981
32201 598 2981
32401 599 2982
32601 598 2982
32801 598 2982
33001 598 2982
33201 598 2983
33401 599 2984
33601 597 2984
33801 598 2984
34001 598 2985
34201 597 2985
34401 598 2986
34601 598 2986
34801 598 2986
35001 598 2987
35201 597 2987
35401 598 2988
35601 597 2988
35801 597 2988
36001 598 2989
36201 597 2989
36401 598 2990
36601 597 2990
36801 597 2990
37001 598 2991
37201 597 2991
37401 598 2992
37601 598 2992
37801 597 2992
38001 598 2993
38201 597 2993
38401 598 2994
38601 598 2994
38801 597 2994
39001 598 2995
39201 597 2995
39401 597 2996
39601 598 2997
39801 596 2996
40001 598 2997
40201 597 2998
40401 597 2998
40601 598 2999
40801 597 2999
41001 597 2999
41201 597 3000
41401 596 3000
41601 598 3001
41801 597 3001
42001 597 3001
42201 597 -2758
42401 596 -2758
42601 598 -2757
42801 596 -2757
43001 597 -2757
43201 597 -2756
43401 596 -2756
43601 598 -2755
43801 597 -2755
44001 597 -2754
44201 597 -2753
44401 596 -2754
44601 597 -2753
44801 597 -2752
45001 596 -2752
45201 598 -2751
45401 596 -2751
45601 597 -2751
45801 597 -2750
46001 596 -2750
46201 597 -2749
46401 597 -2749
46601 596 -2749
46801 597 -2747
47001 596 -2747
47201 597 -2747
47401 596 -2746
47601 596 -2746
47801 597 -2745
48001 596 -2746
48201 597 -2745
48401 596 -2744
48601 596 -2744
48801 597 -2743
49001 596 -2743
49201 596 -2742
49401 596 -2742
49601 596 -2742
49801 597 -2741
50001 596 -2741
50201 596 -2741
50401 597 -2740
50601 595 -2740
50801 596 -2739
51001 596 -2739
51201 596 -2738
51401 596 -2737
51601 595 -2737
51801 596 -2736
52001 596 -2736
52201 595 -2736
52401 596 -2735
52601 595 -2736
52801 596 -2734
53001 596 -2734
53201 595 -2734
53401 596 -2733
53601 595 -2733
53801 596 -2732
54001 596 -2731
54201 595 -2731
54401 596 -2730
54601 596 -2730
54801 595 -2730
55001 596 -2729
55201 594 -2730
55401 596 -2728
55601 595 -2728
55801 595 -2728
56001 596 -2727
56201 595 -2727
56401 595 -2726
56601 595 -2725
56801 595 -2725
57001 596 -2725
57201 594 -2725
57401 596 -2723
57601 595 -2724
57801 595 -2724
58001 596 -2722
58201 595 -2723
58401 595 -2722
58601 596 -2721
58801 594 -2721
59001 596 -2720
59201 595 -2720
59401 595 -2720
59601 595 -2718
59801 594 -2719
60001 595 -2718
60201 595 -2718
60401 594 -2717
60601 596 -2716
60801 595 -2716
61001 595 3044
61201 595 3045
61401 595 3045
61601 595 3046
61801 594 3046
62001 595 3047
62201 595 3047
62401 594 3047
62601 595 3048
62801 594 3048
63001 595 3049
63201 595 3048
63401 594 3050
63601 595 3051
63801 594 3051
64001 594 3051
64201 595 3052
64401 594 3052
64601 594 3053
64801 595 3053
65001 594 3053
65201 595 3055
65401 594 3055
65601 594 3055
65801 595 3056
66001 592 3049
66201 595 3057
66401 595 3057
66601 595 3058
66801 595 3057
67001 594 3058
67201 595 3059
67401 593 3059
67601 594 3060
67801 594 3060
68001 593 3060
68201 594 3061
68401 594 3061
68601 594 3061
68801 594 3062
69001 593 3062
69201 595 3064
69401 595 3064
69601 593 3064
69801 595 3065
70001 593 3065
70201 594 3065
70401 595 3067
70601 592 3075
70801 594 3067
71001 594 3067
71201 593 3067
71401 593 3068
71601 593 3069
71801 595 3070
72001 593 3069
72201 593 3069
72401 594 3070
72601 592 3071
72801 593 3072
73001 593 3071
73201 593 3072
73401 594 3073
73601 592 3073
73801 594 3073
74001 593 3072
74201 593 3074
74401 594 3076
74601 593 3076
74801 593 3075
75001 594 3076
75201 592 3077
75401 594 3077
75601 593 3078
75801 591 3083
76001 594 3079
76201 593 3079
76401 593 3079
76601 593 3081
76801 593 3081
77001 593 3081
77201 593 3081
77401 594 3082
77601 593 3083
77801 593 3083
78001 593 3083
78201 593 3083
78401 593 3085
78601 593 -2675
78801 591 -2676
79001 594 -2674
79201 593 -2675
79401 592 -2672
79601 593 -2672
79801 592 -2673
80001 404 2909
80201 593 -2672
80401 592 -2671
80601 594 -2671
80801 592 -2669
81001 593 -2670
81201 592 -2670
81401 593 -2670
81601 591 -2659
81801 592 -2669
82001 593 -2667
82201 592 -2667
82401 592 -2666
82601 593 -2666
82801 592 -2667
83001 592 -2667
83201 591 -2665
83401 591 -2665
83601 592 -2664
83801 592 -2664
84001 592 -2664
84201 593 -2661
84401 591 -2661
84601 593 -2662
84801 594 -2657
85001 591 -2660
85201 592 -2660
85401 592 -2659
85601 592 -2658
85801 592 -2660
86001 583 -2655
86201 592 -2656
86401 590 -2658
86601 592 -2657
86801 593 -2654
87001 590 -2656
87201 592 -2656
87401 590 -2655
87601 591 -2654
87801 593 -2653
88001 591 -2653
88201 591 -2653
88401 592 -2652
88601 590 -2651
88801 585 -2651
89001 592 -2653
89201 593 -2652
89401 592 -2650
89601 591 -2652
89801 593 -2649
90001 592 -2649
90201 591 -2648
90401 591 -2648
90601 592 -2649
90801 591 -2644
91001 591 -2645
91201 591 -2645
91401 590 -2647
91601 591 -2646
91801 593 -2643
92001 592 -2644
92201 591 -2641
92401 590 -2644
92601 592 -2639
92801 592 -2645
93001 591 -2643
93201 592 -2640
93401 594 -2636
93601 591 -2642
93801 591 -2639
94001 590 -2631
94201 591 -2638
94401 592 -2641
94601 590 -2636
94801 590 -2637
95001 593 -2637
95201 593 -2635
95401 591 -2636
95601 594 -2636
95801 590 -2635
96001 591 -2638
96201 591 -2637
96401 592 -2634
96601 592 -2632
96801 591 -2633
97001 593 -2635
97201 587 -2633
97401 591 -2634
97601 597 -2718
97801 591 -2628
98001 591 -2632
98201 589 -2631
98401 589 -2628
98601 590 -2629
98801 590 -2626
99001 590 -2629
99201 592 -2630
99401 589 3135
99601 593 3131
99801 587 3130
