

 << Logging of terminal I/O resumes >> 

1 625 13
201 857 3100
401 817 3038
601 791 3041
801 770 3037
1001 750 3046
1201 733 3048
1401 718 3044
1601 706 3046
1801 693 3043
2001 683 3041
2201 675 3037
2401 666 3030
2601 661 3029
2801 654 3024
3001 649 3020
3201 646 3017
3401 640 3011
3601 638 3009
3801 634 3005
4001 631 3001
4201 631 2999
4401 627 2995
4601 626 2993
4801 624 2991
5001 622 2987
5201 622 2986
5401 619 2983
5601 619 2982
5801 618 2980
6001 616 2978
6201 616 2977
6401 614 2975
6601 614 2974
6801 614 2973
7001 612 2971
7201 613 2970
7401 611 2969
7601 610 2967
7801 611 2967
8001 609 2966
8201 610 -2794
8401 610 -2795
8601 608 -2797
8801 610 -2796
9001 608 -2798
9201 608 -2798
9401 608 -2798
9601 607 -2800
9801 608 -2799
10001 607 -2800
10201 607 -2800
10401 607 -2800
10601 605 -2802
10801 607 -2801
11001 605 -2802
11201 606 -2802
11401 606 -2802
11601 605 -2803
11801 606 -2802
12001 605 -2803
12201 605 -2803
12401 606 -2802
12601 604 -2803
12801 605 -2803
13001 605 -2803
13201 604 -2804
13401 605 -2803
13601 604 -2804
13801 604 -2803
14001 604 -2803
14201 603 -2804
14401 604 -2803
14601 603 -2803
14801 603 -2804
15001 604 -2803
15201 602 -2804
15401 603 -2803
15601 603 -2803
15801 603 -2803
16001 604 -2802
16201 602 -2803
16401 603 -2802
16601 603 -2802
16801 602 -2802
17001 604 -2802
17201 602 -2802
17401 603 -2802
17601 602 -2801
17801 602 -2802
18001 603 -2801
18201 602 -2801
18401 602 -2801
18601 603 -2800
18801 601 -2801
19001 603 -2800
19201 602 -2800
19401 602 -2800
19601 602 -2799
19801 601 -2800
20001 602 -2799
20201 602 -2799
20401 601 -2799
20601 603 -2798
20801 601 -2798
21001 602 -2798
21201 602 -2797
21401 601 -2798
21601 602 -2797
21801 601 -2797
22001 601 -2797
22201 602 -2796
22401 600 -2796
22601 602 -2795
22801 601 -2795
23001 601 -2795
23201 601 -2794
23401 600 -2794
23601 602 -2794
23801 601 -2794
24001 601 -2794
24201 602 -2793
24401 600 -2793
24601 601 -2792
24801 601 -2792
25001 600 -2792
25201 602 -2791
25401 600 2969
25601 601 2969
25801 601 2970
26001 599 2970
26201 601 2971
26401 600 2971
26601 600 2971
26801 601 2972
27001 599 2972
27201 601 2972
27401 600 2973
27601 600 2973
27801 600 2974
28001 599 2973
28201 601 2974
28401 600 2974
28601 599 2974
28801 601 2975
29001 599 2976
29201 600 2976
29401 600 2977
29601 599 2976
29801 601 2977
30001 600 2977
30201 600 2978
30401 600 2979
30601 599 2978
30801 600 2979
31001 600 2979
31201 600 2979
31401 600 2980
31601 599 2980
31801 600 2981
32001 600 2981
32201 599 2982
32401 600 2982
32601 598 2982
32801 600 2983
33001 599 2983
33201 599 2983
33401 600 2985
33601 599 2984
33801 599 2985
34001 600 2985
34201 598 2985
34401 600 2987
34601 599 2986
34801 599 2987
35001 600 2988
35201 598 2987
35401 599 2988
35601 599 2989
35801 599 2989
36001 600 2990
36201 599 2990
36401 599 2990
36601 599 2991
36801 598 2990
37001 600 2992
37201 599 2991
37401 600 2992
37601 599 2993
37801 599 2993
38001 600 2994
38201 598 2994
38401 599 2995
38601 599 2995
38801 598 2995
39001 599 2996
39201 599 2996
39401 599 2996
39601 599 2997
39801 598 2997
40001 599 2998
40201 599 2998
40401 598 2999
40601 599 3000
40801 598 2999
41001 598 3000
41201 599 3001
41401 598 3000
41601 599 3002
41801 598 3001
42001 599 3002
42201 599 -2757
42401 598 -2757
42601 599 -2756
42801 598 -2756
43001 599 -2756
43201 599 -2755
43401 597 -2755
43601 599 -2754
43801 598 -2754
44001 598 -2753
44201 599 -2753
44401 597 -2753
44601 598 -2752
44801 598 -2752
45001 598 -2751
45201 599 -2750
45401 598 -2751
45601 598 -2750
45801 598 -2749
46001 597 -2749
46201 598 -2748
46401 598 -2748
46601 598 -2748
46801 598 -2747
47001 597 -2747
47201 599 -2746
47401 597 -2745
47601 598 -2746
47801 598 -2745
48001 597 -2745
48201 598 -2744
48401 598 -2744
48601 597 -2744
48801 598 -2742
49001 597 -2743
49201 598 -2742
49401 598 -2741
49601 597 -2741
49801 598 -2740
50001 597 -2741
50201 597 -2740
50401 598 -2739
50601 596 -2739
50801 598 -2738
51001 597 -2738
51201 597 -2738
51401 598 -2736
51601 597 -2737
51801 598 -2736
52001 597 -2736
52201 597 -2735
52401 598 -2734
52601 596 -2735
52801 598 -2733
53001 597 -2733
53201 597 -2733
53401 598 -2732
53601 597 -2732
53801 597 -2731
54001 597 -2731
54201 596 -2731
54401 598 -2730
54601 597 -2730
54801 597 -2730
55001 598 -2729
55201 596 -2729
55401 597 -2728
55601 597 -2727
55801 596 -2727
56001 598 -2726
56201 596 -2726
56401 597 -2725
56601 597 -2725
56801 597 -2725
57001 597 -2723
57201 596 -2724
57401 597 -2723
57601 597 -2722
57801 596 -2723
58001 598 -2721
58201 596 -2722
58401 597 -2721
58601 597 -2720
58801 596 -2721
59001 598 -2719
59201 597 -2719
59401 597 -2719
59601 597 -2718
59801 596 -2718
60001 597 -2717
60201 597 -2717
60401 596 -2717
60601 597 -2715
60801 596 -2715
61001 596 3045
61201 597 3046
61401 596 3045
61601 597 3047
61801 596 3046
62001 597 3047
62201 597 3048
62401 596 3048
62601 597 3049
62801 596 3048
63001 597 3050
63201 597 3049
63401 596 3050
63601 597 3052
63801 597 3051
64001 596 3051
64201 597 3053
64401 596 3052
64601 597 3053
64801 596 3054
65001 596 3054
65201 597 3055
65401 596 3055
65601 596 3056
65801 597 3056
66001 594 3050
66201 597 3057
66401 596 3057
66601 597 3059
66801 596 3059
67001 596 3058
67201 597 3060
67401 596 3059
67601 596 3061
67801 596 3061
68001 595 3061
68201 596 3062
68401 596 3062
68601 596 3062
68801 596 3064
69001 595 3063
69201 596 3065
69401 595 3065
69601 595 3065
69801 596 3066
70001 595 3066
70201 595 3066
70401 596 3067
70601 594 3076
70801 596 3068
71001 596 3068
71201 595 3068
71401 595 3069
71601 595 3069
71801 596 3071
72001 595 3070
72201 595 3070
72401 596 3072
72601 594 3071
72801 597 3072
73001 595 3073
73201 595 3072
73401 596 3073
73601 594 3074
73801 596 3075
74001 595 3073
74201 595 3075
74401 596 3076
74601 595 3077
74801 595 3077
75001 595 3077
75201 594 3078
75401 596 3078
75601 595 3078
75801 593 3083
76001 596 3080
76201 595 3080
76401 596 3081
76601 595 3081
76801 595 3081
77001 595 3083
77201 594 3082
77401 596 3083
77601 595 3083
77801 594 3083
78001 596 3084
78201 595 3084
78401 595 3085
78601 594 -2674
78801 593 -2675
79001 595 -2673
79201 595 -2674
79401 594 -2672
79601 595 -2672
79801 594 -2672
80001 376 2908
80201 595 -2668
80401 594 -2670
80601 595 -2669
80801 594 -2670
81001 595 -2669
81201 594 -2668
81401 595 -2668
81601 589 -2662
81801 594 -2667
82001 595 -2666
82201 594 -2666
82401 594 -2667
82601 595 -2665
82801 594 -2666
83001 594 -2665
83201 595 -2663
83401 594 -2664
83601 594 -2663
83801 594 -2661
84001 594 -2664
84201 596 -2660
84401 593 -2661
84601 596 -2661
84801 597 -2658
85001 593 -2660
85201 594 -2659
85401 594 -2657
85601 594 -2656
85801 594 -2658
86001 584 -2658
86201 594 -2656
86401 593 -2656
86601 595 -2655
86801 593 -2654
87001 593 -2655
87201 595 -2654
87401 593 -2654
87601 594 -2652
87801 594 -2652
88001 593 -2652
88201 594 -2652
88401 594 -2653
88601 593 -2650
88801 588 -2645
89001 594 -2653
89201 592 -2650
89401 593 -2650
89601 593 -2652
89801 594 -2649
90001 592 -2647
90201 595 -2650
90401 594 -2647
90601 593 -2648
90801 594 -2645
91001 593 -2646
91201 593 -2644
91401 594 -2647
91601 594 -2646
91801 594 -2642
92001 593 -2645
92201 593 -2640
92401 592 -2643
92601 594 -2641
92801 593 -2643
93001 593 -2641
93201 594 -2640
93401 594 -2636
93601 594 -2634
93801 593 -2638
94001 592 -2631
94201 593 -2638
94401 594 -2641
94601 592 -2636
94801 592 -2637
95001 594 -2635
95201 594 -2633
95401 593 -2633
95601 597 -2636
95801 592 -2636
96001 592 -2632
96201 595 -2636
96401 593 -2632
96601 593 -2631
96801 593 -2628
97001 594 -2633
97201 595 -2631
97401 593 -2633
97601 629 -2695
97801 591 -2628
98001 593 -2632
98201 591 -2630
98401 591 -2628
98601 592 -2628
98801 590 -2626
99001 592 -2629
99201 596 -2630
99401 591 3138
99601 593 3131
99801 589 3130
