

 << Logging of terminal I/O resumes >> 

1 679 13
201 852 3103
401 812 3042
601 784 3041
801 763 3038
1001 744 3046
1201 727 3048
1401 713 3044
1601 700 3045
1801 687 3042
2001 677 3040
2201 669 3037
2401 661 3030
2601 656 3028
2801 649 3023
3001 644 3019
3201 641 3016
3401 635 3010
3601 633 3008
3801 630 3005
4001 626 3000
4201 626 2999
4401 622 2995
4601 621 2993
4801 619 2990
5001 617 2987
5201 617 2986
5401 615 2983
5601 614 2981
5801 613 2980
6001 611 2977
6201 612 2977
6401 610 2975
6601 609 2973
6801 609 2973
7001 607 2970
7201 608 2970
7401 607 2969
7601 606 2967
7801 607 2967
8001 604 2966
8201 606 -2795
8401 605 -2795
8601 604 -2797
8801 605 -2797
9001 603 -2798
9201 604 -2798
9401 603 -2799
9601 602 -2800
9801 603 -2799
10001 602 -2800
10201 602 -2801
10401 602 -2800
10601 600 -2802
10801 602 -2801
11001 601 -2802
11201 601 -2802
11401 601 -2802
11601 600 -2803
11801 601 -2802
12001 600 -2803
12201 599 -2803
12401 601 -2802
12601 599 -2803
12801 600 -2803
13001 599 -2803
13201 599 -2804
13401 600 -2803
13601 599 -2804
13801 599 -2803
14001 600 -2803
14201 598 -2804
14401 600 -2803
14601 599 -2803
14801 599 -2803
15001 599 -2803
15201 597 -2803
15401 599 -2803
15601 598 -2803
15801 598 -2803
16001 599 -2802
16201 597 -2803
16401 598 -2802
16601 598 -2802
16801 597 -2802
17001 599 -2802
17201 597 -2802
17401 598 -2802
17601 598 -2801
17801 597 -2802
18001 598 -2801
18201 597 -2801
18401 597 -2801
18601 598 -2800
18801 596 -2801
19001 598 -2800
19201 597 -2800
19401 597 -2800
19601 598 -2799
19801 596 -2799
20001 597 -2799
20201 597 -2799
20401 596 -2799
20601 598 -2797
20801 596 -2798
21001 597 -2797
21201 597 -2797
21401 596 -2797
21601 597 -2796
21801 596 -2796
22001 596 -2796
22201 597 -2795
22401 596 -2796
22601 597 -2795
22801 596 -2795
23001 596 -2795
23201 597 -2794
23401 595 -2794
23601 597 -2793
23801 596 -2793
24001 596 -2793
24201 597 -2792
24401 596 -2793
24601 597 -2792
24801 596 -2791
25001 595 -2791
25201 597 -2790
25401 596 2969
25601 596 2970
25801 596 2970
26001 595 2970
26201 596 2971
26401 596 2971
26601 596 2971
26801 596 2972
27001 595 2972
27201 596 2973
27401 596 2973
27601 596 2973
27801 596 2974
28001 595 2974
28201 596 2975
28401 596 2975
28601 595 2975
28801 596 2976
29001 595 2976
29201 596 2976
29401 595 2977
29601 595 2977
29801 596 2978
30001 595 2978
30201 595 2978
30401 595 2979
30601 593 2979
30801 596 2980
31001 595 2980
31201 595 2980
31401 596 2981
31601 594 2980
31801 597 2982
32001 595 2982
32201 595 2982
32401 596 2983
32601 594 2982
32801 596 2983
33001 595 2983
33201 594 2984
33401 596 2985
33601 595 2985
33801 595 2986
34001 595 2986
34201 594 2986
34401 596 2987
34601 595 2987
34801 595 2987
35001 596 2988
35201 594 2988
35401 595 2989
35601 595 2989
35801 595 2989
36001 595 2990
36201 594 2990
36401 595 2991
36601 595 2991
36801 594 2991
37001 596 2992
37201 594 2992
37401 595 2993
37601 595 2993
37801 594 2993
38001 596 2995
38201 594 2995
38401 595 2995
38601 595 2996
38801 594 2995
39001 595 2997
39201 595 2997
39401 594 2997
39601 595 2998
39801 594 2998
40001 595 2999
40201 595 2999
40401 594 2999
40601 595 3000
40801 594 3000
41001 595 3001
41201 595 3001
41401 594 3001
41601 595 3002
41801 594 3002
42001 595 3003
42201 594 -2757
42401 594 -2756
42601 595 -2755
42801 593 -2756
43001 594 -2755
43201 595 -2754
43401 594 -2754
43601 595 -2753
43801 594 -2754
44001 594 -2753
44201 595 -2752
44401 594 -2752
44601 594 -2751
44801 595 -2751
45001 594 -2751
45201 595 -2750
45401 594 -2750
45601 594 -2749
45801 594 -2749
46001 594 -2749
46201 595 -2748
46401 594 -2747
46601 594 -2747
46801 595 -2746
47001 593 -2746
47201 595 -2745
47401 593 -2745
47601 594 -2745
47801 594 -2744
48001 593 -2744
48201 595 -2743
48401 594 -2743
48601 594 -2743
48801 595 -2742
49001 593 -2742
49201 594 -2741
49401 594 -2741
49601 593 -2741
49801 595 -2739
50001 594 -2739
50201 594 -2739
50401 595 -2738
50601 593 -2739
50801 594 -2737
51001 594 -2737
51201 593 -2737
51401 595 -2735
51601 593 -2736
51801 595 -2735
52001 594 -2735
52201 594 -2735
52401 594 -2733
52601 593 -2734
52801 595 -2733
53001 594 -2733
53201 593 -2732
53401 594 -2731
53601 593 -2731
53801 594 -2731
54001 594 -2731
54201 593 -2730
54401 594 -2729
54601 594 -2729
54801 593 -2729
55001 594 -2728
55201 593 -2728
55401 594 -2727
55601 593 -2727
55801 593 -2726
56001 594 -2725
56201 593 -2726
56401 594 -2724
56601 594 -2724
56801 593 -2724
57001 594 -2723
57201 592 -2723
57401 594 -2722
57601 594 -2722
57801 593 -2722
58001 594 -2720
58201 593 -2721
58401 594 -2720
58601 594 -2719
58801 593 -2720
59001 594 -2718
59201 593 -2719
59401 594 -2718
59601 594 -2717
59801 593 -2718
60001 594 -2716
60201 594 -2716
60401 593 -2716
60601 594 -2714
60801 593 -2715
61001 593 3046
61201 593 3046
61401 592 3046
61601 594 3048
61801 592 3047
62001 593 3049
62201 593 3048
62401 593 3049
62601 594 3050
62801 593 3050
63001 594 3051
63201 594 3050
63401 592 3051
63601 593 3052
63801 593 3052
64001 593 3052
64201 594 3053
64401 592 3053
64601 593 3054
64801 593 3055
65001 592 3055
65201 593 3057
65401 593 3056
65601 593 3056
65801 593 3057
66001 590 3050
66201 593 3058
66401 593 3058
66601 593 3059
66801 593 3060
67001 592 3060
67201 593 3061
67401 592 3060
67601 593 3061
67801 593 3062
68001 592 3062
68201 593 3063
68401 593 3063
68601 593 3064
68801 593 3064
69001 592 3064
69201 594 3064
69401 593 3066
69601 592 3066
69801 593 3067
70001 593 3067
70201 593 3067
70401 593 3068
70601 591 3077
70801 593 3069
71001 593 3069
71201 592 3070
71401 592 3070
71601 592 3070
71801 594 3072
72001 592 3070
72201 593 3071
72401 593 3072
72601 591 3072
72801 593 3073
73001 593 3074
73201 592 3074
73401 593 3074
73601 592 3073
73801 593 3076
74001 593 3074
74201 591 3075
74401 593 3078
74601 592 3078
74801 593 3077
75001 593 3078
75201 591 3079
75401 593 3079
75601 592 3080
75801 590 3084
76001 593 3081
76201 591 3081
76401 592 3082
76601 592 3082
76801 593 3082
77001 592 3083
77201 592 3083
77401 592 3085
77601 593 3084
77801 592 3084
78001 593 3087
78201 591 3086
78401 592 3086
78601 592 -2673
78801 590 -2674
79001 592 -2673
79201 592 -2672
79401 592 -2671
79601 593 -2670
79801 591 -2671
80001 397 2908
80201 592 -2667
80401 592 -2669
80601 593 -2669
80801 592 -2669
81001 592 -2668
81201 592 -2668
81401 592 -2668
81601 589 -2657
81801 592 -2666
82001 592 -2666
82201 592 -2665
82401 591 -2665
82601 592 -2664
82801 591 -2665
83001 591 -2664
83201 592 -2662
83401 591 -2663
83601 592 -2662
83801 592 -2662
84001 591 -2662
84201 592 -2659
84401 590 -2660
84601 591 -2658
84801 593 -2653
85001 591 -2659
85201 592 -2658
85401 592 -2657
85601 591 -2657
85801 591 -2655
86001 583 -2654
86201 592 -2654
86401 590 -2655
86601 592 -2654
86801 592 -2653
87001 591 -2654
87201 592 -2653
87401 591 -2652
87601 591 -2651
87801 592 -2652
88001 592 -2650
88201 591 -2649
88401 592 -2649
88601 590 -2649
88801 585 -2650
89001 592 -2652
89201 590 -2650
89401 591 -2648
89601 592 -2648
89801 590 -2647
90001 592 -2646
90201 593 -2648
90401 591 -2646
90601 589 -2644
90801 591 -2644
91001 591 -2645
91201 591 -2643
91401 591 -2646
91601 591 -2644
91801 592 -2642
92001 591 -2641
92201 590 -2641
92401 590 -2642
92601 590 -2640
92801 590 -2639
93001 590 -2640
93201 592 -2639
93401 592 -2634
93601 591 -2641
93801 591 -2636
94001 588 -2629
94201 590 -2636
94401 593 -2631
94601 590 -2636
94801 590 -2637
95001 592 -2635
95201 591 -2631
95401 590 -2634
95601 591 -2637
95801 590 -2635
96001 590 -2636
96201 592 -2635
96401 591 -2631
96601 591 -2630
96801 592 -2629
97001 592 -2632
97201 587 -2630
97401 591 -2631
97601 621 -2697
97801 589 -2626
98001 589 -2624
98201 589 -2631
98401 588 -2625
98601 590 -2625
98801 588 -2623
99001 590 -2626
99201 589 -2627
99401 591 3138
99601 591 3135
99801 587 3133
