

 << Logging of terminal I/O resumes >> 

1 709 14
201 857 3108
401 815 3041
601 789 3043
801 767 3038
1001 747 3047
1201 731 3050
1401 716 3044
1601 704 3047
1801 690 3043
2001 680 3041
2201 673 3038
2401 663 3030
2601 658 3029
2801 653 3024
3001 646 3020
3201 643 3017
3401 638 3011
3601 636 3009
3801 632 3005
4001 629 3001
4201 628 2999
4401 625 2995
4601 624 2993
4801 622 2991
5001 619 2987
5201 620 2986
5401 618 2983
5601 618 2982
5801 617 2981
6001 615 2978
6201 616 2977
6401 614 2975
6601 613 2974
6801 614 2973
7001 611 2971
7201 612 2971
7401 611 2969
7601 610 2968
7801 611 2968
8001 609 2966
8201 610 -2794
8401 609 -2795
8601 608 -2796
8801 609 -2796
9001 607 -2798
9201 608 -2798
9401 608 -2798
9601 606 -2799
9801 608 -2799
10001 606 -2800
10201 606 -2800
10401 607 -2800
10601 605 -2801
10801 606 -2800
11001 605 -2801
11201 605 -2802
11401 606 -2801
11601 604 -2802
11801 605 -2802
12001 605 -2802
12201 604 -2803
12401 605 -2802
12601 603 -2803
12801 604 -2803
13001 604 -2803
13201 603 -2803
13401 605 -2802
13601 603 -2803
13801 603 -2803
14001 604 -2803
14201 602 -2803
14401 604 -2802
14601 603 -2803
14801 603 -2803
15001 603 -2802
15201 601 -2803
15401 603 -2802
15601 603 -2802
15801 602 -2803
16001 603 -2802
16201 601 -2803
16401 603 -2802
16601 603 -2802
16801 601 -2802
17001 603 -2801
17201 602 -2802
17401 602 -2801
17601 602 -2801
17801 601 -2801
18001 603 -2800
18201 601 -2801
18401 602 -2800
18601 602 -2800
18801 600 -2800
19001 602 -2799
19201 601 -2799
19401 601 -2799
19601 602 -2798
19801 600 -2799
20001 602 -2798
20201 601 -2798
20401 601 -2798
20601 602 -2797
20801 601 -2797
21001 602 -2797
21201 601 -2797
21401 600 -2797
21601 602 -2796
21801 601 -2796
22001 601 -2796
22201 602 -2795
22401 600 -2795
22601 602 -2794
22801 600 -2795
23001 601 -2794
23201 601 -2793
23401 600 -2794
23601 601 -2793
23801 601 -2793
24001 600 -2793
24201 601 -2792
24401 600 -2792
24601 601 -2791
24801 600 -2791
25001 600 -2791
25201 601 -2790
25401 600 2970
25601 601 2970
25801 601 2971
26001 599 2971
26201 601 2972
26401 600 2971
26601 600 2972
26801 601 2973
27001 599 2972
27201 601 2973
27401 600 2973
27601 600 2974
27801 601 2975
28001 599 2974
28201 601 2975
28401 600 2975
28601 599 2975
28801 601 2976
29001 599 2976
29201 600 2977
29401 600 2977
29601 599 2977
29801 600 2978
30001 600 2978
30201 600 2978
30401 600 2980
30601 599 2979
30801 600 2980
31001 600 2980
31201 600 2980
31401 600 2982
31601 599 2981
31801 600 2982
32001 600 2982
32201 600 2982
32401 600 2983
32601 599 2983
32801 600 2984
33001 600 2984
33201 599 2984
33401 600 2986
33601 599 2985
33801 600 2986
34001 600 2987
34201 599 2986
34401 601 2988
34601 599 2987
34801 599 2988
35001 600 2989
35201 598 2988
35401 600 2989
35601 600 2990
35801 599 2990
36001 600 2991
36201 599 2991
36401 599 2991
36601 600 2992
36801 599 2992
37001 600 2993
37201 598 2993
37401 600 2993
37601 599 2994
37801 599 2994
38001 600 2995
38201 599 2995
38401 599 2996
38601 600 2996
38801 598 2996
39001 600 2997
39201 599 2997
39401 599 2997
39601 600 2999
39801 598 2998
40001 599 2999
40201 599 2999
40401 599 2999
40601 599 3001
40801 599 3000
41001 599 3001
41201 599 3002
41401 598 3001
41601 599 3003
41801 599 3003
42001 599 3003
42201 599 -2756
42401 598 -2756
42601 599 -2754
42801 598 -2755
43001 599 -2754
43201 599 -2754
43401 598 -2754
43601 599 -2753
43801 598 -2753
44001 598 -2753
44201 599 -2752
44401 598 -2752
44601 599 -2751
44801 599 -2750
45001 598 -2751
45201 599 -2749
45401 598 -2749
45601 599 -2749
45801 599 -2748
46001 598 -2748
46201 599 -2747
46401 598 -2747
46601 598 -2746
46801 599 -2745
47001 598 -2746
47201 599 -2745
47401 597 -2744
47601 598 -2744
47801 599 -2744
48001 597 -2744
48201 599 -2743
48401 598 -2743
48601 598 -2742
48801 599 -2741
49001 598 -2741
49201 599 -2741
49401 598 -2740
49601 598 -2740
49801 599 -2739
50001 598 -2739
50201 598 -2738
50401 599 -2738
50601 597 -2738
50801 599 -2737
51001 598 -2737
51201 598 -2736
51401 599 -2735
51601 598 -2736
51801 599 -2734
52001 598 -2734
52201 598 -2734
52401 599 -2733
52601 597 -2733
52801 599 -2732
53001 598 -2732
53201 598 -2732
53401 599 -2730
53601 597 -2731
53801 598 -2730
54001 598 -2730
54201 597 -2730
54401 599 -2728
54601 597 -2729
54801 598 -2728
55001 598 -2727
55201 597 -2728
55401 598 -2726
55601 598 -2726
55801 597 -2726
56001 598 -2725
56201 597 -2725
56401 598 -2724
56601 598 -2723
56801 598 -2723
57001 598 -2722
57201 597 -2723
57401 598 -2721
57601 598 -2722
57801 597 -2722
58001 598 -2720
58201 598 -2721
58401 598 -2720
58601 598 -2719
58801 597 -2719
59001 598 -2718
59201 598 -2718
59401 598 -2718
59601 598 -2717
59801 597 -2717
60001 598 -2716
60201 598 -2715
60401 597 -2716
60601 598 -2714
60801 597 -2714
61001 597 3046
61201 598 3047
61401 597 3047
61601 598 3048
61801 597 3048
62001 598 3049
62201 598 3049
62401 598 3049
62601 598 3051
62801 597 3050
63001 598 3051
63201 598 3051
63401 597 3051
63601 598 3053
63801 597 3053
64001 597 3053
64201 598 3054
64401 597 3054
64601 597 3055
64801 598 3055
65001 597 3055
65201 598 3057
65401 597 3057
65601 597 3057
65801 598 3058
66001 595 3051
66201 598 3059
66401 597 3059
66601 598 3060
66801 597 3060
67001 597 3060
67201 598 3061
67401 597 3061
67601 597 3062
67801 598 3063
68001 596 3062
68201 597 3064
68401 597 3064
68601 597 3064
68801 598 3065
69001 596 3064
69201 598 3065
69401 597 3065
69601 596 3066
69801 598 3068
70001 597 3067
70201 597 3068
70401 597 3069
70601 595 3077
70801 597 3069
71001 597 3070
71201 596 3070
71401 597 3070
71601 596 3070
71801 598 3072
72001 596 3071
72201 597 3072
72401 597 3073
72601 596 3073
72801 597 3075
73001 597 3075
73201 597 3074
73401 597 3075
73601 596 3074
73801 597 3075
74001 596 3074
74201 596 3076
74401 597 3078
74601 596 3078
74801 596 3078
75001 597 3078
75201 596 3079
75401 597 3080
75601 597 3080
75801 594 3085
76001 597 3083
76201 596 3082
76401 597 3083
76601 596 3082
76801 596 3083
77001 597 3084
77201 595 3084
77401 597 3086
77601 597 3085
77801 596 3085
78001 597 3086
78201 596 3087
78401 597 3087
78601 596 -2672
78801 595 -2673
79001 597 -2672
79201 596 -2672
79401 596 -2670
79601 596 -2670
79801 595 -2670
80001 417 2910
80201 596 -2668
80401 596 -2669
80601 597 -2668
80801 596 -2668
81001 597 -2667
81201 596 -2667
81401 596 -2667
81601 590 -2662
81801 595 -2666
82001 596 -2665
82201 596 -2664
82401 595 -2664
82601 596 -2663
82801 595 -2664
83001 596 -2664
83201 596 -2661
83401 595 -2663
83601 597 -2660
83801 596 -2661
84001 597 -2661
84201 596 -2657
84401 595 -2659
84601 596 -2657
84801 597 -2652
85001 595 -2658
85201 596 -2658
85401 596 -2657
85601 596 -2656
85801 596 -2655
86001 591 -2658
86201 595 -2654
86401 594 -2655
86601 596 -2653
86801 595 -2654
87001 594 -2653
87201 596 -2652
87401 595 -2653
87601 595 -2652
87801 596 -2650
88001 594 -2650
88201 596 -2649
88401 595 -2648
88601 595 -2648
88801 589 -2649
89001 596 -2651
89201 598 -2648
89401 596 -2648
89601 596 -2648
89801 596 -2648
90001 597 -2646
90201 597 -2647
90401 596 -2645
90601 597 -2647
90801 596 -2644
91001 596 -2643
91201 595 -2643
91401 595 -2643
91601 595 -2644
91801 596 -2641
92001 595 -2642
92201 596 -2640
92401 594 -2641
92601 596 -2638
92801 598 -2639
93001 595 -2640
93201 596 -2637
93401 597 -2634
93601 596 -2640
93801 595 -2638
94001 595 -2629
94201 595 -2638
94401 594 -2634
94601 596 -2635
94801 595 -2636
95001 595 -2634
95201 597 -2632
95401 595 -2632
95601 599 -2633
95801 593 -2634
96001 594 -2635
96201 596 -2630
96401 593 -2632
96601 595 -2630
96801 596 -2630
97001 596 -2632
97201 593 -2630
97401 595 -2632
97601 616 -2710
97801 595 -2627
98001 595 -2625
98201 593 -2630
98401 595 -2627
98601 594 -2628
98801 592 -2626
99001 595 -2629
99201 596 -2626
99401 596 3138
99601 596 3134
99801 592 3133
