

 << Logging of terminal I/O resumes >> 

1 699 14
201 876 3112
401 832 3041
601 806 3046
801 784 3040
1001 764 3050
1201 747 3053
1401 730 3046
1601 718 3050
1801 704 3045
2001 693 3043
2201 686 3040
2401 676 3033
2601 671 3032
2801 664 3026
3001 658 3022
3201 655 3019
3401 650 3013
3601 648 3011
3801 644 3007
4001 640 3003
4201 640 3001
4401 636 2997
4601 635 2995
4801 633 2993
5001 630 2989
5201 631 2988
5401 628 2985
5601 627 2983
5801 627 2982
6001 624 2979
6201 625 2979
6401 623 2976
6601 623 2975
6801 623 2975
7001 620 2972
7201 622 2972
7401 621 2970
7601 619 2969
7801 620 2969
8001 618 2967
8201 619 -2793
8401 618 -2794
8601 617 -2796
8801 618 -2795
9001 616 -2797
9201 617 -2797
9401 617 -2797
9601 615 -2799
9801 617 -2798
10001 615 -2799
10201 615 -2799
10401 616 -2799
10601 614 -2800
10801 616 -2799
11001 614 -2801
11201 614 -2801
11401 615 -2800
11601 613 -2802
11801 614 -2801
12001 614 -2802
12201 613 -2802
12401 615 -2801
12601 612 -2802
12801 614 -2802
13001 613 -2802
13201 612 -2803
13401 614 -2802
13601 612 -2803
13801 613 -2802
14001 613 -2802
14201 611 -2803
14401 613 -2802
14601 612 -2802
14801 612 -2802
15001 613 -2801
15201 611 -2802
15401 613 -2801
15601 612 -2802
15801 611 -2802
16001 613 -2801
16201 611 -2802
16401 612 -2801
16601 612 -2801
16801 611 -2801
17001 612 -2800
17201 611 -2801
17401 611 -2801
17601 612 -2800
17801 610 -2801
18001 612 -2799
18201 611 -2800
18401 611 -2800
18601 611 -2799
18801 610 -2800
19001 612 -2798
19201 611 -2799
19401 611 -2799
19601 611 -2798
19801 610 -2799
20001 611 -2798
20201 611 -2798
20401 610 -2798
20601 612 -2796
20801 610 -2797
21001 611 -2796
21201 611 -2796
21401 610 -2796
21601 611 -2795
21801 610 -2796
22001 610 -2795
22201 611 -2794
22401 609 -2795
22601 611 -2794
22801 610 -2794
23001 610 -2794
23201 611 -2793
23401 609 -2793
23601 611 -2792
23801 610 -2792
24001 610 -2792
24201 611 -2791
24401 609 -2792
24601 611 -2791
24801 610 -2790
25001 609 -2791
25201 610 -2789
25401 609 2970
25601 610 2971
25801 610 2971
26001 609 2971
26201 611 2972
26401 610 2972
26601 610 2972
26801 610 2973
27001 609 2973
27201 610 2974
27401 609 2974
27601 610 2974
27801 610 2975
28001 609 2975
28201 610 2976
28401 610 2976
28601 609 2976
28801 610 2977
29001 609 2977
29201 610 2977
29401 610 2978
29601 609 2977
29801 610 2979
30001 609 2979
30201 609 2979
30401 610 2980
30601 608 2979
30801 610 2981
31001 609 2981
31201 609 2981
31401 610 2982
31601 608 2981
31801 609 2983
32001 609 2983
32201 609 2983
32401 610 2984
32601 608 2984
32801 609 2985
33001 609 2984
33201 609 2985
33401 609 2986
33601 608 2986
33801 609 2986
34001 609 2987
34201 608 2987
34401 610 2988
34601 609 2988
34801 609 2988
35001 609 2989
35201 608 2989
35401 609 2990
35601 609 2990
35801 608 2990
36001 609 2992
36201 608 2991
36401 609 2992
36601 609 2992
36801 608 2992
37001 609 2993
37201 608 2993
37401 609 2994
37601 609 2994
37801 608 2995
38001 609 2996
38201 608 2995
38401 609 2996
38601 609 2997
38801 608 2996
39001 609 2998
39201 608 2998
39401 608 2998
39601 609 2999
39801 607 2999
40001 609 3000
40201 608 3000
40401 608 3000
40601 609 3001
40801 608 3001
41001 608 3002
41201 608 3002
41401 607 3002
41601 609 3003
41801 608 3003
42001 608 3004
42201 608 -2756
42401 602 -2756
42601 603 -2754
42801 602 -2755
43001 602 -2754
43201 602 -2753
43401 601 -2754
43601 602 -2752
43801 602 -2753
44001 602 -2752
44201 603 -2751
44401 601 -2752
44601 602 -2750
44801 602 -2750
45001 601 -2750
45201 603 -2748
45401 601 -2749
45601 602 -2749
45801 602 -2748
46001 601 -2748
46201 602 -2747
46401 602 -2747
46601 602 -2746
46801 602 -2745
47001 601 -2745
47201 602 -2744
47401 601 -2744
47601 602 -2744
47801 602 -2743
48001 601 -2743
48201 602 -2742
48401 602 -2742
48601 601 -2742
48801 602 -2741
49001 601 -2741
49201 602 -2740
49401 602 -2739
49601 601 -2740
49801 602 -2738
50001 601 -2739
50201 602 -2738
50401 602 -2737
50601 601 -2738
50801 602 -2736
51001 602 -2736
51201 601 -2736
51401 602 -2735
51601 601 -2735
51801 602 -2734
52001 601 -2734
52201 602 -2734
52401 602 -2732
52601 600 -2733
52801 602 -2732
53001 602 -2732
53201 601 -2732
53401 602 -2730
53601 600 -2730
53801 602 -2730
54001 601 -2729
54201 601 -2730
54401 602 -2728
54601 601 -2728
54801 602 -2728
55001 603 -2727
55201 601 -2727
55401 603 -2726
55601 602 -2725
55801 601 -2725
56001 602 -2724
56201 601 -2724
56401 602 -2724
56601 602 -2723
56801 601 -2723
57001 602 -2722
57201 600 -2722
57401 602 -2721
57601 601 -2721
57801 602 -2721
58001 602 -2720
58201 601 -2720
58401 602 -2719
58601 602 -2718
58801 601 -2718
59001 602 -2717
59201 602 -2717
59401 602 -2717
59601 602 -2716
59801 601 -2717
60001 602 -2715
60201 602 -2715
60401 601 -2715
60601 602 -2713
60801 601 -2714
61001 601 3047
61201 602 3048
61401 601 3048
61601 602 3049
61801 600 3048
62001 602 3050
62201 602 3050
62401 601 3049
62601 602 3051
62801 601 3050
63001 601 3052
63201 602 3051
63401 600 3052
63601 602 3053
63801 601 3053
64001 601 3053
64201 602 3054
64401 600 3054
64601 601 3056
64801 601 3056
65001 600 3056
65201 602 3057
65401 600 3057
65601 601 3057
65801 601 3058
66001 598 3051
66201 601 3059
66401 601 3059
66601 601 3060
66801 601 3061
67001 600 3060
67201 601 3062
67401 600 3061
67601 601 3062
67801 601 3063
68001 600 3063
68201 601 3064
68401 601 3064
68601 600 3064
68801 601 3066
69001 600 3065
69201 601 3066
69401 601 3067
69601 600 3067
69801 601 3068
70001 600 3068
70201 601 3068
70401 600 3069
70601 599 3078
70801 600 3070
71001 601 3070
71201 600 3069
71401 600 3071
71601 600 3071
71801 601 3072
72001 601 3072
72201 600 3072
72401 601 3073
72601 599 3073
72801 601 3074
73001 600 3075
73201 600 3075
73401 600 3075
73601 599 3075
73801 600 3076
74001 599 3075
74201 600 3076
74401 600 3078
74601 600 3078
74801 600 3079
75001 600 3079
75201 599 3080
75401 600 3080
75601 600 3080
75801 598 3086
76001 601 3082
76201 599 3082
76401 600 3083
76601 600 3083
76801 600 3083
77001 600 3084
77201 599 3085
77401 601 3086
77601 600 3086
77801 599 3085
78001 600 3086
78201 600 3087
78401 600 3087
78601 599 -2672
78801 598 -2673
79001 600 -2670
79201 599 -2672
79401 599 -2670
79601 600 -2669
79801 599 -2671
80001 245 2909
80201 599 -2667
80401 599 -2668
80601 600 -2668
80801 600 -2667
81001 600 -2667
81201 599 -2666
81401 600 -2666
81601 594 -2662
81801 599 -2665
82001 600 -2665
82201 599 -2664
82401 599 -2664
82601 600 -2662
82801 598 -2664
83001 599 -2661
83201 600 -2660
83401 598 -2662
83601 600 -2659
83801 599 -2660
84001 599 -2658
84201 600 -2658
84401 598 -2658
84601 599 -2657
84801 601 -2653
85001 598 -2658
85201 600 -2657
85401 598 -2656
85601 599 -2656
85801 599 -2655
86001 590 -2659
86201 600 -2654
86401 598 -2654
86601 599 -2653
86801 598 -2652
87001 598 -2654
87201 599 -2651
87401 598 -2653
87601 597 -2651
87801 599 -2650
88001 597 -2650
88201 598 -2651
88401 600 -2648
88601 598 -2647
88801 594 -2644
89001 599 -2646
89201 601 -2646
89401 599 -2646
89601 599 -2646
89801 600 -2646
90001 600 -2645
90201 598 -2646
90401 598 -2644
90601 600 -2646
90801 599 -2643
91001 599 -2643
91201 598 -2642
91401 597 -2642
91601 598 -2644
91801 600 -2641
92001 598 -2642
92201 599 -2640
92401 597 -2641
92601 598 -2642
92801 600 -2638
93001 598 -2640
93201 598 -2637
93401 600 -2635
93601 598 -2638
93801 598 -2636
94001 597 -2628
94201 598 -2636
94401 598 -2638
94601 598 -2635
94801 598 -2636
95001 599 -2633
95201 599 -2631
95401 597 -2632
95601 602 -2634
95801 597 -2634
96001 598 -2635
96201 599 -2636
96401 598 -2629
96601 597 -2631
96801 597 -2629
97001 600 -2630
97201 599 -2632
97401 599 -2630
97601 641 -2689
97801 597 -2626
98001 597 -2624
98201 601 -2629
98401 597 -2623
98601 598 -2624
98801 594 -2622
99001 597 -2629
99201 598 -2626
99401 598 3138
99601 598 3134
99801 594 3133
