

 << Logging of terminal I/O resumes >> 

1000 69350 531
1100 66597 573
1200 12498 1301
1300 134819 451
1400 99919 598
1500 10876 -604
1600 108732 646
1700 121273 633
1800 8116 -602
1900 64710 815
2000 137187 2949
2100 19335 958
2200 22169 953
2300 138845 2951
2400 64653 961
2500 8262 -148
2600 106328 927
2700 90823 1000
2800 13492 32
2900 71364 1082
3000 120302 2958
3100 343 1116
3200 32543 1140
3300 146807 2960
3400 30110 2947
3500 3395 2590
3600 126292 2964
3700 60792 2959
3800 14967 270
3900 85593 2962
4000 93701 2966
4100 13585 348
4200 50327 2946
4300 134060 2974
4400 8635 2617
4500 20634 2848
4600 144593 2979
4700 41378 2930
4800 7772 743
4900 105252 2977
5000 76127 2968
5100 18740 444
5200 65849 4711
5300 114896 2985
5400 8051 904
5500 37658 4730
5600 146534 2997
5700 26004 4735
5800 8245 2284
5900 129739 2998
6000 65792 4913
6100 17831 577
6200 101257 5060
6300 99473 5084
6400 19134 584
6500 71730 5078
6600 128443 3007
6700 8063 4034
6800 32225 5068
6900 147042 3017
7000 48365 5210
7100 9361 3697
7200 125434 5480
7300 102844 5439
7400 22334 612
7500 100360 5520
7600 125472 -137
7700 13846 3541
7800 59347 5576
7900 145146 -2732
8000 27573 5473
8100 15743 5209
8200 134377 -2732
8300 78828 -5652
8400 18611 733
8500 121042 -5517
8600 111596 -5473
8700 22709 668
8800 87429 -5372
8900 122821 -5361
9000 11595 -1340
9100 40765 -5345
9200 147427 -2704
9300 38012 -5263
9400 9538 -656
9500 124048 -2691
9600 75138 -5007
9700 22088 722
9800 85743 -4933
9900 102468 -4945
10000 15885 856
10100 49265 -4857
10200 138492 -2669
10300 16703 -5139
10400 14984 -5162
10500 134599 -2664
10600 49020 -4677
10700 17381 825
10800 99949 -2673
10900 73545 -2691
11000 24243 721
11100 61425 -2701
11200 110915 -2660
11300 12538 997
11400 31880 -2783
11500 141973 -2644
11600 20703 -2891
11700 8326 2159
11800 127210 -2643
11900 49114 -2702
12000 20849 756
12100 89294 -2655
12200 94316 -2649
12300 18437 797
12400 40033 -2722
12500 133224 -2629
12600 11143 -3227
12700 15199 -3009
12800 135541 -2623
12900 38286 -2713
13000 15867 888
13100 101054 -2625
13200 66389 -2646
13300 25249 740
13400 63715 -2646
13500 101920 -2616
13600 15613 895
13700 37544 -695
13800 137627 -2602
13900 14972 -856
14000 9801 -1061
14100 130225 -2595
14200 50053 -472
14300 18397 785
14400 93753 -2604
14500 77745 -289
14600 24917 728
14700 51673 -252
14800 127555 -2583
14900 5585 -836
15000 17982 -159
15100 136411 -2575
15200 45774 39
15300 13354 3266
15400 103367 -2581
15500 76004 167
15600 25507 631
15700 80416 260
15800 93889 -2570
15900 18225 468
16000 50504 539
16100 131350 -2563
16200 9673 1196
16300 13677 1088
16400 132135 -2558
16500 49064 812
16600 17736 177
16700 99652 -2527
16800 75281 830
16900 28183 339
17000 71315 927
17100 122074 -2538
17200 8032 2569
17300 19457 1362
17400 136547 -2536
17500 34826 1271
17600 14916 -55
17700 109809 -2464
17800 58606 1250
17900 30061 224
18000 72746 -2385
18100 91672 -2402
18200 23844 149
18300 41332 -2300
18400 129622 -2461
18500 7374 -1045
18600 14066 -1939
18700 138922 -2463
18800 32000 -2233
18900 17021 39
19000 109460 -2391
19100 59690 -2332
19200 30179 254
19300 68422 -2342
19400 92608 -2366
19500 23164 177
19600 15638 -1968
19700 149199 -2409
19800 26374 -2155
19900 12852 -89
20000 116298 -2367
20100 52586 -2287
20200 28869 271
20300 74070 -2324
20400 85031 -2333
20500 25063 233
20600 41992 -2238
20700 129003 -2356
20800 8403 -505
20900 16176 -1944
21000 147880 -2356
21100 26843 -2124
21200 13718 -16
21300 114688 -2332
21400 53359 -2253
21500 28596 313
21600 73012 -2287
21700 85696 -2299
21800 24765 271
21900 40644 67
22000 152878 -2331
22100 24070 264
22200 10779 -169
22300 119164 -2309
22400 50400 231
22500 27332 -5428
22600 76735 -2265
22700 79480 -2265
22800 25851 -5439
22900 45827 449
23000 124031 -2293
23100 9816 -237
23200 19753 788
23300 151329 -2297
23400 24105 805
23500 11100 -108
23600 119864 -2275
23700 49672 759
23800 27053 -5382
23900 77586 3528
24000 78618 3531
24100 26537 383
24200 44287 977
24300 120296 3503
24400 10834 -101
24500 9326 5495
24600 122475 3510
24700 45587 3621
24800 25843 401
24900 79229 3554
25000 74753 3563
25100 26668 426
25200 45668 3635
25300 117487 3531
25400 11141 -46
25500 20788 3843
25600 152017 3521
25700 18519 3897
25800 8749 -321
25900 124144 3542
26000 42874 3669
26100 25143 444
26200 81890 3585
26300 72327 3602
26400 27316 491
26500 46765 3668
26600 111705 3569
26700 12694 103
26800 22220 3858
26900 124385 3568
27000 42504 3699
27100 24121 469
27200 81152 3614
27300 70358 3632
27400 26823 528
27500 46217 3699
27600 111349 3595
27700 12339 116
27800 22976 3877
27900 151482 3580
28000 15717 4050
28100 7691 -628
28200 126564 3600
28300 38802 3758
28400 22660 499
28500 85897 3643
28600 66813 3675
28700 27564 597
28800 49945 3722
28900 105625 3635
29000 14372 271
29100 25348 3883
29200 147879 3615
29300 12954 4207
29400 22188 533
29500 83369 3673
29600 68183 3700
29700 26645 626
29800 47786 3758
29900 106184 3660
30000 13224 256
30100 24823 3920
30200 150466 3640
30300 14358 4173
30400 8009 -919
30500 131031 3657
30600 35238 3841
30700 20029 541
30800 89792 3701
30900 61749 3750
31000 26782 682
31100 53085 3778
31200 97932 3703
31300 16135 448
31400 28142 3921
31500 142772 3678
31600 10380 -1301
31700 10844 -1337
31800 84055 3735
31900 64420 3772
32000 25864 710
32100 49030 3819
32200 100868 3727
32300 13872 396
32400 26491 3969
32500 147234 3703
32600 12642 -1434
32700 9209 -1125
32800 134693 3716
32900 32439 3928
33000 17345 573
33100 93331 3759
33200 57178 3826
33300 24571 729
33400 55947 3836
33500 90942 3774
33600 17109 592
33700 30675 -1795
33800 136777 3742
33900 8490 -986
34000 12506 -1389
34100 146678 3745
34200 27563 -1747
34300 23012 729
34400 50118 -1878
34500 97427 -1967
34600 14175 522
34700 27106 -1729
34800 145649 -1995
34900 11280 -1287
35000 10638 -1231
35100 139400 -1984
35200 30331 -1746
35300 14631 582
35400 94975 -1940
35500 52965 -1856
35600 20640 705
35700 58604 -1867
35800 84767 -1915
35900 16829 679
36000 32922 -1746
36100 133458 -1953
36200 7564 -670
36300 14728 -1429
36400 154127 -1953
36500 24847 -1645
36600 9324 238
36700 50987 -1816
36800 94797 -1901
36900 13237 584
37000 28498 -1676
37100 141596 -1930
37200 10503 -1169
37300 12199 -1283
37400 142500 -1922
37500 29577 -1671
37600 11777 531
37700 97935 -1880
37800 49760 -1781
37900 15788 554
38000 61060 -1808
38100 79374 -1842
38200 14002 610
38300 35011 -1695
38400 127407 -1885
38500 7212 -384
38600 16888 -1437
38700 159720 -1889
38800 22309 -1543
38900 7682 26
39000 116503 -1860
39100 41126 -1708
39200 11352 527
39300 29615 -1619
39400 139796 -1863
39500 9891 -1051
39600 13405 -1287
39700 147118 -1858
39800 28271 -1589
39900 9281 383
40000 100952 -1813
40100 47035 -1709
40200 14002 -356
40300 63214 -1748
40400 74820 -1770
40500 10967 149
40600 36853 -1642
40700 122429 -1815
40800 7074 -198
40900 19065 -1428
41000 165411 -1826
41100 19978 -1439
41200 7148 -345
41300 123495 -1799
41400 38111 -1625
41500 12347 -365
41600 30055 -1556
41700 140959 -1797
41800 9475 -953
41900 13711 -1245
42000 153840 -1794
42100 27061 -1512
42200 7680 6
42300 104160 -1756
42400 45083 -1634
42500 44294 -1084
42600 63856 -1686
42700 71168 -1699
42800 31265 -973
42900 38676 -1586
43000 118080 -1745
43100 7318 -290
43200 21015 -1402
43300 172258 -1759
43400 18092 -1339
43500 8209 -668
43600 131326 -1735
43700 35684 -1541
43800 29510 -955
43900 82479 -1684
44000 57829 -1634
44100 9630 -882
44200 14629 -1216
44300 158764 -1724
44400 26124 -1437
44500 9439 -526
44600 106758 -1690
44700 44414 -1566
44800 82733 -1240
44900 65554 -1627
45000 68201 -1629
45100 76814 -1210
45200 40209 -1529
45300 113464 -1673
45400 10629 -670
45500 22811 -1363
45600 175560 -1690
45700 16774 -1245
45800 10386 -861
45900 141120 -1667
46000 33498 -1459
46100 58779 -1122
46200 87085 -1624
46300 54238 -1561
46400 106833 -1365
46500 13508 -1103
46600 186988 -1673
46700 25175 -1365
46800 24378 -926
46900 112204 -1624
47000 43255 -1495
47100 99959 -1347
47200 67328 -1567
47300 66367 -1563
47400 99457 -1345
47500 41622 -1470
47600 111381 -1602
47700 31666 -981
47800 24213 -1324
47900 167906 -1634
48000 16014 -1138
48100 13288 -960
48200 149320 -1603
48300 31711 -1380
48400 73043 -1202
48500 92569 -1563
48600 51271 -1484
48700 109511 -1464
48800 56258 -1496
48900 77918 -1536
49000 24947 -1300
49100 46842 -1047
49200 116418 -1552
49300 42083 -1419
49400 101966 -1435
49500 68387 -1506
49600 64415 -1494
49700 103265 -1454
49800 41645 -1403
49900 110279 -1528
50000 58258 -1121
50100 26000 -1281
50200 137851 -1585
50300 16872 -1055
50400 17226 -996
50500 133441 -1553
50600 30208 -1305
50700 76958 -1278
50800 99756 -1497
50900 48668 -1406
51000 101723 -1527
51100 59151 -1439
51200 75182 -1468
51300 94024 -1452
51400 59748 -1158
51500 120079 -1487
51600 41378 -1349
51700 95884 -1495
51800 69878 -1443
51900 64835 -1431
52000 97045 -1523
52100 42511 -1341
52200 109712 -1457
52300 69927 -1263
52400 26419 -1226
52500 104963 -1569
52600 21491 -1024
52700 23845 -998
52800 100243 -1530
52900 28996 -1234
53000 76762 -1343
53100 105502 -1432
53200 46413 -1327
53300 98878 -1574
53400 61964 -1380
53500 71577 -1397
53600 90213 -1529
53700 38105 -1272
53800 102666 -1436
53900 41146 -1282
54000 91174 -1544
54100 70634 -1378
54200 63988 -1360
54300 93394 -1561
54400 43089 -1277
54500 101970 -1395
54600 73291 -1367
54700 26677 -1169
54800 83862 -1560
54900 33167 -1013
55000 33114 -1003
55100 77069 -1532
55200 28225 -1167
55300 73091 -1389
55400 92481 -1380
55500 44514 -1253
55600 94562 -1577
55700 64607 -1317
55800 68985 -1322
55900 91170 -1560
56000 39769 -1216
56100 82946 4387
56200 68125 -1370
56300 89074 -1544
56400 72659 4454
56500 63485 4470
56600 95111 -1574
56700 43327 4547
56800 82825 4423
56900 70938 -1433
57000 27531 4644
57100 77383 4195
57200 41146 -1079
57300 38589 -1051
57400 72849 4207
57500 28109 4654
57600 68968 -1422
57700 66963 4432
57800 43021 4579
57900 96582 -1583
58000 69446 4514
58100 68741 4518
58200 96434 -1579
58300 41675 4598
58400 59595 4446
58500 68251 4319
58600 28216 4676
58700 80678 4167
58800 69005 4542
58900 100184 4167
59000 43612 4610
59100 55249 4474
59200 70821 4297
59300 28940 4671
59400 75509 4202
59500 45382 4599
59600 40989 4649
59700 75434 4200
59800 29244 4678
59900 67293 4326
60000 46306 4471
60100 41834 4645
60200 99087 4173
60300 69638 4586
60400 67731 4598
60500 100758 4170
60600 42751 4656
60700 44007 4514
60800 70880 4294
60900 29614 4667
61000 77402 4202
61100 47254 4552
61200 101941 4175
61300 42799 4672
61400 39968 4524
61500 72145 4291
61600 29920 4659
61700 79631 4200
61800 48089 4530
61900 44473 4578
62000 84800 4186
62100 30220 4663
62200 67383 4325
62300 38756 4493
62400 40380 -1061
62500 102796 4167
62600 53299 -1101
62700 59758 -1089
62800 107599 4155
62900 43033 -1055
63000 34694 -1183
63100 75096 4280
63200 30442 -1116
63300 77961 4226
63400 50142 4475
63500 44266 4558
63600 98318 4151
63700 32363 -1204
63800 73862 4286
63900 31165 -1128
64000 76754 4219
64100 48758 4490
64200 45758 4536
64300 84742 4200
64400 31609 -1123
64500 68088 4333
64600 36551 -1253
64700 37158 -1059
64800 107477 4156
64900 35467 -1008
65000 44108 -1005
65100 116466 4132
65200 44115 -1027
65300 29517 -1123
65400 79159 4266
65500 31407 -1152
65600 80234 -1526
65700 52196 4438
65800 44294 -1228
65900 114649 -1602
66000 34417 -1142
66100 74381 4293
66200 33127 -1152
66300 85432 -1545
66400 49231 -1288
66500 46858 -1256
66600 89483 -1558
66700 33095 -1145
66800 69198 4330
66900 36471 -1244
67000 33008 -1152
67100 114269 4146
67200 24518 -914
67300 30270 -918
67400 126891 4116
67500 38706 -1098
67600 27624 -1080
67700 81749 4261
67800 32370 -1167
67900 78291 -1501
68000 54347 -1334
68100 44699 -1243
68200 132342 -1605
68300 37349 -1169
68400 64196 -1391
68500 46967 -1344
68600 80486 -1503
68700 49864 -1288
68800 48332 -1268
68900 88619 -1534
69000 34641 -1160
69100 72774 -1441
69200 36342 -1223
69300 29954 -1232
69400 122922 -1631
69500 19906 -847
69600 21631 -828
69700 139067 -1665
69800 31720 -1239
69900 26642 -1055
70000 86787 -1512
70100 33769 -1178
70200 73184 -1474
70300 56027 -1338
70400 45581 -1246
70500 142214 -1592
70600 40131 -1190
70700 63522 -1376
70800 51052 -1346
70900 31067 -1191
71000 50292 -1281
71100 50091 -1267
71200 88238 -1498
71300 36253 -1169
71400 76124 -1449
71500 35379 -1202
71600 30214 -1229
71700 134380 -1650
71800 18228 -805
71900 20169 -821
72000 153811 -1686
72100 30908 -1262
72200 26089 -1029
72300 92109 -1526
72400 35515 -1182
72500 80987 -1457
72600 57266 -1337
72700 46666 -1248
72800 174568 -1588
72900 42984 -1200
73000 63132 -1364
73100 56808 -1359
73200 32924 -1175
73300 111467 -1586
73400 22709 -951
73500 106598 -1487
73600 38241 -1171
73700 81260 -1470
73800 36422 -1181
73900 31211 -1210
74000 147811 -1667
74100 18885 -795
74200 21006 -850
74300 167746 -1698
74400 31794 -1239
74500 26363 -1017
74600 97673 -1535
74700 38065 -1181
74800 89829 -1448
74900 57222 -1324
75000 47327 -1239
75100 212995 -1597
75200 45022 -1203
75300 63462 -1355
75400 64391 -1360
75500 35559 -1166
75600 120143 -1599
75700 24020 -970
75800 31446 -1255
75900 40615 -1167
76000 87952 -1488
76100 35300 -1138
76200 32518 -1184
76300 170707 -1699
76400 21442 -834
76500 23725 -957
76600 185699 -1716
76700 33166 -1197
76800 27619 -1024
76900 103247 -1544
77000 41483 -1174
77100 103586 -1433
77200 58184 -1322
77300 47624 -1233
77400 281571 -1574
77500 46070 -1198
77600 64156 -1347
77700 67332 -1344
77800 39307 -1157
77900 127428 -1603
78000 26152 -993
78100 32663 -1199
78200 215904 -1749
78300 31518 -1179
78400 33763 -1108
78500 34286 -1157
78600 200228 -1727
78700 25986 -964
78800 27008 -1028
78900 207198 -1738
79000 35879 -1163
79100 30802 -1047
79200 108739 -1552
79300 43516 -1158
79400 128545 -1435
79500 59136 -1315
79600 47820 -1219
79700 369275 -1547
79800 46419 -1186
79900 68959 -1328
80000 29715 -2853
80100 40808 -1156
80200 137242 -1610
80300 29209 -1033
80400 35112 -1147
80500 250098 -1771
80600 33324 -1157
80700 26354 -892
80800 37655 -1132
80900 235793 -1763
81000 30079 -1056
81100 29146 -1045
81200 230832 -1746
81300 39645 -1134
81400 38104 -1123
81500 113817 -1560
81600 44902 -1159
81700 165075 -1443
81800 59765 -1308
81900 48279 -1208
82000 473302 -1546
82100 46402 -1170
82200 68755 -1354
82300 92232 -1350
82400 44070 -1127
82500 152417 -1640
82600 33048 -1074
82700 38975 -1101
82800 292337 -1805
82900 36267 -1130
83000 29727 -979
83100 230708 -1741
83200 43942 -1126
83300 33832 -1086
83400 31863 -1057
83500 239695 -1743
83600 44324 -1122
83700 47267 -1182
83800 118693 -1561
83900 45261 -1145
84000 247457 -1473
84100 60145 -1295
84200 49219 -1200
84300 656917 -1534
84400 46358 -1152
84500 72902 -1364
84600 110374 -1368
84700 45462 -1114
84800 172935 -1661
84900 33977 -1088
85000 43175 -1066
85100 362004 -1831
85200 39808 -1105
85300 33332 -1051
85400 273986 -1772
85500 46168 -1101
85600 59850 -1240
85700 31858 -1035
85800 282883 -1781
85900 46451 -1098
86000 59376 -1243
86100 120770 -1562
86200 45339 -1135
86300 378805 -1501
86400 60140 -1281
86500 50103 -1193
86600 834204 -1559
86700 46259 -1133
86800 77757 -1385
86900 127574 -1381
87000 46301 -1091
87100 197869 -1694
87200 40694 -1117
87300 47527 -1038
87400 414081 -1856
87500 46553 -1049
87600 36914 -1069
87700 323373 -1796
87800 47810 -1076
87900 68571 -1265
88000 129955 -1582
88100 45510 -1123
88200 47592 -1069
88300 74015 -1295
88400 120372 -1546
88500 45736 -1117
88600 578462 -1504
88700 59700 -1258
88800 52317 -1190
88900 898558 -1565
89000 46392 -1114
89100 86149 -1404
89200 142053 -1392
89300 47061 -1065
89400 232226 -1720
89500 45650 -1146
89600 49402 -1020
89700 496127 -1867
89800 46575 -1050
89900 40705 -1098
90000 357619 -1814
90100 48777 -1046
90200 80164 -1286
90300 141202 -1598
90400 45844 -1100
90500 553288 -1531
90600 95919 -1341
90700 114018 -1521
90800 46020 -1111
90900 967124 4204
91000 59256 -1222
91100 54978 -1195
91200 926907 4177
91300 47562 -1119
91400 102842 -1466
91500 148760 4366
91600 48307 -1033
91700 283866 -1760
91800 49690 -1174
91900 48597 -1002
92000 633652 -1895
92100 47478 -1033
92200 44337 -1111
92300 417548 -1832
92400 49982 -1009
92500 91843 4450
92600 154351 -1602
92700 46714 -1089
92800 948267 4226
92900 68114 -1304
93000 52551 -1175
93100 47292 -1095
93200 944757 4214
93300 57852 -1200
93400 58843 -1207
93500 765883 4200
93600 47354 -1069
93700 123303 -1511
93800 142719 4377
93900 51545 -970
94000 365538 -1798
94100 54314 4543
94200 46148 4762
94300 827217 -1907
94400 46223 4736
94500 49169 4613
94600 466572 -1849
94700 50904 4784
94800 107450 4423
94900 163605 -1621
95000 47959 4684
95100 1233781 4180
95200 71246 -1303
95300 54850 4590
95400 3650944 4120
95500 1598725 4272
95600 57397 4582
95700 65233 4524
95800 653222 4213
95900 49345 4720
96000 149681 4191
96100 128780 4406
96200 51982 4796
96300 485750 3908
96400 56224 4561
96500 45870 4726
96600 1017511 3808
96700 47172 4717
96800 54498 4587
96900 498660 3919
97000 52070 4783
97100 122244 4415
97200 157623 4150
97300 39457 4856
97400 1297524 4143
97500 73464 4447
97600 57534 4577
97700 3514344 4261
97800 53110 4658
97900 100161 4290
98000 73563 4459
98100 720713 4388
98200 54024 4721
98300 187258 4128
98400 112744 4368
98500 50526 4765
98600 649025 3750
98700 60274 4554
98800 51762 4658
98900 1281747 3713
99000 53713 4701
99100 62609 4554
99200 562047 3925
99300 55017 4752
99400 150104 4387
99500 160748 4141
99600 56804 4671
99700 1669890 3920
99800 73780 4468
99900 61955 4545
100000 2388248 4202
