

 << Logging of terminal I/O resumes >> 

1000 118481 4259
1100 108376 4255
1200 99548 4252
1300 92490 4251
1400 86092 4249
1500 80663 4250
1600 75893 4249
1700 71666 4246
1800 67947 4244
1900 64528 4244
2000 61368 4244
2100 58509 4243
2200 56177 4241
2300 53757 4242
2400 51611 4239
2500 49739 4239
2600 47976 4241
2700 46278 4237
2800 44849 4237
2900 43403 4234
3000 41947 4236
3100 40586 4234
3200 39368 4234
3300 38490 4234
3400 37417 4235
3500 36369 4235
3600 35378 4233
3700 34536 4233
3800 33693 4233
3900 32805 4234
4000 32037 4232
4100 31326 4235
4200 30635 4233
4300 29990 4231
4400 29333 4232
4500 28789 4230
4600 28131 4230
4700 27564 4231
4800 27126 4228
4900 26564 4229
5000 26049 4228
5100 25624 4230
5200 25149 4230
5300 24627 4228
5400 24289 4230
5500 23810 4228
5600 23467 4227
5700 23021 4227
5800 22710 4230
5900 22335 4226
6000 21947 4228
6100 21632 4228
6200 21290 4226
6300 21009 4227
6400 20706 4229
6500 20335 4228
6600 20107 4227
6700 19811 4226
6800 19581 4225
6900 19318 4228
7000 19046 4228
7100 18836 4227
7200 18515 4226
7300 18303 -1534
7400 18097 -1536
7500 17833 -1532
7600 17600 -1533
7700 17352 -1534
7800 17212 -1534
7900 16973 -1534
8000 16801 -1535
8100 16636 -1534
8200 16403 -1534
8300 16243 -1534
8400 16035 -1534
8500 15912 -1534
8600 15725 -1534
8700 15520 -1537
8800 15366 -1536
8900 15223 -1535
9000 15000 -1536
9100 14875 -1536
9200 14726 -1538
9300 14569 -1535
9400 14430 -1537
9500 14269 -1537
9600 14191 -1536
9700 14034 -1537
9800 13875 -1536
9900 13757 -1536
10000 13625 -1536
10100 13520 -1536
10200 13388 -1538
10300 13248 -1537
10400 13145 -1536
10500 13036 -1539
10600 12914 -1536
10700 12777 -1536
10800 12678 -1539
10900 12555 -1539
11000 12465 -1535
11100 12355 -1540
11200 12247 -1540
11300 12164 -1539
11400 12053 -1538
11500 11981 -1538
11600 11858 -1539
11700 11759 -1541
11800 11617 -1539
11900 11568 -1537
12000 11477 -1538
12100 11386 -1539
12200 11313 -1540
12300 11219 -1538
12400 11114 -1538
12500 11068 -1537
12600 10977 -1540
12700 10863 -1538
12800 10823 -1540
12900 10726 -1541
13000 10644 -1541
13100 10551 -1538
13200 10494 -1541
13300 10428 -1540
13400 10330 -1543
13500 10270 -1540
13600 10214 -1539
13700 10127 -1539
13800 10097 -1541
13900 9977 -1541
14000 9906 -1539
14100 9839 -1543
14200 9779 -1542
14300 9730 -1545
14400 9633 -1543
14500 9600 -1542
14600 9518 -1540
14700 9492 -1543
14800 9426 -1542
14900 9364 -1544
15000 9310 -1542
15100 9228 -1541
15200 9173 -1543
15300 9129 -1546
15400 9068 -1543
15500 8982 -1545
15600 8977 -1542
15700 8925 -1543
15800 8868 -1545
15900 8794 -1545
16000 8755 -1544
16100 8697 -1544
16200 8651 -1544
16300 8599 -1547
16400 8523 -1545
16500 8492 -1544
16600 8460 -1548
16700 8397 -1543
16800 8372 -1547
16900 8302 -1548
17000 8260 -1543
17100 8197 -1544
17200 8182 -1547
17300 8126 -1547
17400 8070 -1545
17500 8032 -1544
17600 7964 -1547
17700 7958 -1547
17800 7926 -1546
17900 7861 -1549
18000 7845 -1547
18100 7793 -1549
18200 7743 -1550
18300 7730 -1547
18400 7662 -1546
18500 7613 -1545
18600 7559 -1550
18700 7537 -1551
18800 7507 -1552
18900 7455 -1549
19000 7443 -1549
19100 7381 -1552
19200 7358 -1550
19300 7334 -1550
19400 7283 -1551
19500 7228 -1552
19600 7227 -1550
19700 7175 -1552
19800 7143 -1553
19900 7134 -1552
20000 7106 -1552
20100 7066 -1552
20200 7024 -1552
20300 6995 -1552
20400 6933 -1555
20500 6899 -1552
20600 6889 -1553
20700 6864 -1555
20800 6817 -1556
20900 6796 -1552
21000 6752 -1554
21100 6743 -1555
21200 6711 -1553
21300 6673 -1555
21400 6631 -1555
21500 6595 -1556
21600 6560 -1554
21700 6535 -1556
21800 6517 -1552
21900 6497 -1553
22000 6431 -1556
22100 6424 -1558
22200 6410 -1553
22300 6393 -1554
22400 6357 -1557
22500 6322 -1554
22600 6322 -1556
22700 6280 -1556
22800 6253 -1557
22900 6216 -1558
23000 6194 -1559
23100 6179 -1555
23200 6150 -1554
23300 6139 -1557
23400 6124 -1557
23500 6074 -1557
23600 6062 -1557
23700 6021 -1557
23800 6013 -1557
23900 5980 -1555
24000 5971 -1563
24100 5937 -1560
24200 5898 -1558
24300 5869 -1561
24400 5881 -1561
24500 5855 -1559
24600 5825 -1562
24700 5814 -1559
24800 5764 -1565
24900 5751 -1563
25000 5745 -1560
25100 5724 -1562
25200 5666 -1560
25300 5649 -1562
25400 5661 -1558
25500 5656 -1560
25600 5607 -1558
25700 5576 -1563
25800 5568 -1566
25900 5530 -1562
26000 5537 -1563
26100 5510 -1559
26200 5481 -1565
26300 5463 -1560
26400 5441 -1566
26500 5400 -1565
26600 5416 -1566
26700 5370 -1565
26800 5398 -1567
26900 5365 -1564
27000 5330 -1564
27100 5331 -1568
27200 5312 -1566
27300 5282 -1566
27400 5252 -1563
27500 5225 -1570
27600 5211 -1567
27700 5201 -1565
27800 5192 -1562
27900 5164 -1568
28000 5157 -1565
28100 5132 -1571
28200 5127 -1568
28300 5099 -1566
28400 5074 -1572
28500 5046 -1570
28600 5052 -1566
28700 5039 -1571
28800 5016 -1568
28900 5008 -1573
29000 4984 -1570
29100 4975 -1567
29200 4959 -1571
29300 4947 -1574
29400 4940 4190
29500 4889 4194
29600 4884 4190
29700 4885 4187
29800 4886 4191
29900 4851 4189
30000 4812 4184
30100 4809 4189
30200 4782 4187
30300 4780 4186
30400 4751 4184
30500 4764 4190
30600 4729 4189
30700 4754 4185
30800 4715 4187
30900 4686 4185
31000 4655 4185
31100 4667 4184
31200 4661 4185
31300 4642 4184
31400 4616 4184
31500 4605 4184
31600 4570 4188
31700 4578 4186
31800 4564 4187
31900 4554 4187
32000 4532 4181
32100 4532 4181
32200 4524 4183
32300 4520 4184
32400 4469 4180
32500 4474 4181
32600 4475 4184
32700 4485 4184
32800 4430 4182
32900 4440 4184
33000 4431 4178
33100 4410 4185
33200 4400 4179
33300 4386 4185
33400 4381 4179
33500 4345 4180
33600 4370 4180
33700 4338 4181
33800 4297 4181
33900 4301 4177
34000 4311 4184
34100 4309 4178
34200 4278 4179
34300 4263 4181
34400 4264 4175
34500 4247 4178
34600 4235 4180
34700 4217 4182
34800 4224 4177
34900 4212 4180
35000 4168 4178
35100 4189 4173
35200 4185 4175
35300 4176 4178
35400 4143 4176
35500 4145 4179
35600 4127 4170
35700 4130 4174
35800 4092 4173
35900 4105 4178
36000 4087 4169
36100 4094 4173
36200 4067 4173
36300 4039 4174
36400 4074 4170
36500 4047 4172
36600 4023 4171
36700 4000 4173
36800 3979 4176
36900 4017 4170
37000 3996 4170
37100 3982 4175
37200 3963 4181
37300 3969 4170
37400 3953 4174
37500 3957 4166
37600 3945 4168
37700 3935 4173
37800 3933 4166
37900 3885 4169
38000 3881 4174
38100 3892 4168
38200 3885 4170
38300 3888 4164
38400 3847 4170
38500 3861 -1587
38600 3826 -1595
38700 3836 -1590
38800 3837 -1596
38900 3806 -1591
39000 3814 -1596
39100 3791 -1591
39200 3802 -1598
39300 3775 -1592
39400 3789 -1597
39500 3766 -1590
39600 3743 -1593
39700 3756 -1598
39800 3734 -1593
39900 3757 -1597
40000 3747 -1593
40100 3688 -1590
40200 3715 -1587
40300 3687 -1589
40400 3718 -1596
40500 3700 -1599
40600 3674 -1600
40700 3677 -1592
40800 3654 -1594
40900 3643 -1594
41000 3632 -1597
41100 3628 -1597
41200 3606 -1600
41300 3595 -1601
41400 3599 -1601
41500 3601 -1592
41600 3597 -1592
41700 3602 -1592
41800 3563 -1602
41900 3558 -1603
42000 3560 -1601
42100 3555 -1601
42200 3561 -1603
42300 3569 -1602
42400 3534 -1595
42500 3503 -1600
42600 3510 -1599
42700 3510 -1600
42800 3528 -1599
42900 3454 -1601
43000 3483 -1596
43100 3446 -1605
43200 3470 -1602
43300 3443 -1610
43400 3459 -1612
43500 3450 -1596
43600 3428 -1604
43700 3405 -1611
43800 3428 -1607
43900 3375 -1602
44000 3404 -1600
44100 3384 -1606
44200 3373 -1612
44300 3399 -1610
44400 3369 -1601
44500 3354 -1607
44600 3388 -1604
44700 3372 -1609
44800 3333 -1601
44900 3329 -1605
45000 3315 -1608
45100 3310 -1611
45200 3282 -1599
45300 3281 -1605
45400 3272 -1608
45500 3269 -1608
45600 3268 -1613
45700 3258 -1614
45800 3236 -1604
45900 3247 -1605
46000 3240 -1608
46100 3240 -1611
46200 3244 -1610
46300 3250 -1614
46400 3251 -1616
46500 3192 -1604
46600 3205 -1605
46700 3208 -1606
46800 3213 -1607
46900 3171 -1609
47000 3179 -1608
47100 3184 -1609
47200 3199 -1611
47300 3159 -1613
47400 3155 -1612
47500 3131 -1613
47600 3143 -1613
47700 3159 -1613
47800 3125 -1611
47900 3139 -1612
48000 3106 -1607
48100 3124 -1610
48200 3089 -1604
48300 3116 -1609
48400 3087 -1604
48500 3102 -1620
48600 3073 -1615
48700 3099 -1616
48800 3067 -1610
48900 3104 -1613
49000 3079 -1604
49100 3032 -1616
49200 3061 -1617
49300 3042 -1611
49400 3062 -1627
49500 3034 -1620
49600 3013 -1611
49700 3062 -1614
49800 3023 -1619
49900 2996 -1614
50000 2999 -1606
50100 3007 -1622
50200 2994 -1612
50300 3013 -1629
50400 3003 -1620
50500 2968 -1626
50600 2965 -1615
50700 3019 -1616
50800 2976 -1623
50900 2976 -1612
51000 2937 -1616
51100 2953 -1632
51200 2957 -1619
51300 2927 -1626
51400 2933 -1614
51500 2904 -1616
51600 2955 -1618
51700 2936 -1619
51800 2895 -1619
51900 2919 -1609
52000 2927 -1625
52100 2895 -1627
52200 2868 -1627
52300 2890 -1612
52400 2905 -1630
52500 2883 -1630
52600 2903 -1616
52700 2881 -1615
52800 2850 -1614
52900 2862 -1629
53000 2843 -1628
53100 2881 -1616
53200 2856 -1611
53300 2849 -1607
53400 2854 -1626
53500 2836 -1623
53600 2825 -1619
53700 2798 -1612
53800 2817 -1628
53900 2802 -1624
54000 2796 -1619
54100 2790 -1614
54200 2796 -1632
54300 2786 -1624
54400 2795 -1616
54500 2788 -1635
54600 2792 -1628
54700 2782 -1620
54800 2782 -1615
54900 2792 -1633
55000 2792 -1622
55100 1882 1846
55200 2731 -1636
55300 2736 -1628
55400 2742 -1620
55500 2751 -1636
55600 2754 -1630
55700 2697 -1619
55800 2701 -1635
55900 2717 -1629
56000 2730 -1620
56100 2743 -1635
56200 2679 -1624
56300 2679 -1642
56400 2712 -1631
56500 2730 -1621
56600 2664 -1633
56700 2687 -1624
56800 2712 -1614
56900 2648 -1625
57000 2653 -1642
57100 2685 -1630
57200 2632 -1617
57300 2653 -1631
57400 1834 1891
57500 2699 -1638
57600 2651 -1621
57700 2658 -1637
57800 2628 -1615
57900 2643 -1632
58000 2650 -1648
58100 2610 -1630
58200 2620 -1645
58300 2601 -1622
58400 2601 -1637
58500 2651 -1630
58600 2585 -1631
58700 2636 -1620
58800 2582 -1621
58900 2587 -1640
59000 2641 -1628
59100 2579 -1628
59200 2595 -1647
59300 2536 -1642
59400 2598 -1634
59500 2534 -1633
59600 2596 -1624
59700 2549 -1623
59800 2556 -1638
59900 2563 -1653
60000 2571 -1625
60100 2581 -1642
60200 2530 -1635
60300 2536 -1651
60400 2556 -1621
60500 2564 -1637
60600 2514 -1631
60700 2522 -1647
60800 2470 -1637
60900 2560 -1632
61000 2563 -1647
61100 2523 -1637
61200 2485 -1624
61300 2492 -1641
61400 2497 -1659
61500 2461 -1643
61600 2553 -1644
61700 2513 -1630
61800 2526 -1647
61900 2488 -1633
62000 2495 -1645
62100 2471 -1633
62200 2482 -1647
62300 2449 -1633
62400 2462 -1647
62500 2425 -1631
62600 2437 -1646
62700 2421 -1627
62800 2420 -1641
62900 2437 -1658
63000 2412 -1638
63100 2423 -1655
63200 2414 -1635
63300 1595 1968
63400 2411 -1629
63500 5269 376
63600 2428 4100
63700 2417 4120
63800 2428 4105
63900 2424 4128
64000 2430 4110
64100 2443 4136
64200 2449 4119
64300 2459 4103
64400 2364 4125
64500 2377 4112
64600 2384 4134
64700 2392 4117
64800 2408 4100
64900 2408 4126
65000 2415 4111
65100 2323 4098
65200 2349 4121
65300 2413 4122
65400 2379 4134
65500 2387 4117
65600 2392 4101
65700 2322 4135
65800 2335 4119
65900 1512 2030
66000 2378 4127
66100 2397 4115
66200 2290 4112
66300 2294 4093
66400 2335 4124
66500 2359 4108
66600 2256 4103
66700 2303 4132
66800 2317 4118
66900 2326 4101
67000 2345 4084
67100 2289 4128
67200 2294 4116
67300 2319 4099
67400 2326 4084
67500 2279 4134
67600 2293 4117
67700 2304 4102
67800 2199 4110
67900 2219 4094
68000 2298 4122
68100 2311 4107
68200 2316 4089
68300 2245 4106
68400 2243 4088
68500 2329 4112
68600 1399 2127
68700 2246 4115
68800 2254 4098
68900 2266 4083
69000 2163 4103
69100 2286 4128
69200 2287 4114
69300 2213 4134
69400 2221 4121
69500 2238 4104
69600 2244 4089
69700 2171 4113
69800 2177 4099
69900 2299 4117
70000 2198 4068
70100 2232 4134
70200 2237 4115
70300 2252 4102
70400 2265 4085
70500 1351 2160
70600 2211 4101
70700 2217 4086
70800 2158 4123
70900 2166 4105
71000 2178 4089
71100 2191 4074
71200 2137 4117
71300 2140 4101
71400 2156 4080
71500 2099 4131
71600 2114 4112
71700 2128 4099
71800 2133 4079
71900 2147 4061
72000 2111 4113
72100 2124 4095
72200 2137 4080
72300 2091 4132
72400 2103 4114
72500 2114 4097
72600 2129 4083
72700 4773 147
72800 1279 2213
72900 2135 4103
73000 2140 4089
73100 2165 4072
73200 2140 4127
73300 2150 4109
73400 2160 4092
73500 1308 2182
73600 2183 -1630
73700 2192 -1645
73800 2208 -1655
73900 2057 -1672
74000 2058 -1690
74100 2071 -1629
74200 2086 -1643
74300 2091 -1661
74400 2088 -1679
74500 2124 -1696
74600 2157 -1631
74700 2173 -1650
74800 2195 -1664
74900 2003 -1666
75000 4624 83
75100 1205 -3572
75200 2070 -1637
75300 2071 -1653
75400 2085 -1662
75500 2094 -1684
75600 2103 -1698
75700 2192 -1639
75800 2026 -1624
75900 2036 -1639
76000 2046 -1653
76100 2053 -1667
76200 2073 -1686
76300 2087 -1703
76400 2159 -1642
76500 1993 -1617
76600 2003 -1637
76700 2018 -1648
76800 2021 -1665
76900 2040 -1679
77000 4404 26
77100 1223 -3523
77200 2024 -1601
77300 2034 -1616
77400 1227 -3430
77500 2051 -1652
77600 4401 26
77700 1233 -3471
77800 2093 -1697
77900 1920 -1649
78000 1924 -1664
78100 1944 -1682
78200 1946 -1698
78300 1976 -1714
78400 2104 -1658
78500 1987 -1603
78600 1998 -1620
78700 2006 -1638
78800 2005 -1653
78900 2026 -1666
79000 2033 -1683
79100 2038 -1698
79200 1905 -1634
79300 1915 -1652
79400 1924 -1661
79500 1922 -1681
79600 1947 -1693
79700 1150 -3465
79800 1855 -1632
79900 4367 135
80000 2251 -3423
80100 2549 -1850
80200 1882 -1697
80300 1895 -1710
80400 1907 -1724
80500 1789 -1641
80600 1806 -1648
80700 2059 -1631
80800 1828 -1687
80900 1829 -1702
81000 1843 -1711
81100 2107 -1575
81200 1871 -1745
81300 2108 -1616
81400 1796 -1645
81500 1820 -1678
81600 2098 -1663
81700 2110 -1672
81800 1857 -1718
81900 1790 -1613
82000 1049 -3340
82100 1813 -1644
82200 4180 -83
82300 1067 -3388
82400 1844 -1692
82500 1854 -1707
82600 1859 -1723
82700 1862 -1737
82800 1873 -1619
82900 1881 -1640
83000 1905 -1650
83100 1923 -1676
83200 1938 -1689
83300 1556 -1696
83400 1933 -1716
83500 1952 -1734
83600 1962 -1749
83700 1973 -1626
83800 1990 -1646
83900 1996 -1671
84000 1160 -3380
84100 1747 -1674
84200 1755 -1686
84300 1021 -3381
84400 1771 -1716
84500 4122 -112
84600 1107 -3297
84700 1916 -1621
84800 1917 -1633
84900 1920 -1653
85000 1935 -1670
85100 1947 -1682
85200 1962 -1700
85300 1978 -1716
85400 1981 -1732
85500 1664 -1694
85600 1686 -1703
85700 1693 -1718
85800 1805 -1585
85900 3907 -98
86000 1830 -1618
86100 1853 -1642
86200 3712 -96
86300 1071 -3327
86400 1886 -1681
86500 1885 -1692
86600 1108 -3393
86700 1898 -1725
86800 4034 -131
86900 1682 -1667
87000 1687 -1678
87100 1693 -1702
87200 1707 -1709
87300 1705 -1733
87400 1732 -1744
87500 1745 -1764
87600 1730 -1771
87700 2032 -1660
87800 2031 -1678
87900 2045 -1698
88000 2065 -1701
88100 1775 -1599
88200 3950 -116
88300 1823 -1644
88400 1810 -1638
88500 4043 -169
88600 1023 -3321
88700 1860 -1687
88800 3910 -136
88900 1048 -3377
89000 1884 -1728
89100 1912 -1751
89200 1061 -3425
89300 1762 -1616
89400 1772 -1622
89500 1768 -1647
89600 1789 -1667
89700 1819 -1677
89800 1823 -1690
89900 1835 -1704
90000 1837 -1727
90100 1854 -1744
90200 1854 -1751
90300 1866 -1766
90400 1870 -1778
90500 1698 -1600
90600 1699 -1621
90700 1748 -1633
90800 3959 -182
90900 962 2490
91000 1723 -1670
91100 3906 -123
91200 1770 -1699
91300 1768 -1722
91400 1791 -1743
91500 1806 -1750
91600 1811 -1763
91700 1838 -1795
91800 1828 -1564
91900 1850 -1594
92000 1862 -1602
92100 1865 -1623
92200 1866 -1631
92300 1889 -1652
92400 1916 -1663
92500 1913 -1686
92600 1911 -1705
92700 1913 -1712
92800 1946 -1731
92900 1951 -1736
93000 1957 -1750
93100 3979 -223
93200 1084 2402
93300 1411 -1526
93400 1427 -1533
93500 771 2654
93600 1438 -1559
93700 1455 -1570
93800 1475 -1585
93900 1495 -1604
94000 1482 -1623
94100 1466 -1635
94200 1511 -1629
94300 1505 -1663
94400 1526 -1678
94500 1532 -1706
94600 1543 -1702
94700 1526 -1733
94800 1593 -1733
94900 1531 -1765
95000 3762 -203
95100 1588 -1787
95200 1604 -1813
95300 1604 -1818
95400 856 2390
95500 1637 -1845
95600 1635 -1872
95700 3910 -309
95800 1663 -1470
95900 1178 -1780
96000 1696 -1510
96100 1707 -1517
96200 1685 -1517
96300 1695 -1550
96400 1720 -1565
96500 1742 -1575
96600 1744 -1599
96700 1787 -1599
96800 1774 -1622
96900 1778 -1631
97000 1795 -1653
97100 1821 -1664
97200 1839 -1679
97300 1752 -1672
97400 1854 -1727
97500 1896 -1728
97600 1884 -1761
97700 1902 -1743
97800 1344 -1497
97900 1360 -1516
98000 3847 -383
98100 1386 -1536
98200 1925 -1834
98300 1389 -1557
98400 1406 -1582
98500 1422 -1599
98600 1445 -1599
98700 1441 -1630
98800 1434 -1623
98900 1451 -1644
99000 1456 -1661
99100 1446 -1683
99200 1475 -1703
99300 1481 -1709
99400 1497 -1731
99500 1487 -1725
99600 1547 -1743
99700 1526 -1772
99800 1525 -1800
99900 1569 -1789
100000 1530 -1825
