

 << Logging of terminal I/O resumes >> 

1000 3191 597
1100 3084 688
1200 2988 773
1300 2865 861
1400 2732 944
1500 2592 1016
1600 2489 1074
1700 2362 1142
1800 2226 1207
1900 2126 1263
2000 2022 1317
2100 1922 1362
2200 1794 1404
2300 1724 1442
2400 1627 1480
2500 1561 1514
2600 1471 1543
2700 1413 1562
2800 1351 1592
2900 1292 1622
3000 1242 1634
3100 1184 1662
3200 1132 1689
3300 1080 1716
3400 1036 1723
3500 1010 1752
3600 968 1758
3700 922 1782
3800 906 3597
3900 882 3592
4000 882 3571
4100 836 3586
4200 836 3565
4300 836 3544
4400 816 3521
4500 813 3521
4600 792 3519
4700 792 3496
4800 792 3475
4900 814 3455
5000 772 3452
5100 792 3435
5200 772 3411
5300 771 3415
5400 771 3396
5500 770 3400
5600 775 5211
5700 769 5219
5800 784 -506
5900 802 -494
6000 818 -457
6100 812 -444
6200 836 -398
6300 871 -390
6400 866 -373
6500 908 -334
6600 902 -314
6700 921 -273
6800 938 -255
6900 956 -233
7000 976 -187
7100 964 -160
7200 986 -101
7300 1026 -81
7400 1015 -26
7500 1026 8
7600 1008 46
7700 1050 94
7800 1027 132
7900 1062 188
8000 1066 215
8100 1044 -5482
8200 1010 -5435
8300 1033 -5414
8400 1034 -5359
8500 1021 -5326
8600 1018 -5270
8700 979 -5234
8800 972 -5183
8900 963 -5129
9000 950 -5106
9100 956 -5039
9200 915 -5007
9300 915 -4966
9400 935 -4937
9500 932 -4899
9600 914 -4848
9700 910 -4806
9800 880 -4752
9900 857 -4733
10000 833 -4682
10100 808 -4666
10200 783 -4619
10300 782 -2751
10400 766 -2762
10500 781 -2772
10600 766 -2779
10700 765 -2772
10800 782 -2777
10900 767 -2790
11000 754 -2797
11100 756 -2793
11200 744 -2799
11300 748 -2790
11400 737 -2797
11500 738 -2826
11600 715 -2809
11700 751 -2812
11800 743 -960
11900 732 -938
12000 763 -889
12100 771 -850
12200 784 -808
12300 798 -764
12400 835 -739
12500 850 -688
12600 862 -642
12700 874 -591
12800 911 -533
12900 896 -487
13000 934 -428
13100 947 -398
13200 955 -343
13300 994 -278
13400 971 -223
13500 977 -161
13600 981 -103
13700 983 -43
13800 983 -7
13900 953 57
14000 980 118
14100 974 176
14200 969 237
14300 935 298
14400 922 328
14500 916 378
14600 907 435
14700 891 461
14800 856 518
14900 847 568
15000 807 597
15100 774 654
15200 790 689
15300 781 734
15400 743 760
15500 736 801
15600 699 827
15700 694 865
15800 690 -2906
15900 672 -2916
16000 684 -2913
16100 666 -2924
16200 677 -2920
16300 678 -2941
16400 674 -2924
16500 674 -2946
16600 669 -2928
16700 701 -2943
16800 685 -2948
16900 682 -2931
17000 667 -2938
17100 668 -2960
17200 668 -2938
17300 684 -2940
17400 686 -2965
17500 687 -2947
17600 674 -2951
17700 662 -2953
17800 679 -2959
17900 667 -2961
18000 686 -2970
18100 674 -2970
18200 664 -2966
18300 694 -890
18400 697 -846
18500 721 -787
18600 734 -768
18700 736 -719
18800 760 -660
18900 764 -608
19000 774 -585
19100 800 -522
19200 777 -477
19300 778 -418
19400 810 -385
19500 809 -328
19600 808 -268
19700 804 -210
19800 807 -181
19900 776 -126
20000 796 -63
20100 791 -3
20200 788 22
20300 779 80
20400 772 137
20500 790 163
20600 755 217
20700 747 270
20800 739 324
20900 728 345
21000 719 396
21100 685 418
21200 678 466
21300 671 2741
21400 672 2719
21500 677 2728
21600 657 2712
21700 685 2709
21800 670 2727
21900 680 2735
22000 681 2713
22100 689 2720
22200 668 2709
22300 679 2715
22400 690 2722
22500 690 2701
22600 703 2705
22700 684 2699
22800 695 2705
22900 676 2699
23000 690 2701
23100 672 2700
23200 686 2704
23300 687 2681
23400 702 2686
23500 684 2683
23600 700 2686
23700 683 2684
23800 700 2689
23900 718 2687
24000 702 2688
24100 702 2668
24200 705 2690
24300 707 2669
24400 709 2693
24500 710 2672
24600 731 2667
24700 718 2672
24800 737 2666
24900 725 2672
25000 726 2652
25100 735 2675
25200 724 2679
25300 726 2658
25400 736 2680
25500 737 2660
25600 750 2679
25700 751 2660
25800 743 2669
25900 767 2658
26000 736 2654
26100 751 2675
26200 754 2653
26300 747 2661
26400 747 2642
26500 767 2659
26600 762 2666
26700 763 2647
26800 760 2655
26900 781 2668
27000 758 2643
27100 780 2657
27200 779 2663
27300 779 2670
27400 805 2654
27500 805 2661
27600 807 2668
27700 808 2679
27800 810 2657
27900 813 2664
28000 816 2673
28100 820 2681
28200 826 2687
28300 856 2691
28400 862 2693
28500 846 2706
28600 872 2679
28700 887 2710
28800 897 2715
28900 908 2716
29000 917 2722
29100 929 2726
29200 943 2725
29300 955 2728
29400 944 2741
29500 948 2721
29600 963 2722
29700 953 2738
29800 956 2715
29900 958 2693
30000 952 2708
30100 968 2708
30200 950 2701
30300 950 2681
30400 969 2681
30500 951 2672
30600 947 2689
30700 949 2669
30800 970 2667
30900 952 2663
31000 933 2662
31100 954 2655
31200 938 2656
31300 959 2654
31400 943 2653
31500 946 2634
31600 950 2654
31700 934 2651
31800 960 2647
31900 946 2647
32000 932 2651
32100 933 2630
32200 944 2649
32300 930 2653
32400 932 2632
32500 922 2634
32600 934 2654
32700 936 2633
32800 928 2636
32900 917 2644
33000 918 2627
33100 911 2631
33200 928 2648
33300 929 2630
33400 924 2636
33500 918 2643
33600 918 2627
33700 914 2636
33800 909 2641
33900 910 2625
34000 907 2637
34100 910 2617
34200 906 2628
34300 903 2640
34400 906 2620
34500 905 2632
34600 904 2643
34700 906 2625
34800 879 2637
34900 879 2620
35000 881 -3128
35100 885 -3117
35200 886 -3133
35300 889 -3120
35400 892 -3138
35500 866 -3123
35600 867 -3138
35700 874 -3126
35800 881 -3112
35900 881 -3131
36000 861 -3111
36100 864 -3128
36200 871 -3113
36300 873 -3132
36400 855 -3109
36500 856 -3127
36600 866 -3114
36700 869 -3131
36800 854 -3109
36900 855 -3123
37000 868 -3111
37100 842 -3116
37200 843 -3131
37300 859 -3120
37400 835 -3125
37500 850 -3109
37600 823 -3111
37700 826 -3129
37800 844 -3117
37900 819 -3115
38000 839 -3104
38100 841 -3121
38200 816 -3116
38300 838 -3107
38400 816 -3103
38500 817 -3118
38600 839 -3110
38700 817 -3103
38800 818 -3121
38900 797 -3113
39000 823 -3103
39100 825 -3122
39200 802 -3110
39300 805 -3129
39400 811 -3096
39500 811 -3110
39600 792 -3098
39700 795 -3117
39800 823 -3110
39900 806 -3095
40000 813 -3117
40100 792 -3094
40200 793 -3117
40300 779 -3100
40400 781 -3118
40500 810 -3110
40600 796 -3094
40700 799 -3113
40800 785 -3095
40900 787 -3111
41000 776 -3093
41100 777 -3109
41200 778 -3124
41300 770 -3104
41400 771 -3121
41500 760 -3098
41600 763 -3115
41700 756 -3092
41800 757 -3107
41900 759 -3123
42000 752 -3101
42100 788 -3109
42200 748 -3092
42300 752 -3108
42400 746 -3080
42500 747 -3097
42600 751 -3117
42700 749 -3088
42800 750 -3105
42900 750 -3077
43000 752 -3096
43100 753 -3112
43200 755 -3084
43300 758 -3103
43400 759 -3075
43500 761 -3089
43600 729 -3105
43700 734 -3077
43800 735 -3091
43900 738 -3107
44000 744 -3079
44100 745 -3095
44200 747 -3112
44300 720 -3075
44400 721 -3090
44500 723 -3105
44600 734 -3078
44700 735 -3095
44800 736 -3109
44900 716 -3067
45000 718 -3085
45100 719 -3097
45200 734 -3071
45300 737 -3087
45400 701 -3086
45500 720 -3055
45600 723 -3074
45700 723 -3086
45800 709 -3037
45900 712 -3053
46000 713 -3071
46100 714 -3086
46200 718 -3102
46300 707 -3048
46400 708 -3061
46500 710 -3076
46600 714 -3093
46700 683 -3081
46800 707 -3054
46900 711 -3071
47000 712 -3086
47100 681 -3069
47200 684 -3085
47300 714 -3058
47400 715 -3080
47500 690 -3056
47600 692 -3074
47700 693 -3090
47800 696 -3026
47900 699 -3045
48000 699 -3059
48100 701 -3075
48200 680 -3050
48300 681 -3064
48400 682 -3079
48500 686 -3094
48600 698 -3033
48700 699 -3048
48800 702 -3069
48900 683 -3033
49000 685 -3050
49100 686 -3064
49200 690 -3081
49300 670 -3048
49400 671 -3062
49500 674 -3078
49600 659 -3039
49700 660 -3054
49800 663 -3069
49900 666 -3087
50000 649 -3042
50100 651 -3060
50200 654 -3075
50300 695 -3069
50400 686 -3029
50500 690 -3045
50600 691 -3061
50700 638 -3031
50800 684 -3034
50900 686 -3052
51000 644 2681
51100 684 2738
51200 687 2720
51300 687 2706
51400 689 2692
51500 643 2735
51600 644 2718
51700 645 2703
51800 649 2686
51900 651 2736
52000 651 2721
52100 654 2704
52200 657 2691
52300 658 2737
52400 660 2724
52500 664 2708
52600 664 2698
52700 673 2742
52800 628 2738
52900 678 2714
53000 630 2710
53100 641 2760
53200 642 2744
53300 645 2728
53400 647 2715
53500 649 2696
53600 664 2750
53700 667 2731
53800 625 2741
53900 626 2725
54000 627 2709
54100 647 2760
54200 649 2746
54300 649 2730
54400 653 2723
54500 656 2699
54600 607 2717
54700 635 2766
54800 638 2750
54900 639 2734
55000 641 2719
55100 645 2704
55200 646 2690
55300 630 2781
55400 634 2763
55500 636 2747
55600 637 2732
55700 640 2712
55800 642 2700
55900 598 2730
56000 638 2776
56100 640 2761
56200 641 2749
56300 643 2722
56400 610 2769
56500 612 2754
56600 612 2744
56700 616 2724
56800 618 2709
56900 656 2750
57000 621 2793
57100 625 2779
57200 625 2769
57300 627 2750
57400 631 2734
57500 632 2720
57600 603 2772
57700 607 2752
57800 609 2739
57900 609 2728
58000 580 2783
58100 583 2767
58200 583 2757
58300 586 2740
58400 589 2721
58500 643 2748
58600 569 2776
58700 628 2792
58800 630 2775
58900 631 2765
59000 634 2749
59100 637 2732
59200 615 2800
59300 618 2782
59400 621 2767
59500 622 2754
59600 624 2738
59700 616 2807
59800 616 2798
59900 618 2783
60000 622 2762
60100 623 2753
60200 625 2737
60300 616 2807
60400 618 2793
60500 619 2780
60600 622 2765
60700 625 2751
60800 626 2738
60900 628 2812
61000 565 2795
61100 566 2783
61200 567 2768
61300 570 2751
61400 573 2836
61500 574 2825
61600 577 2806
61700 579 2790
61800 580 2778
61900 582 2763
62000 586 2744
62100 601 2831
62200 603 2817
62300 607 2796
62400 608 2785
62500 610 2773
62600 551 2776
62700 616 2739
62800 570 2856
62900 573 2840
63000 576 2827
63100 577 2811
63200 580 2795
63300 583 2774
63400 584 2768
63500 586 2753
63600 621 2833
63700 623 2812
63800 558 2857
63900 561 2839
64000 565 2824
64100 565 2812
64200 567 2792
64300 571 2775
64400 571 2765
64500 572 2761
64600 577 2732
64700 613 2812
64800 560 2866
64900 565 2849
65000 566 2830
65100 567 2820
65200 571 2805
65300 573 2793
65400 574 2779
65500 577 2760
65600 580 2744
65700 519 2817
65800 521 2805
65900 525 2780
66000 588 2851
66100 589 2836
66200 592 2822
66300 596 2807
66400 597 2793
66500 598 2778
66600 562 2858
66700 562 2841
66800 565 2833
66900 567 2808
67000 570 2800
67100 571 2786
67200 574 2769
67300 530 2869
67400 531 2855
67500 534 2835
67600 537 2823
67700 537 2810
67800 541 2796
67900 544 2776
68000 545 2766
68100 547 2756
68200 525 2866
68300 529 2848
68400 527 2836
68500 530 2815
68600 534 2801
68700 533 2795
68800 537 2782
68900 540 2758
69000 514 2889
69100 515 2871
69200 517 2856
69300 520 2847
69400 521 2833
69500 520 2813
69600 526 2800
69700 527 2787
69800 530 2772
69900 533 -2853
70000 534 -2871
70100 537 -2884
70200 540 -2901
70300 540 -2907
70400 543 -2924
70500 546 -2949
70600 547 -2955
70700 550 -2969
70800 554 -2990
70900 556 -2850
71000 557 -2863
71100 559 -2881
71200 563 -2900
71300 563 -2912
71400 565 -2925
71500 569 -2939
71600 571 -2949
71700 572 -2968
71800 577 -2985
71900 473 -2966
72000 512 -2808
72100 515 -2830
72200 519 -2849
72300 519 -2856
72400 521 -2870
72500 525 -2896
72600 525 -2910
72700 527 -2913
72800 532 -2938
72900 532 -2949
73000 534 -2960
73100 537 -2982
73200 539 -2992
73300 580 -2854
73400 583 -2876
73500 586 -2897
73600 508 -2808
73700 510 -2827
73800 513 -2844
73900 516 -2859
74000 516 -2869
74100 521 -2893
74200 522 -2904
74300 523 -2917
74400 526 -2934
74500 530 -2949
74600 530 -2954
74700 534 -2978
74800 536 -2991
74900 439 -2871
75000 441 -2897
75100 445 -2910
75200 547 -2786
75300 546 -2794
75400 553 -2820
75500 552 -2834
75600 556 -2842
75700 558 -2864
75800 559 -2883
75900 562 -2888
76000 567 -2898
76100 568 -2923
76200 522 -2772
76300 524 -2780
76400 527 -2802
76500 531 -2815
76600 531 -2825
76700 534 -2841
76800 537 -2861
76900 538 -2867
77000 541 -2882
77100 546 -2902
77200 545 -2915
77300 549 -2923
77400 552 -2943
77500 555 -2956
77600 497 -2771
77700 502 -2787
77800 504 -2795
77900 507 -2803
78000 509 -2828
78100 513 -2847
78200 512 -2865
78300 515 -2875
78400 520 -2889
78500 522 -2901
78600 525 -2902
78700 526 -2939
78800 530 -2945
78900 530 -2955
79000 536 -2751
79100 537 -2766
79200 538 -2773
79300 542 -2792
79400 545 -2805
79500 545 -2818
79600 549 -2829
79700 554 -2852
79800 555 -2860
79900 1013 -3142
80000 1500 -2838
80100 555 -3608
80200 567 -2918
80300 570 -2930
80400 579 -2947
80500 577 -2958
80600 582 -2968
80700 420 -2977
80800 413 -2697
80900 417 -2707
81000 419 -2734
81100 427 -2950
81200 430 -2735
81300 439 -2719
81400 417 -2810
81500 435 -2790
81600 454 -2779
81700 443 -2827
81800 444 -2835
81900 444 -2856
82000 451 -2862
82100 448 -2886
82200 445 -2906
82300 453 -2923
82400 457 -2938
82500 451 -2949
82600 465 -2951
82700 460 -2979
82800 462 -2989
82900 469 -2999
83000 576 -2772
83100 576 -2780
83200 581 -2796
83300 566 -2908
83400 582 -2843
83500 584 -2854
83600 484 -2676
83700 486 -2702
83800 489 -2718
83900 491 -2731
84000 490 -2744
84100 494 -2752
84200 499 -2770
84300 500 -2782
84400 500 -2798
84500 506 -2810
84600 510 -2823
84700 512 -2831
84800 511 -2848
84900 520 -2865
85000 520 -2883
85100 524 -2876
85200 529 -2902
85300 526 -2932
85400 523 -2945
85500 539 -2954
85600 540 -2972
85700 540 -2986
85800 383 -2702
85900 390 -2714
86000 389 -2726
86100 396 -2727
86200 391 -2757
86300 395 -2778
86400 398 -2784
86500 406 -2800
86600 401 -2816
86700 401 -2820
86800 403 -2833
86900 405 -2855
87000 407 -2862
87100 411 -2886
87200 413 -2890
87300 415 -2907
87400 417 -2926
87500 415 -2943
87600 425 -2962
87700 424 -2949
87800 426 -2983
87900 427 -2979
88000 433 -3010
88100 430 -3050
88200 437 -2605
88300 442 -3026
88400 447 -2648
88500 452 -2649
88600 447 -2670
88700 443 -2688
88800 448 -2699
88900 453 -2701
89000 446 -2730
89100 457 -2734
89200 462 -2759
89300 463 -2755
89400 466 -2773
89500 469 -2798
89600 467 -2819
89700 471 -2804
89800 478 -2822
89900 475 -2859
90000 475 -2868
90100 480 -2854
90200 489 2879
90300 492 2852
90400 491 2870
90500 495 2837
90600 506 2836
90700 497 2824
90800 494 2794
90900 501 2784
91000 499 2785
91100 493 2752
91200 510 2741
91300 530 2711
91400 522 3143
91500 522 2693
91600 526 3106
91700 528 3084
91800 522 3073
91900 530 3076
92000 536 3058
92100 539 3059
92200 549 3037
92300 538 3017
92400 538 2992
92500 553 2985
92600 558 2969
92700 562 2958
92800 554 2953
92900 0 0
93000 0 0
93100 0 0
93200 0 0
93300 0 0
93400 0 0
93500 0 0
93600 0 0
93700 0 0
93800 0 0
93900 0 0
94000 0 0
94100 0 0
94200 0 0
94300 0 0
94400 0 0
94500 0 0
94600 0 0
94700 0 0
94800 0 0
94900 0 0
95000 0 0
95100 0 0
95200 0 0
95300 0 0
95400 0 0
95500 0 0
95600 0 0
95700 0 0
95800 0 0
95900 0 0
96000 0 0
96100 0 0
96200 0 0
96300 0 0
96400 0 0
96500 0 0
96600 0 0
96700 0 0
96800 0 0
96900 0 0
97000 0 0
97100 0 0
97200 0 0
97300 0 0
97400 0 0
97500 0 0
97600 0 0
97700 0 0
97800 0 0
97900 0 0
98000 0 0
98100 0 0
98200 0 0
98300 0 0
98400 0 0
98500 0 0
98600 0 0
98700 0 0
98800 0 0
98900 0 0
99000 0 0
99100 0 0
99200 0 0
99300 0 0
99400 0 0
99500 0 0
99600 0 0
99700 0 0
99800 0 0
99900 0 0
100000 0 0
