

 << Logging of terminal I/O resumes >> 

1000 1332714 3685
1100 1252262 3700
1200 1199417 3746
1300 1123855 3768
1400 1082022 3777
1500 1020656 3799
1600 985659 3819
1700 941813 3830
1800 911339 3851
1900 878349 3856
2000 842122 3875
2100 814415 3887
2200 790236 3897
2300 765687 3907
2400 730472 3901
2500 712839 3930
2600 686958 3935
2700 672168 3945
2800 656423 3956
2900 643693 3961
3000 625040 3976
3100 611792 3977
3200 594359 3988
3300 580242 3993
3400 573056 4001
3500 555576 4007
3600 545191 4014
3700 535811 4025
3800 519825 4034
3900 510093 4038
4000 499990 4049
4100 488192 4052
4200 479816 4062
4300 471001 4064
4400 462636 4076
4500 450824 4078
4600 443050 4085
4700 436638 4092
4800 428876 4099
4900 424532 4103
5000 415178 4109
5100 408617 4111
5200 400727 4112
5300 394616 4121
5400 387122 4126
5500 382580 4128
5600 376576 4136
5700 369948 4142
5800 363841 4144
5900 356031 4148
6000 353067 4153
6100 349379 4161
6200 343243 4160
6300 338534 4164
6400 333718 4169
6500 328116 4172
6600 323170 4180
6700 317946 4182
6800 314611 4187
6900 310268 4194
7000 307996 4195
7100 303414 4199
7200 299462 -1556
7300 295791 -1556
7400 290034 -1553
7500 289143 -1552
7600 284995 -1545
7700 280162 -1542
7800 277049 -1536
7900 274062 -1534
8000 269319 -1526
8100 267817 -1525
8200 264938 -1525
8300 260186 -1522
8400 257736 -1517
8500 256277 -1517
8600 252792 -1508
8700 250644 -1506
8800 247091 -1500
8900 244653 -1502
9000 241162 -1497
9100 240231 -1493
9200 235914 -1492
9300 233925 -1490
9400 230976 -1488
9500 229085 -1485
9600 226122 -1484
9700 223784 -1484
9800 222151 -1475
9900 220872 -1471
10000 218481 -1458
10100 215208 -1471
10200 214748 -1465
10300 211319 -1467
10400 209558 -1461
10500 207277 -1457
10600 205893 -1454
10700 202795 -1454
10800 202887 -1452
10900 198940 -1445
11000 197031 -1441
11100 197055 -1439
11200 193481 -1438
11300 191656 -1437
11400 189877 -1435
11500 189127 -1431
11600 187378 -1431
11700 185164 -1428
11800 183759 -1425
11900 183177 -1424
12000 180172 -1430
12100 179417 -1420
12200 177676 -1415
12300 175624 -1415
12400 174708 -1409
12500 172737 -1411
12600 171980 -1405
12700 170162 -1407
12800 168419 -1404
12900 168834 -1396
13000 166686 -1398
13100 164265 -1396
13200 162791 -1391
13300 162224 -1393
13400 161053 -1389
13500 160010 -1392
13600 158174 -1387
13700 157724 -1383
13800 156193 -1386
13900 155184 -1378
14000 153126 -1376
14100 152680 -1374
14200 151560 -1375
14300 150433 -1371
14400 149553 -1364
14500 147692 -1368
14600 147206 -1360
14700 146346 -1362
14800 145345 -1361
14900 144289 -1358
15000 141203 -1346
15100 141280 -1357
15200 141024 -1360
15300 139250 -1350
15400 138874 -1352
15500 138016 -1350
15600 136607 -1345
15700 136030 -1346
15800 135322 -1345
15900 133826 -1337
16000 132842 -1342
16100 131679 -1342
16200 130381 -1334
16300 130113 -1337
16400 129054 -1331
16500 128124 -1332
16600 127067 -1322
16700 126306 -1330
16800 125779 -1325
16900 123982 -1322
17000 123091 -1326
17100 123048 -1320
17200 122003 -1324
17300 121224 -1318
17400 120568 -1313
17500 119911 -1318
17600 118805 -1316
17700 117934 -1312
17800 116974 -1309
17900 116768 -1308
18000 115626 -1308
18100 115460 -1307
18200 114242 -1303
18300 113672 -1307
18400 113361 -1301
18500 111966 -1297
18600 111264 -1300
18700 110713 -1298
18800 109996 -1291
18900 109118 -1292
19000 108607 -1290
19100 107857 -1288
19200 107723 -1288
19300 106361 -1284
19400 105324 -1282
19500 105274 -1281
19600 104201 -1276
19700 104001 -1268
19800 102686 -1272
19900 102208 -1266
20000 90846 -1253
20100 102927 -1322
20200 101131 -1289
20300 100462 -1276
20400 99413 -1280
20500 99473 -1275
20600 98593 -1275
20700 97507 -1274
20800 96669 -1276
20900 97059 -1272
21000 95625 -1268
21100 95178 -1269
21200 94364 -1263
21300 94003 -1266
21400 93538 -1260
21500 93644 -1261
21600 93002 -1265
21700 92409 -1260
21800 91496 -1256
21900 90817 -1257
22000 90636 -1252
22100 89916 -1254
22200 89622 -1248
22300 88567 -1249
22400 88294 -1252
22500 88271 -1245
22600 87755 -1249
22700 86563 -1239
22800 86335 -1248
22900 86053 -1243
23000 85583 -1242
23100 84815 -1241
23200 84615 -1242
23300 83711 -1239
23400 83213 -1236
23500 83188 -1238
23600 82474 -1235
23700 81891 -1239
23800 81209 -1235
23900 80816 -1234
24000 80997 -1234
24100 79954 -1229
24200 79393 -1229
24300 79293 -1236
24400 78174 -1226
24500 78479 -1226
24600 78103 -1228
24700 77958 -1228
24800 76892 -1228
24900 76830 -1227
25000 76105 -1224
25100 75468 -1222
25200 75420 -1224
25300 75168 -1224
25400 74578 -1223
25500 74085 -1219
25600 73916 -1221
25700 73219 -1223
25800 73094 -1212
25900 72665 -1214
26000 71776 -1213
26100 71701 -1209
26200 71351 -1217
26300 70794 -1213
26400 70966 -1218
26500 70359 -1217
26600 70590 -1212
26700 69706 -1214
26800 69730 -1211
26900 68704 -1209
27000 68494 -1207
27100 68481 -1211
27200 67619 -1206
27300 67831 -1203
27400 67389 -1210
27500 66534 -1205
27600 66478 -1209
27700 66378 -1208
27800 65797 -1201
27900 65374 -1202
28000 65608 -1207
28100 64624 -1201
28200 64390 -1199
28300 64444 -1205
28400 63568 -1201
28500 63929 -1199
28600 63746 -1206
28700 63087 -1200
28800 63032 -1197
28900 62050 -1202
29000 62043 -1202
29100 61732 -1198
29200 61475 -1201
29300 60924 -1200
29400 60875 -1202
29500 59779 -1186
29600 59984 -1203
29700 59410 -1213
29800 57899 -1201
29900 55305 4551
30000 53743 4176
30100 62668 -1158
30200 60350 4581
30300 60046 4577
30400 58704 4575
30500 58974 4582
30600 58387 4570
30700 58006 4571
30800 57629 4568
30900 57176 4578
31000 56903 4565
31100 56790 4579
31200 56793 4572
31300 56348 4573
31400 56434 4569
31500 56119 4577
31600 55277 4574
31700 54778 4573
31800 55161 4576
31900 54993 4575
32000 54515 4577
32100 54476 4579
32200 54184 4579
32300 53838 4575
32400 53635 4576
32500 53461 4577
32600 53202 4581
32700 52798 4581
32800 53007 4577
32900 52277 4575
33000 52105 4574
33100 52191 4572
33200 52068 4582
33300 51621 4583
33400 51456 4576
33500 51046 4578
33600 51233 4580
33700 50923 4583
33800 50464 4588
33900 50448 4584
34000 50390 4580
34100 50195 4581
34200 50057 4581
34300 49557 4578
34400 49469 4580
34500 48989 4587
34600 48995 4581
34700 48875 4584
34800 49048 4583
34900 48448 4586
35000 48163 4579
35100 47849 4585
35200 47998 4581
35300 47648 4586
35400 47310 4588
35500 47529 4586
35600 47072 4589
35700 47184 4582
35800 47047 4587
35900 46788 4592
36000 46717 4588
36100 46514 -1170
36200 46271 -1175
36300 46028 -1168
36400 46088 -1173
36500 45538 -1174
36600 45713 -1171
36700 45290 -1165
36800 44973 -1168
36900 45040 -1166
37000 44848 -1169
37100 44498 -1161
37200 45064 -1151
37300 44764 -1170
37400 44128 -1169
37500 43906 -1163
37600 44108 -1167
37700 43800 -1168
37800 43692 -1171
37900 43170 -1171
38000 43532 -1163
38100 43036 -1163
38200 42938 -1164
38300 42943 -1167
38400 42817 -1168
38500 42840 -1162
38600 42526 -1158
38700 42471 -1161
38800 42188 -1156
38900 42338 -1157
39000 42043 -1167
39100 41873 -1162
39200 41653 -1161
39300 41682 -1160
39400 41305 -1162
39500 41414 -1162
39600 41357 -1160
39700 40907 -1159
39800 41133 -1161
39900 40637 -1154
40000 40104 -1167
40100 39381 -1173
40200 40111 -1164
40300 40278 -1154
40400 40185 -1156
40500 39815 -1160
40600 39874 -1153
40700 39750 -1151
40800 39489 -1156
40900 39632 -1149
41000 39126 -1153
41100 39531 -1152
41200 39267 -1153
41300 39111 -1153
41400 39167 -1153
41500 38689 -1153
41600 38751 -1159
41700 38539 -1150
41800 38465 -1146
41900 38381 -1144
42000 38403 -1144
42100 38084 -1153
42200 38132 -1147
42300 37916 -1153
42400 37903 -1153
42500 37642 -1145
42600 37367 -1147
42700 37401 -1148
42800 37620 -1141
42900 37033 -1144
43000 36955 -1148
43100 37261 -1149
43200 36898 -1143
43300 36816 -1145
43400 36615 -1150
43500 36764 -1147
43600 36383 -1139
43700 36344 -1144
43800 36362 -1139
43900 36332 -1149
44000 35847 -1137
44100 35979 -1142
44200 35933 -1133
44300 35874 -1139
44400 35657 -1140
44500 35728 -1135
44600 35760 -1137
44700 35437 -1135
44800 35214 -1137
44900 35244 -1152
45000 35128 -1137
45100 34961 -1129
45200 35060 -1133
45300 34583 -1132
45400 34845 -1134
45500 34736 -1136
45600 34547 -1134
45700 34713 -1138
45800 34501 -1128
45900 34043 -1136
46000 34568 -1129
46100 34051 -1133
46200 34120 -1127
46300 33887 -1123
46400 33611 -1129
46500 33851 -1120
46600 33487 -1124
46700 33778 -1122
46800 33388 -1123
46900 33403 -1124
47000 33259 -1120
47100 33271 -1119
47200 33192 -1114
47300 33095 -1122
47400 32903 -1115
47500 32983 -1111
47600 32855 -1118
47700 32733 -1115
47800 32899 -1113
47900 32861 -1111
48000 32350 -1118
48100 32448 -1119
48200 32397 -1115
48300 32451 -1099
48400 32370 -1112
48500 32163 -1117
48600 32308 -1108
48700 32094 -1110
48800 32006 -1106
48900 31773 -1110
49000 31562 -1100
49100 31918 -1105
49200 31597 -1100
49300 31648 -1109
49400 31393 -1103
49500 31418 -1101
49600 31520 -1098
49700 31394 -1102
49800 31181 -1104
49900 31050 -1098
50000 31196 -1099
50100 31928 -1106
50200 31002 -1094
50300 31024 -1096
50400 30907 -1091
50500 30748 -1093
50600 30654 -1091
50700 30497 -1090
50800 30305 -1089
50900 30412 -1091
51000 30301 -1092
51100 30257 -1089
51200 30356 -1086
51300 30263 -1092
51400 30382 -1085
51500 30114 -1077
51600 30103 -1086
51700 29873 -1081
51800 29729 -1054
51900 29939 -1090
52000 29860 -1079
52100 29611 -1079
52200 29614 -1070
52300 29695 -1078
52400 29321 -1080
52500 29353 -1073
52600 29361 -1074
52700 29382 -1069
52800 29338 -1067
52900 29179 -1071
53000 29185 -1074
53100 28895 -1068
53200 28923 -1068
53300 29126 -1073
53400 28885 -1070
53500 28856 -1064
53600 28861 -1060
53700 28846 -1062
53800 28499 -1058
53900 28574 -1059
54000 28521 -1059
54100 28584 -1058
54200 28668 -1057
54300 28320 -1049
54400 28295 -1052
54500 28177 -1047
54600 28314 -1046
54700 28198 -1053
54800 27984 -1048
54900 28233 -1044
55000 27926 -1038
55100 28000 -1047
55200 27998 -1046
55300 28112 -1046
55400 27964 -1037
55500 27642 -1038
55600 27830 -1033
55700 27653 -1036
55800 27741 -1024
55900 27353 -1035
56000 27585 -1033
56100 27507 -1030
56200 27381 -1026
56300 27521 -1037
56400 27316 -1030
56500 27282 -1022
56600 27215 -1017
56700 27085 -1021
56800 26967 -1028
56900 27185 -1022
57000 27055 -1016
57100 27205 -1018
57200 26863 -1009
57300 27129 -1010
57400 27127 -1007
57500 26734 -1002
57600 26519 -1005
57700 26589 -1002
57800 26471 -1002
57900 26373 -988
58000 26244 4777
58100 26115 4782
58200 26058 4773
58300 25982 4775
58400 25929 4776
58500 25849 4777
58600 25759 4783
58700 25719 4781
58800 25631 4785
58900 25576 4782
59000 25509 4786
59100 25450 4792
59200 25396 4784
59300 25323 4790
59400 25225 4787
59500 25193 4784
59600 25137 -969
59700 25053 -967
59800 25044 -970
59900 24988 -967
60000 24922 -967
60100 24856 -967
60200 24799 -968
60300 24793 -963
60400 24718 -967
60500 24665 -959
60600 24637 -967
60700 24593 -961
60800 24562 -961
60900 24522 -959
61000 24439 -962
61100 24430 -968
61200 24390 -964
61300 24361 -962
61400 24378 -959
61500 24299 -965
61600 24277 -963
61700 24302 -967
61800 24275 -963
61900 24287 -964
62000 24252 -945
62100 24239 -968
62200 24291 -971
62300 24251 -965
62400 24245 -973
62500 24315 -968
62600 24350 -968
62700 24349 -961
62800 24376 -965
62900 23198 -977
63000 24569 -973
63100 24637 -961
63200 23985 -966
63300 24631 -950
63400 24299 -959
63500 24373 -948
63600 24118 -948
63700 24455 -945
63800 24192 -942
63900 24263 -934
64000 24340 -942
64100 24293 -935
64200 24001 -939
64300 24265 -936
64400 24106 -923
64500 24198 -917
64600 24593 -924
64700 24181 -932
64800 24285 -949
64900 24170 -926
65000 23740 -922
65100 24339 -910
65200 24101 -915
65300 24017 -917
65400 24139 -910
65500 24049 -904
65600 24138 -907
65700 23733 -900
65800 23583 -896
65900 23754 -904
66000 23842 -906
66100 23740 -898
66200 23945 -886
66300 23734 -893
66400 23821 -881
66500 23368 -897
66600 23918 -893
66700 23888 -881
66800 23710 -874
66900 23333 -889
67000 23633 -883
67100 23658 -868
67200 23775 -877
67300 23849 -880
67400 23625 -865
67500 23626 -880
67600 23547 -864
67700 23721 -867
67800 23455 -864
67900 23347 -872
68000 23769 -868
68100 23170 -861
68200 23403 -859
68300 23356 -859
68400 23507 -852
68500 24081 -853
68600 23255 -843
68700 22917 -855
68800 23327 -859
68900 23507 -839
69000 23272 -841
69100 23276 -845
69200 23568 -822
69300 23578 -829
69400 23462 -827
69500 23415 -828
69600 23413 -823
69700 23209 -820
69800 23377 -817
69900 23221 -809
70000 23241 -806
70100 23513 -827
70200 23268 -820
70300 23486 -812
70400 23317 -805
70500 23413 -790
70600 23712 -810
70700 23511 -807
70800 22918 -800
70900 22974 -790
71000 23134 -809
71100 23172 -787
71200 23350 -779
71300 23710 -793
71400 22814 -799
71500 22780 -777
71600 23238 -794
71700 23355 -773
71800 23745 -798
71900 22870 -785
72000 23338 -802
72100 23314 -772
72200 23452 -751
72300 22759 -773
72400 23200 -795
72500 23348 -765
72600 22492 -711
72700 22703 -758
72800 23327 -777
72900 23496 -750
73000 23903 -765
73100 23002 -789
73200 23313 -755
73300 23696 -718
73400 22883 -735
73500 23245 -751
73600 23562 -766
73700 24001 -737
73800 22945 -741
73900 23468 -761
74000 22726 -709
74100 23047 -731
74200 23284 -756
74300 23959 -714
74400 22920 -711
74500 23215 -727
74600 23655 -748
74700 22556 -746
74800 23367 -692
74900 23869 -722
75000 22950 -731
75100 22702 -732
75200 24290 -690
75300 24424 -708
75400 23205 -694
75500 23539 -704
75600 23868 -732
75700 22830 -701
75800 23046 -724
75900 23573 -740
76000 23454 -658
76100 23701 -682
76200 24154 -695
76300 24373 -710
76400 23557 -679
76500 23819 -691
76600 25411 -661
76700 23026 5094
76800 23139 5068
76900 23503 5047
77000 23872 5028
77100 22722 5083
77200 25014 5121
77300 23719 5049
77400 25737 5071
77500 24747 5128
77600 23142 5070
77700 25449 5097
77800 24573 5160
77900 25014 5141
78000 23168 5080
78100 25712 5109
78200 26050 5086
78300 23072 5123
78400 23417 5105
78500 26116 5115
78600 24074 5063
78700 24268 5031
78800 23739 5133
78900 24259 5112
79000 24299 5107
79100 24903 5076
79200 24383 5166
79300 24614 5152
79400 25317 5132
79500 25299 5111
79600 25694 -553
79700 26066 -567
79800 23153 -594
79900 25788 4813
80000 61446 2920
80100 37536 -652
80200 23974 -530
80300 24701 -691
80400 25277 -723
80500 25526 -584
80600 25524 -602
80700 25946 -611
80800 26719 -640
80900 23328 -648
81000 24634 -521
81100 24217 -715
81200 26885 -523
81300 26137 -602
81400 27046 -562
81500 26443 -601
81600 26988 -629
81700 27895 -640
81800 27604 -663
81900 25413 -489
82000 25235 -522
82100 25753 -524
82200 26361 -532
82300 26694 -556
82400 26778 -591
82500 27698 -608
82600 23727 -536
82700 24004 -532
82800 24442 -562
82900 25083 -580
83000 25176 -591
83100 25802 -629
83200 25190 -640
83300 29985 -584
83400 31325 -565
83500 27128 -696
83600 27854 -464
83700 28107 -477
83800 28131 -483
83900 27993 -504
84000 28916 -542
84100 28304 -556
84200 30057 -554
84300 27245 -418
84400 28333 -440
84500 28556 -447
84600 28736 -485
84700 29174 -501
84800 29561 -532
84900 30059 -534
85000 29744 -549
85100 31267 -563
85200 31132 -587
85300 28085 -430
85400 32382 -654
85500 29802 -416
85600 29414 -431
85700 29681 -468
85800 30360 -520
85900 30266 -528
86000 30173 -536
86100 32808 -565
86200 31585 -551
86300 32299 -375
86400 32166 -608
86500 34706 -393
86600 34225 -421
86700 25299 -430
86800 34883 -452
86900 24320 -514
87000 25866 -501
87100 25866 -501
87200 25555 -556
87300 25723 -548
87400 27101 -554
87500 27165 -625
87600 27375 -617
87700 27117 -610
87800 28757 -670
87900 28214 -360
88000 29333 -425
88100 30439 -390
88200 29608 -417
88300 28285 -441
88400 31331 -470
88500 31245 -507
88600 32829 -520
88700 35226 -558
88800 31005 -479
88900 34533 -688
89000 34815 -618
89100 23868 -522
89200 24178 -515
89300 24822 -500
89400 34899 -430
89500 24933 -564
89600 39114 -324
89700 26622 -617
89800 40078 -295
89900 40628 -362
90000 41887 -387
90100 41174 -446
90200 29807 -108
90300 35001 -324
90400 68164 -1422
90500 28958 -522
90600 46388 -286
90700 29619 -682
90800 31257 -777
90900 41976 -512
91000 34532 -688
91100 56643 -388
91200 33832 -105
91300 44553 -442
91400 40628 -653
91500 17484 -960
91600 37628 -360
91700 32829 -330
91800 33349 -290
91900 0 0
92000 35852 -342
92100 35208 -445
92200 41684 -401
92300 37628 -490
92400 0 0
92500 43730 -527
92600 41008 -592
92700 37929 -692
92800 40311 -661
92900 33648 -367
93000 41858 -620
93100 43999 -25
93200 51016 -366
93300 51774 -606
93400 36767 -349
93500 73219 -901
93600 46111 134
93700 52682 -247
93800 0 0
93900 44694 -262
94000 33319 -781
94100 50190 175
94200 47586 -661
94300 45349 -212
94400 50495 -844
94500 0 0
94600 0 0
94700 0 0
94800 63208 -73
94900 0 0
95000 71703 -295
95100 57762 -910
95200 56284 -1000
95300 60040 -597
95400 135825 495
95500 0 0
95600 0 0
95700 0 0
95800 0 0
95900 0 0
96000 0 0
96100 0 0
96200 80414 -952
96300 0 0
96400 0 0
96500 0 0
96600 0 0
96700 42273 -867
96800 0 0
96900 0 0
97000 0 0
97100 0 0
97200 158399 91
97300 65771 1681
97400 67664 -637
97500 0 0
97600 0 0
97700 0 0
97800 114314 1924
97900 0 0
98000 0 0
98100 0 0
98200 0 0
98300 63007 535
98400 0 0
98500 156838 -1044
98600 0 0
98700 0 0
98800 0 0
98900 0 0
99000 0 0
99100 0 0
99200 16851 -1005
99300 34820 -1223
99400 0 0
99500 16412 3339
99600 37899 2411
99700 28632 1993
99800 24829 -3523
99900 23146 1987
100000 20379 5404
