

 << Logging of terminal I/O resumes >> 

1000 366 1407
1100 327 1495
1200 291 1409
1300 344 1275
1400 230 1544
1500 182 1601
1600 237 1395
1700 191 1470
1800 160 1495
1900 241 1339
2000 214 1374
2100 163 1435
2200 174 1335
2300 212 1333
2400 153 1504
2500 128 1394
2600 203 3200
2700 129 1360
2800 121 1420
2900 171 1421
3000 176 3119
3100 115 1467
3200 169 3196
3300 181 3043
3400 126 3112
3500 128 3106
3600 179 2989
3700 144 3081
3800 131 3051
3900 173 2966
4000 174 2937
4100 130 2989
4200 187 3019
4300 182 2834
4400 127 2919
4500 154 2870
4600 186 2765
4700 142 2908
4800 156 2826
4900 206 4805
5000 159 4737
5100 147 2867
5200 213 4774
5300 188 4920
5400 138 4634
5500 187 4801
5600 192 5013
5700 173 4750
5800 174 4758
5900 224 5108
6000 210 4927
6100 202 4886
6200 240 5111
6300 217 5070
6400 216 4957
6500 254 5110
6600 235 5254
6700 233 5041
6800 268 5128
6900 240 -292
7000 244 5147
7100 271 5221
7200 248 -236
7300 259 -398
7400 239 5273
7500 245 -249
7600 237 -287
7700 240 -374
7800 255 -177
7900 206 -126
8000 264 -201
8100 245 -76
8200 225 -28
8300 232 -13
8400 228 -10
8500 222 145
8600 205 48
8700 212 52
8800 219 230
8900 202 2267
9000 198 132
9100 207 295
9200 207 2182
9300 197 322
9400 193 321
9500 221 2221
9600 172 1987
9700 187 2123
9800 185 2158
9900 192 2120
10000 186 2045
10100 201 -3564
10200 223 2042
10300 179 2056
10400 201 -3626
10500 223 -3702
10600 180 1970
10700 183 1977
10800 215 -3763
10900 186 1883
11000 185 1910
11100 207 -1852
11200 218 -3774
11300 209 -1854
11400 226 -1748
11500 229 -3768
11600 231 -1812
11700 238 -1707
11800 243 -1493
11900 249 -1735
12000 243 -1738
12100 258 -1550
12200 260 -1517
12300 258 -1673
12400 294 -1366
12500 265 -1324
12600 290 -1409
12700 306 -1294
12800 279 -1161
12900 302 -1292
13000 307 -1217
13100 317 -945
13200 306 -1082
13300 317 -1050
13400 329 -872
13500 294 -896
13600 319 -946
13700 334 -801
13800 265 -705
13900 303 -906
14000 314 -626
14100 269 -571
14200 298 -545
14300 315 -509
14400 266 -505
14500 271 -479
14600 281 -508
14700 286 -272
14800 273 -3959
14900 281 -365
15000 274 -235
15100 277 -4035
15200 259 -308
15300 258 -213
15400 272 -3984
15500 257 -4089
15600 257 -4052
15700 270 -3933
15800 290 -4032
15900 274 -4079
16000 264 -3978
16100 290 -4056
16200 257 -4103
16300 264 -4025
16400 312 -4091
16500 275 -4151
16600 278 -3985
16700 308 -3999
16800 283 -4086
16900 282 -4046
17000 296 -4042
17100 316 -4099
17200 291 -4041
17300 283 -4009
17400 335 -4029
17500 284 -4064
17600 287 -4059
17700 327 -4085
17800 298 -2031
17900 311 -4041
18000 323 -1768
18100 326 -1794
18200 323 -1860
18300 341 -1680
18400 334 -4059
18500 345 -1733
18600 352 -1641
18700 341 -4065
18800 367 -1512
18900 362 -1516
19000 361 -1259
19100 374 -1335
19200 365 -1445
19300 385 -1153
19400 359 -1232
19500 383 -1239
19600 399 -1124
19700 371 1713
19800 388 -1122
19900 391 -1069
20000 364 1653
20100 386 -907
20200 389 -950
20300 366 -722
20400 365 1632
20500 388 -825
20600 367 -671
20700 359 1576
20800 366 -664
20900 370 -581
21000 407 1653
21100 344 -592
21200 357 1661
21300 381 1634
21400 358 1649
21500 360 1688
21600 383 1712
21700 371 1639
21800 357 1704
21900 373 1673
22000 395 1637
22100 355 1692
22200 376 1726
22300 414 1691
22400 380 1638
22500 367 1717
22600 399 1646
22700 401 1625
22800 369 1654
22900 397 1685
23000 428 1613
23100 374 1658
23200 382 1695
23300 416 1643
23400 383 1653
23500 386 1653
23600 435 1605
23700 406 1633
23800 398 1720
23900 407 1666
24000 413 1593
24100 399 1657
24200 411 1702
24300 444 1625
24400 391 1640
24500 408 1683
24600 444 1613
24700 412 1649
24800 413 1679
24900 426 1627
25000 425 1609
25100 412 1675
25200 413 1596
25300 447 1573
25400 409 1659
25500 408 1616
25600 459 1555
25700 386 1637
25800 411 1630
25900 458 1551
26000 421 1596
26100 398 1639
26200 445 1563
26300 417 1561
26400 404 1637
26500 413 1601
26600 443 1530
26700 407 1622
26800 412 1630
26900 467 1565
27000 428 1611
27100 429 1654
27200 435 1599
27300 430 1587
27400 417 1666
27500 433 1621
27600 465 1547
27700 405 1672
27800 417 1670
27900 471 1548
28000 417 1642
28100 419 1635
28200 484 1538
28300 419 1629
28400 421 1665
28500 462 1573
28600 433 1605
28700 421 1687
28800 428 1581
28900 456 1599
29000 419 1702
29100 418 1647
29200 457 1571
29300 401 1668
29400 428 1705
29500 456 1569
29600 431 1609
29700 416 1696
29800 422 1590
29900 463 1605
30000 423 1708
30100 423 1651
30200 484 1533
30300 410 1680
30400 411 1672
30500 464 1532
30600 417 1586
30700 408 1679
30800 465 1565
30900 450 1565
31000 426 1702
31100 436 1588
31200 464 1538
31300 419 1695
31400 419 1627
31500 476 1527
31600 410 1680
31700 411 1659
31800 446 1548
31900 437 1540
32000 417 1681
32100 426 1573
32200 458 1522
32300 412 1676
32400 412 1613
32500 476 1517
32600 411 1661
32700 412 1649
32800 475 1525
32900 418 1574
33000 419 1669
33100 458 1546
33200 436 1551
33300 429 1676
33400 414 1582
33500 438 1542
33600 406 1688
33700 406 1615
33800 466 1540
33900 404 1616
34000 412 1654
34100 484 1547
34200 417 1595
34300 393 1640
34400 411 1614
34500 443 1570
34600 401 1643
34700 402 1581
34800 465 1502
34900 387 1658
35000 388 1643
35100 454 1541
35200 393 1584
35300 394 1600
35400 454 1557
35500 396 1602
35600 387 1649
35700 404 1560
35800 423 1528
35900 387 1589
36000 385 1630
36100 442 1560
36200 381 1625
36300 381 1595
36400 455 1504
36500 360 1601
36600 362 1607
36700 398 1593
36800 431 1549
36900 386 1611
37000 367 1618
37100 430 1538
37200 365 1603
37300 366 1584
37400 409 1550
37500 376 1640
37600 376 1646
37700 424 1554
37800 392 1566
37900 367 1664
38000 388 1586
38100 402 1555
38200 367 1610
38300 372 1555
38400 410 1560
38500 350 1624
38600 350 1597
38700 423 1502
38800 341 1636
38900 342 1632
39000 400 1536
39100 353 1565
39200 347 1584
39300 336 1626
39400 434 1568
39500 334 1609
39600 335 1588
39700 408 1492
39800 332 1629
39900 333 1633
40000 384 1536
40100 347 1561
40200 340 1585
40300 356 1597
40400 365 1572
40500 334 1625
40600 339 1578
40700 396 1503
40800 333 1567
40900 333 -4123
41000 409 -4221
41100 335 -4157
41200 336 -4164
41300 403 -4264
41400 345 -4223
41500 343 -4118
41600 343 -4156
41700 413 -4244
41800 304 -4162
41900 305 -4183
42000 385 -4185
42100 316 -4125
42200 317 -4127
42300 373 -4226
42400 330 -4199
42500 324 -4175
42600 356 -4159
42700 366 -4183
42800 333 -4131
42900 339 -4179
43000 356 -4216
43100 300 -4145
43200 300 -4171
43300 373 -4272
43400 318 -4110
43500 319 -4117
43600 388 -4221
43700 327 -4174
43800 325 -4160
43900 330 -4204
44000 312 -4200
44100 289 -4163
44200 290 -4180
44300 385 -4196
44400 311 -4129
44500 312 -4133
44600 371 -4235
44700 326 -4204
44800 320 -4177
44900 317 -4194
45000 322 -4213
45100 293 -4157
45200 300 -4214
45300 350 -4284
45400 292 -4210
45500 320 -4154
45600 368 -4172
45700 293 -4096
45800 294 -4108
45900 367 -4220
46000 301 -4162
46100 301 -4152
46200 346 -4255
46300 321 -4242
46400 284 -4101
46500 278 -4124
46600 354 -4238
46700 282 -4163
46800 283 -4165
46900 341 -4275
47000 296 -4239
47100 290 -4210
47200 292 -4188
47300 293 -4204
47400 268 -4148
47500 276 -4205
47600 320 -4272
47700 268 -4192
47800 267 -4225
47900 323 -4202
48000 291 -4074
48100 256 -4130
48200 322 -4247
48300 262 -4181
48400 262 -4171
48500 308 -4283
48600 319 -4224
48700 267 -4219
48800 270 -4158
48900 287 -4194
49000 250 -4137
49100 252 -4140
49200 305 -4256
49300 262 -4212
49400 258 -4185
49500 286 -4286
49600 285 -4143
49700 261 -4079
49800 268 -4142
49900 313 -4216
50000 259 -4128
50100 259 -4158
50200 333 -4273
50300 259 -4175
50400 260 -4191
50500 332 -4166
50600 265 -4094
50700 267 -4082
50800 316 1555
50900 281 1589
51000 272 -4129
51100 294 1536
51200 310 1503
51300 273 1587
51400 271 1568
51500 331 1440
51600 297 1634
51700 226 1555
51800 273 1615
51900 271 1603
52000 248 1678
52100 254 1607
52200 296 1533
52300 246 1629
52400 246 1593
52500 319 1468
52600 245 1580
52700 246 1565
52800 318 1422
52900 268 1663
53000 269 1670
53100 283 1634
53200 283 1579
53300 240 1711
53400 261 1614
53500 270 1587
53600 241 1676
53700 245 1612
53800 297 1515
53900 248 1576
54000 244 1616
54100 273 1496
54200 271 1485
54300 247 1570
54400 255 1501
54500 297 1419
54600 246 1784
54700 200 1614
54800 258 1487
54900 245 1735
55000 201 1588
55100 321 1571
55200 250 1673
55300 252 1679
55400 307 1537
55500 265 1582
55600 259 1634
55700 286 1513
55800 290 1496
55900 238 1752
56000 243 1680
56100 292 1587
56200 236 1707
56300 241 1685
56400 271 1566
56500 269 1558
56600 244 1653
56700 252 1558
56800 295 1485
56900 243 1605
57000 242 1561
57100 314 1424
57200 241 1550
57300 217 1736
57400 290 1578
57500 219 1691
57600 222 1700
57700 276 1539
57800 233 1599
57900 228 1655
58000 257 1519
58100 257 1504
58200 231 1609
58300 237 1523
58400 284 1436
58500 230 1567
58600 228 1527
58700 305 1373
58800 262 1624
58900 237 1730
59000 244 1632
59100 288 1556
59200 235 1687
59300 234 1641
59400 310 1512
59500 234 1631
59600 234 1619
59700 317 1447
59800 237 1571
59900 240 1581
60000 301 1407
60100 250 1476
60200 248 1537
60300 279 1612
60400 196 1673
60500 177 1791
60600 183 1685
60700 216 1600
60800 176 1743
60900 175 1700
61000 232 1547
61100 175 1690
61200 182 1687
61300 187 1575
61400 221 1493
61500 180 1639
61600 179 1590
61700 237 1435
61800 179 1588
61900 180 1570
62000 245 1388
62100 182 1520
62200 185 1536
62300 285 1594
62400 192 1426
62500 233 1737
62600 263 1575
62700 258 1571
62800 236 1698
62900 244 1579
63000 289 1493
63100 192 1832
63200 190 1774
63300 253 1615
63400 190 1785
63500 191 1764
63600 260 1566
63700 242 1565
63800 197 1732
63900 195 1676
64000 261 1514
64100 195 1682
64200 196 1663
64300 268 1464
64400 198 1611
64500 201 1640
64600 255 1428
64700 209 1507
64800 207 1588
64900 234 1410
65000 230 1408
65100 211 1541
65200 218 1409
65300 183 1652
65400 149 1790
65500 147 1725
65600 196 1566
65700 147 1743
65800 147 1719
65900 202 1515
66000 148 1678
66100 152 1691
66200 151 1635
66300 202 1462
66400 151 1634
66500 151 1624
66600 208 1408
66700 153 1566
66800 156 1588
66900 197 1378
67000 162 1455
67100 161 1546
67200 184 1352
67300 178 1342
67400 164 1502
67500 169 1787
67600 198 1705
67700 163 1890
67800 161 1812
67900 215 1640
68000 161 1835
68100 161 1810
68200 221 1592
68300 163 1767
68400 166 1777
68500 215 1558
68600 226 1538
68700 165 1729
68800 166 1711
68900 229 1491
69000 168 1652
69100 171 1680
69200 217 1455
69300 178 1538
69400 177 1636
69500 201 1440
69600 196 1432
69700 180 1599
69800 185 1439
69900 218 1361
70000 180 1559
70100 178 1466
70200 239 1305
70300 177 1504
70400 177 1482
70500 245 1676
70600 179 1864
70700 182 1874
70800 240 1640
70900 186 1753
71000 182 1821
71100 183 1813
71200 253 1576
71300 184 1748
71400 189 1780
71500 240 1539
71600 195 1627
71700 195 1736
71800 224 1520
71900 217 1516
72000 199 1701
72100 205 1523
72200 242 1448
72300 198 1649
72400 196 1560
72500 0 0
72600 196 1596
72700 0 0
72800 0 0
72900 0 0
73000 0 0
73100 0 0
73200 0 0
73300 0 0
73400 0 0
73500 0 0
73600 0 0
73700 0 0
73800 0 0
73900 0 0
74000 0 0
74100 0 0
74200 0 0
74300 0 0
74400 0 0
74500 0 0
74600 0 0
74700 0 0
74800 0 0
74900 0 0
75000 0 0
75100 0 0
75200 0 0
75300 0 0
75400 0 0
75500 0 0
75600 0 0
75700 0 0
75800 0 0
75900 0 0
76000 0 0
76100 0 0
76200 0 0
76300 0 0
76400 0 0
76500 0 0
76600 0 0
76700 0 0
76800 0 0
76900 0 0
77000 0 0
77100 0 0
77200 0 0
77300 0 0
77400 0 0
77500 0 0
77600 0 0
77700 0 0
77800 0 0
77900 0 0
78000 0 0
78100 0 0
78200 0 0
78300 0 0
78400 0 0
78500 0 0
78600 0 0
78700 0 0
78800 0 0
78900 0 0
79000 0 0
79100 0 0
79200 0 0
79300 0 0
79400 0 0
79500 0 0
79600 0 0
79700 0 0
79800 0 0
79900 413 166
80000 1115 -23
80100 677 -4293
80200 0 0
80300 0 0
80400 0 0
80500 0 0
80600 0 0
80700 0 0
80800 0 0
80900 0 0
81000 0 0
81100 0 0
81200 0 0
81300 0 0
81400 0 0
81500 0 0
81600 0 0
81700 0 0
81800 0 0
81900 0 0
82000 0 0
82100 0 0
82200 0 0
82300 0 0
82400 0 0
82500 0 0
82600 0 0
82700 0 0
82800 0 0
82900 0 0
83000 0 0
83100 0 0
83200 0 0
83300 0 0
83400 0 0
83500 0 0
83600 0 0
83700 0 0
83800 0 0
83900 0 0
84000 0 0
84100 0 0
84200 0 0
84300 0 0
84400 0 0
84500 0 0
84600 0 0
84700 0 0
84800 0 0
84900 0 0
85000 0 0
85100 0 0
85200 0 0
85300 0 0
85400 0 0
85500 0 0
85600 0 0
85700 0 0
85800 0 0
85900 0 0
86000 0 0
86100 0 0
86200 0 0
86300 0 0
86400 0 0
86500 0 0
86600 0 0
86700 0 0
86800 0 0
86900 0 0
87000 0 0
87100 0 0
87200 0 0
87300 0 0
87400 0 0
87500 0 0
87600 0 0
87700 0 0
87800 0 0
87900 0 0
88000 0 0
88100 0 0
88200 0 0
88300 0 0
88400 0 0
88500 0 0
88600 0 0
88700 0 0
88800 0 0
88900 0 0
89000 0 0
89100 0 0
89200 0 0
89300 0 0
89400 0 0
89500 0 0
89600 0 0
89700 0 0
89800 0 0
89900 0 0
90000 0 0
90100 0 0
90200 0 0
90300 0 0
90400 0 0
90500 0 0
90600 0 0
90700 0 0
90800 0 0
90900 0 0
91000 0 0
91100 0 0
91200 0 0
91300 0 0
91400 0 0
91500 0 0
91600 0 0
91700 0 0
91800 0 0
91900 0 0
92000 0 0
92100 0 0
92200 0 0
92300 0 0
92400 0 0
92500 0 0
92600 0 0
92700 0 0
92800 0 0
92900 0 0
93000 0 0
93100 0 0
93200 0 0
93300 0 0
93400 0 0
93500 0 0
93600 0 0
93700 0 0
93800 0 0
93900 0 0
94000 0 0
94100 0 0
94200 0 0
94300 0 0
94400 0 0
94500 0 0
94600 0 0
94700 0 0
94800 0 0
94900 0 0
95000 0 0
95100 0 0
95200 0 0
95300 0 0
95400 0 0
95500 0 0
95600 0 0
95700 0 0
95800 0 0
95900 0 0
96000 0 0
96100 0 0
96200 0 0
96300 0 0
96400 0 0
96500 0 0
96600 0 0
96700 0 0
96800 0 0
96900 0 0
97000 0 0
97100 0 0
97200 0 0
97300 0 0
97400 0 0
97500 0 0
97600 0 0
97700 0 0
97800 0 0
97900 0 0
98000 0 0
98100 0 0
98200 0 0
98300 0 0
98400 0 0
98500 0 0
98600 0 0
98700 0 0
98800 0 0
98900 0 0
99000 0 0
99100 0 0
99200 0 0
99300 0 0
99400 0 0
99500 0 0
99600 0 0
99700 0 0
99800 0 0
99900 0 0
100000 0 0
