1000 4142684 3856
1100 3830074 3820
1200 3582305 3803
1300 3368601 3768
1400 3172711 3740
1500 3055319 3714
1600 2926887 3688
1700 2827248 3659
1800 2734480 3628
1900 2667726 3609
2000 2571275 3588
2100 2506986 3574
2200 2477081 3551
2300 2416025 3526
2400 2385522 3509
2500 2340755 3491
2600 2295283 3474
2700 2260781 3461
2800 2245957 3445
2900 2221679 3432
3000 2196827 3420
3100 2174762 3402
3200 2142485 3388
3300 2136593 3377
3400 2107299 3367
3500 2099237 3357
3600 2089905 3347
3700 2073684 3339
3800 2057178 3327
3900 2045346 3318
4000 2040851 3307
4100 2027184 3299
4200 2027440 3296
4300 2001425 3288
4400 2004359 3277
4500 1994749 3267
4600 1993197 3265
4700 1982156 3254
4800 1973696 3250
4900 1960933 3241
5000 1957917 3239
5100 1970357 3232
5200 1949156 3221
5300 1941128 3223
5400 1945026 3214
5500 1933750 3211
5600 1942975 3204
5700 1927812 3204
5800 1925892 3199
5900 1926605 3190
6000 1907128 3186
6100 1917136 3187
6200 1910679 3185
6300 1911836 3173
6400 1899919 3167
6500 1902116 3166
6600 1898735 3158
6700 1900294 3157
6800 1901956 3156
6900 1905166 3152
7000 1890791 3146
7100 1891832 3146
7200 1892690 3145
7300 1887447 3140
7400 1886848 3142
7500 1881104 3137
7600 1881453 3137
7700 1880843 3127
7800 1873224 3126
7900 1882514 3128
8000 1875233 3124
8100 1867380 3123
8200 1881089 -2644
8300 1865479 -2644
8400 1874649 -2643
8500 1858488 -2647
8600 1870618 -2654
8700 1872091 -2652
8800 1855291 -2656
8900 1864181 -2655
9000 1859718 -2661
9100 1859754 -2663
9200 1861133 -2662
9300 1860984 -2664
9400 1862483 -2671
9500 1856425 -2669
9600 1855753 -2671
9700 1847741 -2672
9800 1866742 -2671
9900 1858578 -2672
10000 1850615 -2678
10100 1859766 -2680
10200 1851185 -2681
10300 1845648 -2678
10400 1854363 -2680
10500 1863162 -2682
10600 1847598 -2681
10700 1855964 -2683
10800 1836874 -2685
10900 1845008 -2687
11000 1850235 -2685
11100 1854121 -2691
11200 1855218 -2692
11300 1856387 -2693
11400 1836659 -2693
11500 1837516 -2694
11600 1833818 -2698
11700 1850308 -2702
11800 1838846 -2694
11900 1850135 -2702
12000 1839589 -2703
12100 1834757 -2707
12200 1844566 -2700
12300 1834200 -2701
12400 1848524 -2705
12500 1837607 -2705
12600 1832019 -2709
12700 1846262 -2707
12800 1829177 -2710
12900 1843667 -2709
13000 1849479 -2706
13100 1845314 -2714
13200 1840349 -2710
13300 1829376 -2710
13400 1837203 -2712
13500 1845141 -2714
13600 1840698 -2709
13700 1848625 -2712
13800 1830613 -2713
13900 1830920 -2717
14000 1838200 -2719
14100 1827368 -2716
14200 1831280 -2715
14300 1830833 -2719
14400 1830266 -2723
14500 1827398 -2718
14600 1842486 -2718
14700 1841515 -2722
14800 1837592 -2723
14900 1836054 -2727
15000 1840907 -2715
15100 1831354 -2720
15200 1829446 -2724
15300 1844452 -2725
15400 1832346 -2726
15500 1821727 -2731
15600 1830639 -2723
15700 1836501 -2721
15800 1843522 -2723
15900 1831992 -2728
16000 1838009 -2725
16100 1826241 -2730
16200 1832551 -2732
16300 1830371 -2730
16400 1833377 -2723
16500 1831549 -2725
16600 1818832 -2729
16700 1824746 -2731
16800 1822283 -2733
16900 1820500 -2731
17000 1837046 -2733
17100 1834255 -2735
17200 1831249 -2728
17300 1829958 -2726
17400 1825574 -2732
17500 1841749 -2735
17600 1830255 -2736
17700 1826814 -2738
17800 1823075 -2734
17900 1830865 -2736
18000 1819170 -2737
18100 1837867 -2731
18200 1826274 -2731
18300 1830950 -2737
18400 1819055 -2738
18500 1826022 -2740
18600 1823345 -2736
18700 1822705 -2737
18800 1825691 -2743
18900 1838836 -2736
19000 1822707 -2740
19100 1824261 -2735
19200 1826561 -2742
19300 1833183 -2733
19400 1835101 -2740
19500 1826464 -2733
19600 1820567 -2738
19700 1823655 -2733
19800 1817422 -2737
19900 1827591 -2735
20000 1815333 -2742
20100 1819071 -2738
20200 1811907 -2742
20300 1809865 -2740
20400 1830804 -2741
20500 1828669 -2740
20600 1820924 -2743
20700 1819035 -2742
20800 1817193 -2740
20900 1822237 -2736
21000 1836199 -2741
21100 1829135 -2736
21200 1813417 -2742
21300 1826397 -2748
21400 1812316 -2746
21500 1810563 -2744
21600 1809353 -2742
21700 1816677 -2744
21800 1807659 -2745
21900 1831268 -2741
22000 1830122 -2739
22100 1829481 -2744
22200 1819971 -2745
22300 1806878 -2741
22400 1809174 -2750
22500 1822142 -2738
22600 1815651 -2749
22700 1802697 -2745
22800 1819018 -2744
22900 1809573 -2744
23000 1826132 -2744
23100 1816682 -2743
23200 1824304 -2745
23300 1814823 -2744
23400 1822292 -2746
23500 1801476 -2741
23600 1820108 -2747
23700 1827367 -2749
23800 1808367 -2749
23900 1815309 -2751
24000 1816232 -2742
24100 1824556 -2749
24200 1825910 -2741
24300 1811896 -2751
24400 1814080 -2742
24500 1811253 -2745
24600 1814254 -2741
24700 1821027 -2748
24800 1827392 -2751
24900 1821090 -2748
25000 1814700 -2744
25100 1811125 -2746
25200 1815184 -2743
25300 1811515 -2745
25400 1828679 -2741
25500 1824864 3016
25600 1819095 3009
25700 1813870 3013
25800 1830393 3005
25900 1827252 3015
26000 1812755 3020
26100 1829084 3012
26200 1824337 3016
26300 1806884 3010
26400 1825658 3013
26500 1811775 3019
26600 1826594 3010
26700 1813355 3017
26800 1823084 3021
26900 1809722 3009
27000 1820145 3013
27100 1830336 3017
27200 1810735 3012
27300 1821766 3016
27400 1827487 3015
27500 1810919 3018
27600 1813218 3010
27700 1827638 3006
27800 1807878 3016
27900 1813634 3015
28000 1825557 3018
28100 1831424 3016
28200 1828616 3018
28300 1800538 3011
28400 1805833 3009
28500 1802772 3011
28600 1815155 3013
28700 1812473 3015
28800 1810245 3009
28900 1815264 3007
29000 1812431 3009
29100 1817311 3007
29200 1822831 3015
29300 1820119 3017
29400 1816973 3011
29500 1814286 3013
29600 1803536 3011
29700 1826057 3018
29800 1815088 3017
29900 1813219 3019
30000 1808356 3013
30100 1833972 3011
30200 1822190 3010
30300 1820387 3012
30400 1835191 3014
30500 1813671 3011
30600 1833589 3021
30700 1811580 3018
30800 1804912 3012
30900 1815673 3020
31000 1830324 3013
31100 1817833 3013
31200 1829662 3020
31300 1806778 3018
31400 1823011 3019
31500 1811662 3005
31600 1812491 3010
31700 1825609 3017
31800 1827227 3022
31900 1804086 3021
32000 1808656 3020
32100 1820651 3012
32200 1835191 3017
32300 1837793 3022
32400 1801704 3022
32500 1806138 3020
32600 1816681 3011
32700 1820088 3016
32800 1823492 3021
32900 1828305 3019
33000 1825004 3009
33100 1828756 3014
33200 1820637 3012
33300 1824712 3017
33400 1816431 3015
33500 1821014 3020
33600 1815551 3010
33700 1804958 3024
33800 1841650 3014
33900 1832914 3012
34000 1825354 3017
34100 1816651 3016
34200 1809728 3022
34300 1830819 3020
34400 1824234 3026
34500 1815558 3025
34600 1806268 3025
34700 1827432 3013
34800 1805453 3015
34900 1825544 3012
35000 1816139 3012
35100 1806157 3011
35200 1831922 3014
35300 1821862 3014
35400 1829862 3013
35500 1807348 3016
35600 1828218 3012
35700 1817950 3012
35800 1825693 3010
35900 1826532 3026
36000 1834952 3024
36100 1806594 3022
36200 1825887 3017
36300 1804619 3022
36400 1824145 3016
36500 1837870 3023
36600 1816857 3028
36700 1824954 3026
36800 1807060 3021
36900 1814028 3019
37000 1812771 3011
37100 1837535 3022
37200 1816877 3029
37300 1805293 3016
37400 1831570 3027
37500 1839207 3014
37600 1798737 3021
37700 1805086 3018
37800 1821695 3013
37900 1802878 3021
38000 1820444 3026
38100 1815682 3018
38200 1833962 3023
38300 1829046 3015
38400 1814700 3038
38500 1817158 3024
38600 1811548 3016
38700 1830583 3019
38800 1829747 3026
38900 1821800 3018
39000 1806515 3031
39100 1799712 3024
39200 1819985 3027
39300 1827412 3026
39400 1817886 3019
39500 1825005 3018
39600 1846300 3020
39700 1803229 3025
39800 1825157 3027
39900 1831873 3026
40000 1801183 3024
40100 1807473 3023
40200 1814555 3022
40300 1821236 3040
40400 1844120 3021
40500 1801896 3030
40600 1808285 3028
40700 1815448 3027
40800 1821812 3025
40900 1828945 3024
41000 1835215 3022
41100 1813844 3037
41200 1831365 3016
41300 1827886 3033
41400 1797069 3027
41500 1824519 3028
41600 1831544 3026
41700 1837568 3024
41800 1819825 -2719
41900 1826837 -2730
42000 1832816 -2732
42100 1822111 -2734
42200 1810119 -2736
42300 1816401 -2739
42400 1802411 -2720
42500 1808298 -2723
42600 1794954 -2733
42700 1782826 -2735
42800 1828929 -2738
42900 1817912 -2718
43000 1802096 -2728
43100 1790536 -2729
43200 1832967 -2743
43300 1820599 -2744
43400 1812853 -2723
43500 1794869 -2733
43600 1823739 -2736
43700 1818417 -2716
43800 1799415 -2725
43900 1822931 -2738
44000 1809158 -2738
44100 1799392 -2726
44200 1828514 -2731
44300 1806756 -2739
44400 1806357 -2718
44500 1827962 -2733
44600 1804904 -2741
44700 1780846 -2722
44800 1809201 -2729
44900 1802538 -2716
45000 1820863 -2731
45100 1797292 -2738
45200 1816010 -2729
45300 1790968 -2735
45400 1827717 -2732
45500 1815137 -2730
45600 1823458 -2729
45700 1796730 -2735
45800 1835029 -2732
45900 1807220 -2723
46000 1804011 -2749
46100 1788263 -2727
46200 1788263 -2712
46300 1800240 -2730
46400 1824236 -2722
46500 1795749 -2726
46600 1819332 -2734
46700 1808098 -2711
46800 1816172 -2730
46900 1789982 -2713
47000 1796514 -2733
47100 1800985 -2717
47200 1810349 -2717
47300 1815978 -2737
47400 1792320 -2719
47500 1831849 -2722
47600 1771487 -2720
47700 1792433 -2730
47800 1821095 -2725
47900 1810743 -2715
48000 1811457 -2736
48100 1791873 -2715
48200 1811073 -2726
48300 1822175 -2727
48400 1789980 -2726
48500 1799102 -2727
48600 1818044 -2739
48700 1802293 -2717
48800 1819330 -2730
48900 1827068 -2704
49000 1776940 -2732
49100 1807961 -2730
49200 1801948 -2719
49300 1818680 -2732
49400 1785352 -2711
49500 1822823 -2722
49600 1814074 -2699
49700 1806681 -2715
49800 1819748 -2729
49900 1816494 -2717
50000 1827946 -2720
50100 1825305 -2708
50200 1810646 -2711
50300 1823595 -2727
50400 1822229 -2714
50500 1832487 -2730
50600 1806876 -2705
50700 1817860 -2721
50800 1825998 -2737
50900 1802618 -2711
51000 1811485 -2727
51100 1788444 -2713
51200 1794327 -2729
51300 1771701 -2715
51400 1782000 -2718
51500 1818346 -2702
51600 1822940 -2720
51700 1801402 -2704
51800 1806811 -2722
51900 1786640 -2706
52000 1788898 -2723
52100 1838503 -2696
52200 1841407 -2714
52300 1823646 -2697
52400 1797252 -2711
52500 1780869 -2693
52600 1842298 -2716
52700 1815984 -2712
52800 1787305 -2725
52900 1808578 -2699
53000 1832873 -2732
53100 1818706 -2713
53200 1805323 -2694
53300 1799360 -2713
53400 1829952 -2735
53500 1818126 -2715
53600 1808058 -2695
53700 1759979 -2719
53800 1837239 -2718
53900 1803984 -2729
54000 1795552 -2709
54100 1832000 -2714
54200 1794424 -2724
54300 1788589 -2703
54400 1827004 -2709
54500 1814203 -2728
54600 1810224 -2707
54700 1846497 -2715
54800 1806039 -2723
54900 1783425 -2713
55000 1843012 -2710
55100 1843012 -2688
55200 1782662 -2706
55300 1840005 -2705
55400 1819127 -2693
55500 1797760 -2712
55600 1814139 -2710
55700 1814139 -2710
55800 1818624 -2688
55900 1805358 -2727
56000 1785950 -2714
56100 1849180 -2717
56200 1830237 -2704
56300 1758188 -2716
56400 1815595 -2721
56500 1798839 -2706
56600 1833213 -2721
56700 1816907 -2706
56800 1879357 -2714
56900 1802536 -2723
57000 1787452 -2708
57100 1819930 -2724
57200 1805511 -2708
57300 1792303 -2692
57400 1820863 -2709
57500 1808518 -2693
57600 1853180 -2728
57700 1874216 -2705
57800 1779121 -2691
57900 1814356 -2727
58000 1804649 -2710
58100 1761022 -2697
58200 1823323 -2713
58300 1779801 -2699
58400 1802741 -2720
58500 1831016 -2698
58600 1789192 -2683
58700 1820863 -2723
58800 1814702 -2704
58900 1834807 -2727
59000 1830096 -2708
59100 1826948 -2689
59200 1810620 -2714
59300 1808985 -2694
59400 1808985 -2694
59500 1824645 -2719
59600 1824645 -2699
59700 1803652 -2724
59800 1805357 -2704
59900 1805357 -2704
60000 1815984 -2729
60100 1779713 -2707
60200 1783199 -2687
60300 1797333 -2712
60400 1853648 -2707
60500 1859280 -2687
60600 1866762 3045
60700 1825231 3049
60800 1832852 3069
60900 1802174 3046
61000 1811817 3067
61100 1811817 3067
61200 1772913 3045
61300 1879921 3060
61400 1838780 3067
61500 1853283 3087
61600 1800591 3045
61700 1815220 3065
61800 1792177 3094
61900 1770966 3045
62000 1848498 3063
62100 1848498 3063
62200 1868482 3083
62300 1804702 3043
62400 1784536 3074
62500 1784536 3074
62600 1828264 3039
62700 1828264 3039
62800 1811740 3071
62900 1811740 3071
63000 1799844 3103
63100 1864840 3032
63200 1824839 3046
63300 1852433 3065
63400 1814702 3079
63500 1756146 3064
63600 1848290 3038
63700 1843061 3072
63800 1843061 3072
63900 1806037 3089
64000 1849219 3009
64100 1849219 3045
64200 1849219 3045
64300 1813309 3063
64400 1816096 3099
64500 1875410 3083
64600 1875410 3083
64700 1796905 3036
64800 1805470 3073
64900 1868122 3054
65000 1868122 3054
65100 1837343 3075
65200 1880293 3090
65300 1880293 3090
65400 1821760 3047
65500 1821760 3047
65600 1793366 3070
65700 1793366 3070
65800 1854025 3046
65900 1826758 3071
66000 1826758 3071
66100 1854025 3108
66200 1932956 3056
66300 1908107 3082
66400 1886545 3108
66500 1886545 3108
66600 1825471 3042
66700 1825471 3042
66800 1807487 3069
66900 1807487 3069
67000 1789320 3097
67100 1832855 3066
67200 1832855 3066
67300 1817580 3095
67400 1817580 3095
67500 1869430 3061
67600 1869430 3061
67700 1857406 3091
67800 1787756 3116
67900 1831902 3049
68000 1831902 3049
68100 1823320 3080
68200 1823320 3080
68300 1866270 3041
68400 1866270 3041
68500 1861841 3073
68600 1798709 3105
68700 1798709 3105
68800 1822858 3031
68900 1822858 3064
69000 1822858 3064
69100 1827503 3097
69200 1761370 3099
69300 1790539 3058
69400 1790539 3058
69500 1800243 3091
69600 1800243 3091
69700 1901901 3020
69800 1912862 3054
69900 1912862 3054
70000 1929190 3088
70100 1857407 3096
70200 1857407 3096
70300 1874215 3047
70400 1874215 3047
70500 1829048 3092
70600 1829048 3092
70700 1829048 3092
70800 1753744 3057
70900 1753744 3057
71000 1753744 3057
71100 1946204 3075
71200 1876788 3090
71300 1876788 3090
71400 1872972 3038
71500 1803463 3055
71600 1803463 3055
71700 1841703 3089
71800 1777512 3108
71900 1777512 3108
72000 1969170 3080
72100 1939996 3135
72200 1857407 3047
72300 1857407 3047
72400 1792968 3070
72500 1843282 3103
72600 1843282 3103
72700 1778330 3128
72800 1778330 3128
72900 1948066 3086
73000 1849712 3058
73100 1849712 3058
73200 1849712 3058
73300 1786991 3088
73400 1786991 3088
73500 1849712 3117
73600 1794953 3149
73700 1984399 3092
73800 1984399 3092
73900 1921953 3126
74000 1921953 3126
74100 1779382 3045
74200 1728290 3081
74300 1728290 3081
74400 1809897 3048
74500 1885341 3073
74600 1885341 3073
74700 1838550 3112
74800 1838550 3112
74900 1838550 3112
75000 1790539 3154
75100 1961439 3071
75200 1961439 3071
75300 1918325 3114
75400 1918325 3114
75500 1751182 3045
75600 1874219 3159
75700 1710919 3090
75800 1814706 2998
75900 1782007 3045
76000 1782007 3045
76100 1782007 3045
76200 1748694 3094
76300 1748694 3094
76400 1748694 3094
76500 1726129 3144
76600 1845304 3039
76700 1845304 3039
76800 1820861 3091
76900 1820861 3091
77000 1820861 3091
77100 1820861 3091
77200 1808516 3144
77300 1876787 3028
77400 1876787 3028
77500 1757290 3078
77600 1757290 3078
77700 1757290 3078
77800 1757290 3078
77900 1757290 -2625
78000 1757290 -2625
78100 1829045 -2750
78200 1829045 -2693
78300 1829045 -2693
78400 1829045 -2693
78500 1710916 -2689
78600 1726123 -2628
78700 1993163 -2607
78800 1726123 -2628
78900 1993163 -2607
79000 2010573 -2699
79100 2010573 -2699
79200 2010573 -2699
79300 1885344 -2687
79400 1885344 -2687
79500 1921958 -2625
79600 1921958 -2625
79700 1921958 -2625
79800 1790541 -2606
79900 2309064 -1984
80000 3658108 73
80100 6626442 -2602
80200 1829052 -2695
80300 1829052 -2695
80400 1829052 -2695
80500 1770971 -2606
80600 1770971 -2606
80700 2168987 -2636
80800 1770971 -2606
80900 2168987 -2636
81000 1770971 -2606
81100 1940003 -2709
81200 1940003 -2709
81300 1940003 -2709
81400 1940003 -2709
81500 1940003 -2709
81600 1820868 -2669
81700 1820868 -2669
81800 1820868 -2669
81900 1916771 -2610
82000 1916771 -2610
82100 1796093 -2563
82200 1796093 -2563
82300 1796093 -2563
82400 1796093 -2563
82500 2125167 -2639
82600 1940000 -2804
82700 1829051 -2750
82800 1940000 -2696
82900 1940000 -2696
83000 1940000 -2696
83100 1940000 -2696
83200 1829051 -2636
83300 1829051 -2750
83400 1829051 -2636
83500 1829051 -2636
83600 1829051 -2636
83700 1741207 -2569
83800 1741207 -2569
83900 2132541 -2699
84000 2132541 -2699
84100 2132541 -2699
84200 2019225 -2625
84300 2019225 -2625
84400 2019225 -2625
84500 2019225 -2625
84600 2019225 -2625
84700 1940008 -2543
84800 1940008 -2543
84900 1940008 -2543
85000 1940008 -2543
85100 1940008 -2543
85200 1735194 -2838
85300 2144758 -2636
85400 2144758 -2636
85500 2144758 -2636
85600 2144758 -2636
85700 2144758 -2636
85800 2095443 -2541
85900 1623124 -2655
86000 1623124 -2655
86100 1623124 -2655
86200 1623124 -2655
86300 1623124 -2655
86400 1584005 -2556
86500 1770974 -2757
86600 1770974 -2757
86700 2504541 -2687
86800 1770974 -2757
86900 1770974 -2757
87000 1770974 -2757
87100 1770974 -2655
87200 2504541 -2585
87300 2504541 -2585
87400 1770974 -2655
87500 2240127 -2585
87600 2240127 -2585
87700 1584006 -2655
87800 2240127 -2585
87900 2240127 -2471
88000 2240127 -2471
88100 2240127 -2766
88200 2240127 -2471
88300 2240127 -2766
88400 2240127 -2766
88500 2240127 -2766
88600 2309072 -2655
88700 2019228 -2625
88800 2019228 -2625
88900 2019228 -2625
89000 2019228 -2625
89100 2019228 -2625
89200 2019228 -2625
89300 2019228 -2625
89400 2019228 -2625
89500 2095453 -2509
89600 2095453 -2509
89700 2095453 -2509
89800 1857420 -2455
89900 1857420 -2455
90000 1857420 -2455
90100 1857420 -2750
90200 1857420 -2750
90300 1857420 -2750
90400 1857420 -2750
90500 1857420 -2750
90600 1857420 -2750
90700 1857420 -2750
90800 1857420 -2750
90900 2019228 -2636
91000 1770983 -2556
91100 1770983 -2556
91200 1770983 -2556
91300 2504562 -2687
91400 2504562 -2687
91500 1770983 -2556
91600 2504562 -2687
91700 2504562 -2687
91800 2504562 -2687
91900 2504562 -2687
92000 2240139 -2585
92100 2240139 -2585
92200 2240139 -2585
92300 2240139 -2585
92400 2240139 -2585
92500 2240139 -2585
92600 2240139 -2585
92700 2240139 -2585
92800 1940016 -2455
92900 1584009 -2880
93000 1940016 -2455
93100 1940016 -2455
93200 1371791 -2750
93300 1584009 -2655
93400 2240139 -2360
93500 1940016 -2455
93600 1371791 -2750
93700 1584009 -2655
93800 1584009 -2655
93900 2095455 -2214
94000 2095455 -2804
94100 1481703 -2509
94200 2095455 -2804
94300 2095455 -2804
94400 2095455 -2804
94500 1770981 -2880
94600 1770981 -2880
94700 2095455 -2804
94800 2095455 -2804
94900 1770981 -2880
95000 1940016 -2636
95100 1940016 -2636
95200 1584012 -2680
95300 1940016 -2636
95400 1584012 -2680
95500 1584012 -2680
95600 1940016 -2636
95700 1584012 -2680
95800 1584012 -2680
95900 1584012 -2680
96000 1584012 -2680
96100 1584012 -2680
96200 1584012 -2680
96300 1584012 -2680
96400 1584012 -2455
96500 1584012 -2455
96600 1584012 -2455
96700 1584012 -2455
96800 1584012 -2455
96900 1584012 -2455
97000 1584012 2880
97100 1584012 2880
97200 1584012 2880
97300 1584012 -2455
97400 1584012 2880
97500 1584012 2880
97600 1584012 2880
97700 1584012 2880
97800 1584012 2880
97900 1584012 3105
98000 1584012 3105
98100 1584012 3105
98200 1584012 3105
98300 1584012 3105
98400 1584012 3105
98500 1120063 3175
98600 0 0
98700 1120063 3175
98800 0 0
98900 0 0
99000 0 0
99100 0 0
99200 1120063 3175
99300 0 0
99400 0 0
99500 0 0
99600 0 0
99700 0 0
99800 0 0
99900 0 0
100000 0 0
