

 << Logging of terminal I/O resumes >> 

1000 7334 2883
1100 7321 2883
1200 7319 2883
1300 7322 2887
1400 7330 2886
1500 7336 2886
1600 7344 2887
1700 7328 2887
1800 7343 2888
1900 7326 2887
2000 7316 2890
2100 7338 2888
2200 7321 2887
2300 7311 2890
2400 7317 2889
2500 7339 2885
2600 7307 2888
2700 7322 2890
2800 7318 2887
2900 7331 2889
3000 7303 2888
3100 7326 2889
3200 7303 2890
3300 7302 2887
3400 7302 2891
3500 7324 2889
3600 7315 2890
3700 7310 2890
3800 7302 2890
3900 7292 2890
4000 7314 2888
4100 7299 2891
4200 7297 2893
4300 7315 2893
4400 7329 2893
4500 7317 2891
4600 7326 2892
4700 7303 2892
4800 7326 2893
4900 7307 2894
5000 7306 2892
5100 7313 2896
5200 7324 2893
5300 7317 2895
5400 7326 2892
5500 7324 2894
5600 7322 2895
5700 7305 2892
5800 7318 2893
5900 7315 2895
6000 7301 2895
6100 7316 2897
6200 7292 2897
6300 7288 2897
6400 7322 2898
6500 7310 2898
6600 7308 2899
6700 7304 2898
6800 7320 2895
6900 7317 2900
7000 7322 2900
7100 7307 2899
7200 7314 2899
7300 7304 2899
7400 7317 2900
7500 7307 2900
7600 7297 2899
7700 7291 2899
7800 7316 2899
7900 7291 2898
8000 7285 2898
8100 7295 2898
8200 7292 -2862
8300 7302 -2862
8400 7317 -2861
8500 7298 -2861
8600 7321 -2856
8700 7306 -2862
8800 7297 -2856
8900 7318 -2860
9000 7312 -2858
9100 7308 -2859
9200 7309 -2859
9300 7313 -2858
9400 7318 -2857
9500 7307 -2855
9600 7301 -2859
9700 7319 -2858
9800 7299 -2857
9900 7319 -2855
10000 7300 -2857
10100 7296 -2855
10200 7322 -2853
10300 7304 -2855
10400 7308 -2853
10500 7302 -2855
10600 7307 -2852
10700 7309 -2854
10800 7304 -2855
10900 7325 -2853
11000 7333 -2854
11100 7299 -2853
11200 7303 -2853
11300 7321 -2855
11400 7305 -2853
11500 7293 -2852
11600 7303 -2853
11700 7303 -2851
11800 7294 -2849
11900 7301 -2854
12000 7307 -2852
12100 7314 -2850
12200 7291 -2851
12300 7310 -2849
12400 7297 -2847
12500 7306 -2848
12600 7309 -2849
12700 7302 -2850
12800 7293 -2851
12900 7323 -2849
13000 7306 -2846
13100 7312 -2847
13200 7323 -2848
13300 7301 -2850
13400 7298 -2849
13500 7309 -2849
13600 7298 -2852
13700 7305 -2848
13800 7325 -2849
13900 7311 -2847
14000 7285 -2846
14100 7315 -2847
14200 7301 -2845
14300 7301 -2847
14400 7294 -2846
14500 7305 -2848
14600 7302 -2846
14700 7303 -2843
14800 7324 -2846
14900 7293 -2844
15000 7306 -2847
15100 7281 -2845
15200 7300 -2844
15300 7280 -2842
15400 7305 -2845
15500 7297 -2843
15600 7333 -2845
15700 7285 -2844
15800 7293 -2843
15900 7285 -2841
16000 7280 -2842
16100 7296 -2841
16200 7306 -2843
16300 7306 -2842
16400 7286 -2839
16500 7303 -2842
16600 7287 -2839
16700 7310 -2841
16800 7297 -2839
16900 7322 -2842
17000 7315 -2840
17100 7309 -2841
17200 7302 -2837
17300 7305 -2835
17400 7305 -2837
17500 7309 -2839
17600 7316 -2840
17700 7287 -2835
17800 7305 -2836
17900 7308 -2839
18000 7282 -2838
18100 7300 -2840
18200 7311 -2841
18300 7319 -2836
18400 7306 -2835
18500 7321 -2837
18600 7288 -2838
18700 7311 -2834
18800 7311 -2834
18900 7288 -2837
19000 7293 -2837
19100 7293 -2834
19200 7307 -2833
19300 7291 -2837
19400 7309 -2834
19500 7328 -2833
19600 7320 -2836
19700 7312 -2832
19800 7307 -2834
19900 7275 -2834
20000 7281 -2836
20100 7311 -2835
20200 7298 -2834
20300 7310 -2836
20400 7292 -2834
20500 7311 -2829
20600 7295 -2828
20700 7288 -2833
20800 7282 -2832
20900 7282 -2829
21000 7307 -2831
21100 7313 -2830
21200 7291 -2831
21300 7294 -2828
21400 7336 -2830
21500 7309 -2830
21600 7291 -2832
21700 7311 -2829
21800 7303 -2830
21900 7294 -2830
22000 7293 -2830
22100 7321 -2828
22200 7313 -2827
22300 7317 -2827
22400 7327 -2828
22500 7329 -2828
22600 7298 -2830
22700 7310 -2829
22800 7316 -2828
22900 7291 -2829
23000 7301 -2824
23100 7284 -2829
23200 7309 -2823
23300 7288 -2823
23400 7315 -2823
23500 7304 -2824
23600 7293 -2825
23700 7307 -2826
23800 7282 -2825
23900 7332 -2825
24000 7289 -2825
24100 7290 -2825
24200 7291 -2825
24300 7298 -2825
24400 7327 -2825
24500 7282 -2824
24600 7294 -2823
24700 7323 -2823
24800 7275 -2826
24900 7283 -2821
25000 7296 2939
25100 7286 2940
25200 7322 2939
25300 7303 2935
25400 7300 2938
25500 7297 2940
25600 7290 2940
25700 7294 2942
25800 7288 2938
25900 7290 2940
26000 7295 2942
26100 7299 2938
26200 7310 2941
26300 7287 2945
26400 7292 2941
26500 7319 2943
26600 7318 2940
26700 7319 2944
26800 7281 2944
26900 7291 2940
27000 7288 2946
27100 7309 2943
27200 7302 2942
27300 7287 2949
27400 7324 2946
27500 7301 2945
27600 7291 2946
27700 7281 2947
27800 7314 2944
27900 7300 2944
28000 7301 2946
28100 7311 2946
28200 7316 2947
28300 7288 2944
28400 7291 2945
28500 7306 2945
28600 7321 2947
28700 7301 2944
28800 7319 2945
28900 7267 2947
29000 7299 2949
29100 7286 2947
29200 7319 2948
29300 7315 2945
29400 7280 2948
29500 7317 2950
29600 7321 2948
29700 7283 2951
29800 7296 2949
29900 7295 2946
30000 7307 2946
30100 7287 2950
30200 7290 2948
30300 7300 2953
30400 7302 2950
30500 7332 2949
30600 7283 2950
30700 7308 2948
30800 7308 2953
30900 7282 2951
31000 7301 2950
31100 7263 2951
31200 7314 2950
31300 7279 2952
31400 7329 2952
31500 7305 2956
31600 7263 2952
31700 7263 2956
31800 7330 2955
31900 7313 2952
32000 7245 2955
32100 7318 2953
32200 7299 2958
32300 7320 2956
32400 7265 2953
32500 7266 2958
32600 7268 2954
32700 7285 2961
32800 7312 2960
32900 7267 2956
33000 7296 2953
33100 7317 2960
33200 7287 2959
33300 7311 2957
33400 7278 2956
33500 7319 2961
33600 7304 2960
33700 7271 2959
33800 7309 2958
33900 7303 2957
34000 7284 2956
34100 7341 2962
34200 7331 2963
34300 7321 2962
34400 7310 2963
34500 7306 2956
34600 7317 2963
34700 7286 2957
34800 7299 2956
34900 7299 2958
35000 7306 2958
35100 7322 2959
35200 7277 2963
35300 7281 2964
35400 7303 2959
35500 7315 2960
35600 7280 2967
35700 7283 2961
35800 7310 2961
35900 7290 2968
36000 7293 2962
36100 7325 2963
36200 7285 2963
36300 7316 2963
36400 7279 2964
36500 7319 2964
36600 7284 2965
36700 7291 2962
36800 7316 2968
36900 7310 2964
37000 7297 2963
37100 7306 2970
37200 7331 2969
37300 7297 2967
37400 7285 2970
37500 7310 2965
37600 7296 2966
37700 7279 2970
37800 7321 2966
37900 7316 2968
38000 7304 2970
38100 7306 2973
38200 7277 2963
38300 7284 2968
38400 7290 2971
38500 7303 2971
38600 7308 2976
38700 7308 2968
38800 7320 2970
38900 7282 2971
39000 7306 2975
39100 7295 2967
39200 7324 2971
39300 7287 2969
39400 7330 2975
39500 7285 2976
39600 7287 2968
39700 7279 2969
39800 7317 2973
39900 7289 2974
40000 7343 2978
40100 7268 2976
40200 7268 2971
40300 7336 2974
40400 7319 2976
40500 7328 2978
40600 7333 2971
40700 7328 2975
40800 7320 2976
40900 7264 2977
41000 7289 2972
41100 7289 2974
41200 7323 2978
41300 7325 2972
41400 7274 2973
41500 7298 2977
41600 7319 -2778
41700 7270 -2785
41800 7305 -2780
41900 7266 -2778
42000 7278 -2783
42100 7317 -2779
42200 7292 -2783
42300 7333 -2780
42400 7291 -2784
42500 7255 -2780
42600 7301 -2785
42700 7266 -2778
42800 7316 -2786
42900 7309 -2778
43000 7275 -2783
43100 7258 -2775
43200 7309 -2781
43300 7303 -2774
43400 7296 -2781
43500 7257 -2780
43600 7262 -2773
43700 7247 -2775
43800 7305 -2780
43900 7286 -2784
44000 7316 -2776
44100 7303 -2777
44200 7280 -2777
44300 7272 -2779
44400 7266 -2779
44500 7252 -2781
44600 7293 -2773
44700 7297 -2773
44800 7308 -2774
44900 7304 -2773
45000 7303 -2774
45100 7321 -2776
45200 7343 -2776
45300 7345 -2776
45400 7340 -2777
45500 7260 -2778
45600 7260 -2777
45700 7289 -2776
45800 7310 -2776
45900 7339 -2776
46000 7292 -2767
46100 7259 -2775
46200 7288 -2773
46300 7330 -2773
46400 7259 -2771
46500 7281 -2770
46600 7258 -2777
46700 7300 -2775
46800 7342 -2775
46900 7250 -2772
47000 7314 -2771
47100 7290 -2774
47200 7298 -2764
47300 7265 -2770
47400 7304 -2766
47500 7316 -2774
47600 7244 -2766
47700 7315 -2767
47800 7294 -2770
47900 7284 -2775
48000 7229 -2769
48100 7332 -2769
48200 7297 -2771
48300 7307 -2774
48400 7249 -2767
48500 7254 -2768
48600 7261 -2773
48700 7319 -2760
48800 7321 -2766
48900 7329 -2769
49000 7313 -2771
49100 7301 -2761
49200 7320 -2763
49300 7312 -2765
49400 7327 -2767
49500 7233 -2760
49600 7328 -2757
49700 7237 -2767
49800 7270 -2769
49900 7279 -2768
50000 7317 -2757
50100 7334 -2761
50200 7242 -2761
50300 7268 -2763
50400 7300 -2765
50500 7224 -2766
50600 7276 -2768
50700 7305 -2771
50800 7214 -2755
50900 7264 -2757
51000 7317 -2759
51100 7247 -2758
51200 7284 -2758
51300 7226 -2758
51400 7294 -2758
51500 7236 -2758
51600 7271 -2758
51700 7334 -2760
51800 7270 -2757
51900 7338 -2758
52000 7287 -2755
52100 7356 -2757
52200 7305 -2753
52300 7262 -2749
52400 7293 -2767
52500 7254 -2761
52600 7331 -2763
52700 7298 -2758
52800 7282 -2753
52900 7357 -2754
53000 7269 -2764
53100 7253 -2758
53200 7232 -2750
53300 7335 -2753
53400 7251 -2761
53500 7235 -2752
53600 7352 -2756
53700 7272 -2761
53800 7261 -2757
53900 7259 -2751
54000 7305 -2766
54100 7295 -2756
54200 7306 -2750
54300 7249 -2754
54400 7293 -2744
54500 7297 -2762
54600 7334 -2753
54700 7251 -2757
54800 7295 -2748
54900 7224 -2753
55000 7245 -2742
55100 7288 -2758
55200 7338 -2750
55300 7293 -2753
55400 7222 -2752
55500 7290 -2745
55600 7304 -2761
55700 7259 -2760
55800 7330 -2749
55900 7286 -2752
56000 7230 -2752
56100 7306 -2742
56200 7265 -2744
56300 7238 -2761
56400 7278 -2759
56500 7340 -2749
56600 7326 -2747
56700 7292 -2744
56800 7255 -2745
56900 7219 -2745
57000 7251 -2761
57100 7232 -2756
57200 7354 -2745
57300 7330 -2745
57400 7297 -2743
57500 7309 -2740
57600 7342 -2754
57700 7346 -2752
57800 7320 -2749
57900 7300 -2746
58000 7303 -2742
58100 7313 -2737
58200 7363 -2753
58300 7355 -2749
58400 7201 -2747
58500 7212 -2743
58600 7218 -2736
58700 7251 -2753
58800 7277 -2749
58900 7287 -2744
59000 7331 -2737
59100 7373 -2751
59200 7252 -2748
59300 7270 -2740
59400 7292 -2735
59500 7331 -2752
59600 7387 -2743
59700 7226 -2738
59800 7303 -2732
59900 7323 -2748
60000 7214 -2738
60100 7277 -2731
60200 7300 3013
60300 7367 3017
60400 7248 3032
60500 7282 3015
60600 7380 3019
60700 7224 3011
60800 7308 3019
60900 7206 3033
61000 7251 3017
61100 7339 3024
61200 7193 3013
61300 7310 3023
61400 7418 3025
61500 7278 3021
61600 7364 3025
61700 7228 3022
61800 7349 3030
61900 7191 3025
62000 7332 3030
62100 7196 3023
62200 7247 3014
62300 7365 3015
62400 7338 3034
62500 7365 3021
62600 7232 3018
62700 7400 3023
62800 7247 3021
62900 7230 3041
63000 7283 3026
63100 7301 3011
63200 7183 3010
63300 7359 3015
63400 7239 3019
63500 7427 3022
63600 7292 3024
63700 7330 3009
63800 7370 3029
63900 7252 3034
64000 7286 3020
64100 7346 3039
64200 7373 3027
64300 7269 3033
64400 7298 3016
64500 7197 3028
64600 7437 3025
64700 7330 3032
64800 7354 3016
64900 7250 3024
65000 7302 3006
65100 7402 3031
65200 7316 3042
65300 7288 3018
65400 7280 3037
65500 7303 3022
65600 7243 3030
65700 7278 3017
65800 7236 3026
65900 7147 3039
66000 7204 3024
66100 7135 3035
66200 7409 3034
66300 7367 3046
66400 7389 3033
66500 7321 3046
66600 7397 3028
66700 7357 3043
66800 7400 3027
66900 7355 3043
67000 7173 3021
67100 7398 3040
67200 7166 3021
67300 7169 3036
67400 7194 3020
67500 7192 3040
67600 7233 3023
67700 7237 3041
67800 7250 3024
67900 7301 3043
68000 7354 3030
68100 7378 3044
68200 7409 3032
68300 7208 3048
68400 7214 3034
68500 7259 3055
68600 7282 3037
68700 7327 3023
68800 7378 3046
68900 7139 3031
69000 7200 3048
69100 7246 3039
69200 7295 3057
69300 7373 3041
69400 7399 3023
69500 7224 3053
69600 7254 3038
69700 7362 3057
69800 7127 3051
69900 7131 3035
70000 7268 3059
70100 7326 3038
70200 7357 3026
70300 7220 3060
70400 7259 3043
70500 7295 3030
70600 7437 3046
70700 7198 3049
70800 7234 3032
70900 7265 3018
71000 7162 3056
71100 7201 3043
71200 7255 3024
71300 7146 3069
71400 7174 3051
71500 7224 3034
71600 7261 3020
71700 7215 3061
71800 7262 3046
71900 7298 3032
72000 7252 3071
72100 7244 3061
72200 7326 3044
72300 7134 3055
72400 7137 3042
72500 7437 3061
72600 7191 3074
72700 7231 3056
72800 7289 3042
72900 7272 3027
73000 7122 3043
73100 7415 3059
73200 7452 3045
73300 7238 3057
73400 7277 3046
73500 7323 3029
73600 7138 3050
73700 7192 3032
73800 7523 3050
73900 7323 3069
74000 7384 3056
74100 7425 3039
74200 7265 3063
74300 7326 3050
74400 7344 3036
74500 7170 3065
74600 7262 3048
74700 7277 3029
74800 7152 3059
74900 7169 3043
75000 7225 3030
75100 7056 3063
75200 7129 3044
75300 7167 3028
75400 7076 3062
75500 7102 3048
75600 7138 3034
75700 7046 3067
75800 7085 3054
75900 7156 3040
76000 7191 3023
76100 7076 3061
76200 7150 3045
76300 7216 3028
76400 7139 3068
76500 7180 3054
76600 7227 3040
76700 7215 3080
76800 7258 3065
76900 7318 3050
77000 7313 3089
77100 7326 3072
77200 7370 3058
77300 7416 3044
77400 7489 -2670
77500 7047 -2690
77600 7060 -2706
77700 7099 -2722
77800 7164 -2678
77900 7184 -2691
78000 7221 -2701
78100 7291 -2718
78200 7427 -2677
78300 7436 -2692
78400 7480 -2704
78500 7070 -2712
78600 7171 -2667
78700 7205 -2680
78800 7256 -2696
78900 7300 -2712
79000 7329 -2726
79100 7533 -2680
79200 7064 -2679
79300 7109 -2696
79400 7167 -2707
79500 7211 -2722
79600 7436 -2674
79700 7472 -2690
79800 7020 -2675
79900 9080 -2635
80000 263556 -2880
80100 9076 -2748
80200 7388 -2675
80300 7508 -2697
80400 7035 -2675
80500 7032 -2688
80600 7084 -2702
80700 7101 -2720
80800 7510 -2671
80900 7503 -2688
81000 7035 -2666
81100 7340 -2681
81200 7183 -2695
81300 7317 -2726
81400 7315 -2701
81500 7363 -2741
81600 6864 -2709
81700 7327 -2668
81800 7394 -2675
81900 7404 -2699
82000 7496 -2713
82100 7051 -2667
82200 7112 -2686
82300 7181 -2703
82400 7257 -2718
82500 7301 -2735
82600 6833 -2688
82700 7351 -2650
82800 7407 -2668
82900 7408 -2675
83000 7509 -2698
83100 7539 -2712
83200 7158 -2663
83300 6921 -2721
83400 7293 -2689
83500 7338 -2706
83600 7404 -2718
83700 7072 -2661
83800 7169 -2674
83900 7163 -2686
84000 7178 -2713
84100 7275 -2724
84200 7006 -2654
84300 7092 -2677
84400 7094 -2683
84500 7135 -2699
84600 7258 -2717
84700 7250 -2734
84800 6999 -2659
84900 7069 -2669
85000 7100 -2684
85100 7112 -2704
85200 7186 -2723
85300 7078 -2643
85400 7122 -2652
85500 7169 -2668
85600 7181 -2685
85700 7234 -2693
85800 7326 -2715
85900 7295 -2727
86000 7233 -2644
86100 7253 -2659
86200 7335 -2683
86300 7395 -2690
86400 7429 -2713
86500 7467 -2719
86600 7481 -2634
86700 7516 -2646
86800 6830 -2655
86900 6831 -2682
87000 6908 -2702
87100 6970 -2713
87200 7006 -2728
87300 7052 -2626
87400 7107 -2639
87500 7215 -2667
87600 7211 -2662
87700 7179 -2695
87800 7316 -2703
87900 7411 -2723
88000 7344 -2728
88100 7611 -2639
88200 7766 -2649
88300 7581 -2687
88400 6886 -2651
88500 6924 -2665
88600 6928 -2677
88700 7028 -2698
88800 7001 -2713
88900 7100 -2731
89000 7208 -2750
89100 7428 -2630
89200 7486 -2660
89300 7599 -2670
89400 7733 -2693
89500 6802 -2650
89600 6872 -2657
89700 6918 -2683
89800 6946 -2693
89900 7048 -2695
90000 7080 -2708
90100 7158 -2747
90200 7155 -2744
90300 7851 -2652
90400 7835 -2664
90500 6957 -2601
90600 6977 -2636
90700 7206 -2636
90800 7056 -2647
90900 7219 -2664
91000 7110 -2669
91100 7301 -2691
91200 7296 -2701
91300 7280 -2711
91400 7396 -2737
91500 6723 -2654
91600 6742 -2673
91700 6726 -2677
91800 6833 -2703
91900 7700 -2618
92000 6850 -2727
92100 6963 -2737
92200 7099 -2769
92300 7864 -2666
92400 6174 -2666
92500 7266 -2578
92600 7307 -2591
92700 7346 -2601
92800 7348 -2634
92900 7426 -2637
93000 7463 -2648
93100 7560 -2669
93200 7632 -2677
93300 7025 -2582
93400 7105 -2575
93500 7277 -2564
93600 7292 -2608
93700 7262 -2621
93800 7462 -2614
93900 7355 -2645
94000 7448 -2652
94100 7478 -2643
94200 7581 -2681
94300 7709 -2701
94400 7815 -2711
94500 7226 -2564
94600 7159 -2573
94700 7324 -2606
94800 7423 -2604
94900 7440 -2622
95000 7415 -2648
95100 7531 -2637
95200 6199 -2712
95300 7542 -2695
95400 7709 -2696
95500 7950 -2727
95600 6372 -2773
95700 7904 -2564
95800 6459 -2802
95900 6467 -2599
96000 6467 -2599
96100 6615 -2636
96200 6664 -2646
96300 6653 -2672
96400 6714 -2674
96500 6819 -2675
96600 6984 -2701
96700 6984 -2724
96800 6978 -2707
96900 7048 -2765
97000 6976 -2773
97100 7000 -2525
97200 7261 -2561
97300 7057 -2759
97400 7385 -2593
97500 7355 -2602
97600 7401 -2642
97700 7596 -2638
97800 7453 -2642
97900 7610 3069
98000 7652 3098
98100 7743 3080
98200 7829 3052
98300 7880 3038
98400 7976 3033
98500 5693 3072
98600 7188 3291
98700 5649 3036
98800 5565 3038
98900 5849 2999
99000 5868 3016
99100 5949 2991
99200 7440 3219
99300 7303 3190
99400 7561 3184
99500 7594 3170
99600 7731 3144
99700 7517 3165
99800 7564 3123
99900 7725 3109
100000 6148 3284
