1000 673264 3021
1100 662792 3025
1200 657954 3032
1300 645495 3037
1400 641010 3042
1500 630950 3041
1600 626037 3043
1700 616405 3043
1800 613440 3042
1900 608062 3042
2000 602339 3040
2100 597690 3041
2200 592566 3042
2300 588255 3039
2400 583981 3035
2500 580217 3033
2600 576001 3033
2700 573939 3030
2800 572514 3031
2900 568679 3027
3000 566537 3025
3100 562562 3021
3200 560720 3023
3300 558635 3018
3400 554528 3014
3500 555636 3014
3600 552331 3014
3700 549547 3010
3800 550569 3010
3900 548615 3008
4000 547944 3005
4100 547224 3003
4200 546172 3004
4300 543771 3004
4400 542383 2997
4500 542513 2996
4600 540049 2997
4700 539483 2992
4800 539242 2992
4900 540413 2990
5000 539441 2990
5100 537263 2989
5200 535058 2987
5300 537305 2986
5400 536005 2983
5500 535342 2987
5600 531932 2982
5700 533113 2982
5800 532112 2983
5900 531953 2982
6000 532705 2976
6100 531648 2975
6200 530344 2978
6300 530801 2977
6400 529017 2978
6500 528556 2974
6600 529618 2973
6700 529871 2973
6800 528426 2969
6900 526578 2972
7000 526797 2971
7100 528986 2969
7200 529171 2969
7300 527058 2969
7400 528760 2969
7500 526607 2968
7600 526294 2965
7700 527956 2965
7800 523479 2966
7900 524577 2963
8000 526228 2963
8100 524903 2961
8200 524169 -2795
8300 525151 -2798
8400 525998 -2797
8500 524532 -2800
8600 522998 -2800
8700 524033 -2798
8800 524088 -2798
8900 524940 -2798
9000 524921 -2800
9100 524837 -2803
9200 524872 -2802
9300 524910 -2802
9400 522625 -2800
9500 522452 -2803
9600 522768 -2800
9700 521799 -2801
9800 523425 -2801
9900 523499 -2801
10000 522062 -2804
10100 521398 -2802
10200 522540 -2806
10300 521443 -2806
10400 522296 -2805
10500 521668 -2804
10600 521502 -2807
10700 522955 -2805
10800 521227 -2807
10900 522088 -2807
11000 520326 -2806
11100 519941 -2809
11200 520233 -2810
11300 521223 -2806
11400 521516 -2807
11500 520353 -2810
11600 521446 -2808
11700 521119 -2808
11800 520763 -2808
11900 520437 -2808
12000 521946 -2811
12100 520915 -2812
12200 520551 -2812
12300 521206 -2809
12400 519997 -2806
12500 521025 -2812
12600 519947 -2812
12700 520693 -2810
12800 519144 -2809
12900 519195 -2812
13000 521243 -2808
13100 519257 -2813
13200 518947 -2810
13300 520921 -2810
13400 520033 -2814
13500 519802 -2811
13600 518307 -2810
13700 519468 -2811
13800 518436 -2814
13900 520629 -2812
14000 521746 -2813
14100 519432 -2812
14200 519442 -2809
14300 519717 -2811
14400 518221 -2812
14500 518201 -2812
14600 518363 -2814
14700 517639 -2811
14800 519164 -2810
14900 518529 -2808
15000 519290 -2812
15100 517790 -2810
15200 517797 -2810
15300 520002 -2813
15400 518560 -2811
15500 518553 -2811
15600 518098 -2815
15700 518381 -2812
15800 517431 -2812
15900 519390 -2816
16000 519778 -2813
16100 520521 -2812
16200 519561 -2812
16300 517619 -2813
16400 518362 -2813
16500 518968 -2810
16600 519743 -2814
16700 517841 -2813
16800 518560 -2810
16900 518301 -2814
17000 516417 -2810
17100 518699 -2815
17200 518652 -2811
17300 518553 -2810
17400 518214 -2811
17500 518124 -2811
17600 517753 -2812
17700 517351 -2812
17800 517290 -2812
17900 518608 -2813
18000 518176 -2814
18100 517616 -2810
18200 518506 -2814
18300 518039 -2810
18400 517614 -2810
18500 516298 -2810
18600 517056 -2814
18700 518486 -2810
18800 516580 -2813
18900 517745 -2815
19000 518757 -2813
19100 517420 -2812
19200 518494 -2810
19300 518834 -2811
19400 519972 -2809
19500 518854 -2815
19600 517495 -2814
19700 516313 -2810
19800 515944 -2812
19900 518737 -2812
20000 517738 -2807
20100 517319 -2809
20200 518383 -2814
20300 515653 -2813
20400 516967 -2811
20500 516916 -2809
20600 519782 -2810
20700 517120 -2809
20800 517931 -2813
20900 517931 -2811
21000 517960 -2809
21100 518036 -2808
21200 520032 -2810
21300 518751 -2810
21400 518874 -2809
21500 516689 -2810
21600 516849 -2808
21700 518514 -2804
21800 519187 -2812
21900 517773 -2806
22000 518230 -2808
22100 518500 -2806
22200 517855 -2805
22300 517195 -2804
22400 517627 -2806
22500 517982 -2808
22600 517361 -2807
22700 517679 -2809
22800 517075 -2807
22900 517340 -2809
23000 518526 -2806
23100 518773 -2808
23200 519842 -2804
23300 517373 -2809
23400 518501 -2805
23500 517641 -2807
23600 516712 -2809
23700 518122 -2807
23800 517144 -2809
23900 516152 -2811
24000 518102 -2812
24100 517983 -2804
24200 518945 -2805
24300 517450 -2804
24400 518771 -2809
24500 519286 -2807
24600 520177 -2808
24700 515578 -2806
24800 519806 -2811
24900 519115 -2805
25000 516788 -2806
25100 517596 -2808
25200 520384 -2806
25300 517991 -2807
25400 517652 -2804
25500 518429 2954
25600 518098 2953
25700 517819 2955
25800 517485 2954
25900 515167 2957
26000 520339 2959
26100 519990 2958
26200 519174 2955
26300 518039 2958
26400 517651 2957
26500 516728 2954
26600 518853 2956
26700 518884 2959
26800 516865 2957
26900 519098 2959
27000 518033 2956
27100 517172 2960
27200 518504 2962
27300 519476 2958
27400 517312 2957
27500 517575 2960
27600 518288 2961
27700 519085 2956
27800 518530 2960
27900 519287 2961
28000 517042 2960
28100 520684 2957
28200 516620 2963
28300 520251 2961
28400 517937 2960
28500 517530 2957
28600 518305 2957
28700 519098 2958
28800 519907 2958
28900 519772 2957
29000 517983 2962
29100 518866 2962
29200 517261 2958
29300 519627 2962
29400 520521 2962
29500 516347 2963
29600 518869 2966
29700 518764 2960
29800 518543 2959
29900 517198 2964
30000 518602 2960
30100 518354 2959
30200 515995 2963
30300 520310 2963
30400 518092 2968
30500 519345 2963
30600 519070 2963
30700 518350 2964
30800 516849 2962
30900 516144 2964
31000 515862 2963
31100 517257 2967
31200 516907 2961
31300 516592 2961
31400 518116 2964
31500 517589 2959
31600 516773 2966
31700 521085 2964
31800 519204 2965
31900 518461 2960
32000 519323 2967
32100 520864 2964
32200 519024 2965
32300 519672 2966
32400 517832 2967
32500 519231 2963
32600 516773 2970
32700 518118 2966
32800 518857 2969
32900 517038 2968
33000 520827 2965
33100 519106 2967
33200 515845 2967
33300 519359 2971
33400 520454 2966
33500 521195 2967
33600 520788 2963
33700 518992 2970
33800 518486 2966
33900 518198 2969
34000 518987 2969
34100 518345 2965
34200 519122 2966
34300 518524 2967
34400 518400 2970
34500 521965 2970
34600 518438 2966
34700 520568 2967
34800 520024 2968
34900 519462 2969
35000 518952 2970
35100 519103 2973
35200 517385 2967
35300 519590 2967
35400 519106 2968
35500 521353 2968
35600 520886 2969
35700 519164 2972
35800 518737 2973
35900 521089 2973
36000 514831 2970
36100 518122 2975
36200 520499 2974
36300 520151 2976
36400 519120 2970
36500 518791 2971
36600 518607 2979
36700 519842 2976
36800 522229 2975
36900 519748 2976
37000 518440 2980
37100 522125 2974
37200 519932 2985
37300 518439 2979
37400 519513 2976
37500 517085 2978
37600 523662 2977
37700 521236 2979
37800 516978 2977
37900 520225 2970
38000 519829 2977
38100 517455 2979
38200 520576 2972
38300 518188 2975
38400 518097 2974
38500 517993 2980
38600 517964 2979
38700 520942 2979
38800 520867 2978
38900 523178 2980
39000 516970 2979
39100 519371 2981
39200 524323 2976
39300 517965 2975
39400 520425 2977
39500 516709 2980
39600 519251 2982
39700 517337 2980
39800 517173 2979
39900 518458 2977
40000 521071 2979
40100 520118 2988
40200 516985 2976
40300 521264 2985
40400 519240 2984
40500 520252 2985
40600 519639 2974
40700 516163 2979
40800 522157 2982
40900 523247 2983
41000 519966 2987
41100 521099 2988
41200 523254 2980
41300 520025 2984
41400 521159 2985
41500 517067 2985
41600 518216 2985
41700 519140 2982
41800 520318 2983
41900 520907 2990
42000 520250 2991
42100 521682 2982
42200 522471 -2771
42300 518268 -2771
42400 522965 -2780
42500 518366 -2773
42600 519648 -2772
42700 518521 -2774
42800 519823 -2774
42900 518486 -2776
43000 519753 -2776
43100 519217 -2775
43200 517853 -2777
43300 523240 -2770
43400 517738 -2778
43500 516269 -2780
43600 521829 -2774
43700 520365 -2776
43800 519850 -2775
43900 518390 -2776
44000 524327 -2771
44100 522735 -2773
44200 519491 -2763
44300 520786 -2773
44400 519199 -2775
44500 517547 -2776
44600 518425 -2767
44700 516728 -2769
44800 518897 -2772
44900 520031 -2764
45000 518382 -2765
45100 525842 -2774
45200 518739 -2770
45300 518698 -2764
45400 517016 -2765
45500 518939 -2769
45600 520799 -2773
45700 520924 -2768
45800 522748 -2772
45900 515922 -2766
46000 524839 -2771
46100 518056 -2765
46200 519647 -2770
46300 523748 -2768
46400 519951 -2771
46500 521293 -2760
46600 520888 -2767
46700 518888 -2767
46800 513757 -2765
46900 518022 -2765
47000 518974 -2759
47100 520415 -2764
47200 519451 -2771
47300 519539 -2762
47400 515416 -2763
47500 522857 -2769
47600 514651 -2761
47700 519081 -2761
47800 517675 -2768
47900 518486 -2758
48000 520638 -2760
48100 521371 -2766
48200 523468 -2768
48300 518348 -2765
48400 520263 -2759
48500 518431 -2766
48600 517390 -2757
48700 515350 -2764
48800 523908 -2762
48900 519032 -2757
49000 520937 -2760
49100 525580 -2762
49200 520446 -2770
49300 515594 -2764
49400 522573 -2755
49500 524411 -2759
49600 519879 -2753
49700 521765 -2756
49800 516113 -2762
49900 517854 -2766
50000 525653 -2753
50100 514954 -2762
50200 516591 -2766
50300 521693 -2758
50400 522450 -2749
50500 524178 -2753
50600 517979 -2758
50700 519539 -2762
50800 519986 -2757
50900 521263 -2747
51000 522825 -2751
51100 516186 -2755
51200 522778 -2759
51300 523565 -2754
51400 516944 -2757
51500 523446 -2761
51600 517236 -2750
51700 523745 -2745
51800 524897 -2750
51900 518111 -2743
52000 524687 -2748
52100 517568 -2750
52200 524297 -2746
52300 517241 -2748
52400 523636 -2754
52500 522497 -2746
52600 523269 -2752
52700 522426 -2744
52800 523122 -2749
52900 522304 -2742
53000 517567 -2758
53100 524813 -2756
53200 517140 -2756
53300 524598 -2754
53400 522607 -2756
53500 522018 -2748
53600 512364 -2751
53700 518179 -2760
53800 517731 -2752
53900 517765 -2743
54000 517665 -2735
54100 518623 -2759
54200 518902 -2750
54300 518907 -2742
54400 514252 -2747
54500 522301 -2748
54600 522726 -2740
54700 514850 -2754
54800 515455 -2745
54900 523475 -2747
55000 518337 -2752
55100 519234 -2743
55200 513992 -2747
55300 520135 -2745
55400 521539 -2761
55500 526785 -2743
55600 521087 -2747
55700 522584 -2738
55800 516820 -2741
55900 516012 -2752
56000 517826 -2743
56100 522669 -2751
56200 524562 -2743
56300 518486 -2745
56400 521965 -2747
56500 524211 -2739
56600 518195 -2741
56700 517006 -2735
56800 524092 -2736
56900 528512 -2745
57000 522119 -2746
57100 525596 -2749
57200 518860 -2750
57300 527855 -2735
57400 521314 -2736
57500 520912 -2729
57600 522657 -2756
57700 521873 -2750
57800 521527 -2743
57900 514796 -2742
58000 524838 -2728
58100 517665 -2739
58200 524793 -2750
58300 514299 -2749
58400 517083 -2753
58500 527892 -2741
58600 528000 -2734
58700 517325 -2731
58800 520258 -2736
58900 515860 -2753
59000 516205 -2746
59100 516555 -2738
59200 517213 -2731
59300 519928 -2736
59400 521998 -2749
59500 522788 -2742
59600 519125 -2733
59700 521960 -2739
59800 523435 -2753
59900 524355 -2745
60000 513519 -2738
60100 514747 -2730
60200 516321 -2722
60300 517316 -2736
60400 526878 -2728
60500 516747 -2733
60600 517267 -2747
60700 527039 -2739
60800 516684 -2729
60900 516684 3016
61000 518576 3024
61100 529416 3031
61200 516255 3020
61300 526831 3027
61400 513598 3017
61500 516104 3025
61600 527326 3030
61700 513192 3021
61800 524771 3026
61900 527390 3033
62000 513401 3026
62100 525269 3030
62200 510635 3023
62300 524312 3042
62400 518486 3032
62500 522197 3039
62600 528416 3019
62700 519025 3037
62800 524957 3016
62900 525322 3029
63000 525322 3029
63100 518140 3020
63200 521886 3026
63300 522754 3039
63400 531740 3032
63500 515407 3031
63600 528000 3029
63700 525147 3037
63800 520678 3022
63900 521818 3035
64000 530633 3026
64100 514197 3028
64200 526931 3024
64300 523972 3033
64400 518485 3018
64500 526782 3046
64600 529226 3021
64700 518084 3040
64800 531289 3034
64900 522681 3029
65000 520024 3038
65100 520024 3038
65200 511400 3034
65300 525806 3042
65400 522537 3035
65500 522537 3035
65600 520872 3045
65700 520872 3018
65800 518640 3028
65900 515797 3056
66000 523062 3041
66100 521468 3052
66200 520049 3024
66300 518967 3035
66400 518967 3035
66500 517826 3046
66600 514886 3019
66700 514290 3030
66800 514290 3030
66900 513153 3042
67000 530271 3064
67100 526020 3036
67200 531891 3018
67300 525840 3048
67400 508671 3050
67500 514054 3032
67600 531993 3052
67700 513778 3044
67800 514840 3056
67900 519458 3037
68000 520069 3049
68100 520069 3049
68200 509751 3054
68300 525805 3040
68400 514506 3046
68500 514506 3046
68600 529126 3064
68700 532382 3042
68800 535699 3020
68900 514799 3053
69000 517393 3030
69100 520026 3043
69200 520026 3043
69300 522028 3055
69400 524052 3032
69500 506418 3047
69600 519432 3049
69700 522517 3062
69800 522517 3062
69900 523238 3038
70000 527269 3050
70100 507110 3056
70200 521006 3031
70300 524514 3044
70400 524514 3044
70500 507794 3064
70600 520865 3038
70700 520865 3038
70800 524770 3049
70900 504329 3061
71000 517099 3032
71100 524817 3070
71200 522312 3044
71300 514994 3053
71400 520491 3065
71500 517067 3039
71600 517067 3039
71700 518189 3061
71800 518189 3061
71900 528235 3027
72000 528235 3027
72100 513018 3058
72200 528000 3048
72300 528000 3048
72400 516495 3034
72500 530271 3070
72600 524279 3044
72700 518486 3057
72800 511431 3031
72900 525446 3066
73000 520949 3080
73100 513663 3055
73200 528554 3040
73300 519889 3015
73400 517431 3078
73500 531670 3062
73600 522771 3037
73700 519243 3053
73800 519243 3053
73900 533472 3035
74000 522694 3075
74100 537215 3057
74200 537215 3057
74300 522971 3049
74400 522971 3049
74500 522971 3049
74600 519348 3066
74700 506833 3042
74800 519348 3020
74900 504026 3061
75000 542055 3064
75100 542055 3064
75200 525228 3060
75300 525228 3060
75400 525228 3060
75500 525091 3079
75600 525091 3079
75700 537026 3052
75800 523428 3099
75900 518974 3050
76000 518974 3050
76100 529551 3021
76200 518994 3071
76300 530020 3040
76400 530020 3040
76500 519015 3092
76600 528840 3060
76700 528840 3060
76800 531485 3080
76900 531485 3080
77000 540509 3047
77100 540509 3047
77200 541860 3066
77300 541860 3066
77400 541860 3066
77500 545534 3086
77600 524870 3073
77700 518485 3041
77800 518485 3041
77900 513917 3101
78000 519813 3063
78100 519813 3063
78200 525917 -2675
78300 525917 -2675
78400 525917 -2675
78500 530108 -2715
78600 530108 -2715
78700 534400 -2695
78800 534400 -2695
78900 501930 -2731
79000 501930 -2731
79100 507026 -2667
79200 533966 -2706
79300 533966 -2706
79400 533966 -2706
79500 539279 -2687
79600 539279 -2687
79700 500904 -2672
79800 500904 -2716
79900 374742 -2999
80000 72149 189
80100 816375 -2713
80200 534494 -2698
80300 534494 -2698
80400 495970 -2722
80500 535125 -2662
80600 535125 -2662
80700 535125 -2662
80800 529401 -2708
80900 529401 -2708
81000 490130 -2679
81100 509467 -2737
81200 530271 -2671
81300 530271 -2671
81400 530271 -2671
81500 549560 -2733
81600 513123 -2696
81700 513123 -2696
81800 535282 -2631
81900 525637 -2678
82000 552610 -2698
82100 552610 -2698
82200 513917 -2652
82300 513917 -2652
82400 528000 -2723
82500 528000 -2723
82600 528000 -2723
82700 528000 -2609
82800 493898 -2670
82900 539356 -2684
83000 539356 -2684
83100 539356 -2684
83200 539356 -2684
83300 504521 -2745
83400 532241 -2654
83500 511995 -2700
83600 511995 -2700
83700 511995 -2700
83800 536585 -2736
83900 507027 -2667
84000 507027 -2667
84100 533967 -2706
84200 533967 -2706
84300 511234 -2750
84400 521358 -2625
84500 544541 -2669
84600 544541 -2669
84700 544541 -2669
84800 571119 -2716
84900 571119 -2716
85000 548713 -2635
85100 548713 -2635
85200 548713 -2635
85300 572074 -2687
85400 538058 -2724
85500 572074 -2687
85600 515152 -2636
85700 536187 -2691
85800 536187 -2691
85900 536187 -2691
86000 536187 -2691
86100 536187 -2691
86200 541039 -2655
86300 541039 -2655
86400 541039 -2655
86500 503877 -2743
86600 560028 -2718
86700 503877 -2743
86800 488832 -2632
86900 488832 -2632
87000 488832 -2632
87100 500903 -2699
87200 500903 -2699
87300 500903 -2699
87400 500903 -2585
87500 513916 -2655
87600 513916 -2655
87700 513916 -2655
87800 513916 -2655
87900 568987 -2715
88000 568987 -2715
88100 568987 -2715
88200 568987 -2601
88300 527999 -2690
88400 578394 -2683
88500 500905 -2667
88600 500905 -2667
88700 500905 -2667
88800 500905 -2667
88900 500905 -2667
89000 500905 -2750
89100 521358 -2625
89200 521358 -2625
89300 521358 -2625
89400 571118 -2625
89500 571118 -2625
89600 571118 -2716
89700 571118 -2716
89800 500905 -267