

 << Logging of terminal I/O resumes >> 

1 3368 2880
201 423 3807
401 312 3626
601 305 -381
801 324 -276
1001 321 -144
1201 317 8
1401 318 160
1601 319 296
1801 310 411
2001 303 520
2201 291 643
2401 275 754
2601 262 847
2801 249 927
3001 235 1005
3201 221 1080
3401 207 1146
3601 198 1204
3801 188 1258
4001 177 1309
4201 169 3137
4401 167 3126
4601 166 3122
4801 165 3116
5001 163 3101
5201 163 3092
5401 162 3086
5601 161 3084
5801 160 3075
6001 160 4867
6201 166 4916
6401 171 4966
6601 176 5020
6801 183 5078
7001 189 5138
7201 195 5202
7401 200 5267
7601 206 5338
7801 211 5415
8001 216 5492
8201 219 5571
8401 222 -108
8601 223 -23
8801 224 64
9001 223 -5612
9201 221 -5528
9401 217 -5445
9601 213 -5363
9801 208 -5284
10001 203 -5210
10201 197 -5138
10401 190 -5068
10601 184 -5003
10801 177 -4940
11001 171 -4881
11201 165 -4824
11401 159 -4770
11601 153 -4719
11801 150 -2802
12001 150 -2802
12201 150 -2805
12401 150 -2808
12601 150 -2809
12801 150 -2810
13001 150 -2811
13201 150 -2813
13401 150 -2815
13601 150 -2816
13801 150 -2815
14001 150 -2817
14201 150 -2819
14401 150 -2820
14601 152 -822
14801 156 -765
15001 161 -705
15201 165 -643
15401 169 -578
15601 172 -511
15801 176 -442
16001 179 -369
16201 182 -295
16401 184 -221
16601 185 -145
16801 185 -65
17001 186 12
17201 185 90
17401 183 166
17601 181 242
17801 178 318
18001 175 390
18201 171 462
18401 167 529
18601 162 595
18801 158 661
19001 153 719
19201 149 -2824
19401 149 -2823
19601 149 -2823
19801 149 -2824
20001 149 -2822
20201 149 -2821
20401 149 -2821
20601 150 -2816
20801 149 -2820
21001 149 -2814
21201 149 -2813
21401 149 -2815
21601 150 -2808
21801 149 -2810
22001 149 -2806
22201 150 -2803
22401 149 -2806
22601 150 -2798
22801 150 -2801
23001 150 -2796
23201 150 -2792
23401 150 -2796
23601 151 -2787
23801 150 -2788
24001 150 -2786
24201 151 -2780
24401 150 -2786
24601 151 -2776
24801 151 -2774
25001 150 -2777
25201 151 -2766
25401 150 -2773
25601 151 2994
25801 150 2998
26001 150 2991
26201 151 3005
26401 150 2999
26601 150 3003
26801 151 3011
27001 149 3001
27201 151 3015
27401 149 3010
27601 149 3015
27801 150 3023
28001 148 3014
28201 150 3030
28401 149 3028
28601 148 3028
28801 151 3043
29001 148 3035
29201 150 3048
29401 149 3050
29601 149 3050
29801 151 3066
30001 149 3061
30201 150 3068
30401 151 3079
30601 149 3072
30801 152 3089
31001 150 3087
31201 150 3094
31401 152 3102
31601 150 3100
31801 152 3110
32001 152 3113
32201 151 3116
32401 153 3124
32601 150 3122
32801 153 3133
33001 152 3133
33201 152 3137
33401 154 3144
33601 152 3144
33801 153 3151
34001 153 3155
34201 152 3155
34401 155 3164
34601 153 3164
34801 154 3169
35001 155 3174
35201 153 3175
35401 155 3183
35601 155 3186
35801 154 3189
36001 157 3198
36201 154 3197
36401 157 3207
36601 157 3211
36801 156 3213
37001 161 3230
37201 157 3226
37401 163 3250
37601 163 3257
37801 162 3259
38001 177 3323
38201 167 3292
38401 178 3341
38601 184 3362
38801 180 3357
39001 196 3401
39201 191 3398
39401 196 3411
39601 205 -2336
39801 199 -2333
40001 208 -2320
40201 207 -2324
40401 208 -2321
40601 213 -2328
40801 210 -2318
41001 213 -2322
41201 214 -2323
41401 213 -2314
41601 218 -2328
41801 215 -2316
42001 219 -2323
42201 218 -2319
42401 218 -2316
42601 222 -2327
42801 220 -2316
43001 222 -2322
43201 224 -2326
43401 222 -2315
43601 226 -2330
43801 224 -2320
44001 225 -2322
44201 228 -2333
44401 226 -2321
44601 228 -2333
44801 228 -2331
45001 228 -2329
45201 229 -2353
45401 228 -2335
45601 228 -2351
45801 227 -2370
46001 227 -2354
46201 223 -2410
46401 223 -2392
46601 221 -2414
46801 215 -2464
47001 216 -2443
47201 209 -2508
47401 211 -2482
47601 207 -2513
47801 202 -2551
48001 204 -2521
48201 198 -2583
48401 198 -2567
48601 196 -2583
48801 193 -2606
49001 193 -2593
49201 191 -2609
49401 191 -2611
49601 190 -2607
49801 189 -2620
50001 188 -2613
50201 188 -2616
50401 187 -2619
50601 187 -2615
50801 187 -2620
51001 186 -2617
51201 185 -2617
51401 185 -2620
51601 184 -2616
51801 184 -2621
52001 184 -2617
52201 183 -2618
52401 183 -2620
52601 182 -2617
52801 182 -2621
53001 181 -2618
53201 181 -2617
53401 181 -2621
53601 180 -2617
53801 180 -2620
54001 179 -2619
54201 179 -2618
54401 178 -2622
54601 178 -2618
54801 177 -2620
55001 177 -2621
55201 176 -2618
55401 176 -2621
55601 176 -2620
55801 175 -2618
56001 175 -2622
56201 174 -2618
56401 174 -2620
56601 173 -2621
56801 173 -2620
57001 172 -2621
57201 172 -2618
57401 171 -2622
57601 171 -2620
57801 170 -2619
58001 170 -2623
58201 170 -2619
58401 169 -2621
58601 169 -2621
58801 168 -2619
59001 168 -2624
59201 167 -2620
59401 167 -2621
59601 166 -2623
59801 166 -2620
60001 166 -2624
60201 165 -2622
60401 165 -2621
60601 164 -2626
60801 164 3138
61001 163 3135
61201 163 3135
61401 163 3137
61601 162 3133
61801 162 3136
62001 161 3133
62201 161 3134
62401 160 3136
62601 160 3130
62801 159 3135
63001 159 3132
63201 159 3131
63401 158 3134
63601 158 3130
63801 157 3133
64001 157 3132
64201 156 3129
64401 156 3133
64601 155 3129
64801 155 3129
65001 155 3131
65201 154 3126
65401 154 3129
65601 153 3127
65801 153 3126
66001 153 3120
66201 152 3124
66401 152 3125
66601 151 3123
66801 151 3124
67001 151 3125
67201 150 3120
67401 150 3124
67601 149 3122
67801 149 3121
68001 149 3122
68201 148 3119
68401 148 3120
68601 147 3121
68801 147 3118
69001 147 3121
69201 146 3117
69401 146 3118
69601 146 3119
69801 145 3115
70001 145 3117
70201 144 3116
70401 144 3114
70601 144 3125
70801 143 3113
71001 143 3114
71201 143 3114
71401 142 3113
71601 142 3113
71801 142 3111
72001 141 3112
72201 141 3110
72401 141 3110
72601 140 3110
72801 140 3108
73001 139 3109
73201 139 3109
73401 139 3108
73601 139 3109
73801 138 3107
74001 138 3104
74201 138 3106
74401 138 3106
74601 137 3105
74801 137 3104
75001 137 3104
75201 137 3104
75401 137 3104
75601 136 3104
75801 136 3107
76001 136 3104
76201 135 3102
76401 136 3105
76601 135 3102
76801 135 3103
77001 135 3104
77201 135 3102
77401 135 3104
77601 134 3103
77801 134 3103
78001 135 3104
78201 134 -2657
78401 134 -2656
78601 134 -2655
78801 134 -2657
79001 134 -2655
79201 134 -2656
79401 133 -2656
79601 134 -2655
79801 133 -2657
80001 20 -550
80201 133 -2654
80401 133 -2656
80601 134 -2653
80801 133 -2655
81001 133 -2654
81201 133 -2655
81401 133 -2653
81601 132 -2645
81801 133 -2655
82001 133 -2653
82201 133 -2654
82401 133 -2654
82601 133 -2652
82801 133 -2654
83001 133 -2653
83201 133 -2651
83401 133 -2655
83601 133 -2653
83801 133 -2653
84001 133 -2653
84201 133 -2652
84401 132 -2653
84601 133 -2652
84801 133 -2646
85001 132 -2653
85201 133 -2651
85401 132 -2653
85601 133 -2652
85801 133 -2651
86001 131 -2654
86201 132 -2651
86401 132 -2651
86601 132 -2651
86801 132 -2650
87001 132 -2651
87201 133 -2651
87401 133 -2651
87601 132 -2650
87801 132 -2649
88001 132 -2649
88201 132 -2650
88401 132 -2648
88601 132 -2647
88801 131 -2643
89001 132 -2646
89201 132 -2645
89401 132 -2647
89601 132 -2645
89801 132 -2646
90001 132 -2645
90201 132 -2646
90401 132 -2644
90601 132 -2646
90801 132 -2643
91001 132 -2642
91201 132 -2643
91401 131 -2642
91601 132 -2643
91801 132 -2643
92001 132 -2641
92201 132 -2639
92401 132 -2641
92601 132 -2638
92801 131 -2639
93001 132 -2637
93201 132 -2640
93401 132 -2635
93601 132 -2636
93801 131 -2636
94001 132 -2626
94201 132 -2639
94401 132 -2636
94601 132 -2638
94801 132 -2633
95001 132 -2633
95201 133 -2629
95401 132 -2637
95601 132 -2635
95801 132 -2632
96001 131 -2635
96201 132 -2629
96401 131 -2632
96601 132 -2629
96801 132 -2630
97001 132 -2633
97201 132 -2631
97401 132 -2633
97601 138 -2700
97801 132 -2628
98001 132 -2625
98201 132 -2631
98401 131 -2627
98601 132 -2623
98801 131 -2625
99001 132 -2625
99201 132 -2622
99401 132 3136
99601 131 3132
99801 132 3136
