

 << Logging of terminal I/O resumes >> 

1 559 19
201 308 -422
401 355 -283
601 364 -156
801 321 -13
1001 326 85
1201 320 196
1401 296 325
1601 304 427
1801 284 524
2001 279 616
2201 268 715
2401 241 804
2601 240 886
2801 225 958
3001 214 1029
3201 203 1094
3401 186 1146
3601 183 1210
3801 173 1264
4001 163 1309
4201 161 3111
4401 156 3103
4601 156 3105
4801 154 3100
5001 153 3086
5201 155 3079
5401 151 3075
5601 150 3077
5801 150 3070
6001 149 4868
6201 156 4924
6401 160 4962
6601 165 5015
6801 171 5081
7001 175 5140
7201 182 5204
7401 187 5262
7601 191 5334
7801 196 5418
8001 199 5490
8201 204 -193
8401 207 -116
8601 208 -30
8801 206 64
9001 207 -5620
9201 206 -5536
9401 203 -5453
9601 199 -5371
9801 192 -5290
10001 190 -5215
10201 185 -5140
10401 178 -5072
10601 172 -5006
10801 165 -4943
11001 161 -4877
11201 155 -4819
11401 148 -4771
11601 144 -4716
11801 139 -2783
12001 139 -2782
12201 139 -2786
12401 140 -2793
12601 140 -2788
12801 138 -2789
13001 138 -2788
13201 139 -2790
13401 139 -2798
13601 139 -2791
13801 138 -2792
14001 138 -2794
14201 140 -2794
14401 139 -2801
14601 140 -812
14801 144 -758
15001 147 -699
15201 152 -621
15401 154 -573
15601 159 -504
15801 163 -428
16001 163 -365
16201 168 -272
16401 170 -214
16601 172 -136
16801 172 -42
17001 169 15
17201 171 115
17401 170 184
17601 168 259
17801 165 349
18001 160 393
18201 158 494
18401 155 556
18601 150 612
18801 145 699
19001 141 730
19201 137 816
19401 136 -2791
19601 137 -2796
19801 137 -2788
20001 136 -2793
20201 136 -2789
20401 136 -2788
20601 138 -2793
20801 136 -2785
21001 135 -2787
21201 136 -2786
21401 136 -2783
21601 137 -2786
21801 135 -2781
22001 135 -2782
22201 136 -2781
22401 136 -2779
22601 137 -2778
22801 135 -2777
23001 134 -2777
23201 136 -2773
23401 135 -2773
23601 136 -2769
23801 134 -2772
24001 134 -2772
24201 137 -2762
24401 135 -2769
24601 135 -2763
24801 134 -97
25001 134 -2767
25201 138 -2750
25401 134 2995
25601 134 2996
25801 135 3011
26001 134 2998
26201 138 3021
26401 133 2999
26601 133 2999
26801 137 3027
27001 134 3003
27201 136 3029
27401 133 3004
27601 133 3009
27801 137 3039
28001 133 3007
28201 137 3043
28401 134 3023
28601 133 3010
28801 139 3057
29001 133 3010
29201 135 3047
29401 135 3048
29601 133 3012
29801 140 3074
30001 133 3019
30201 134 3047
30401 137 3073
30601 133 3014
30801 139 3086
31001 134 3051
31201 134 3045
31401 141 3100
31601 133 3018
31801 137 3090
32001 136 3082
32201 134 3068
32401 141 3116
32601 132 3018
32801 139 3116
33001 135 3091
33201 133 3051
33401 144 3150
33601 131 3034
33801 136 3113
34001 138 3125
34201 130 3038
34401 145 3174
34601 132 3075
34801 134 3103
35001 142 3167
35201 129 3037
35401 142 3175
35601 134 3123
35801 130 3090
36001 147 3206
36201 128 3062
36401 137 3163
36601 137 3169
36801 128 3083
37001 148 3223
37201 127 3078
37401 140 3199
37601 135 3177
37801 128 3125
38001 149 3240
38201 127 3127
38401 134 3196
38601 138 3216
38801 127 3134
39001 147 3249
39201 130 3192
39401 131 3204
39601 145 3252
39801 126 3157
40001 141 3259
40201 134 3236
40401 129 3208
40601 152 -2462
40801 127 -2554
41001 135 -2503
41201 139 -2487
41401 127 -2545
41601 159 -2395
41801 131 -2504
42001 142 -2458
42201 137 -2469
42401 128 -2505
42601 187 -2279
42801 129 -2494
43001 137 -2449
43201 158 -2343
43401 127 -2495
43601 196 -2236
43801 135 -2435
44001 135 -2429
44201 206 -2218
44401 127 -2465
44601 184 -2226
44801 169 -2253
45001 133 -2409
45201 218 -2230
45401 136 -2373
45601 178 -2210
45801 205 -2190
46001 135 -2363
46201 217 -2218
46401 180 -2184
46601 178 -2183
46801 221 -2228
47001 163 -2212
47201 225 -2249
47401 180 -2160
47601 203 -2157
47801 217 -2208
48001 173 -2161
48201 221 -2242
48401 205 -2153
48601 202 -2143
48801 219 -2309
49001 193 -2115
49201 215 -2204
49401 214 -2202
49601 201 -2119
49801 205 -2434
50001 205 -2135
50201 211 -2189
50401 206 -2359
50601 203 -2112
50801 199 -2440
51001 209 -2224
51201 208 -2175
51401 188 -2549
51601 207 -2135
51801 185 -2571
52001 206 -2205
52201 198 -2332
52401 183 -2544
52601 206 -2161
52801 180 -2566
53001 188 -2424
53201 194 -2333
53401 180 -2584
53601 197 -2271
53801 176 -2548
54001 175 -2562
54201 190 -2345
54401 177 -2587
54601 178 -2481
54801 173 -2538
55001 174 -2583
55201 182 -2412
55401 173 -2582
55601 170 -2566
55801 170 -2534
56001 174 -2591
56201 170 -2525
56401 168 -2569
56601 169 -2578
56801 167 -2567
57001 170 -2585
57201 167 -2537
57401 168 -2584
57601 165 -2568
57801 165 -2558
58001 170 -2594
58201 164 -2553
58401 164 -2572
58601 165 -2577
58801 163 -2553
59001 167 -2593
59201 162 -2563
59401 161 -2565
59601 165 -2590
59801 162 -2553
60001 162 -2582
60201 160 -2573
60401 160 -2559
60601 164 -2598
60801 159 3201
61001 159 3187
61201 160 3175
61401 159 3205
61601 160 3169
61801 158 3206
62001 158 3173
62201 156 3186
62401 156 3198
62601 160 3159
62801 156 3200
63001 155 3184
63201 155 3174
63401 155 3203
63601 157 3161
63801 153 3191
64001 152 3190
64201 156 3160
64401 153 3202
64601 152 3174
64801 151 3178
65001 151 3197
65201 155 3155
65401 150 3194
65601 149 3183
65801 151 3165
66001 150 3193
66201 151 3162
66401 147 3179
66601 149 3163
66801 147 3176
67001 147 3191
67201 151 3149
67401 147 3191
67601 145 3176
67801 146 3163
68001 147 3196
68201 148 3152
68401 143 3179
68601 143 3181
68801 147 3147
69001 145 3192
69201 143 3164
69401 142 3163
69601 143 3188
69801 146 3141
70001 141 3180
70201 140 3170
70401 143 3147
70601 143 3196
70801 141 3150
71001 138 3163
71201 139 3177
71401 138 3165
71601 139 3177
71801 144 3135
72001 138 3175
72201 136 3160
72401 138 3146
72601 140 3180
72801 139 3137
73001 135 3159
73201 135 3165
73401 141 3132
73601 137 3174
73801 134 3149
74001 134 3142
74201 136 3171
74401 139 3129
74601 132 3159
74801 132 3153
75001 137 3131
75201 136 3170
75401 133 3137
75601 130 3142
75801 132 3164
76001 139 3123
76201 131 3155
76401 138 3122
76601 131 3154
76801 128 3140
77001 132 3129
77201 134 3160
77401 133 3127
77601 127 3137
77801 128 -2615
78001 136 3119
78201 131 -2610
78401 126 -2628
78601 128 -2632
78801 131 -2612
79001 134 -2641
79201 125 -2625
79401 125 -2627
79601 132 -2641
79801 131 -2617
80001 49 2910
80201 124 -2632
80401 128 -2623
80601 133 -2647
80801 125 -2627
81001 122 -2634
81201 125 -2627
81401 122 -2635
81601 127 -2629
81801 129 -2629
82001 127 -2642
82201 122 -2637
82401 124 -2636
82601 131 -2650
82801 126 -2635
83001 122 -2635
83201 124 -2638
83401 127 -2636
83601 128 -2649
83801 121 -2638
84001 121 -2641
84201 129 -2649
84401 126 -2641
84601 122 -2638
84801 122 -2634
85001 125 -2645
85201 128 -2653
85401 121 -2642
85601 120 -2640
85801 126 -2648
86001 125 -2653
86201 124 -2648
86401 125 -2650
86601 123 -2647
86801 120 -2638
87001 121 -2648
87201 127 -2652
87401 122 -2651
87601 120 -2637
87801 121 -2645
88001 124 -2656
88201 124 -2650
88401 120 -2638
88601 120 -2645
88801 123 -2648
89001 123 -2656
89201 120 -2638
89401 120 -2640
89601 122 -2655
89801 124 -2646
90001 120 -2641
90201 120 -2641
90401 123 -2647
90601 123 -2657
90801 120 -2639
91001 122 -2656
91201 121 -2640
91401 120 -2636
91601 120 -2647
91801 123 -2644
92001 120 -2650
92201 119 -2635
92401 120 -2637
92601 122 -2657
92801 121 -2637
93001 119 -2633
93201 119 -2640
93401 123 -2637
93601 120 -2651
93801 119 -2631
94001 119 -2625
94201 120 -2651
94401 121 -2637
94601 119 -2633
94801 119 -2634
95001 121 -2633
95201 120 -2647
95401 119 -2629
95601 120 -2633
95801 120 -2644
96001 119 -2627
96201 119 -2636
96401 122 -2631
96601 119 -2635
96801 119 -2628
97001 120 -2625
97201 120 -2647
97401 120 -2625
97601 129 -2663
97801 119 -2631
98001 121 -2626
98201 119 -2637
98401 119 -2625
98601 119 -2622
98801 119 -2641
99001 120 -2623
99201 119 -2620
99401 119 3135
99601 120 3141
99801 119 3122