

 << Logging of terminal I/O resumes >> 

1 1031 2877
201 309 -424
401 352 -267
601 364 -140
801 316 12
1001 325 104
1201 320 214
1401 294 343
1601 303 439
1801 281 538
2001 276 628
2201 266 724
2401 238 810
2601 239 890
2801 223 963
3001 212 1031
3201 202 1096
3401 184 1146
3601 182 1210
3801 172 1263
4001 162 1308
4201 162 3101
4401 157 3091
4601 157 3095
4801 155 3090
5001 154 3075
5201 156 3070
5401 152 3065
5601 151 3067
5801 151 3061
6001 151 4868
6201 158 4924
6401 162 4962
6601 167 5016
6801 174 5083
7001 177 5143
7201 184 5207
7401 189 5264
7601 194 5337
7801 198 5422
8001 201 5495
8201 206 -188
8401 209 -111
8601 209 -25
8801 208 70
9001 208 -5614
9201 208 -5531
9401 205 -5448
9601 199 -5367
9801 193 -5286
10001 191 -5211
10201 186 -5137
10401 178 -5070
10601 172 -5005
10801 166 -4942
11001 162 -4877
11201 156 -4819
11401 148 -4771
11601 144 -4717
11801 140 -2792
12001 140 -2791
12201 140 -2794
12401 141 -2801
12601 142 -2796
12801 140 -2797
13001 139 -2796
13201 140 -2798
13401 141 -2807
13601 140 -2799
13801 139 -2800
14001 139 -2802
14201 141 -2801
14401 140 -2809
14601 142 -812
14801 146 -758
15001 149 -698
15201 154 -619
15401 156 -572
15601 161 -504
15801 165 -427
16001 165 -363
16201 170 -271
16401 172 -213
16601 173 -136
16801 174 -41
17001 171 16
17201 173 116
17401 172 184
17601 169 259
17801 166 349
18001 161 391
18201 159 494
18401 156 555
18601 151 610
18801 146 697
19001 142 727
19201 138 814
19401 137 -2799
19601 139 -2804
19801 139 -2794
20001 138 -2801
20201 137 -2798
20401 137 -2795
20601 140 -2801
20801 138 -2791
21001 137 -2795
21201 137 -2795
21401 138 -2789
21601 139 -2794
21801 137 -2789
22001 136 -2790
22201 138 -2788
22401 137 -2786
22601 140 -2784
22801 136 -2784
23001 136 -2786
23201 138 -2780
23401 137 -2780
23601 139 -2774
23801 136 -2781
24001 136 -2780
24201 140 -2767
24401 137 -2777
24601 137 -2769
24801 136 -2773
25001 136 -2774
25201 141 -2754
25401 136 2988
25601 136 2991
25801 137 3006
26001 136 2991
26201 140 3017
26401 135 2992
26601 135 2993
26801 140 3024
27001 135 2996
27201 139 3025
27401 135 2998
27601 135 3005
27801 140 3036
28001 135 3000
28201 140 3041
28401 136 3019
28601 135 3005
28801 143 3058
29001 134 3004
29201 138 3045
29401 137 3046
29601 135 3007
29801 144 3078
30001 135 3015
30201 136 3045
30401 140 3074
30601 134 3004
30801 143 3089
31001 136 3048
31201 135 3040
31401 144 3107
31601 133 3006
31801 140 3091
32001 138 3082
32201 136 3063
32401 144 3124
32601 132 3005
32801 142 3120
33001 137 3087
33201 133 3042
33401 149 3163
33601 131 3023
33801 138 3110
34001 140 3127
34201 130 3028
34401 150 3184
34601 132 3068
34801 135 3100
35001 146 3175
35201 129 3033
35401 146 3181
35601 135 3123
35801 131 3090
36001 152 3211
36201 129 3066
36401 139 3167
36601 139 3174
36801 129 3089
37001 153 3226
37201 128 3083
37401 143 3201
37601 137 3184
37801 130 3135
38001 154 3244
38201 129 3138
38401 137 3201
38601 142 3221
38801 128 3142
39001 153 3256
39201 133 3200
39401 134 3211
39601 150 3263
39801 128 3167
40001 145 3267
40201 138 3241
40401 130 3213
40601 176 -2368
40801 129 -2549
41001 139 -2497
41201 145 -2473
41401 128 -2539
41601 189 -2305
41801 133 -2499
42001 153 -2409
42201 143 -2447
42401 130 -2503
42601 212 -2261
42801 130 -2492
43001 144 -2413
43201 185 -2266
43401 128 -2489
43601 212 -2245
43801 143 -2393
44001 142 -2388
44201 217 -2249
44401 130 -2454
44601 203 -2214
44801 192 -2213
45001 140 -2371
45201 226 -2270
45401 147 -2318
45601 196 -2191
45801 213 -2221
46001 144 -2315
46201 224 -2256
46401 196 -2175
46601 193 -2170
46801 227 -2275
47001 176 -2183
47201 226 -2320
47401 192 -2153
47601 208 -2184
47801 222 -2251
48001 184 -2144
48201 221 -2309
48401 209 -2180
48601 205 -2159
48801 210 -2431
49001 198 -2123
49201 216 -2256
49401 215 -2253
49601 204 -2136
49801 196 -2542
50001 208 -2159
50201 212 -2237
50401 197 -2479
50601 206 -2128
50801 191 -2541
51001 206 -2294
51201 208 -2224
51401 186 -2592
51601 208 -2166
51801 185 -2597
52001 203 -2267
52201 192 -2422
52401 181 -2587
52601 206 -2204
52801 180 -2590
53001 182 -2509
53201 189 -2409
53401 181 -2600
53601 194 -2335
53801 175 -2578
54001 175 -2584
54201 186 -2409
54401 179 -2601
54601 175 -2532
54801 172 -2565
55001 176 -2597
55201 180 -2454
55401 174 -2594
55601 170 -2576
55801 170 -2557
56001 175 -2604
56201 170 -2548
56401 169 -2579
56601 170 -2589
56801 168 -2576
57001 171 -2598
57201 168 -2549
57401 169 -2595
57601 166 -2577
57801 166 -2565
58001 171 -2607
58201 165 -2560
58401 165 -2582
58601 166 -2590
58801 164 -2559
59001 168 -2606
59201 163 -2571
59401 162 -2574
59601 166 -2603
59801 163 -2558
60001 163 -2594
60201 161 -2583
60401 161 -2566
60601 165 -2611
60801 160 3195
61001 159 3178
61201 161 3164
61401 160 3200
61601 161 3156
61801 159 3201
62001 159 3162
62201 157 3176
62401 157 3191
62601 161 3146
62801 157 3194
63001 155 3175
63201 156 3162
63401 156 3197
63601 158 3148
63801 153 3182
64001 153 3182
64201 157 3147
64401 155 3196
64601 153 3163
64801 152 3167
65001 152 3192
65201 156 3140
65401 151 3187
65601 150 3173
65801 152 3152
66001 152 3187
66201 151 3149
66401 148 3169
66601 150 3150
66801 147 3165
67001 148 3185
67201 153 3135
67401 147 3186
67601 146 3166
67801 147 3150
68001 148 3190
68201 149 3139
68401 144 3169
68601 144 3174
68801 149 3133
69001 146 3186
69201 143 3153
69401 143 3152
69601 144 3182
69801 148 3129
70001 142 3172
70201 140 3162
70401 144 3135
70601 144 3190
70801 142 3138
71001 139 3154
71201 140 3169
71401 138 3154
71601 140 3172
71801 145 3122
72001 139 3167
72201 137 3150
72401 139 3133
72601 141 3173
72801 140 3127
73001 135 3149
73201 136 3157
73401 143 3119
73601 138 3167
73801 135 3137
74001 135 3131
74201 138 3164
74401 141 3118
74601 133 3149
74801 132 3144
75001 138 3119
75201 138 3163
75401 134 3126
75601 131 3132
75801 134 3156
76001 141 3112
76201 133 3146
76401 140 3111
76601 132 3146
76801 129 3132
77001 134 3120
77201 136 3153
77401 134 3117
77601 128 3129
77801 130 3137
78001 138 3110
78201 133 -2617
78401 127 -2636
78601 129 -2638
78801 133 -2616
79001 136 -2651
79201 126 -2631
79401 126 -2633
79601 134 -2650
79801 133 -2623
80001 75 2908
80201 126 -2638
80401 130 -2629
80601 135 -2655
80801 127 -2634
81001 124 -2640
81201 127 -2633
81401 123 -2639
81601 128 -2644
81801 131 -2633
82001 129 -2649
82201 123 -2643
82401 125 -2640
82601 133 -2657
82801 128 -2640
83001 123 -2641
83201 126 -2644
83401 129 -2643
83601 130 -2654
83801 123 -2642
84001 123 -2645
84201 130 -2656
84401 128 -2646
84601 123 -2643
84801 124 -2638
85001 126 -2650
85201 130 -2659
85401 123 -2646
85601 122 -2644
85801 127 -2655
86001 126 -2652
86201 126 -2652
86401 127 -2653
86601 125 -2652
86801 122 -2640
87001 123 -2651
87201 129 -2653
87401 124 -2654
87601 122 -2640
87801 123 -2648
88001 126 -2656
88201 126 -2651
88401 122 -2641
88601 122 -2647
88801 125 -2654
89001 125 -2656
89201 122 -2642
89401 122 -2644
89601 124 -2658
89801 126 -2648
90001 122 -2644
90201 122 -2641
90401 125 -2648
90601 124 -2660
90801 122 -2643
91001 124 -2657
91201 123 -2641
91401 121 -2638
91601 122 -2649
91801 125 -2645
92001 122 -2655
92201 121 -2639
92401 122 -2638
92601 124 -2657
92801 122 -2641
93001 121 -2637
93201 121 -2640
93401 125 -2639
93601 122 -2654
93801 121 -2633
94001 121 -2626
94201 122 -2653
94401 123 -2638
94601 121 -2633
94801 121 -2635
95001 123 -2635
95201 122 -2647
95401 121 -2630
95601 122 -2632
95801 121 -2647
96001 121 -2628
96201 121 -2637
96401 124 -2634
96601 121 -2640
96801 121 -2630
97001 122 -2627
97201 122 -2648
97401 122 -2626
97601 125 -2702
97801 121 -2632
98001 123 -2627
98201 121 -2637
98401 121 -2627
98601 121 -2622
98801 121 -2637
99001 122 -2624
99201 121 -2621
99401 121 3134
99601 122 3138
99801 121 3120
