

 << Logging of terminal I/O resumes >> 

1 511 18
201 310 -427
401 347 -262
601 359 -128
801 311 28
1001 320 118
1201 316 227
1401 291 354
1601 300 450
1801 278 548
2001 274 636
2201 263 730
2401 236 814
2601 236 894
2801 221 965
3001 210 1033
3201 201 1097
3401 183 1146
3601 181 1210
3801 171 1263
4001 161 1307
4201 162 3098
4401 157 3089
4601 156 3093
4801 155 3088
5001 153 3074
5201 156 3068
5401 152 3065
5601 151 3067
5801 151 3061
6001 151 4868
6201 158 4925
6401 161 4962
6601 166 5016
6801 173 5083
7001 176 5142
7201 183 5207
7401 188 5264
7601 193 5336
7801 197 5422
8001 200 5493
8201 204 -189
8401 208 -113
8601 208 -27
8801 206 68
9001 207 -5617
9201 207 -5533
9401 204 -5450
9601 199 -5369
9801 192 -5288
10001 190 -5213
10201 185 -5139
10401 178 -5071
10601 172 -5006
10801 165 -4943
11001 161 -4877
11201 155 -4819
11401 148 -4772
11601 143 -4716
11801 139 -2787
12001 139 -2786
12201 140 -2789
12401 140 -2797
12601 141 -2791
12801 139 -2792
13001 138 -2792
13201 140 -2793
13401 140 -2803
13601 140 -2794
13801 138 -2795
14001 138 -2797
14201 140 -2796
14401 139 -2805
14601 141 -812
14801 144 -757
15001 147 -699
15201 153 -618
15401 155 -573
15601 160 -504
15801 164 -427
16001 164 -364
16201 169 -270
16401 170 -215
16601 172 -136
16801 173 -41
17001 169 14
17201 172 116
17401 171 184
17601 168 258
17801 165 351
18001 160 389
18201 158 495
18401 155 555
18601 150 610
18801 145 700
19001 141 727
19201 138 816
19401 136 -2793
19601 138 -2799
19801 138 -2788
20001 137 -2796
20201 136 -2792
20401 136 -2789
20601 138 -2797
20801 137 -2786
21001 136 -2790
21201 136 -2790
21401 137 -2783
21601 138 -2790
21801 136 -2783
22001 135 -2784
22201 137 -2784
22401 136 -2779
22601 139 -2779
22801 135 -2778
23001 135 -2780
23201 136 -2776
23401 136 -2774
23601 137 -2770
23801 135 -2775
24001 135 -2773
24201 138 -2762
24401 135 -2769
24601 136 -2765
24801 135 -100
25001 135 -2768
25201 140 -2749
25401 134 2995
25601 134 2995
25801 136 3009
26001 135 2998
26201 139 3022
26401 134 2998
26601 133 2998
26801 138 3027
27001 134 3003
27201 137 3030
27401 133 3003
27601 134 3007
27801 138 3039
28001 133 3007
28201 138 3044
28401 134 3021
28601 133 3009
28801 141 3062
29001 133 3010
29201 136 3047
29401 136 3049
29601 133 3011
29801 142 3081
30001 133 3018
30201 135 3046
30401 139 3077
30601 133 3011
30801 141 3091
31001 134 3050
31201 134 3044
31401 143 3110
31601 132 3013
31801 138 3093
32001 136 3085
32201 135 3067
32401 143 3126
32601 131 3011
32801 140 3121
33001 136 3091
33201 132 3046
33401 148 3167
33601 130 3027
33801 137 3114
34001 139 3131
34201 129 3028
34401 149 3189
34601 131 3071
34801 134 3101
35001 145 3181
35201 127 3028
35401 148 3202
35601 134 3125
35801 130 3086
36001 151 3222
36201 127 3056
36401 138 3167
36601 139 3176
36801 127 3076
37001 152 3236
37201 126 3070
37401 142 3205
37601 136 3181
37801 127 3120
38001 154 3253
38201 127 3123
38401 135 3197
38601 141 3222
38801 126 3126
39001 152 3261
39201 131 3192
39401 132 3205
39601 150 3264
39801 125 3152
40001 144 3264
40201 136 3239
40401 128 3206
40601 170 -2388
40801 127 -2557
41001 137 -2501
41201 143 -2478
41401 126 -2549
41601 183 -2319
41801 131 -2504
42001 148 -2434
42201 140 -2463
42401 128 -2508
42601 210 -2255
42801 128 -2496
43001 138 -2443
43201 174 -2290
43401 125 -2499
43601 209 -2236
43801 135 -2432
44001 135 -2431
44201 215 -2236
44401 126 -2471
44601 194 -2214
44801 177 -2236
45001 131 -2422
45201 225 -2257
45401 134 -2385
45601 183 -2202
45801 211 -2207
46001 132 -2382
46201 222 -2243
46401 182 -2182
46601 178 -2183
46801 226 -2260
47001 157 -2227
47201 228 -2299
47401 179 -2162
47601 204 -2161
47801 221 -2235
48001 165 -2175
48201 222 -2288
48401 205 -2157
48601 201 -2138
48801 213 -2399
49001 189 -2113
49201 216 -2220
49401 215 -2220
49601 198 -2110
49801 198 -2521
50001 204 -2130
50201 211 -2194
50401 201 -2431
50601 201 -2097
50801 194 -2504
51001 208 -2233
51201 208 -2169
51401 187 -2583
51601 206 -2120
51801 186 -2590
52001 206 -2199
52201 197 -2344
52401 181 -2575
52601 206 -2139
52801 180 -2582
53001 186 -2449
53201 194 -2329
53401 181 -2595
53601 198 -2252
53801 176 -2563
54001 175 -2576
54201 192 -2310
54401 179 -2596
54601 178 -2478
54801 173 -2545
55001 175 -2590
55201 186 -2361
55401 173 -2587
55601 170 -2568
55801 171 -2527
56001 175 -2599
56201 171 -2509
56401 168 -2572
56601 169 -2584
56801 167 -2569
57001 171 -2594
57201 168 -2524
57401 169 -2590
57601 166 -2571
57801 165 -2556
58001 171 -2603
58201 164 -2551
58401 164 -2575
58601 165 -2584
58801 163 -2549
59001 168 -2602
59201 162 -2563
59401 162 -2566
59601 166 -2600
59801 162 -2549
60001 163 -2589
60201 161 -2577
60401 160 -2557
60601 165 -2608
60801 159 3204
61001 159 3184
61201 160 3169
61401 159 3209
61601 161 3161
61801 158 3210
62001 159 3168
62201 156 3183
62401 156 3200
62601 161 3149
62801 156 3203
63001 155 3181
63201 156 3168
63401 155 3207
63601 158 3153
63801 153 3190
64001 152 3192
64201 157 3151
64401 154 3206
64601 153 3168
64801 151 3174
65001 152 3202
65201 156 3144
65401 150 3196
65601 149 3181
65801 151 3157
66001 151 3197
66201 151 3153
66401 148 3176
66601 149 3155
66801 147 3172
67001 147 3193
67201 152 3137
67401 147 3194
67601 145 3173
67801 147 3155
68001 147 3199
68201 148 3142
68401 144 3177
68601 143 3182
68801 149 3136
69001 145 3195
69201 143 3159
69401 142 3157
69601 144 3192
69801 148 3132
70001 141 3181
70201 140 3170
70401 143 3139
70601 143 3200
70801 142 3143
71001 138 3160
71201 139 3180
71401 138 3162
71601 139 3182
71801 145 3125
72001 138 3179
72201 136 3159
72401 138 3138
72601 140 3186
72801 140 3131
73001 135 3158
73201 135 3167
73401 142 3122
73601 138 3178
73801 134 3144
74001 134 3136
74201 137 3175
74401 141 3121
74601 133 3159
74801 132 3152
75001 138 3122
75201 137 3175
75401 133 3131
75601 130 3138
75801 133 3166
76001 140 3114
76201 132 3156
76401 140 3113
76601 131 3155
76801 128 3138
77001 133 3124
77201 135 3164
77401 134 3121
77601 127 3134
77801 129 -2614
78001 138 3108
78201 132 -2607
78401 127 -2632
78601 128 -2636
78801 132 -2607
79001 135 -2648
79201 126 -2626
79401 125 -2627
79601 134 -2648
79801 132 -2614
80001 89 2909
80201 125 -2636
80401 129 -2620
80601 135 -2654
80801 126 -2626
81001 123 -2636
81201 126 -2625
81401 122 -2636
81601 127 -2640
81801 131 -2624
82001 128 -2645
82201 122 -2637
82401 125 -2633
82601 133 -2658
82801 127 -2631
83001 122 -2638
83201 125 -2643
83401 128 -2633
83601 129 -2653
83801 122 -2639
84001 122 -2641
84201 130 -2654
84401 127 -2640
84601 123 -2640
84801 123 -2638
85001 126 -2644
85201 130 -2658
85401 122 -2643
85601 121 -2641
85801 126 -2652
86001 125 -2641
86201 125 -2651
86401 127 -2647
86601 124 -2650
86801 121 -2638
87001 122 -2647
87201 128 -2652
87401 123 -2650
87601 121 -2637
87801 122 -2648
88001 125 -2652
88201 124 -2650
88401 120 -2639
88601 120 -2643
88801 125 -2647
89001 123 -2652
89201 120 -2638
89401 120 -2643
89601 123 -2655
89801 125 -2647
90001 120 -2642
90201 120 -2638
90401 124 -2648
90601 123 -2656
90801 121 -2639
91001 123 -2656
91201 121 -2640
91401 120 -2636
91601 120 -2646
91801 125 -2645
92001 121 -2651
92201 120 -2635
92401 121 -2637
92601 122 -2658
92801 122 -2637
93001 120 -2634
93201 119 -2640
93401 124 -2639
93601 121 -2652
93801 120 -2632
94001 120 -2624
94201 121 -2653
94401 122 -2638
94601 119 -2633
94801 119 -2635
95001 122 -2634
95201 121 -2649
95401 120 -2629
95601 120 -2634
95801 120 -2647
96001 120 -2627
96201 120 -2638
96401 122 -2634
96601 120 -2635
96801 120 -2628
97001 120 -2626
97201 120 -2650
97401 120 -2625
97601 129 -2668
97801 119 -2631
98001 122 -2626
98201 119 -2639
98401 119 -2625
98601 120 -2621
98801 119 -2645
99001 121 -2623
99201 119 -2621
99401 119 3134
99601 121 3139
99801 120 3120
