

 << Logging of terminal I/O resumes >> 

1 523 19
201 309 -433
401 338 -250
601 350 -110
801 305 48
1001 315 138
1201 312 247
1401 287 370
1601 294 465
1801 274 562
2001 269 648
2201 259 740
2401 233 821
2601 233 899
2801 218 970
3001 208 1036
3201 198 1099
3401 181 1147
3601 179 1210
3801 170 1263
4001 160 1306
4201 161 3089
4401 156 3080
4601 156 3085
4801 155 3080
5001 153 3067
5201 155 3062
5401 151 3058
5601 151 3061
5801 151 3055
6001 151 4867
6201 158 4924
6401 161 4962
6601 167 5016
6801 173 5083
7001 177 5142
7201 183 5207
7401 188 5265
7601 193 5337
7801 197 5423
8001 200 5495
8201 205 5572
8401 208 -111
8601 208 -25
8801 206 70
9001 207 -5615
9201 207 -5532
9401 203 -5449
9601 198 -5368
9801 191 -5287
10001 190 -5212
10201 185 -5138
10401 177 -5070
10601 172 -5005
10801 165 -4942
11001 161 -4877
11201 155 -4819
11401 147 -4772
11601 143 -4717
11801 139 -2789
12001 139 -2788
12201 140 -2790
12401 140 -2799
12601 141 -2792
12801 139 -2794
13001 139 -2793
13201 140 -2794
13401 140 -2804
13601 140 -2795
13801 138 -2796
14001 138 -2799
14201 140 -2797
14401 139 -2806
14601 141 -811
14801 144 -757
15001 147 -698
15201 153 -618
15401 155 -572
15601 160 -504
15801 164 -426
16001 163 -364
16201 169 -269
16401 170 -214
16601 172 -135
16801 172 -40
17001 169 14
17201 172 117
17401 171 185
17601 168 259
17801 165 351
18001 160 389
18201 158 495
18401 155 556
18601 150 610
18801 145 700
19001 141 726
19201 137 816
19401 136 -2794
19601 138 -2800
19801 138 -2788
20001 137 -2796
20201 136 -2792
20401 136 -2789
20601 138 -2797
20801 137 -2786
21001 136 -2790
21201 136 -2790
21401 137 -2783
21601 138 -2789
21801 136 -2783
22001 135 -2784
22201 136 -2784
22401 136 -2779
22601 138 -2779
22801 135 -2778
23001 135 -2779
23201 136 -2775
23401 136 -2773
23601 137 -2770
23801 134 -2774
24001 134 -2773
24201 138 -2762
24401 135 -2768
24601 135 -2765
24801 134 -98
25001 134 -2767
25201 139 -2749
25401 134 2995
25601 134 2995
25801 136 3010
26001 134 2998
26201 139 3022
26401 133 2998
26601 133 2998
26801 138 3028
27001 134 3003
27201 137 3029
27401 133 3003
27601 134 3007
27801 138 3040
28001 133 3007
28201 138 3045
28401 134 3021
28601 133 3009
28801 141 3063
29001 133 3011
29201 136 3047
29401 136 3049
29601 133 3011
29801 143 3083
30001 133 3018
30201 134 3047
30401 139 3077
30601 133 3012
30801 141 3092
31001 134 3051
31201 134 3044
31401 143 3111
31601 132 3014
31801 138 3093
32001 136 3085
32201 134 3068
32401 143 3127
32601 131 3011
32801 140 3121
33001 136 3092
33201 132 3046
33401 148 3169
33601 130 3026
33801 137 3115
34001 139 3131
34201 129 3028
34401 149 3191
34601 131 3071
34801 134 3102
35001 145 3182
35201 127 3028
35401 145 3187
35601 134 3124
35801 130 3085
36001 152 3224
36201 127 3056
36401 138 3169
36601 139 3177
36801 127 3075
37001 153 3238
37201 126 3069
37401 142 3207
37601 136 3182
37801 127 3119
38001 154 3256
38201 127 3121
38401 135 3197
38601 141 3223
38801 125 3122
39001 152 3264
39201 130 3190
39401 131 3203
39601 150 3266
39801 125 3148
40001 144 3265
40201 135 3238
40401 128 3203
40601 171 -2384
40801 126 -2561
41001 137 -2501
41201 142 -2479
41401 125 -2552
41601 182 -2320
41801 130 -2505
42001 146 -2441
42201 139 -2463
42401 127 -2510
42601 211 -2256
42801 128 -2497
43001 138 -2443
43201 174 -2290
43401 125 -2500
43601 210 -2238
43801 135 -2433
44001 134 -2432
44201 216 -2239
44401 126 -2471
44601 194 -2213
44801 177 -2235
45001 130 -2425
45201 226 -2260
45401 133 -2393
45601 180 -2205
45801 210 -2204
46001 129 -2399
46201 222 -2242
46401 179 -2186
46601 174 -2192
46801 226 -2259
47001 152 -2243
47201 228 -2298
47401 173 -2171
47601 203 -2157
47801 221 -2230
48001 159 -2192
48201 222 -2284
48401 205 -2154
48601 200 -2134
48801 212 -2412
49001 185 -2114
49201 216 -2221
49401 215 -2220
49601 198 -2108
49801 197 -2531
50001 204 -2127
50201 211 -2191
50401 201 -2437
50601 200 -2092
50801 193 -2513
51001 209 -2229
51201 208 -2163
51401 187 -2584
51601 205 -2113
51801 186 -2590
52001 206 -2191
52201 198 -2333
52401 182 -2575
52601 205 -2126
52801 180 -2581
53001 187 -2434
53201 195 -2310
53401 181 -2594
53601 199 -2230
53801 176 -2561
54001 175 -2573
54201 193 -2294
54401 179 -2596
54601 179 -2470
54801 173 -2538
55001 175 -2591
55201 186 -2354
55401 173 -2588
55601 170 -2568
55801 171 -2524
56001 176 -2600
56201 171 -2507
56401 168 -2572
56601 169 -2584
56801 167 -2568
57001 171 -2594
57201 168 -2516
57401 169 -2590
57601 166 -2570
57801 164 -2554
58001 171 -2603
58201 164 -2547
58401 164 -2575
58601 165 -2584
58801 163 -2545
59001 168 -2602
59201 162 -2561
59401 161 -2564
59601 166 -2600
59801 161 -2545
60001 163 -2588
60201 161 -2575
60401 160 -2554
60601 165 -2608
60801 159 3205
61001 159 3186
61201 160 3169
61401 159 3212
61601 161 3161
61801 158 3213
62001 159 3168
62201 156 3184
62401 156 3202
62601 161 3148
62801 156 3205
63001 155 3183
63201 156 3166
63401 155 3208
63601 158 3152
63801 153 3191
64001 152 3192
64201 157 3148
64401 153 3208
64601 152 3168
64801 151 3174
65001 152 3202
65201 156 3143
65401 150 3197
65601 149 3182
65801 151 3156
66001 151 3199
66201 151 3152
66401 148 3178
66601 149 3155
66801 147 3173
67001 147 3195
67201 153 3137
67401 147 3196
67601 145 3175
67801 147 3154
68001 147 3202
68201 148 3142
68401 143 3179
68601 143 3184
68801 149 3135
69001 145 3198
69201 143 3159
69401 142 3157
69601 144 3194
69801 148 3130
70001 141 3181
70201 140 3171
70401 144 3137
70601 143 3203
70801 142 3142
71001 138 3161
71201 139 3181
71401 138 3163
71601 139 3183
71801 145 3124
72001 138 3180
72201 136 3160
72401 138 3138
72601 140 3188
72801 140 3130
73001 135 3158
73201 135 3169
73401 142 3121
73601 138 3180
73801 134 3145
74001 134 3136
74201 137 3177
74401 141 3120
74601 132 3160
74801 132 3154
75001 138 3121
75201 137 3177
75401 133 3131
75601 130 3138
75801 133 3168
76001 141 3113
76201 132 3158
76401 140 3111
76601 131 3156
76801 128 3139
77001 133 3123
77201 135 3166
77401 134 3120
77601 127 3136
77801 129 -2613
78001 138 3110
78201 132 -2603
78401 126 -2631
78601 128 -2635
78801 132 -2604
79001 135 -2648
79201 125 -2623
79401 125 -2624
79601 134 -2649
79801 132 -2609
80001 87 2909
80201 125 -2636
80401 129 -2617
80601 135 -2655
80801 126 -2626
81001 122 -2635
81201 126 -2624
81401 122 -2636
81601 128 -2635
81801 131 -2621
82001 129 -2647
82201 122 -2637
82401 125 -2633
82601 133 -2657
82801 127 -2630
83001 122 -2637
83201 125 -2644
83401 128 -2631
83601 129 -2654
83801 121 -2637
84001 122 -2640
84201 130 -2656
84401 127 -2636
84601 122 -2640
84801 122 -2636
85001 126 -2639
85201 129 -2657
85401 121 -2641
85601 120 -2639
85801 126 -2652
86001 125 -2640
86201 125 -2651
86401 126 -2645
86601 124 -2651
86801 120 -2637
87001 122 -2645
87201 129 -2652
87401 123 -2648
87601 120 -2637
87801 122 -2648
88001 125 -2650
88201 124 -2650
88401 120 -2638
88601 120 -2644
88801 125 -2648
89001 123 -2653
89201 120 -2638
89401 120 -2643
89601 123 -2652
89801 125 -2650
90001 120 -2641
90201 120 -2639
90401 124 -2647
90601 123 -2656
90801 120 -2639
91001 123 -2653
91201 121 -2640
91401 120 -2634
91601 120 -2646
91801 125 -2645
92001 120 -2649
92201 120 -2634
92401 120 -2637
92601 122 -2655
92801 121 -2640
93001 119 -2633
93201 119 -2642
93401 123 -2635
93601 121 -2651
93801 119 -2632
94001 119 -2624
94201 121 -2654
94401 122 -2637
94601 119 -2633
94801 119 -2634
95001 122 -2635
95201 121 -2649
95401 120 -2629
95601 120 -2633
95801 120 -2647
96001 119 -2626
96201 119 -2637
96401 123 -2633
96601 119 -2636
96801 119 -2628
97001 120 -2626
97201 120 -2650
97401 120 -2625
97601 128 -2680
97801 119 -2631
98001 121 -2627
98201 119 -2639
98401 119 -2625
98601 120 -2621
98801 119 -2638
99001 121 -2624
99201 119 -2620
99401 119 3134
99601 121 3139
99801 120 3121
