

 << Logging of terminal I/O resumes >> 

1 447 17
201 311 -434
401 326 -226
601 350 -98
801 299 69
1001 312 156
1201 309 265
1401 280 387
1601 293 476
1801 268 575
2001 265 660
2201 256 748
2401 228 827
2601 231 904
2801 215 974
3001 205 1039
3201 197 1100
3401 179 1146
3601 178 1211
3801 168 1262
4001 158 1304
4201 162 3082
4401 156 3072
4601 156 3078
4801 155 3073
5001 153 3059
5201 156 3056
5401 151 3051
5601 151 3054
5801 151 3049
6001 152 4867
6201 159 4926
6401 162 4962
6601 167 5016
6801 174 5085
7001 177 5144
7201 184 5209
7401 189 5266
7601 194 5338
7801 198 5426
8001 201 5497
8201 205 5574
8401 208 -109
8601 209 -23
8801 206 73
9001 207 -5613
9201 207 -5530
9401 204 -5447
9601 198 -5366
9801 191 -5285
10001 190 -5211
10201 185 -5137
10401 177 -5070
10601 171 -5004
10801 164 -4942
11001 161 -4876
11201 155 -4818
11401 147 -4772
11601 143 -4716
11801 139 -2792
12001 139 -2790
12201 140 -2793
12401 140 -2802
12601 141 -2794
12801 139 -2796
13001 138 -2795
13201 140 -2796
13401 140 -2807
13601 140 -2797
13801 138 -2798
14001 138 -2801
14201 140 -2798
14401 139 -2808
14601 141 -811
14801 145 -757
15001 147 -698
15201 153 -616
15401 154 -573
15601 160 -503
15801 164 -425
16001 163 -364
16201 169 -267
16401 170 -214
16601 172 -136
16801 173 -38
17001 169 13
17201 172 119
17401 171 185
17601 168 258
17801 165 353
18001 160 388
18201 158 497
18401 155 556
18601 150 609
18801 145 702
19001 141 724
19201 137 816
19401 136 -2795
19601 138 -2802
19801 138 -2788
20001 137 -2799
20201 136 -2793
20401 136 -2789
20601 139 -2799
20801 137 -2785
21001 136 -2791
21201 136 -2792
21401 137 -2783
21601 139 -2790
21801 136 -2783
22001 135 -2784
22201 137 -2786
22401 136 -2779
22601 139 -2779
22801 135 -2778
23001 135 -2780
23201 137 -2776
23401 136 -2772
23601 137 -2770
23801 134 -2775
24001 134 -2774
24201 139 -2762
24401 135 -2768
24601 135 -2765
24801 134 -99
25001 134 -2766
25201 141 -2746
25401 134 2996
25601 134 2995
25801 136 3010
26001 134 3000
26201 139 3023
26401 133 2998
26601 133 2998
26801 139 3029
27001 134 3004
27201 137 3029
27401 133 3004
27601 134 3007
27801 139 3041
28001 133 3008
28201 139 3045
28401 134 3021
28601 133 3009
28801 142 3067
29001 133 3011
29201 136 3047
29401 136 3049
29601 133 3013
29801 143 3088
30001 133 3018
30201 134 3046
30401 139 3079
30601 132 3012
30801 142 3096
31001 134 3050
31201 133 3042
31401 144 3117
31601 132 3012
31801 138 3094
32001 136 3084
32201 134 3067
32401 144 3133
32601 130 3008
32801 141 3125
33001 136 3092
33201 131 3044
33401 149 3177
33601 130 3024
33801 137 3116
34001 139 3134
34201 128 3025
34401 150 3197
34601 131 3068
34801 133 3101
35001 146 3189
35201 126 3024
35401 146 3194
35601 134 3123
35801 129 3081
36001 153 3230
36201 126 3053
36401 139 3172
36601 139 3180
36801 126 3072
37001 155 3246
37201 125 3066
37401 143 3210
37601 136 3183
37801 127 3115
38001 157 3265
38201 126 3117
38401 135 3198
38601 142 3226
38801 125 3120
39001 155 3272
39201 130 3189
39401 131 3202
39601 153 3275
39801 124 3144
40001 146 3268
40201 135 3238
40401 127 3200
40601 182 -2348
40801 125 -2564
41001 137 -2501
41201 143 -2476
41401 124 -2556
41601 193 -2296
41801 130 -2506
42001 148 -2431
42201 140 -2462
42401 126 -2512
42601 216 -2262
42801 127 -2500
43001 138 -2445
43201 180 -2275
43401 124 -2504
43601 214 -2244
43801 135 -2436
44001 134 -2435
44201 219 -2249
44401 124 -2474
44601 198 -2210
44801 179 -2230
45001 129 -2431
45201 229 -2273
45401 131 -2402
45601 181 -2204
45801 213 -2213
46001 127 -2408
46201 225 -2255
46401 178 -2187
46601 173 -2193
46801 228 -2277
47001 149 -2255
47201 227 -2331
47401 170 -2176
47601 203 -2157
47801 222 -2244
48001 153 -2208
48201 221 -2309
48401 204 -2151
48601 199 -2130
48801 210 -2445
49001 180 -2118
49201 216 -2223
49401 215 -2222
49601 195 -2100
49801 196 -2552
50001 203 -2121
50201 211 -2189
50401 199 -2464
50601 198 -2085
50801 191 -2533
51001 209 -2225
51201 208 -2156
51401 187 -2591
51601 204 -2105
51801 186 -2595
52001 206 -2183
52201 198 -2340
52401 182 -2582
52601 205 -2114
52801 181 -2586
53001 187 -2434
53201 196 -2298
53401 182 -2597
53601 200 -2209
53801 176 -2563
54001 175 -2576
54201 195 -2264
54401 179 -2598
54601 180 -2453
54801 173 -2535
55001 176 -2592
55201 188 -2318
55401 174 -2589
55601 170 -2568
55801 172 -2509
56001 176 -2604
56201 172 -2491
56401 169 -2573
56601 170 -2587
56801 167 -2568
57001 171 -2597
57201 169 -2503
57401 169 -2594
57601 166 -2570
57801 164 -2553
58001 171 -2607
58201 164 -2544
58401 164 -2575
58601 165 -2585
58801 163 -2543
59001 168 -2606
59201 162 -2560
59401 161 -2564
59601 166 -2603
59801 161 -2543
60001 163 -2590
60201 161 -2576
60401 160 -2552
60601 166 -2613
60801 159 3207
61001 159 3185
61201 160 3167
61401 159 3214
61601 161 3157
61801 158 3215
62001 159 3165
62201 156 3183
62401 156 3203
62601 162 3144
62801 155 3207
63001 155 3181
63201 156 3165
63401 155 3211
63601 158 3148
63801 153 3192
64001 152 3192
64201 157 3146
64401 154 3210
64601 153 3167
64801 151 3173
65001 151 3205
65201 157 3138
65401 150 3199
65601 149 3181
65801 152 3153
66001 151 3201
66201 151 3149
66401 147 3177
66601 149 3153
66801 147 3172
67001 147 3197
67201 153 3133
67401 147 3198
67601 145 3173
67801 147 3152
68001 147 3205
68201 148 3139
68401 143 3179
68601 143 3186
68801 149 3132
69001 145 3201
69201 143 3159
69401 142 3157
69601 143 3197
69801 148 3128
70001 141 3184
70201 140 3171
70401 144 3134
70601 143 3206
70801 142 3140
71001 138 3161
71201 139 3183
71401 138 3163
71601 139 3185
71801 146 3121
72001 138 3182
72201 136 3159
72401 139 3135
72601 140 3190
72801 140 3127
73001 135 3159
73201 135 3169
73401 143 3118
73601 138 3182
73801 134 3142
74001 134 3136
74201 137 3179
74401 142 3117
74601 133 3160
74801 132 3154
75001 139 3118
75201 137 3180
75401 134 3129
75601 130 3138
75801 133 3170
76001 141 3110
76201 132 3159
76401 141 3109
76601 131 3159
76801 128 3139
77001 133 3121
77201 135 3169
77401 134 3117
77601 127 3137
77801 129 -2610
78001 138 3107
78201 132 -2602
78401 127 -2632
78601 129 -2637
78801 132 -2602
79001 136 -2651
79201 125 -2623
79401 125 -2624
79601 134 -2652
79801 132 -2607
80001 51 2908
80201 125 -2636
80401 129 -2614
80601 136 -2657
80801 126 -2625
81001 122 -2633
81201 126 -2623
81401 122 -2634
81601 127 -2644
81801 131 -2619
82001 129 -2648
82201 122 -2637
82401 125 -2631
82601 133 -2659
82801 127 -2629
83001 122 -2639
83201 125 -2643
83401 128 -2628
83601 130 -2656
83801 121 -2638
84001 122 -2639
84201 130 -2657
84401 127 -2635
84601 122 -2642
84801 123 -2639
85001 126 -2639
85201 130 -2659
85401 122 -2641
85601 120 -2640
85801 127 -2655
86001 126 -2648
86201 125 -2651
86401 127 -2643
86601 124 -2650
86801 120 -2637
87001 122 -2645
87201 129 -2655
87401 123 -2648
87601 120 -2637
87801 122 -2647
88001 125 -2648
88201 125 -2650
88401 120 -2638
88601 120 -2643
88801 126 -2648
89001 123 -2650
89201 120 -2638
89401 120 -2643
89601 123 -2652
89801 126 -2647
90001 120 -2641
90201 120 -2639
90401 124 -2646
90601 123 -2655
90801 120 -2642
91001 123 -2653
91201 121 -2643
91401 119 -2634
91601 120 -2647
91801 125 -2645
92001 121 -2649
92201 120 -2634
92401 120 -2640
92601 122 -2656
92801 121 -2640
93001 119 -2633
93201 119 -2641
93401 124 -2639
93601 121 -2651
93801 119 -2631
94001 119 -2624
94201 121 -2654
94401 122 -2638
94601 119 -2632
94801 119 -2635
95001 122 -2634
95201 121 -2648
95401 120 -2629
95601 120 -2633
95801 120 -2647
96001 119 -2628
96201 120 -2638
96401 123 -2633
96601 120 -2634
96801 119 -2627
97001 120 -2626
97201 120 -2650
97401 120 -2625
97601 128 -2681
97801 119 -2631
98001 122 -2628
98201 119 -2639
98401 119 -2625
98601 120 -2620
98801 119 -2639
99001 121 -2623
99201 119 -2621
99401 119 3134
99601 121 3139
99801 119 3120
