

 << Logging of terminal I/O resumes >> 

1 398 15
201 313 -435
401 309 -199
601 348 -80
801 292 88
1001 308 176
1201 305 284
1401 275 402
1601 290 489
1801 264 588
2001 260 673
2201 253 757
2401 225 832
2601 229 908
2801 212 978
3001 202 1042
3201 196 1101
3401 177 1146
3601 177 1210
3801 167 1261
4001 158 3079
4201 163 3074
4401 156 3062
4601 157 3069
4801 155 3065
5001 153 3051
5201 157 3050
5401 152 3043
5601 151 3047
5801 151 3043
6001 152 4866
6201 160 4926
6401 163 4962
6601 168 5016
6801 175 5087
7001 178 5145
7201 185 5211
7401 190 5267
7601 194 5340
7801 198 5428
8001 201 5499
8201 206 5576
8401 209 -107
8601 209 -21
8801 206 76
9001 207 -5611
9201 207 -5528
9401 204 -5446
9601 199 -5365
9801 191 -5284
10001 190 -5210
10201 185 -5137
10401 177 -5070
10601 171 -5004
10801 164 -4943
11001 161 -4876
11201 155 -4819
11401 147 -4773
11601 143 -4717
11801 140 -2794
12001 139 -2792
12201 140 -2794
12401 141 -2804
12601 142 -2796
12801 139 -2798
13001 139 -2797
13201 140 -2797
13401 140 -2808
13601 140 -2798
13801 138 -2799
14001 138 -2802
14201 141 -2799
14401 139 -2810
14601 141 -810
14801 145 -757
15001 147 -699
15201 153 -615
15401 155 -573
15601 160 -503
15801 164 -424
16001 163 -364
16201 169 -266
16401 170 -214
16601 172 -136
16801 173 -36
17001 169 12
17201 172 121
17401 171 185
17601 168 258
17801 165 354
18001 159 385
18201 158 498
18401 155 556
18601 150 607
18801 145 703
19001 141 721
19201 137 817
19401 137 -2795
19601 138 -2804
19801 138 -2787
20001 137 -2800
20201 136 -2794
20401 137 -2789
20601 139 -2799
20801 137 -2785
21001 136 -2792
21201 136 -2793
21401 137 -2782
21601 139 -2789
21801 136 -2782
22001 135 -2784
22201 137 -2786
22401 136 -2777
22601 139 -2778
22801 135 -2777
23001 135 -2780
23201 137 -2776
23401 136 -2771
23601 138 -2770
23801 134 -2775
24001 134 -2773
24201 139 -2760
24401 135 -2767
24601 135 -2766
24801 134 -100
25001 134 -2766
25201 141 -2745
25401 134 2996
25601 134 2994
25801 136 3010
26001 134 3000
26201 140 3025
26401 133 2998
26601 133 2998
26801 140 3031
27001 134 3005
27201 138 3030
27401 133 3004
27601 134 3007
27801 139 3043
28001 133 3009
28201 139 3047
28401 134 3020
28601 133 3009
28801 144 3073
29001 133 3013
29201 136 3048
29401 136 3050
29601 132 3013
29801 145 3096
30001 133 3017
30201 135 3046
30401 140 3082
30601 132 3010
30801 143 3102
31001 134 3049
31201 133 3041
31401 146 3125
31601 131 3010
31801 139 3096
32001 137 3085
32201 134 3066
32401 145 3140
32601 130 3006
32801 142 3129
33001 136 3092
33201 131 3040
33401 151 3184
33601 129 3020
33801 138 3118
34001 140 3138
34201 128 3021
34401 152 3203
34601 130 3064
34801 133 3099
35001 148 3196
35201 126 3023
35401 147 3200
35601 134 3122
35801 128 3077
36001 155 3236
36201 125 3050
36401 139 3175
36601 140 3183
36801 125 3069
37001 157 3253
37201 124 3064
37401 144 3215
37601 136 3183
37801 126 3111
38001 161 3274
38201 125 3114
38401 136 3199
38601 143 3230
38801 124 3116
39001 159 3284
39201 130 3187
39401 131 3202
39601 157 3291
39801 123 3141
40001 149 3280
40201 136 3239
40401 126 3198
40601 199 -2311
40801 125 -2566
41001 138 -2499
41201 146 -2467
41401 124 -2559
41601 204 -2280
41801 130 -2508
42001 153 -2408
42201 141 -2459
42401 125 -2515
42601 221 -2274
42801 126 -2503
43001 139 -2442
43201 189 -2257
43401 123 -2505
43601 217 -2253
43801 134 -2439
44001 132 -2441
44201 223 -2261
44401 123 -2479
44601 202 -2211
44801 180 -2230
45001 127 -2439
45201 231 -2284
45401 129 -2414
45601 181 -2205
45801 215 -2221
46001 126 -2414
46201 227 -2268
46401 176 -2191
46601 170 -2198
46801 229 -2298
47001 144 -2271
47201 225 -2377
47401 165 -2186
47601 204 -2160
47801 223 -2263
48001 149 -2217
48201 220 -2346
48401 204 -2153
48601 197 -2127
48801 205 -2504
49001 175 -2123
49201 217 -2241
49401 215 -2231
49601 193 -2097
49801 194 -2577
50001 202 -2118
50201 211 -2192
50401 195 -2503
50601 197 -2080
50801 189 -2561
51001 208 -2228
51201 207 -2151
51401 187 -2595
51601 203 -2098
51801 187 -2599
52001 206 -2171
52201 197 -2340
52401 182 -2587
52601 205 -2106
52801 181 -2589
53001 187 -2437
53201 197 -2284
53401 183 -2600
53601 200 -2194
53801 175 -2569
54001 175 -2579
54201 196 -2240
54401 180 -2602
54601 181 -2437
54801 173 -2534
55001 176 -2595
55201 189 -2303
55401 174 -2592
55601 170 -2568
55801 172 -2498
56001 177 -2606
56201 174 -2468
56401 168 -2574
56601 170 -2588
56801 167 -2568
57001 171 -2600
57201 170 -2495
57401 170 -2596
57601 166 -2570
57801 164 -2551
58001 172 -2610
58201 164 -2541
58401 165 -2577
58601 165 -2588
58801 163 -2540
59001 169 -2609
59201 162 -2559
59401 161 -2563
59601 166 -2606
59801 161 -2541
60001 163 -2592
60201 161 -2576
60401 159 -2549
60601 166 -2616
60801 159 3210
61001 159 3186
61201 161 3164
61401 158 3217
61601 162 3155
61801 158 3217
62001 159 3163
62201 156 3184
62401 156 3206
62601 162 3140
62801 155 3210
63001 155 3181
63201 156 3163
63401 155 3214
63601 158 3145
63801 153 3193
64001 152 3194
64201 157 3141
64401 153 3212
64601 153 3165
64801 151 3172
65001 151 3207
65201 157 3134
65401 150 3200
65601 149 3181
65801 152 3149
66001 151 3203
66201 152 3146
66401 147 3178
66601 149 3149
66801 147 3171
67001 147 3200
67201 153 3129
67401 147 3200
67601 145 3173
67801 147 3149
68001 147 3207
68201 149 3136
68401 143 3181
68601 143 3187
68801 149 3129
69001 145 3204
69201 143 3156
69401 142 3155
69601 144 3200
69801 149 3124
70001 141 3186
70201 140 3172
70401 144 3132
70601 143 3207
70801 142 3138
71001 138 3161
71201 140 3186
71401 138 3162
71601 139 3189
71801 147 3118
72001 138 3185
72201 136 3160
72401 139 3133
72601 140 3193
72801 141 3125
73001 135 3160
73201 135 3172
73401 144 3115
73601 138 3186
73801 134 3142
74001 134 3134
74201 137 3184
74401 142 3115
74601 133 3163
74801 132 3156
75001 139 3116
75201 137 3183
75401 134 3127
75601 130 3138
75801 133 3174
76001 142 3107
76201 132 3165
76401 142 3107
76601 131 3162
76801 128 3139
77001 134 3119
77201 135 3173
77401 134 3116
77601 127 3137
77801 129 -2606
78001 139 3105
78201 132 -2597
78401 127 -2633
78601 129 -2638
78801 132 -2599
79001 136 -2653
79201 125 -2622
79401 125 -2623
79601 135 -2654
79801 132 -2604
80001 17 16
80201 125 -2636
80401 129 -2613
80601 136 -2658
80801 126 -2621
81001 123 -2635
81201 126 -2619
81401 122 -2635
81601 128 -2645
81801 131 -2616
82001 129 -2649
82201 122 -2637
82401 125 -2628
82601 134 -2660
82801 127 -2625
83001 122 -2639
83201 125 -2645
83401 129 -2626
83601 130 -2657
83801 121 -2638
84001 122 -2637
84201 131 -2657
84401 127 -2630
84601 122 -2642
84801 122 -2639
85001 126 -2635
85201 131 -2659
85401 122 -2639
85601 120 -2639
85801 127 -2655
86001 126 -2636
86201 125 -2654
86401 127 -2640
86601 124 -2651
86801 120 -2637
87001 122 -2643
87201 129 -2655
87401 123 -2645
87601 120 -2637
87801 122 -2648
88001 125 -2646
88201 125 -2651
88401 120 -2638
88601 120 -2641
88801 126 -2653
89001 123 -2650
89201 120 -2641
89401 120 -2643
89601 123 -2650
89801 126 -2647
90001 120 -2639
90201 120 -2639
90401 124 -2646
90601 123 -2651
90801 120 -2642
91001 123 -2653
91201 121 -2640
91401 120 -2634
91601 120 -2644
91801 126 -2645
92001 121 -2650
92201 120 -2634
92401 121 -2637
92601 123 -2652
92801 122 -2638
93001 120 -2633
93201 120 -2639
93401 124 -2636
93601 121 -2650
93801 120 -2632
94001 120 -2624
94201 121 -2652
94401 122 -2638
94601 119 -2633
94801 119 -2635
95001 123 -2635
95201 121 -2643
95401 120 -2628
95601 120 -2626
95801 120 -2647
96001 119 -2627
96201 119 -2638
96401 123 -2633
96601 120 -2635
96801 119 -2627
97001 120 -2626
97201 121 -2649
97401 120 -2625
97601 129 -2676
97801 119 -2631
98001 122 -2628
98201 119 -2639
98401 119 -2624
98601 120 -2620
98801 120 -2648
99001 121 -2623
99201 119 -2619
99401 119 3135
99601 121 3139
99801 120 3122
