

 << Logging of terminal I/O resumes >> 

1 428 15
201 313 -440
401 301 -184
601 338 -57
801 290 101
1001 304 192
1201 301 301
1401 273 415
1601 286 503
1801 261 599
2001 257 683
2201 250 766
2401 223 838
2601 226 913
2801 210 981
3001 200 1044
3201 194 1102
3401 176 1147
3601 176 1209
3801 166 1260
4001 158 3068
4201 163 3065
4401 156 3054
4601 157 3060
4801 156 3056
5001 153 3043
5201 158 3043
5401 152 3036
5601 152 3040
5801 152 3036
6001 153 4866
6201 161 4926
6401 164 4961
6601 170 5016
6801 176 5087
7001 179 5145
7201 186 5212
7401 191 5268
7601 195 5341
7801 200 5430
8001 202 5500
8201 207 5578
8401 210 -105
8601 210 -19
8801 208 77
9001 208 -5610
9201 208 -5527
9401 204 -5444
9601 199 -5364
9801 192 -5283
10001 190 -5209
10201 185 -5136
10401 178 -5070
10601 172 -5004
10801 165 -4943
11001 161 -4876
11201 155 -4819
11401 148 -4773
11601 144 -4717
11801 140 -2796
12001 140 -2794
12201 141 -2796
12401 142 -2805
12601 142 -2798
12801 140 -2800
13001 139 -2799
13201 141 -2799
13401 141 -2810
13601 141 -2799
13801 139 -2801
14001 139 -2804
14201 141 -2801
14401 140 -2811
14601 142 -811
14801 146 -758
15001 148 -699
15201 154 -616
15401 155 -573
15601 161 -503
15801 165 -425
16001 164 -364
16201 169 -267
16401 171 -215
16601 173 -137
16801 173 -37
17001 169 12
17201 172 119
17401 171 184
17601 169 257
17801 165 353
18001 160 385
18201 159 497
18401 156 555
18601 151 606
18801 145 701
19001 142 720
19201 138 815
19401 137 -2796
19601 139 -2805
19801 139 -2789
20001 138 -2801
20201 137 -2795
20401 137 -2790
20601 140 -2798
20801 137 -2786
21001 136 -2793
21201 137 -2794
21401 137 -2783
21601 140 -2789
21801 136 -2784
22001 136 -2785
22201 138 -2786
22401 137 -2778
22601 140 -2778
22801 136 -2778
23001 135 -2781
23201 138 -2776
23401 136 -2773
23601 139 -2770
23801 135 -2776
24001 135 -2775
24201 140 -2761
24401 136 -2769
24601 136 -2765
24801 135 -2770
25001 135 -2767
25201 142 -2744
25401 135 2995
25601 135 2995
25801 137 3010
26001 135 2999
26201 141 3026
26401 134 2997
26601 134 2997
26801 140 3032
27001 134 3003
27201 138 3031
27401 134 3003
27601 134 3007
27801 140 3044
28001 133 3008
28201 140 3048
28401 135 3021
28601 133 3009
28801 144 3075
29001 133 3012
29201 137 3049
29401 137 3050
29601 133 3012
29801 146 3099
30001 133 3017
30201 135 3047
30401 141 3083
30601 132 3008
30801 144 3104
31001 134 3050
31201 134 3041
31401 147 3129
31601 131 3008
31801 140 3098
32001 137 3087
32201 135 3065
32401 146 3144
32601 130 3004
32801 143 3133
33001 136 3091
33201 131 3039
33401 153 3187
33601 129 3020
33801 138 3119
34001 141 3141
34201 128 3022
34401 154 3206
34601 130 3064
34801 134 3100
35001 149 3198
35201 126 3026
35401 148 3202
35601 134 3123
35801 129 3079
36001 156 3237
36201 126 3054
36401 140 3177
36601 141 3184
36801 126 3072
37001 158 3253
37201 125 3069
37401 145 3217
37601 136 3185
37801 126 3114
38001 161 3275
38201 125 3116
38401 136 3202
38601 144 3231
38801 124 3120
39001 160 3290
39201 130 3190
39401 131 3204
39601 159 3298
39801 124 3148
40001 147 3277
40201 136 3240
40401 127 3201
40601 203 -2303
40801 125 -2563
41001 138 -2495
41201 147 -2461
41401 124 -2553
41601 209 -2277
41801 130 -2506
42001 157 -2389
42201 142 -2450
42401 126 -2511
42601 222 -2279
42801 126 -2499
43001 140 -2433
43201 193 -2250
43401 124 -2500
43601 219 -2258
43801 135 -2435
44001 133 -2435
44201 223 -2265
44401 124 -2474
44601 205 -2213
44801 184 -2221
45001 128 -2433
45201 233 -2293
45401 130 -2404
45601 188 -2193
45801 216 -2226
46001 127 -2405
46201 228 -2272
46401 180 -2184
46601 172 -2193
46801 229 -2310
47001 146 -2261
47201 223 -2393
47401 169 -2178
47601 205 -2164
47801 223 -2275
48001 155 -2198
48201 218 -2368
48401 205 -2158
48601 199 -2132
48801 204 -2514
49001 181 -2114
49201 216 -2258
49401 215 -2250
49601 195 -2100
49801 194 -2585
50001 203 -2119
50201 211 -2203
50401 194 -2519
50601 198 -2085
50801 189 -2568
51001 208 -2237
51201 207 -2152
51401 188 -2597
51601 204 -2100
51801 187 -2599
52001 206 -2172
52201 197 -2353
52401 182 -2588
52601 205 -2114
52801 181 -2591
53001 186 -2452
53201 196 -2291
53401 183 -2602
53601 200 -2205
53801 175 -2574
54001 175 -2582
54201 195 -2267
54401 180 -2604
54601 180 -2452
54801 173 -2544
55001 177 -2598
55201 187 -2332
55401 174 -2595
55601 170 -2570
55801 172 -2508
56001 177 -2608
56201 173 -2477
56401 169 -2575
56601 170 -2590
56801 167 -2569
57001 171 -2601
57201 169 -2503
57401 170 -2598
57601 166 -2571
57801 164 -2551
58001 172 -2611
58201 164 -2542
58401 165 -2578
58601 166 -2590
58801 163 -2542
59001 169 -2612
59201 162 -2560
59401 162 -2565
59601 166 -2609
59801 161 -2543
60001 163 -2595
60201 161 -2579
60401 160 -2550
60601 166 -2618
60801 159 3209
61001 159 3184
61201 161 3163
61401 159 3215
61601 162 3153
61801 158 3216
62001 159 3161
62201 156 3182
62401 156 3205
62601 162 3139
62801 155 3209
63001 155 3180
63201 156 3161
63401 155 3212
63601 158 3143
63801 153 3192
64001 152 3192
64201 157 3140
64401 154 3211
64601 153 3162
64801 151 3170
65001 152 3206
65201 157 3133
65401 150 3201
65601 149 3180
65801 152 3148
66001 151 3203
66201 152 3145
66401 148 3177
66601 150 3148
66801 147 3170
67001 147 3200
67201 154 3127
67401 147 3200
67601 145 3172
67801 147 3148
68001 147 3205
68201 149 3134
68401 144 3178
68601 144 3186
68801 150 3126
69001 145 3201
69201 143 3153
69401 142 3153
69601 144 3198
69801 149 3122
70001 141 3185
70201 140 3170
70401 144 3130
70601 143 3206
70801 142 3135
71001 139 3159
71201 140 3186
71401 138 3161
71601 139 3188
71801 147 3117
72001 139 3184
72201 136 3158
72401 139 3132
72601 140 3191
72801 141 3123
73001 135 3159
73201 135 3171
73401 144 3114
73601 138 3184
73801 134 3139
74001 135 3132
74201 137 3182
74401 143 3113
74601 133 3162
74801 132 3154
75001 139 3115
75201 137 3180
75401 134 3126
75601 131 3135
75801 133 3173
76001 142 3107
76201 132 3162
76401 142 3106
76601 131 3162
76801 128 3138
77001 134 3118
77201 135 3171
77401 135 3115
77601 127 3135
77801 129 -2608
78001 139 3104
78201 132 -2599
78401 127 -2633
78601 129 -2639
78801 133 -2601
79001 136 -2654
79201 126 -2621
79401 125 -2623
79601 135 -2654
79801 132 -2607
80001 40 28
80201 125 -2636
80401 129 -2614
80601 137 -2658
80801 126 -2622
81001 123 -2635
81201 127 -2621
81401 122 -2635
81601 129 -2639
81801 131 -2618
82001 129 -2649
82201 122 -2638
82401 125 -2630
82601 134 -2660
82801 127 -2627
83001 122 -2640
83201 125 -2646
83401 129 -2627
83601 131 -2657
83801 122 -2637
84001 122 -2638
84201 131 -2658
84401 127 -2633
84601 123 -2643
84801 123 -2638
85001 126 -2636
85201 131 -2659
85401 122 -2640
85601 121 -2638
85801 127 -2654
86001 125 -2640
86201 126 -2651
86401 127 -2642
86601 124 -2650
86801 121 -2637
87001 122 -2645
87201 130 -2655
87401 123 -2645
87601 121 -2636
87801 122 -2647
88001 125 -2646
88201 125 -2650
88401 121 -2638
88601 121 -2643
88801 126 -2648
89001 123 -2648
89201 121 -2640
89401 121 -2642
89601 123 -2651
89801 126 -2647
90001 121 -2638
90201 120 -2638
90401 125 -2646
90601 123 -2652
90801 121 -2641
91001 123 -2652
91201 122 -2640
91401 120 -2635
91601 121 -2646
91801 126 -2644
92001 121 -2648
92201 120 -2637
92401 121 -2636
92601 123 -2651
92801 122 -2637
93001 120 -2633
93201 120 -2638
93401 124 -2635
93601 121 -2646
93801 120 -2631
94001 120 -2624
94201 121 -2651
94401 123 -2638
94601 119 -2632
94801 119 -2634
95001 123 -2634
95201 121 -2642
95401 120 -2628
95601 120 -2632
95801 120 -2646
96001 119 -2627
96201 120 -2637
96401 124 -2633
96601 120 -2634
96801 120 -2627
97001 120 -2625
97201 120 -2648
97401 121 -2624
97601 126 -2695
97801 119 -2631
98001 122 -2627
98201 119 -2638
98401 119 -2624
98601 120 -2621
98801 120 -2637
99001 121 -2622
99201 119 -2619
99401 120 3134
99601 122 3139
99801 119 3124
