

 << Logging of terminal I/O resumes >> 

1 451 16
201 313 -442
401 294 -173
601 328 -38
801 287 111
1001 300 205
1201 296 314
1401 270 425
1601 281 514
1801 257 608
2001 254 692
2201 246 773
2401 221 842
2601 223 917
2801 207 984
3001 198 1046
3201 192 1103
3401 175 1148
3601 174 1209
3801 165 1259
4001 158 3059
4201 163 3056
4401 156 3046
4601 157 3051
4801 155 3048
5001 153 3036
5201 158 3036
5401 152 3030
5601 152 3033
5801 152 3030
6001 154 4865
6201 162 4925
6401 165 4962
6601 170 5016
6801 177 5087
7001 179 5145
7201 187 5212
7401 192 5269
7601 196 5342
7801 200 5431
8001 203 5501
8201 207 5580
8401 210 -104
8601 210 -18
8801 208 78
9001 208 -5608
9201 208 -5526
9401 205 -5443
9601 199 -5362
9801 192 -5283
10001 190 -5208
10201 185 -5136
10401 178 -5069
10601 172 -5003
10801 165 -4943
11001 161 -4877
11201 155 -4819
11401 148 -4774
11601 144 -4717
11801 141 -2797
12001 140 -2796
12201 141 -2798
12401 142 -2806
12601 142 -2799
12801 140 -2801
13001 140 -2800
13201 141 -2800
13401 141 -2811
13601 141 -2801
13801 139 -2802
14001 139 -2805
14201 141 -2801
14401 140 -2812
14601 142 -811
14801 146 -757
15001 148 -699
15201 154 -617
15401 156 -573
15601 161 -503
15801 165 -425
16001 164 -364
16201 170 -267
16401 171 -215
16601 173 -136
16801 173 -37
17001 169 12
17201 172 120
17401 171 184
17601 169 257
17801 165 353
18001 160 385
18201 159 497
18401 156 555
18601 151 606
18801 145 701
19001 142 720
19201 138 815
19401 137 -2797
19601 139 -2805
19801 138 -2789
20001 138 -2800
20201 137 -2795
20401 137 -2791
20601 140 -2799
20801 137 -2786
21001 136 -2794
21201 137 -2794
21401 137 -2784
21601 140 -2789
21801 136 -2784
22001 136 -2786
22201 138 -2787
22401 137 -2780
22601 140 -2778
22801 136 -2779
23001 135 -2782
23201 138 -2777
23401 136 -2774
23601 139 -2770
23801 135 -2777
24001 135 -2775
24201 140 -2761
24401 136 -2769
24601 136 -2766
24801 135 -2770
25001 135 -2768
25201 142 -2744
25401 135 2995
25601 135 2994
25801 137 3010
26001 135 2999
26201 141 3026
26401 134 2997
26601 134 2997
26801 140 3032
27001 134 3004
27201 138 3031
27401 133 3003
27601 134 3007
27801 140 3044
28001 134 3008
28201 140 3048
28401 135 3021
28601 133 3009
28801 144 3074
29001 133 3012
29201 137 3049
29401 137 3050
29601 133 3012
29801 146 3098
30001 133 3017
30201 135 3047
30401 141 3083
30601 132 3009
30801 144 3104
31001 134 3050
31201 134 3042
31401 147 3127
31601 131 3009
31801 140 3098
32001 137 3086
32201 135 3066
32401 146 3142
32601 130 3007
32801 143 3132
33001 136 3092
33201 131 3040
33401 152 3185
33601 129 3020
33801 138 3119
34001 141 3140
34201 128 3023
34401 153 3204
34601 130 3064
34801 134 3099
35001 148 3197
35201 126 3028
35401 148 3202
35601 134 3122
35801 128 3078
36001 156 3236
36201 126 3054
36401 140 3177
36601 140 3184
36801 126 3073
37001 158 3252
37201 125 3071
37401 145 3217
37601 137 3185
37801 126 3115
38001 161 3275
38201 125 3118
38401 136 3202
38601 144 3231
38801 124 3121
39001 160 3288
39201 130 3189
39401 131 3204
39601 158 3292
39801 124 3148
40001 148 3278
40201 136 3240
40401 127 3200
40601 200 -2308
40801 125 -2563
41001 138 -2496
41201 147 -2462
41401 124 -2553
41601 208 -2278
41801 130 -2506
42001 157 -2388
42201 142 -2452
42401 126 -2512
42601 221 -2276
42801 126 -2500
43001 140 -2433
43201 194 -2250
43401 124 -2500
43601 219 -2259
43801 135 -2433
44001 134 -2434
44201 224 -2266
44401 124 -2472
44601 206 -2215
44801 186 -2219
45001 128 -2432
45201 232 -2291
45401 130 -2405
45601 187 -2196
45801 217 -2228
46001 128 -2401
46201 228 -2275
46401 181 -2182
46601 174 -2190
46801 229 -2307
47001 147 -2257
47201 223 -2392
47401 169 -2178
47601 205 -2164
47801 223 -2275
48001 156 -2198
48201 218 -2369
48401 205 -2157
48601 199 -2131
48801 205 -2505
49001 181 -2114
49201 217 -2257
49401 215 -2249
49601 195 -2099
49801 194 -2581
50001 202 -2118
50201 211 -2200
50401 195 -2513
50601 199 -2086
50801 189 -2565
51001 208 -2235
51201 207 -2152
51401 188 -2596
51601 204 -2101
51801 187 -2599
52001 206 -2169
52201 197 -2349
52401 182 -2588
52601 205 -2114
52801 181 -2590
53001 187 -2444
53201 197 -2282
53401 183 -2601
53601 200 -2198
53801 175 -2572
54001 175 -2581
54201 195 -2261
54401 180 -2603
54601 180 -2446
54801 173 -2539
55001 176 -2597
55201 188 -2328
55401 174 -2594
55601 170 -2569
55801 172 -2506
56001 177 -2606
56201 173 -2478
56401 169 -2575
56601 170 -2590
56801 167 -2569
57001 171 -2601
57201 169 -2505
57401 170 -2598
57601 166 -2571
57801 164 -2551
58001 172 -2611
58201 164 -2542
58401 165 -2578
58601 166 -2590
58801 163 -2543
59001 169 -2611
59201 162 -2560
59401 162 -2564
59601 166 -2608
59801 161 -2543
60001 163 -2595
60201 161 -2578
60401 160 -2551
60601 167 -2617
60801 159 3210
61001 159 3184
61201 161 3162
61401 159 3215
61601 162 3152
61801 158 3216
62001 159 3161
62201 156 3183
62401 156 3205
62601 162 3140
62801 155 3209
63001 155 3180
63201 156 3161
63401 155 3212
63601 158 3144
63801 153 3193
64001 152 3194
64201 157 3141
64401 153 3212
64601 153 3163
64801 151 3171
65001 151 3207
65201 157 3135
65401 150 3202
65601 149 3181
65801 152 3148
66001 151 3202
66201 152 3145
66401 148 3177
66601 150 3148
66801 147 3171
67001 147 3200
67201 154 3128
67401 147 3201
67601 145 3172
67801 147 3147
68001 147 3205
68201 149 3134
68401 144 3179
68601 144 3186
68801 150 3127
69001 145 3202
69201 143 3154
69401 142 3154
69601 144 3198
69801 149 3123
70001 141 3186
70201 140 3171
70401 144 3130
70601 143 3206
70801 142 3136
71001 139 3159
71201 140 3186
71401 138 3160
71601 139 3188
71801 147 3117
72001 138 3185
72201 136 3157
72401 139 3131
72601 140 3192
72801 141 3124
73001 135 3160
73201 135 3172
73401 144 3115
73601 138 3185
73801 134 3140
74001 134 3132
74201 137 3182
74401 142 3114
74601 133 3164
74801 132 3155
75001 139 3115
75201 137 3181
75401 134 3125
75601 130 3136
75801 133 3173
76001 142 3108
76201 132 3163
76401 142 3106
76601 131 3162
76801 128 3138
77001 134 3117
77201 135 3169
77401 135 3115
77601 127 3135
77801 129 -2608
78001 139 3105
78201 132 -2598
78401 127 -2634
78601 129 -2639
78801 132 -2600
79001 136 -2654
79201 126 -2621
79401 125 -2623
79601 135 -2653
79801 132 -2605
80001 59 27
80201 125 -2636
80401 129 -2612
80601 137 -2658
80801 126 -2621
81001 123 -2635
81201 126 -2619
81401 122 -2634
81601 129 -2639
81801 131 -2617
82001 129 -2649
82201 122 -2639
82401 125 -2627
82601 134 -2659
82801 127 -2625
83001 122 -2640
83201 125 -2645
83401 128 -2627
83601 130 -2656
83801 121 -2637
84001 122 -2636
84201 131 -2657
84401 127 -2632
84601 123 -2644
84801 123 -2640
85001 126 -2636
85201 131 -2658
85401 122 -2637
85601 121 -2638
85801 127 -2654
86001 125 -2643
86201 126 -2653
86401 126 -2640
86601 125 -2652
86801 121 -2636
87001 122 -2641
87201 130 -2655
87401 123 -2645
87601 121 -2638
87801 122 -2649
88001 125 -2648
88201 125 -2649
88401 121 -2637
88601 121 -2643
88801 126 -2647
89001 123 -2647
89201 121 -2640
89401 121 -2641
89601 123 -2650
89801 126 -2647
90001 120 -2639
90201 120 -2638
90401 124 -2646
90601 123 -2651
90801 121 -2640
91001 123 -2651
91201 122 -2639
91401 120 -2638
91601 121 -2646
91801 126 -2644
92001 121 -2649
92201 120 -2636
92401 121 -2639
92601 122 -2653
92801 122 -2639
93001 120 -2632
93201 120 -2638
93401 125 -2638
93601 121 -2644
93801 120 -2631
94001 120 -2624
94201 121 -2650
94401 123 -2638
94601 119 -2631
94801 119 -2634
95001 123 -2634
95201 121 -2645
95401 119 -2630
95601 120 -2631
95801 120 -2646
96001 120 -2631
96201 120 -2637
96401 124 -2632
96601 120 -2634
96801 120 -2626
97001 120 -2625
97201 120 -2648
97401 121 -2624
97601 129 -2662
97801 119 -2630
98001 122 -2627
98201 119 -2637
98401 120 -2624
98601 120 -2620
98801 119 -2642
99001 121 -2623
99201 119 -2619
99401 120 3135
99601 121 3139
99801 120 3122
