

 << Logging of terminal I/O resumes >> 

1 4910 35
201 369 3723
401 307 3556
601 325 -351
801 323 -231
1001 317 -91
1201 314 49
1401 312 192
1601 311 325
1801 302 435
2001 294 542
2201 282 660
2401 265 766
2601 253 858
2801 240 936
3001 227 1013
3201 214 1086
3401 200 1151
3601 191 1209
3801 181 1262
4001 172 1313
4201 163 1360
4401 161 3127
4601 160 3123
4801 159 3117
5001 158 3104
5201 157 3095
5401 156 3089
5601 155 3086
5801 155 3079
6001 155 4866
6201 160 4915
6401 165 4964
6601 171 5018
6801 177 5076
7001 183 5136
7201 188 5199
7401 193 5265
7601 199 5335
7801 204 5411
8001 208 5488
8201 212 -193
8401 214 -113
8601 216 -27
8801 216 60
9001 216 -5616
9201 214 -5532
9401 211 -5449
9601 206 -5367
9801 202 -5287
10001 196 -5212
10201 191 -5140
10401 185 -5070
10601 178 -5003
10801 172 -4939
11001 166 -4879
11201 160 -4822
11401 154 -4768
11601 148 -4716
11801 145 -2794
12001 144 -2795
12201 144 -2797
12401 144 -2800
12601 144 -2801
12801 144 -2801
13001 144 -2802
13201 144 -2804
13401 144 -2806
13601 144 -2806
13801 144 -2806
14001 144 -2807
14201 144 -2809
14401 144 -2811
14601 146 -820
14801 150 -763
15001 155 -703
15201 159 -640
15401 163 -576
15601 167 -509
15801 170 -438
16001 173 -367
16201 176 -291
16401 178 -218
16601 179 -140
16801 180 -60
17001 179 17
17201 179 97
17401 177 174
17601 175 250
17801 172 328
18001 169 398
18201 165 473
18401 161 540
18601 157 607
18801 152 674
19001 148 732
19201 143 794
19401 143 -2812
19601 143 -2813
19801 143 -2812
20001 143 -2811
20201 143 -2810
20401 143 -2810
20601 143 -2810
20801 143 -2809
21001 143 -2809
21201 143 -2808
21401 143 -2808
21601 143 -2806
21801 142 -2806
22001 142 -2805
22201 143 -2803
22401 142 -2804
22601 143 -2799
22801 142 -2802
23001 142 -2799
23201 142 -2794
23401 142 -2799
23601 143 -2789
23801 142 -2792
24001 142 -2791
24201 143 -2783
24401 142 -2790
24601 143 -2780
24801 143 -2778
25001 142 -2782
25201 143 -2770
25401 142 -2778
25601 143 2990
25801 143 2995
26001 142 2988
26201 143 3002
26401 142 2997
26601 143 3001
26801 143 3009
27001 142 3000
27201 144 3014
27401 143 3010
27601 143 3015
27801 144 3023
28001 143 3012
28201 144 3028
28401 143 3025
28601 143 3024
28801 144 3037
29001 142 3025
29201 144 3038
29401 143 3040
29601 143 3032
29801 144 3050
30001 142 3038
30201 143 3047
30401 144 3055
30601 142 3040
30801 144 3063
31001 142 3054
31201 142 3056
31401 144 3071
31601 141 3056
31801 143 3075
32001 142 3074
32201 142 3075
32401 143 3089
32601 140 3074
32801 143 3097
33001 142 3094
33201 141 3095
33401 143 3113
33601 141 3103
33801 143 3119
34001 143 3124
34201 141 3119
34401 144 3139
34601 142 3134
34801 143 3142
35001 144 3152
35201 142 3145
35401 145 3161
35601 143 3161
35801 143 3164
36001 145 3174
36201 143 3170
36401 145 3181
36601 145 3186
36801 143 3183
37001 146 3196
37201 143 3192
37401 146 3204
37601 145 3204
37801 144 3207
38001 147 3218
38201 144 3214
38401 146 3224
38601 147 3231
38801 145 3227
39001 149 3244
39201 146 3240
39401 147 3249
39601 150 3263
39801 146 3254
40001 153 3289
40201 151 3286
40401 150 -2474
40601 162 -2411
40801 153 -2444
41001 165 -2388
41201 169 -2365
41401 164 -2378
41601 184 -2312
41801 177 -2324
42001 190 -2289
42201 190 -2283
42401 188 -2283
42601 203 -2264
42801 196 -2264
43001 203 -2258
43201 206 -2258
43401 202 -2250
43601 210 -2261
43801 207 -2250
44001 209 -2253
44201 212 -2258
44401 209 -2247
44601 213 -2257
44801 214 -2257
45001 212 -2248
45201 218 -2265
45401 214 -2248
45601 217 -2259
45801 218 -2260
46001 216 -2251
46201 220 -2267
46401 219 -2259
46601 219 -2258
46801 222 -2274
47001 219 -2258
47201 222 -2284
47401 220 -2263
47601 221 -2284
47801 221 -2299
48001 220 -2282
48201 218 -2337
48401 217 -2321
48601 216 -2338
48801 211 -2399
49001 212 -2360
49201 206 -2426
49401 204 -2438
49601 205 -2420
49801 197 -2507
50001 200 -2464
50201 195 -2511
50401 192 -2537
50601 193 -2514
50801 187 -2569
51001 187 -2561
51201 186 -2560
51401 184 -2589
51601 184 -2569
51801 182 -2595
52001 182 -2586
52201 181 -2594
52401 180 -2597
52601 180 -2592
52801 179 -2599
53001 179 -2596
53201 178 -2595
53401 178 -2600
53601 177 -2594
53801 177 -2599
54001 177 -2598
54201 176 -2596
54401 176 -2601
54601 175 -2596
54801 175 -2598
55001 175 -2601
55201 174 -2596
55401 174 -2601
55601 173 -2599
55801 173 -2597
56001 173 -2601
56201 172 -2597
56401 172 -2600
56601 171 -2601
56801 171 -2600
57001 170 -2601
57201 170 -2598
57401 169 -2602
57601 169 -2599
57801 168 -2598
58001 168 -2603
58201 167 -2598
58401 167 -2601
58601 167 -2601
58801 166 -2599
59001 166 -2603
59201 165 -2600
59401 165 -2600
59601 165 -2603
59801 164 -2599
60001 164 -2604
60201 163 -2601
60401 163 -2601
60601 163 -2604
60801 162 3159
61001 161 3157
61201 161 3156
61401 161 3159
61601 160 3155
61801 160 3159
62001 159 3155
62201 159 3157
62401 158 3157
62601 158 3153
62801 158 3157
63001 157 3154
63201 157 3152
63401 156 3156
63601 156 3151
63801 155 3154
64001 155 3153
64201 155 3150
64401 154 3155
64601 154 3149
64801 153 3151
65001 153 3151
65201 153 3148
65401 152 3150
65601 151 3148
65801 151 3147
66001 151 3143
66201 151 3144
66401 150 3146
66601 150 3144
66801 149 3145
67001 149 3146
67201 149 3143
67401 148 3146
67601 147 3143
67801 147 3142
68001 147 3145
68201 147 3140
68401 146 3143
68601 145 3141
68801 145 3138
69001 145 3142
69201 144 3138
69401 144 3138
69601 144 3140
69801 144 3135
70001 143 3138
70201 142 3135
70401 142 3133
70601 142 3144
70801 141 3131
71001 141 3133
71201 141 3133
71401 140 3131
71601 140 3131
71801 140 3129
72001 139 3130
72201 139 3128
72401 139 3127
72601 138 3129
72801 138 3125
73001 137 3126
73201 137 3125
73401 137 3125
73601 136 3125
73801 136 3123
74001 136 3120
74201 135 3123
74401 136 3121
74601 135 3122
74801 134 3120
75001 135 3119
75201 134 3121
75401 134 3119
75601 133 3118
75801 133 3122
76001 134 3118
76201 132 3117
76401 133 3117
76601 132 3115
76801 131 3115
77001 132 3115
77201 131 3113
77401 132 3114
77601 130 3113
77801 130 3112
78001 131 3115
78201 130 -2648
78401 130 -2648
78601 130 -2647
78801 129 -2650
79001 131 -2647
79201 129 -2649
79401 129 -2649
79601 130 -2647
79801 129 -2651
80001 85 2909
80201 129 -2647
80401 128 -2651
80601 129 -2647
80801 128 -2649
81001 128 -2648
81201 128 -2649
81401 128 -2648
81601 127 -2638
81801 128 -2652
82001 128 -2647
82201 127 -2648
82401 127 -2649
82601 128 -2646
82801 127 -2651
83001 127 -2647
83201 128 -2646
83401 127 -2650
83601 128 -2648
83801 127 -2647
84001 127 -2647
84201 128 -2646
84401 127 -2649
84601 128 -2646
84801 127 -2641
85001 127 -2649
85201 128 -2646
85401 127 -2648
85601 127 -2647
85801 127 -2646
86001 126 -2648
86201 127 -2645
86401 127 -2649
86601 127 -2646
86801 127 -2645
87001 127 -2646
87201 127 -2645
87401 127 -2649
87601 127 -2646
87801 127 -2646
88001 127 -2646
88201 127 -2646
88401 127 -2645
88601 126 -2645
88801 126 -2644
89001 126 -2645
89201 127 -2645
89401 126 -2643
89601 126 -2647
89801 127 -2643
90001 126 -2641
90201 127 -2642
90401 127 -2644
90601 126 -2646
90801 127 -2642
91001 126 -2642
91201 126 -2642
91401 127 -2640
91601 126 -2642
91801 127 -2640
92001 126 -2641
92201 127 -2639
92401 126 -2640
92601 127 -2641
92801 126 -2638
93001 126 -2636
93201 126 -2640
93401 127 -2635
93601 126 -2636
93801 126 -2639
94001 126 -2625
94201 126 -2636
94401 126 -2635
94601 126 -2638
94801 126 -2632
95001 127 -2631
95201 127 -2630
95401 126 -2630
95601 127 -2635
95801 126 -2631
96001 126 -2633
96201 126 -2630
96401 126 -2630
96601 126 -2630
96801 126 -2629
97001 126 -2627
97201 126 -2632
97401 126 -2626
97601 128 -2714
97801 126 -2627
98001 126 -2626
98201 126 -2630
98401 126 -2626
98601 126 -2627
98801 126 -2626
99001 126 -2624
99201 126 -2622
99401 126 3135
99601 126 3133
99801 126 3138
