

 << Logging of terminal I/O resumes >> 

1 2709 30
201 345 3649
401 305 3500
601 337 -322
801 330 -210
1001 324 -69
1201 319 68
1401 314 205
1601 312 336
1801 302 443
2001 293 551
2201 281 665
2401 264 769
2601 253 860
2801 239 938
3001 226 1014
3201 213 1087
3401 199 1150
3601 190 1209
3801 181 1262
4001 171 1313
4201 163 3138
4401 160 3126
4601 160 3123
4801 158 3117
5001 157 3104
5201 157 3097
5401 156 3090
5601 155 3087
5801 154 3080
6001 154 4866
6201 159 4916
6401 164 4964
6601 169 5017
6801 175 5076
7001 181 5135
7201 187 5199
7401 192 5264
7601 197 5334
7801 202 5410
8001 207 5486
8201 210 -194
8401 213 -114
8601 215 -29
8801 215 58
9001 214 -5618
9201 213 -5534
9401 210 -5451
9601 206 -5368
9801 201 -5289
10001 196 -5213
10201 190 -5140
10401 184 -5070
10601 177 -5003
10801 171 -4940
11001 165 -4879
11201 160 -4822
11401 153 -4768
11601 148 -4715
11801 144 -2791
12001 144 -2792
12201 143 -2795
12401 144 -2797
12601 143 -2798
12801 143 -2798
13001 143 -2798
13201 143 -2801
13401 143 -2802
13601 143 -2803
13801 143 -2803
14001 143 -2804
14201 143 -2806
14401 143 -2807
14601 145 -819
14801 149 -762
15001 153 -702
15201 158 -639
15401 161 -576
15601 165 -508
15801 169 -438
16001 171 -367
16201 174 -290
16401 176 -217
16601 178 -140
16801 179 -59
17001 178 17
17201 178 99
17401 176 175
17601 174 251
17801 171 330
18001 168 399
18201 164 475
18401 160 543
18601 156 608
18801 151 676
19001 147 732
19201 143 796
19401 142 -2809
19601 142 -2809
19801 142 -2809
20001 142 -2808
20201 142 -2806
20401 141 -2807
20601 142 -2805
20801 141 -2805
21001 141 -2805
21201 141 -2803
21401 141 -2804
21601 142 -2801
21801 141 -2802
22001 141 -2801
22201 141 -2798
22401 141 -2800
22601 141 -2794
22801 141 -2798
23001 141 -2796
23201 141 -2790
23401 140 -2796
23601 141 -2785
23801 140 -2791
24001 141 -2791
24201 141 -2778
24401 140 -2790
24601 141 -2778
24801 141 -2777
25001 141 -2783
25201 142 -2767
25401 141 -2779
25601 141 2991
25801 141 2997
26001 141 2987
26201 142 3005
26401 141 2996
26601 141 3000
26801 142 3012
27001 141 2998
27201 142 3016
27401 141 3008
27601 141 3014
27801 142 3025
28001 141 3011
28201 142 3030
28401 142 3025
28601 141 3023
28801 143 3040
29001 141 3024
29201 142 3041
29401 142 3042
29601 141 3031
29801 143 3054
30001 141 3037
30201 142 3048
30401 143 3058
30601 141 3039
30801 143 3066
31001 141 3054
31201 141 3055
31401 143 3075
31601 140 3051
31801 142 3077
32001 141 3073
32201 141 3072
32401 142 3089
32601 139 3066
32801 142 3096
33001 141 3089
33201 140 3085
33401 143 3113
33601 139 3090
33801 141 3113
34001 141 3117
34201 139 3107
34401 143 3134
34601 140 3122
34801 141 3134
35001 142 3146
35201 140 3134
35401 143 3157
35601 141 3155
35801 141 3156
36001 143 3171
36201 140 3161
36401 142 3176
36601 142 3181
36801 141 3176
37001 144 3193
37201 141 3184
37401 143 3199
37601 143 3201
37801 142 3200
38001 145 3216
38201 141 3208
38401 144 3220
38601 144 3225
38801 142 3220
39001 146 3238
39201 143 3233
39401 144 3241
39601 148 3256
39801 143 3243
40001 149 3274
40201 146 3265
40401 145 -2494
40601 154 -2447
40801 146 -2479
41001 154 -2432
41201 158 -2406
41401 151 -2436
41601 174 -2338
41801 161 -2377
42001 176 -2320
42201 177 -2312
42401 172 -2323
42601 196 -2264
42801 179 -2292
43001 195 -2258
43201 200 -2249
43401 191 -2253
43601 206 -2247
43801 200 -2238
44001 203 -2237
44201 209 -2243
44401 204 -2231
44601 210 -2241
44801 210 -2239
45001 207 -2230
45201 215 -2248
45401 209 -2229
45601 213 -2241
45801 215 -2244
46001 212 -2230
46201 218 -2251
46401 215 -2239
46601 216 -2240
46801 220 -2256
47001 216 -2237
47201 221 -2265
47401 217 -2241
47601 220 -2259
47801 221 -2275
48001 219 -2250
48201 219 -2307
48401 218 -2280
48601 218 -2292
48801 214 -2349
49001 215 -2307
49201 210 -2374
49401 208 -2386
49601 210 -2347
49801 201 -2457
50001 205 -2394
50201 199 -2455
50401 194 -2506
50601 198 -2446
50801 189 -2546
51001 190 -2523
51201 189 -2525
51401 185 -2576
51601 186 -2539
51801 183 -2587
52001 183 -2566
52201 181 -2586
52401 180 -2591
52601 180 -2582
52801 179 -2594
53001 178 -2590
53201 178 -2589
53401 178 -2596
53601 177 -2588
53801 177 -2594
54001 176 -2593
54201 176 -2591
54401 176 -2597
54601 175 -2592
54801 174 -2593
55001 174 -2596
55201 173 -2591
55401 174 -2597
55601 173 -2594
55801 172 -2592
56001 173 -2597
56201 171 -2592
56401 171 -2595
56601 171 -2595
56801 170 -2594
57001 170 -2596
57201 169 -2592
57401 169 -2598
57601 168 -2594
57801 168 -2594
58001 168 -2598
58201 167 -2593
58401 167 -2596
58601 166 -2596
58801 166 -2593
59001 166 -2599
59201 165 -2594
59401 164 -2596
59601 165 -2599
59801 164 -2594
60001 163 -2599
60201 163 -2597
60401 162 -2596
60601 163 -2600
60801 162 3164
61001 161 3161
61201 161 3159
61401 160 3164
61601 160 3158
61801 159 3164
62001 159 3158
62201 158 3161
62401 158 3161
62601 158 3157
62801 157 3162
63001 157 3159
63201 157 3158
63401 156 3161
63601 156 3155
63801 155 3159
64001 155 3158
64201 155 3154
64401 154 3160
64601 154 3154
64801 153 3155
65001 153 3157
65201 153 3152
65401 152 3156
65601 151 3153
65801 151 3151
66001 151 3148
66201 150 3150
66401 150 3152
66601 149 3149
66801 149 3151
67001 148 3152
67201 149 3148
67401 148 3151
67601 147 3148
67801 147 3147
68001 147 3150
68201 147 3144
68401 145 3147
68601 145 3146
68801 146 3143
69001 145 3146
69201 144 3142
69401 144 3142
69601 143 3145
69801 144 3140
70001 142 3143
70201 142 3140
70401 142 3138
70601 141 3148
70801 141 3136
71001 140 3137
71201 140 3137
71401 140 3136
71601 140 3136
71801 140 3133
72001 139 3135
72201 138 3132
72401 138 3132
72601 138 3133
72801 138 3130
73001 137 3131
73201 137 3130
73401 138 3129
73601 136 3129
73801 136 3126
74001 136 3124
74201 135 3127
74401 136 3125
74601 134 3126
74801 134 3123
75001 135 3123
75201 134 3124
75401 134 3121
75601 133 3121
75801 132 3124
76001 134 3122
76201 132 3119
76401 134 3121
76601 131 3118
76801 131 3117
77001 132 3120
77201 131 3117
77401 131 3117
77601 130 3115
77801 130 3115
78001 132 3118
78201 130 -2646
78401 129 -2645
78601 129 -2644
78801 129 -2647
79001 131 -2644
79201 128 -2647
79401 128 -2648
79601 130 -2643
79801 128 -2650
80001 82 2909
80201 128 -2645
80401 128 -2650
80601 130 -2644
80801 127 -2648
81001 127 -2648
81201 127 -2649
81401 127 -2647
81601 127 -2637
81801 127 -2651
82001 128 -2646
82201 127 -2647
82401 127 -2650
82601 128 -2646
82801 127 -2649
83001 126 -2646
83201 127 -2644
83401 127 -2650
83601 127 -2646
83801 126 -2647
84001 126 -2647
84201 127 -2644
84401 126 -2651
84601 126 -2645
84801 126 -2639
85001 126 -2650
85201 127 -2646
85401 126 -2648
85601 126 -2646
85801 127 -2644
86001 125 -2655
86201 126 -2646
86401 126 -2652
86601 126 -2646
86801 126 -2644
87001 126 -2649
87201 127 -2646
87401 126 -2649
87601 126 -2644
87801 126 -2644
88001 126 -2647
88201 126 -2645
88401 126 -2644
88601 126 -2644
88801 125 -2644
89001 126 -2646
89201 126 -2643
89401 125 -2644
89601 125 -2647
89801 126 -2643
90001 126 -2644
90201 125 -2643
90401 126 -2645
90601 126 -2645
90801 126 -2643
91001 125 -2645
91201 125 -2642
91401 125 -2639
91601 125 -2640
91801 126 -2641
92001 125 -2643
92201 125 -2639
92401 125 -2640
92601 125 -2640
92801 125 -2639
93001 125 -2637
93201 125 -2634
93401 126 -2635
93601 125 -2638
93801 125 -2634
94001 125 -2625
94201 125 -2637
94401 125 -2636
94601 125 -2636
94801 125 -2633
95001 126 -2632
95201 125 -2632
95401 125 -2630
95601 126 -2635
95801 125 -2633
96001 125 -2634
96201 125 -2630
96401 126 -2631
96601 125 -2630
96801 125 -2630
97001 126 -2634
97201 125 -2632
97401 125 -2626
97601 135 -2667
97801 125 -2628
98001 125 -2626
98201 125 -2632
98401 125 -2626
98601 125 -2623
98801 125 -2625
99001 125 -2625
99201 125 -2621
99401 125 3135
99601 125 3140
99801 125 3135
