

 << Logging of terminal I/O resumes >> 

1 1564 26
201 332 3573
401 304 3444
601 348 -292
801 336 -189
1001 332 -53
1201 322 82
1401 314 216
1601 313 344
1801 301 449
2001 293 557
2201 280 668
2401 262 771
2601 252 860
2801 238 939
3001 225 1015
3201 213 1086
3401 198 1150
3601 190 1209
3801 180 1263
4001 170 1313
4201 162 1360
4401 159 3129
4601 159 3126
4801 157 3120
5001 156 3107
5201 156 3100
5401 154 3093
5601 154 3090
5801 153 3084
6001 152 4866
6201 158 4917
6401 162 4964
6601 167 5017
6801 173 5076
7001 179 5134
7201 185 5198
7401 190 5261
7601 195 5332
7801 200 5408
8001 204 5484
8201 208 -197
8401 211 -117
8601 213 -32
8801 213 56
9001 213 -5621
9201 211 -5537
9401 208 -5454
9601 204 -5371
9801 199 -5291
10001 194 -5215
10201 189 -5142
10401 182 -5071
10601 176 -5004
10801 170 -4941
11001 164 -4879
11201 158 -4821
11401 152 -4768
11601 147 -4715
11801 142 -2785
12001 142 -2786
12201 142 -2789
12401 142 -2791
12601 142 -2792
12801 142 -2792
13001 142 -2792
13201 141 -2795
13401 142 -2796
13601 141 -2797
13801 141 -2797
14001 141 -2798
14201 141 -2801
14401 142 -2801
14601 143 -818
14801 147 -762
15001 151 -702
15201 156 -637
15401 159 -576
15601 163 -508
15801 167 -437
16001 169 -367
16201 172 -289
16401 174 -217
16601 176 -140
16801 177 -58
17001 176 16
17201 176 100
17401 175 175
17601 172 253
17801 170 332
18001 166 399
18201 163 478
18401 159 545
18601 154 610
18801 150 681
19001 146 734
19201 141 801
19401 140 -2803
19601 140 -2802
19801 140 -2803
20001 140 -2801
20201 140 -2800
20401 140 -2800
20601 140 -2798
20801 140 -2799
21001 140 -2798
21201 139 -2796
21401 139 -2797
21601 140 -2793
21801 139 -2794
22001 139 -2794
22201 139 -2791
22401 139 -2793
22601 140 -2786
22801 139 -2791
23001 139 -2790
23201 139 -2784
23401 139 -2789
23601 139 -2780
23801 138 -2786
24001 139 -2786
24201 140 -2773
24401 138 -2785
24601 139 -2773
24801 139 -2773
25001 138 -2780
25201 140 -2761
25401 138 2983
25601 139 2994
25801 139 3001
26001 138 2987
26201 140 3010
26401 139 2996
26601 138 3000
26801 140 3016
27001 138 2996
27201 140 3020
27401 138 3007
27601 139 3014
27801 140 3028
28001 139 3007
28201 140 3033
28401 139 3025
28601 139 3021
28801 141 3043
29001 139 3021
29201 140 3043
29401 140 3044
29601 139 3030
29801 141 3058
30001 139 3038
30201 140 3051
30401 141 3063
30601 139 3038
30801 141 3072
31001 139 3056
31201 139 3056
31401 142 3080
31601 138 3049
31801 141 3080
32001 140 3075
32201 139 3072
32401 141 3093
32601 138 3060
32801 141 3098
33001 139 3087
33201 138 3078
33401 142 3114
33601 137 3079
33801 140 3108
34001 139 3112
34201 137 3092
34401 141 3132
34601 137 3108
34801 138 3121
35001 140 3141
35201 136 3114
35401 141 3152
35601 138 3141
35801 138 3141
36001 142 3168
36201 137 3146
36401 140 3171
36601 140 3173
36801 138 3165
37001 142 3190
37201 138 3173
37401 141 3194
37601 140 3195
37801 138 3190
38001 143 3212
38201 138 3198
38401 140 3213
38601 141 3220
38801 138 3210
39001 143 3234
39201 139 3226
39401 140 3231
39601 143 3247
39801 139 3233
40001 144 3265
40201 141 3253
40401 140 3252
40601 147 -2477
40801 140 -2501
41001 145 -2475
41201 146 -2463
41401 142 -2480
41601 156 -2402
41801 145 -2449
42001 157 -2386
42201 156 -2383
42401 149 -2409
42601 179 -2294
42801 155 -2371
43001 173 -2299
43201 182 -2269
43401 166 -2311
43601 196 -2237
43801 182 -2254
44001 186 -2241
44201 203 -2223
44401 186 -2234
44601 204 -2220
44801 202 -2213
45001 198 -2211
45201 210 -2223
45401 202 -2205
45601 207 -2213
45801 211 -2219
46001 205 -2202
46201 215 -2226
46401 209 -2210
46601 210 -2212
46801 217 -2229
47001 211 -2208
47201 219 -2237
47401 213 -2211
47601 215 -2225
47801 218 -2236
48001 214 -2213
48201 219 -2257
48401 217 -2234
48601 217 -2235
48801 217 -2296
49001 216 -2232
49201 214 -2304
49401 213 -2299
49601 214 -2275
49801 207 -2389
50001 210 -2310
50201 206 -2363
50401 200 -2431
50601 206 -2346
50801 194 -2485
51001 197 -2431
51201 195 -2445
51401 188 -2530
51601 193 -2453
51801 184 -2556
52001 187 -2505
52201 183 -2544
52401 181 -2574
52601 183 -2529
52801 179 -2584
53001 179 -2569
53201 178 -2571
53401 178 -2587
53601 177 -2571
53801 176 -2585
54001 175 -2584
54201 175 -2580
54401 175 -2589
54601 174 -2581
54801 173 -2584
55001 174 -2588
55201 173 -2581
55401 173 -2588
55601 172 -2584
55801 171 -2583
56001 172 -2589
56201 170 -2582
56401 170 -2586
56601 170 -2588
56801 169 -2586
57001 169 -2589
57201 168 -2583
57401 169 -2590
57601 168 -2586
57801 167 -2585
58001 168 -2590
58201 166 -2584
58401 166 -2589
58601 166 -2589
58801 165 -2585
59001 166 -2592
59201 164 -2586
59401 164 -2588
59601 164 -2591
59801 163 -2586
60001 163 -2591
60201 162 -2589
60401 162 -2587
60601 162 -2593
60801 161 3174
61001 160 3169
61201 160 3169
61401 160 3173
61601 160 3167
61801 159 3173
62001 159 3166
62201 158 3170
62401 157 3170
62601 158 3165
62801 157 3171
63001 156 3167
63201 156 3165
63401 156 3170
63601 156 3163
63801 154 3168
64001 154 3166
64201 154 3162
64401 153 3168
64601 153 3162
64801 152 3163
65001 152 3166
65201 153 3159
65401 151 3165
65601 151 3161
65801 151 3160
66001 150 3158
66201 150 3158
66401 149 3160
66601 149 3157
66801 148 3160
67001 148 3161
67201 149 3155
67401 147 3161
67601 147 3156
67801 146 3155
68001 146 3159
68201 146 3151
68401 145 3155
68601 145 3154
68801 145 3151
69001 144 3156
69201 144 3149
69401 143 3150
69601 143 3154
69801 144 3146
70001 142 3152
70201 141 3147
70401 142 3146
70601 141 3157
70801 141 3144
71001 140 3146
71201 140 3147
71401 139 3145
71601 139 3146
71801 140 3141
72001 138 3144
72201 138 3141
72401 138 3139
72601 138 3142
72801 138 3136
73001 136 3139
73201 136 3137
73401 137 3135
73601 136 3137
73801 135 3133
74001 135 3132
74201 135 3135
74401 136 3132
74601 134 3134
74801 133 3131
75001 134 3131
75201 134 3132
75401 133 3128
75601 132 3128
75801 132 3133
76001 134 3128
76201 131 3126
76401 134 3127
76601 131 3126
76801 130 3124
77001 131 3125
77201 131 3124
77401 131 3124
77601 129 3123
77801 129 3120
78001 132 3125
78201 129 -2640
78401 128 -2640
78601 128 -2639
78801 128 -2642
79001 131 -2638
79201 127 -2643
79401 127 -2643
79601 130 -2639
79801 128 -2645
80001 86 2908
80201 126 -2641
80401 127 -2646
80601 129 -2640
80801 126 -2646
81001 125 -2645
81201 126 -2646
81401 125 -2645
81601 127 -2632
81801 126 -2649
82001 127 -2642
82201 125 -2643
82401 125 -2648
82601 128 -2643
82801 125 -2648
83001 125 -2644
83201 126 -2641
83401 125 -2653
83601 127 -2644
83801 125 -2644
84001 125 -2647
84201 127 -2641
84401 125 -2652
84601 125 -2644
84801 125 -2636
85001 125 -2651
85201 126 -2643
85401 124 -2645
85601 124 -2644
85801 126 -2642
86001 124 -2657
86201 125 -2642
86401 124 -2650
86601 125 -2642
86801 124 -2640
87001 124 -2646
87201 125 -2643
87401 124 -2647
87601 124 -2641
87801 125 -2642
88001 124 -2648
88201 125 -2644
88401 124 -2644
88601 124 -2645
88801 123 -2646
89001 124 -2649
89201 124 -2641
89401 124 -2642
89601 124 -2646
89801 124 -2642
90001 124 -2644
90201 124 -2643
90401 124 -2643
90601 124 -2645
90801 124 -2642
91001 123 -2643
91201 124 -2638
91401 124 -2639
91601 124 -2641
91801 124 -2639
92001 123 -2644
92201 123 -2638
92401 124 -2636
92601 124 -2641
92801 123 -2638
93001 123 -2636
93201 124 -2634
93401 125 -2635
93601 123 -2638
93801 124 -2632
94001 123 -2625
94201 123 -2637
94401 124 -2635
94601 123 -2636
94801 123 -2631
95001 124 -2631
95201 124 -2630
95401 123 -2632
95601 124 -2632
95801 124 -2633
96001 123 -2628
96201 123 -2629
96401 124 -2629
96601 123 -2629
96801 123 -2627
97001 124 -2632
97201 124 -2632
97401 123 -2625
97601 132 -2677
97801 123 -2627
98001 123 -2625
98201 123 -2630
98401 123 -2626
98601 123 -2622
98801 123 -2626
99001 124 -2623
99201 123 -2620
99401 123 3137
99601 123 3141
99801 123 3134
