

 << Logging of terminal I/O resumes >> 

1 1140 23
201 326 3515
401 313 -385
601 357 -268
801 341 -171
1001 337 -40
1201 326 93
1401 314 226
1601 314 352
1801 300 454
2001 293 560
2201 281 671
2401 261 773
2601 252 861
2801 237 939
3001 225 1015
3201 212 1086
3401 197 1150
3601 190 1209
3801 180 1263
4001 170 1313
4201 162 3141
4401 159 3130
4601 159 3128
4801 157 3122
5001 156 3108
5201 156 3102
5401 154 3096
5601 153 3093
5801 153 3087
6001 151 3075
6201 157 4918
6401 161 4963
6601 166 5016
6801 173 5076
7001 178 5134
7201 184 5198
7401 189 5260
7601 194 5331
7801 199 5408
8001 203 5482
8201 207 -199
8401 210 -120
8601 211 -34
8801 212 54
9001 211 -5624
9201 210 -5540
9401 207 -5456
9601 203 -5373
9801 198 -5294
10001 194 -5217
10201 188 -5143
10401 182 -5073
10601 176 -5005
10801 170 -4942
11001 164 -4879
11201 158 -4821
11401 152 -4768
11601 146 -4714
11801 141 -2780
12001 141 -2781
12201 141 -2784
12401 142 -2786
12601 141 -2788
12801 141 -2787
13001 141 -2787
13201 141 -2790
13401 141 -2792
13601 141 -2792
13801 140 -2792
14001 140 -2793
14201 141 -2795
14401 141 -2796
14601 142 -817
14801 146 -761
15001 150 -702
15201 154 -637
15401 158 -576
15601 162 -509
15801 166 -438
16001 168 -368
16201 171 -289
16401 173 -219
16601 175 -141
16801 175 -57
17001 175 14
17201 175 101
17401 174 176
17601 171 252
17801 168 333
18001 165 397
18201 162 479
18401 158 546
18601 154 611
18801 149 683
19001 145 735
19201 140 804
19401 139 -2797
19601 139 -2796
19801 139 -2797
20001 139 -2795
20201 139 -2794
20401 138 -2795
20601 139 -2792
20801 138 -2794
21001 138 -2792
21201 138 -2790
21401 138 -2792
21601 139 -2787
21801 138 -2789
22001 138 -2789
22201 138 -2785
22401 138 -2788
22601 139 -2780
22801 138 -2785
23001 138 -2784
23201 138 -2778
23401 138 -2783
23601 138 -2774
23801 137 -2780
24001 137 -2781
24201 138 -2767
24401 137 -2779
24601 138 -2768
24801 137 -2770
25001 137 -2775
25201 139 -2755
25401 137 2987
25601 137 2996
25801 138 3006
26001 137 2989
26201 139 3015
26401 137 2997
26601 137 3001
26801 139 3021
27001 137 2995
27201 139 3023
27401 137 3007
27601 138 3015
27801 139 3032
28001 137 3005
28201 139 3037
28401 138 3026
28601 137 3020
28801 140 3048
29001 137 3019
29201 139 3045
29401 138 3047
29601 138 3028
29801 140 3063
30001 138 3037
30201 138 3053
30401 140 3067
30601 137 3036
30801 140 3076
31001 138 3058
31201 138 3057
31401 140 3085
31601 137 3047
31801 140 3085
32001 139 3078
32201 138 3073
32401 140 3098
32601 136 3056
32801 140 3102
33001 138 3088
33201 137 3075
33401 141 3117
33601 136 3073
33801 139 3108
34001 139 3112
34201 135 3083
34401 141 3135
34601 136 3100
34801 137 3117
35001 140 3141
35201 135 3101
35401 140 3151
35601 137 3135
35801 136 3132
36001 141 3168
36201 135 3132
36401 138 3166
36601 138 3170
36801 135 3151
37001 141 3190
37201 135 3159
37401 140 3194
37601 138 3190
37801 136 3183
38001 142 3211
38201 136 3190
38401 139 3210
38601 140 3218
38801 136 3202
39001 142 3233
39201 137 3220
39401 138 3227
39601 142 3244
39801 136 3224
40001 142 3260
40201 139 3248
40401 137 3244
40601 144 -2485
40801 137 -2510
41001 141 -2488
41201 142 -2478
41401 138 -2495
41601 149 -2434
41801 140 -2474
42001 149 -2420
42201 146 -2431
42401 142 -2449
42601 168 -2322
42801 145 -2419
43001 158 -2348
43201 173 -2290
43401 150 -2372
43601 190 -2243
43801 166 -2294
44001 174 -2266
44201 198 -2218
44401 171 -2266
44601 199 -2211
44801 196 -2208
45001 187 -2216
45201 209 -2214
45401 193 -2199
45601 204 -2199
45801 208 -2203
46001 200 -2188
46201 212 -2212
46401 206 -2193
46601 206 -2193
46801 215 -2215
47001 206 -2187
47201 217 -2222
47401 208 -2188
47601 213 -2205
47801 217 -2217
48001 210 -2190
48201 219 -2233
48401 214 -2207
48601 214 -2207
48801 219 -2258
49001 213 -2200
49201 216 -2257
49401 215 -2255
49601 214 -2223
49801 210 -2347
50001 213 -2247
50201 209 -2309
50401 204 -2377
50601 209 -2283
50801 198 -2439
51001 201 -2377
51201 200 -2376
51401 190 -2507
51601 198 -2380
51801 186 -2541
52001 192 -2442
52201 186 -2509
52401 182 -2556
52601 187 -2482
52801 179 -2572
53001 180 -2549
53201 179 -2547
53401 178 -2582
53601 178 -2545
53801 176 -2578
54001 175 -2577
54201 175 -2569
54401 175 -2584
54601 173 -2574
54801 173 -2577
55001 173 -2583
55201 172 -2574
55401 172 -2583
55601 171 -2578
55801 171 -2577
56001 172 -2584
56201 170 -2576
56401 170 -2581
56601 170 -2583
56801 169 -2580
57001 169 -2584
57201 168 -2577
57401 168 -2585
57601 167 -2580
57801 167 -2579
58001 168 -2587
58201 166 -2578
58401 166 -2583
58601 165 -2583
58801 165 -2579
59001 166 -2587
59201 164 -2580
59401 163 -2582
59601 164 -2587
59801 163 -2579
60001 163 -2587
60201 162 -2583
60401 161 -2581
60601 162 -2589
60801 161 3179
61001 160 3174
61201 160 3173
61401 159 3178
61601 160 3171
61801 159 3179
62001 159 3170
62201 157 3175
62401 157 3176
62601 158 3169
62801 156 3177
63001 156 3172
63201 156 3170
63401 155 3176
63601 156 3167
63801 154 3175
64001 154 3172
64201 154 3167
64401 153 3175
64601 153 3168
64801 152 3170
65001 152 3173
65201 153 3164
65401 151 3172
65601 150 3167
65801 151 3165
66001 150 3164
66201 150 3163
66401 149 3166
66601 149 3162
66801 148 3166
67001 148 3168
67201 149 3159
67401 147 3168
67601 146 3162
67801 146 3160
68001 146 3165
68201 146 3157
68401 145 3162
68601 144 3162
68801 146 3156
69001 144 3163
69201 143 3155
69401 143 3156
69601 143 3160
69801 144 3151
70001 142 3158
70201 141 3154
70401 142 3150
70601 141 3165
70801 141 3149
71001 139 3151
71201 139 3152
71401 139 3150
71601 139 3151
71801 141 3144
72001 138 3151
72201 137 3145
72401 138 3144
72601 138 3148
72801 138 3142
73001 136 3145
73201 136 3144
73401 138 3140
73601 136 3145
73801 135 3139
74001 134 3137
74201 135 3142
74401 136 3137
74601 133 3139
74801 133 3136
75001 135 3135
75201 133 3138
75401 133 3133
75601 131 3134
75801 132 3138
76001 134 3133
76201 131 3132
76401 134 3131
76601 130 3131
76801 129 3128
77001 131 3130
77201 131 3129
77401 131 3128
77601 128 3126
77801 129 3125
78001 132 3128
78201 129 -2635
78401 127 -2636
78601 128 -2634
78801 128 -2637
79001 131 -2635
79201 127 -2639
79401 126 -2639
79601 130 -2635
79801 128 -2641
80001 62 2909
80201 126 -2637
80401 126 -2644
80601 130 -2637
80801 126 -2643
81001 125 -2643
81201 125 -2644
81401 124 -2642
81601 126 -2632
81801 126 -2648
82001 127 -2640
82201 124 -2641
82401 124 -2647
82601 128 -2641
82801 125 -2649
83001 124 -2641
83201 125 -2639
83401 125 -2650
83601 126 -2641
83801 124 -2643
84001 124 -2646
84201 126 -2641
84401 125 -2650
84601 124 -2640
84801 124 -2635
85001 124 -2652
85201 126 -2643
85401 123 -2644
85601 124 -2644
85801 125 -2643
86001 124 -2653
86201 124 -2642
86401 124 -2652
86601 124 -2642
86801 123 -2641
87001 123 -2646
87201 125 -2642
87401 123 -2648
87601 123 -2641
87801 123 -2642
88001 123 -2650
88201 124 -2643
88401 123 -2641
88601 123 -2644
88801 123 -2640
89001 123 -2647
89201 123 -2640
89401 123 -2639
89601 123 -2648
89801 124 -2643
90001 123 -2642
90201 123 -2641
90401 123 -2644
90601 123 -2649
90801 123 -2638
91001 123 -2644
91201 123 -2640
91401 122 -2636
91601 122 -2643
91801 124 -2639
92001 122 -2642
92201 122 -2637
92401 123 -2635
92601 123 -2644
92801 123 -2636
93001 123 -2638
93201 122 -2634
93401 124 -2633
93601 122 -2637
93801 123 -2635
94001 122 -2624
94201 122 -2637
94401 123 -2633
94601 122 -2630
94801 122 -2631
95001 123 -2630
95201 123 -2632
95401 122 -2629
95601 123 -2632
95801 122 -2633
96001 122 -2627
96201 122 -2634
96401 123 -2629
96601 122 -2629
96801 122 -2627
97001 122 -2625
97201 122 -2633
97401 122 -2624
97601 128 -2695
97801 122 -2626
98001 122 -2624
98201 122 -2625
98401 122 -2625
98601 122 -2621
98801 122 -2628
99001 123 -2623
99201 122 -2618
99401 122 3137
99601 122 3141
99801 122 3135
