

 << Logging of terminal I/O resumes >> 

1 940 22
201 321 3478
401 323 -366
601 362 -243
801 345 -152
1001 339 -22
1201 326 109
1401 314 238
1601 313 365
1801 299 463
2001 291 568
2201 279 678
2401 259 776
2601 250 865
2801 236 941
3001 223 1017
3201 211 1087
3401 196 1149
3601 189 1208
3801 179 1263
4001 169 1312
4201 162 3136
4401 159 3127
4601 158 3124
4801 157 3118
5001 155 3106
5201 156 3098
5401 153 3093
5601 153 3091
5801 152 3084
6001 151 3073
6201 157 4919
6401 161 4963
6601 166 5016
6801 173 5077
7001 177 5135
7201 183 5199
7401 188 5260
7601 194 5331
7801 199 5409
8001 202 5484
8201 207 -197
8401 209 -118
8601 211 -33
8801 211 56
9001 211 -5623
9201 209 -5539
9401 207 -5456
9601 202 -5373
9801 197 -5293
10001 193 -5216
10201 188 -5143
10401 182 -5073
10601 175 -5005
10801 169 -4942
11001 164 -4879
11201 157 -4821
11401 151 -4769
11601 146 -4715
11801 141 -2782
12001 141 -2781
12201 141 -2785
12401 142 -2788
12601 141 -2788
12801 141 -2788
13001 140 -2788
13201 141 -2791
13401 141 -2793
13601 140 -2793
13801 140 -2793
14001 140 -2793
14201 141 -2796
14401 141 -2797
14601 142 -816
14801 146 -761
15001 149 -701
15201 154 -635
15401 157 -575
15601 162 -508
15801 165 -436
16001 167 -366
16201 171 -286
16401 172 -217
16601 174 -140
16801 175 -55
17001 174 15
17201 174 103
17401 173 177
17601 171 254
17801 168 335
18001 164 397
18201 161 482
18401 158 548
18601 153 611
18801 148 684
19001 144 734
19201 140 805
19401 138 -2797
19601 139 -2796
19801 139 -2796
20001 139 -2795
20201 138 -2794
20401 138 -2795
20601 139 -2791
20801 138 -2793
21001 138 -2792
21201 138 -2790
21401 138 -2792
21601 139 -2787
21801 138 -2789
22001 137 -2788
22201 138 -2784
22401 137 -2787
22601 139 -2780
22801 137 -2784
23001 137 -2784
23201 138 -2777
23401 137 -2783
23601 138 -2773
23801 137 -2780
24001 137 -2780
24201 138 -2766
24401 137 -2779
24601 137 -2768
24801 137 -2770
25001 137 -2775
25201 139 -2755
25401 136 2986
25601 137 2995
25801 137 3006
26001 137 2988
26201 139 3015
26401 137 2995
26601 137 2999
26801 139 3022
27001 137 2994
27201 138 3024
27401 137 3004
27601 137 3013
27801 139 3033
28001 137 3001
28201 139 3038
28401 137 3025
28601 137 3016
28801 140 3048
29001 137 3014
29201 138 3045
29401 138 3046
29601 137 3023
29801 140 3063
30001 137 3033
30201 138 3052
30401 139 3068
30601 137 3030
30801 140 3077
31001 138 3056
31201 137 3054
31401 141 3087
31601 137 3040
31801 140 3085
32001 138 3078
32201 138 3071
32401 141 3100
32601 136 3048
32801 140 3103
33001 138 3087
33201 136 3071
33401 142 3120
33601 135 3066
33801 138 3109
34001 138 3113
34201 135 3076
34401 142 3139
34601 135 3095
34801 136 3114
35001 140 3143
35201 134 3090
35401 140 3153
35601 136 3132
35801 135 3124
36001 141 3170
36201 134 3121
36401 138 3164
36601 138 3166
36801 135 3143
37001 141 3191
37201 134 3149
37401 139 3192
37601 137 3188
37801 135 3176
38001 142 3213
38201 135 3183
38401 138 3209
38601 139 3218
38801 135 3197
39001 142 3233
39201 136 3218
39401 137 3225
39601 142 3245
39801 135 3218
40001 143 3258
40201 138 3247
40401 137 3241
40601 145 -2484
40801 136 -2514
41001 140 -2490
41201 142 -2479
41401 136 -2501
41601 150 -2430
41801 138 -2479
42001 147 -2432
42201 143 -2444
42401 139 -2462
42601 167 -2327
42801 140 -2442
43001 153 -2369
43201 168 -2305
43401 144 -2408
43601 188 -2246
43801 159 -2317
44001 166 -2288
44201 197 -2218
44401 160 -2298
44601 197 -2211
44801 191 -2211
45001 180 -2229
45201 209 -2212
45401 186 -2206
45601 202 -2194
45801 207 -2200
46001 195 -2187
46201 213 -2212
46401 204 -2186
46601 205 -2188
46801 215 -2215
47001 204 -2181
47201 218 -2224
47401 207 -2184
47601 212 -2202
47801 217 -2219
48001 209 -2183
48201 219 -2237
48401 213 -2203
48601 214 -2204
48801 219 -2259
49001 213 -2193
49201 216 -2252
49401 215 -2251
49601 214 -2211
49801 209 -2355
50001 213 -2228
50201 210 -2290
50401 205 -2367
50601 211 -2251
50801 199 -2428
51001 203 -2349
51201 202 -2344
51401 190 -2499
51601 201 -2345
51801 186 -2536
52001 194 -2415
52201 188 -2485
52401 182 -2553
52601 190 -2447
52801 179 -2573
53001 180 -2537
53201 180 -2537
53401 178 -2581
53601 179 -2534
53801 176 -2576
54001 175 -2577
54201 175 -2561
54401 176 -2585
54601 173 -2571
54801 173 -2577
55001 174 -2583
55201 172 -2572
55401 173 -2583
55601 171 -2577
55801 170 -2576
56001 172 -2585
56201 170 -2574
56401 170 -2580
56601 170 -2582
56801 168 -2579
57001 169 -2584
57201 168 -2575
57401 168 -2585
57601 167 -2579
57801 166 -2578
58001 168 -2587
58201 166 -2577
58401 165 -2582
58601 165 -2583
58801 165 -2577
59001 166 -2588
59201 163 -2579
59401 163 -2581
59601 164 -2587
59801 163 -2578
60001 163 -2586
60201 162 -2582
60401 161 -2579
60601 163 -2589
60801 160 3182
61001 160 3176
61201 160 3174
61401 160 3181
61601 160 3173
61801 159 3181
62001 159 3172
62201 157 3176
62401 157 3178
62601 159 3168
62801 156 3179
63001 156 3173
63201 156 3171
63401 155 3178
63601 156 3167
63801 154 3176
64001 153 3172
64201 155 3166
64401 153 3177
64601 153 3168
64801 152 3171
65001 152 3174
65201 153 3164
65401 151 3174
65601 150 3169
65801 151 3165
66001 150 3166
66201 150 3162
66401 148 3167
66601 149 3162
66801 148 3167
67001 148 3169
67201 149 3159
67401 147 3169
67601 146 3163
67801 146 3160
68001 146 3167
68201 147 3157
68401 144 3164
68601 144 3163
68801 146 3155
69001 144 3166
69201 143 3156
69401 143 3158
69601 143 3162
69801 144 3151
70001 141 3160
70201 141 3156
70401 142 3151
70601 141 3167
70801 141 3149
71001 139 3153
71201 139 3154
71401 139 3151
71601 139 3153
71801 141 3144
72001 138 3152
72201 137 3147
72401 138 3145
72601 138 3150
72801 138 3142
73001 136 3146
73201 136 3145
73401 138 3140
73601 136 3147
73801 135 3139
74001 134 3138
74201 135 3143
74401 137 3138
74601 133 3141
74801 132 3138
75001 135 3135
75201 134 3140
75401 133 3134
75601 131 3134
75801 132 3139
76001 135 3133
76201 131 3132
76401 135 3131
76601 131 3133
76801 129 3129
77001 131 3131
77201 131 3130
77401 132 3128
77601 128 3127
77801 129 3126
78001 133 3126
78201 130 -2634
78401 128 -2636
78601 128 -2634
78801 129 -2638
79001 132 -2634
79201 126 -2638
79401 126 -2639
79601 130 -2635
79801 129 -2640
80001 47 20
80201 126 -2635
80401 127 -2643
80601 130 -2637
80801 126 -2642
81001 124 -2642
81201 125 -2644
81401 124 -2642
81601 126 -2629
81801 127 -2648
82001 127 -2640
82201 124 -2641
82401 124 -2647
82601 128 -2642
82801 125 -2649
83001 124 -2642
83201 125 -2639
83401 126 -2654
83601 127 -2642
83801 123 -2645
84001 123 -2646
84201 127 -2642
84401 125 -2652
84601 124 -2641
84801 123 -2634
85001 124 -2653
85201 127 -2643
85401 123 -2647
85601 123 -2643
85801 125 -2644
86001 124 -2655
86201 125 -2643
86401 124 -2655
86601 124 -2643
86801 123 -2639
87001 123 -2649
87201 125 -2646
87401 123 -2652
87601 123 -2641
87801 123 -2640
88001 123 -2653
88201 124 -2645
88401 122 -2643
88601 122 -2643
88801 123 -2640
89001 123 -2652
89201 123 -2641
89401 123 -2640
89601 123 -2652
89801 124 -2643
90001 122 -2643
90201 122 -2641
90401 124 -2641
90601 123 -2651
90801 123 -2638
91001 122 -2650
91201 123 -2638
91401 122 -2637
91601 122 -2643
91801 123 -2640
92001 122 -2646
92201 122 -2638
92401 122 -2635
92601 123 -2649
92801 122 -2638
93001 122 -2632
93201 122 -2639
93401 124 -2634
93601 122 -2641
93801 122 -2632
94001 122 -2625
94201 122 -2640
94401 123 -2635
94601 121 -2633
94801 122 -2633
95001 123 -2631
95201 122 -2636
95401 122 -2629
95601 122 -2635
95801 122 -2636
96001 122 -2627
96201 122 -2636
96401 123 -2629
96601 122 -2631
96801 122 -2628
97001 122 -2626
97201 122 -2636
97401 122 -2625
97601 130 -2682
97801 122 -2628
98001 122 -2624
98201 121 -2627
98401 122 -2625
98601 122 -2621
98801 122 -2630
99001 123 -2625
99201 122 -2620
99401 122 3136
99601 123 3141
99801 122 3132
