

 << Logging of terminal I/O resumes >> 

1 792 21
201 316 3448
401 333 -349
601 364 -221
801 343 -129
1001 335 0
1201 325 126
1401 312 253
1601 310 379
1801 296 473
2001 288 577
2201 276 685
2401 256 781
2601 247 870
2801 233 945
3001 221 1019
3201 208 1089
3401 194 1149
3601 187 1210
3801 177 1264
4001 167 1313
4201 160 3133
4401 157 3126
4601 157 3123
4801 155 3117
5001 154 3105
5201 154 3096
5401 152 3093
5601 151 3090
5801 151 3083
6001 150 3073
6201 155 4919
6401 159 4963
6601 165 5016
6801 171 5077
7001 176 5135
7201 182 5199
7401 187 5259
7601 192 5330
7801 197 5410
8001 200 5483
8201 205 -198
8401 208 -120
8601 209 -35
8801 209 55
9001 209 -5624
9201 208 -5540
9401 205 -5457
9601 201 -5374
9801 195 -5294
10001 192 -5218
10201 186 -5143
10401 180 -5073
10601 174 -5006
10801 167 -4943
11001 162 -4878
11201 156 -4820
11401 150 -4769
11601 145 -4714
11801 140 -2778
12001 139 -2778
12201 140 -2781
12401 140 -2785
12601 140 -2784
12801 139 -2784
13001 139 -2784
13201 139 -2787
13401 140 -2790
13601 139 -2789
13801 138 -2789
14001 139 -2790
14201 139 -2792
14401 139 -2794
14601 140 -815
14801 144 -760
15001 148 -700
15201 153 -632
15401 156 -574
15601 160 -507
15801 164 -435
16001 165 -366
16201 169 -284
16401 171 -217
16601 173 -139
16801 173 -53
17001 172 16
17201 173 105
17401 172 179
17601 169 256
17801 166 339
18001 162 398
18201 160 486
18401 156 551
18601 152 613
18801 147 690
19001 143 736
19201 138 810
19401 137 -2792
19601 138 -2791
19801 137 -2791
20001 137 -2790
20201 137 -2789
20401 137 -2790
20601 138 -2787
20801 137 -2788
21001 136 -2787
21201 136 -2785
21401 137 -2787
21601 137 -2782
21801 136 -2784
22001 136 -2783
22201 137 -2780
22401 136 -2782
22601 137 -2775
22801 136 -2779
23001 136 -2778
23201 136 -2772
23401 136 -2778
23601 136 -2768
23801 135 -2774
24001 135 -2774
24201 136 -2761
24401 135 -2773
24601 135 -2764
24801 135 -100
25001 135 -2770
25201 137 -2750
25401 135 2992
25601 135 2997
25801 136 3009
26001 135 2993
26201 137 3019
26401 134 2998
26601 135 3000
26801 137 3025
27001 135 2998
27201 136 3027
27401 135 3004
27601 135 3013
27801 137 3036
28001 135 3003
28201 137 3041
28401 135 3025
28601 135 3015
28801 138 3052
29001 135 3012
29201 136 3047
29401 136 3048
29601 135 3020
29801 138 3066
30001 135 3030
30201 136 3051
30401 137 3070
30601 135 3026
30801 138 3079
31001 135 3057
31201 135 3054
31401 139 3089
31601 135 3038
31801 137 3088
32001 136 3081
32201 136 3074
32401 139 3104
32601 135 3045
32801 138 3107
33001 136 3089
33201 135 3069
33401 140 3125
33601 134 3061
33801 137 3109
34001 137 3115
34201 134 3068
34401 141 3143
34601 134 3091
34801 135 3112
35001 139 3145
35201 132 3077
35401 139 3154
35601 135 3128
35801 133 3114
36001 141 3173
36201 132 3104
36401 137 3160
36601 136 3162
36801 132 3125
37001 141 3193
37201 131 3127
37401 138 3189
37601 135 3180
37801 132 3160
38001 141 3212
38201 132 3166
38401 135 3202
38601 137 3212
38801 132 3179
39001 140 3231
39201 133 3208
39401 134 3217
39601 140 3241
39801 132 3203
40001 138 3256
40201 135 3241
40401 133 3230
40601 142 -2491
40801 132 -2526
41001 137 -2498
41201 138 -2489
41401 133 -2513
41601 144 -2459
41801 134 -2490
42001 141 -2460
42201 138 -2464
42401 134 -2480
42601 157 -2364
42801 135 -2469
43001 142 -2421
43201 153 -2359
43401 135 -2453
43601 173 -2277
43801 145 -2380
44001 148 -2355
44201 187 -2228
44401 142 -2379
44601 184 -2224
44801 176 -2236
45001 159 -2283
45201 205 -2199
45401 165 -2250
45601 191 -2190
45801 202 -2183
46001 175 -2213
46201 209 -2193
46401 196 -2171
46601 198 -2168
46801 212 -2196
47001 196 -2162
47201 216 -2204
47401 200 -2157
47601 207 -2172
47801 213 -2191
48001 202 -2154
48201 217 -2206
48401 209 -2172
48601 208 -2171
48801 219 -2225
49001 207 -2157
49201 215 -2209
49401 214 -2203
49601 210 -2173
49801 213 -2305
50001 211 -2185
50201 212 -2229
50401 209 -2312
50601 211 -2191
50801 203 -2372
51001 207 -2277
51201 207 -2264
51401 194 -2454
51601 206 -2252
51801 189 -2496
52001 200 -2318
52201 193 -2404
52401 185 -2504
52601 197 -2343
52801 181 -2543
53001 184 -2480
53201 185 -2465
53401 178 -2571
53601 184 -2458
53801 176 -2558
54001 175 -2562
54201 178 -2517
54401 175 -2579
54601 174 -2548
54801 172 -2563
55001 173 -2576
55201 173 -2548
55401 172 -2577
55601 170 -2569
55801 170 -2566
56001 172 -2579
56201 169 -2565
56401 169 -2572
56601 169 -2575
56801 168 -2571
57001 169 -2577
57201 167 -2567
57401 168 -2578
57601 166 -2571
57801 166 -2569
58001 168 -2581
58201 165 -2568
58401 165 -2575
58601 165 -2575
58801 164 -2569
59001 166 -2582
59201 163 -2571
59401 162 -2573
59601 164 -2581
59801 162 -2569
60001 162 -2579
60201 161 -2574
60401 161 -2571
60601 163 -2583
60801 160 3190
61001 159 3183
61201 159 3181
61401 159 3190
61601 159 3179
61801 158 3190
62001 158 3178
62201 157 3184
62401 156 3187
62601 158 3174
62801 156 3188
63001 155 3181
63201 155 3178
63401 155 3186
63601 156 3173
63801 153 3183
64001 153 3182
64201 155 3172
64401 153 3185
64601 152 3175
64801 151 3178
65001 152 3183
65201 153 3169
65401 150 3183
65601 150 3176
65801 150 3172
66001 150 3175
66201 150 3170
66401 148 3175
66601 148 3170
66801 147 3175
67001 147 3178
67201 149 3165
67401 146 3179
67601 145 3171
67801 146 3168
68001 146 3177
68201 146 3163
68401 144 3172
68601 144 3172
68801 146 3161
69001 144 3174
69201 143 3164
69401 142 3166
69601 143 3171
69801 144 3157
70001 141 3169
70201 140 3164
70401 142 3157
70601 141 3176
70801 141 3155
71001 139 3161
71201 139 3164
71401 138 3160
71601 139 3162
71801 141 3150
72001 138 3162
72201 137 3154
72401 138 3151
72601 138 3160
72801 138 3149
73001 135 3154
73201 135 3154
73401 138 3145
73601 136 3156
73801 134 3147
74001 134 3146
74201 135 3153
74401 137 3142
74601 133 3149
74801 132 3146
75001 135 3140
75201 134 3148
75401 132 3140
75601 131 3141
75801 132 3148
76001 135 3137
76201 131 3141
76401 135 3135
76601 130 3139
76801 129 3135
77001 131 3136
77201 131 3138
77401 131 3133
77601 127 3133
77801 128 3132
78001 133 3131
78201 129 -2626
78401 127 -2630
78601 128 -2628
78801 129 -2630
79001 131 -2630
79201 126 -2632
79401 125 -2634
79601 130 -2632
79801 128 -2634
80001 24 22
80201 125 -2632
80401 127 -2637
80601 130 -2635
80801 125 -2637
81001 123 -2638
81201 124 -2638
81401 123 -2637
81601 125 -2631
81801 127 -2643
82001 126 -2636
82201 122 -2638
82401 123 -2642
82601 128 -2638
82801 125 -2644
83001 122 -2637
83201 124 -2635
83401 125 -2647
83601 127 -2640
83801 122 -2641
84001 122 -2643
84201 126 -2639
84401 124 -2650
84601 123 -2637
84801 123 -2633
85001 123 -2652
85201 126 -2644
85401 122 -2645
85601 121 -2642
85801 125 -2641
86001 122 -2652
86201 124 -2641
86401 124 -2654
86601 123 -2640
86801 121 -2637
87001 122 -2648
87201 125 -2644
87401 122 -2652
87601 121 -2637
87801 122 -2638
88001 122 -2654
88201 123 -2642
88401 121 -2638
88601 121 -2644
88801 122 -2649
89001 121 -2653
89201 121 -2638
89401 121 -2637
89601 122 -2653
89801 123 -2645
90001 121 -2642
90201 121 -2641
90401 122 -2642
90601 121 -2654
90801 121 -2638
91001 121 -2650
91201 121 -2638
91401 121 -2636
91601 120 -2646
91801 122 -2640
92001 120 -2647
92201 121 -2634
92401 121 -2635
92601 121 -2652
92801 121 -2635
93001 120 -2632
93201 120 -2640
93401 122 -2634
93601 121 -2645
93801 120 -2632
94001 120 -2624
94201 120 -2645
94401 121 -2634
94601 120 -2635
94801 120 -2632
95001 121 -2631
95201 121 -2640
95401 120 -2628
95601 121 -2632
95801 120 -2639
96001 121 -2631
96201 120 -2630
96401 122 -2629
96601 120 -2632
96801 120 -2628
97001 121 -2626
97201 120 -2639
97401 121 -2624
97601 122 -2705
97801 120 -2628
98001 121 -2623
98201 120 -2629
98401 120 -2625
98601 120 -2620
98801 120 -2632
99001 121 -2622
99201 120 -2620
99401 120 3136
99601 121 3140
99801 120 3131
