

 << Logging of terminal I/O resumes >> 

1 691 20
201 313 3419
401 344 -328
601 364 -203
801 341 -98
1001 333 25
1201 324 146
1401 308 272
1601 308 393
1801 293 487
2001 286 587
2201 273 693
2401 252 787
2601 244 874
2801 231 948
3001 219 1022
3201 207 1090
3401 191 1149
3601 185 1210
3801 176 1264
4001 166 1312
4201 160 3127
4401 157 3120
4601 156 3119
4801 155 3113
5001 153 3101
5201 154 3092
5401 152 3088
5601 151 3087
5801 151 3080
6001 150 3069
6201 155 4920
6401 159 4963
6601 165 5015
6801 171 5078
7001 175 5136
7201 181 5200
7401 186 5260
7601 191 5331
7801 196 5411
8001 200 5485
8201 204 -197
8401 207 -119
8601 208 -34
8801 208 57
9001 208 -5623
9201 207 -5539
9401 205 -5456
9601 200 -5373
9801 194 -5293
10001 191 -5217
10201 186 -5142
10401 179 -5073
10601 173 -5006
10801 167 -4942
11001 162 -4878
11201 156 -4820
11401 149 -4769
11601 144 -4715
11801 139 -2779
12001 139 -2779
12201 139 -2782
12401 140 -2787
12601 140 -2786
12801 139 -2785
13001 139 -2785
13201 139 -2788
13401 139 -2792
13601 139 -2789
13801 138 -2789
14001 138 -2790
14201 139 -2792
14401 139 -2795
14601 140 -814
14801 144 -759
15001 147 -700
15201 152 -629
15401 155 -574
15601 160 -506
15801 163 -433
16001 165 -365
16201 169 -281
16401 170 -216
16601 172 -138
16801 173 -50
17001 171 16
17201 172 108
17401 171 181
17601 169 257
17801 166 342
18001 162 397
18201 159 488
18401 156 553
18601 151 614
18801 146 692
19001 142 735
19201 138 812
19401 136 -2792
19601 137 -2792
19801 137 -2791
20001 137 -2790
20201 136 -2788
20401 136 -2789
20601 137 -2787
20801 136 -2787
21001 136 -2786
21201 136 -2784
21401 136 -2786
21601 137 -2782
21801 136 -2782
22001 135 -2782
22201 136 -2779
22401 136 -2782
22601 137 -2775
22801 135 -2779
23001 135 -2778
23201 136 -2772
23401 136 -2777
23601 136 -2768
23801 135 -2774
24001 135 -2774
24201 136 -2761
24401 135 -2773
24601 135 -2764
24801 135 -98
25001 135 -2770
25201 137 -2750
25401 134 2992
25601 134 2997
25801 135 3010
26001 135 2994
26201 137 3020
26401 134 2998
26601 134 2998
26801 137 3026
27001 134 2999
27201 136 3028
27401 134 3004
27601 134 3011
27801 137 3037
28001 134 3003
28201 137 3041
28401 134 3024
28601 134 3013
28801 138 3052
29001 134 3009
29201 136 3047
29401 135 3048
29601 134 3015
29801 139 3067
30001 134 3025
30201 135 3049
30401 137 3070
30601 135 3021
30801 138 3080
31001 135 3055
31201 135 3051
31401 139 3091
31601 135 3031
31801 137 3089
32001 136 3082
32201 135 3072
32401 139 3106
32601 134 3036
32801 138 3109
33001 136 3090
33201 134 3065
33401 141 3130
33601 133 3053
33801 136 3109
34001 137 3116
34201 133 3060
34401 141 3148
34601 133 3086
34801 135 3108
35001 139 3147
35201 131 3064
35401 140 3157
35601 134 3125
35801 132 3106
36001 142 3179
36201 131 3089
36401 136 3159
36601 136 3160
36801 131 3111
37001 142 3197
37201 130 3111
37401 138 3189
37601 135 3177
37801 131 3150
38001 142 3216
38201 131 3155
38401 135 3199
38601 137 3211
38801 131 3167
39001 141 3232
39201 133 3204
39401 134 3213
39601 140 3242
39801 131 3191
40001 140 3256
40201 135 3239
40401 132 3224
40601 144 -2488
40801 131 -2534
41001 136 -2500
41201 138 -2491
41401 131 -2522
41601 145 -2455
41801 133 -2495
42001 140 -2465
42201 137 -2468
42401 133 -2490
42601 159 -2361
42801 132 -2479
43001 139 -2438
43201 150 -2377
43401 132 -2469
43601 173 -2278
43801 140 -2408
44001 141 -2393
44201 187 -2230
44401 135 -2425
44601 180 -2233
44801 169 -2254
45001 149 -2324
45201 207 -2201
45401 155 -2286
45601 184 -2199
45801 201 -2183
46001 163 -2244
46201 210 -2196
46401 191 -2172
46601 193 -2167
46801 213 -2199
47001 188 -2165
47201 217 -2211
47401 196 -2153
47601 206 -2167
47801 214 -2193
48001 198 -2145
48201 217 -2209
48401 207 -2166
48601 206 -2161
48801 219 -2234
49001 204 -2143
49201 215 -2202
49401 213 -2194
49601 208 -2155
49801 213 -2311
50001 210 -2166
50201 212 -2207
50401 209 -2301
50601 209 -2161
50801 203 -2368
51001 208 -2247
51201 208 -2230
51401 194 -2458
51601 208 -2209
51801 189 -2506
52001 203 -2279
52201 196 -2372
52401 185 -2506
52601 201 -2285
52801 181 -2543
53001 186 -2452
53201 188 -2427
53401 178 -2571
53601 188 -2403
53801 176 -2549
54001 175 -2556
54201 181 -2473
54401 176 -2579
54601 175 -2532
54801 172 -2557
55001 173 -2577
55201 174 -2526
55401 172 -2577
55601 170 -2567
55801 170 -2562
56001 172 -2581
56201 169 -2560
56401 168 -2571
56601 169 -2575
56801 167 -2570
57001 169 -2579
57201 167 -2563
57401 168 -2579
57601 166 -2570
57801 165 -2567
58001 168 -2583
58201 165 -2564
58401 164 -2573
58601 164 -2575
58801 164 -2565
59001 166 -2583
59201 162 -2568
59401 162 -2570
59601 164 -2581
59801 162 -2564
60001 162 -2579
60201 161 -2573
60401 160 -2567
60601 163 -2585
60801 160 3193
61001 159 3185
61201 160 3181
61401 159 3193
61601 160 3178
61801 158 3194
62001 158 3178
62201 156 3185
62401 156 3190
62601 159 3172
62801 156 3192
63001 155 3183
63201 155 3179
63401 155 3191
63601 156 3172
63801 153 3186
64001 153 3185
64201 155 3171
64401 153 3190
64601 152 3176
64801 151 3180
65001 152 3187
65201 154 3168
65401 150 3186
65601 149 3179
65801 150 3171
66001 150 3179
66201 150 3168
66401 148 3176
66601 149 3169
66801 147 3175
67001 147 3181
67201 150 3162
67401 147 3181
67601 145 3172
67801 146 3167
68001 146 3180
68201 147 3161
68401 144 3174
68601 144 3174
68801 146 3159
69001 144 3179
69201 143 3164
69401 142 3166
69601 143 3174
69801 145 3155
70001 141 3172
70201 140 3166
70401 142 3156
70601 142 3181
70801 141 3155
71001 139 3162
71201 139 3166
71401 138 3162
71601 139 3165
71801 142 3148
72001 138 3165
72201 136 3157
72401 138 3151
72601 139 3164
72801 138 3146
73001 135 3156
73201 135 3157
73401 139 3144
73601 136 3161
73801 134 3148
74001 134 3146
74201 135 3156
74401 137 3140
74601 133 3152
74801 132 3148
75001 135 3139
75201 135 3154
75401 133 3140
75601 130 3141
75801 132 3151
76001 136 3134
76201 131 3145
76401 136 3133
76601 130 3144
76801 129 3137
77001 131 3136
77201 132 3143
77401 132 3133
77601 127 3134
77801 128 3135
78001 134 3130
78201 130 -2623
78401 127 -2629
78601 128 -2629
78801 130 -2627
79001 132 -2632
79201 126 -2631
79401 125 -2633
79601 131 -2632
79801 129 -2630
80001 84 2909
80201 125 -2632
80401 127 -2635
80601 131 -2638
80801 125 -2634
81001 123 -2637
81201 125 -2635
81401 122 -2638
81601 126 -2630
81801 128 -2640
82001 127 -2637
82201 122 -2636
82401 124 -2641
82601 129 -2642
82801 125 -2643
83001 122 -2637
83201 124 -2635
83401 126 -2647
83601 127 -2641
83801 122 -2641
84001 122 -2642
84201 127 -2642
84401 125 -2651
84601 122 -2637
84801 122 -2633
85001 124 -2653
85201 127 -2644
85401 122 -2645
85601 121 -2641
85801 125 -2644
86001 123 -2651
86201 124 -2641
86401 124 -2656
86601 123 -2643
86801 121 -2637
87001 121 -2649
87201 125 -2647
87401 122 -2653
87601 121 -2636
87801 122 -2638
88001 123 -2656
88201 123 -2646
88401 121 -2639
88601 121 -2646
88801 122 -2648
89001 122 -2656
89201 121 -2638
89401 121 -2637
89601 122 -2654
89801 123 -2645
90001 121 -2641
90201 120 -2642
90401 122 -2645
90601 121 -2655
90801 121 -2638
91001 121 -2655
91201 121 -2639
91401 120 -2636
91601 120 -2646
91801 122 -2641
92001 120 -2650
92201 120 -2634
92401 121 -2635
92601 121 -2654
92801 121 -2638
93001 120 -2632
93201 120 -2639
93401 122 -2635
93601 121 -2646
93801 120 -2631
94001 120 -2624
94201 120 -2649
94401 121 -2635
94601 120 -2635
94801 120 -2632
95001 122 -2632
95201 121 -2644
95401 120 -2628
95601 121 -2634
95801 120 -2642
96001 120 -2626
96201 120 -2632
96401 122 -2629
96601 120 -2634
96801 120 -2628
97001 121 -2626
97201 120 -2643
97401 120 -2625
97601 124 -2706
97801 120 -2628
98001 121 -2624
98201 120 -2637
98401 120 -2625
98601 120 -2621
98801 120 -2635
99001 121 -2623
99201 120 -2619
99401 120 3136
99601 120 3141
99801 120 3129
