

 << Logging of terminal I/O resumes >> 

1 641 21
201 311 3398
401 352 -311
601 366 -188
801 336 -69
1001 333 44
1201 324 162
1401 305 291
1601 308 404
1801 291 499
2001 284 596
2201 273 700
2401 249 792
2601 244 877
2801 230 951
3001 218 1024
3201 206 1091
3401 190 1147
3601 185 1210
3801 176 1263
4001 165 1310
4201 161 3122
4401 157 3114
4601 157 3114
4801 155 3109
5001 154 3095
5201 155 3088
5401 152 3084
5601 151 3084
5801 151 3077
6001 150 3064
6201 156 4921
6401 160 4963
6601 165 5016
6801 171 5079
7001 175 5138
7201 182 5202
7401 187 5260
7601 192 5332
7801 197 5414
8001 200 5487
8201 205 -195
8401 208 -118
8601 209 -33
8801 208 60
9001 208 -5622
9201 207 -5538
9401 205 -5455
9601 200 -5372
9801 194 -5292
10001 191 -5216
10201 186 -5142
10401 179 -5073
10601 173 -5006
10801 166 -4943
11001 162 -4878
11201 156 -4820
11401 149 -4770
11601 144 -4716
11801 140 -2781
12001 139 -2781
12201 140 -2784
12401 140 -2789
12601 140 -2787
12801 139 -2787
13001 139 -2787
13201 139 -2789
13401 140 -2794
13601 139 -2791
13801 138 -2791
14001 139 -2792
14201 139 -2794
14401 139 -2798
14601 140 -814
14801 144 -759
15001 147 -699
15201 153 -627
15401 155 -573
15601 160 -506
15801 164 -432
16001 165 -365
16201 169 -278
16401 170 -216
16601 172 -138
16801 173 -48
17001 171 15
17201 172 110
17401 171 181
17601 169 257
17801 166 343
18001 161 395
18201 159 489
18401 156 553
18601 151 613
18801 146 693
19001 142 733
19201 138 812
19401 136 -2793
19601 138 -2793
19801 137 -2791
20001 137 -2792
20201 136 -2789
20401 136 -2790
20601 138 -2789
20801 137 -2787
21001 136 -2787
21201 136 -2786
21401 136 -2786
21601 138 -2783
21801 136 -2783
22001 135 -2783
22201 136 -2780
22401 136 -2782
22601 137 -2776
22801 135 -2779
23001 135 -2779
23201 136 -2773
23401 136 -2777
23601 136 -2769
23801 135 -2775
24001 135 -2774
24201 137 -2762
24401 135 -2773
24601 135 -2764
24801 135 -2767
25001 135 -2771
25201 138 -2750
25401 135 2992
25601 134 2996
25801 135 3010
26001 135 2994
26201 137 3020
26401 134 2997
26601 134 2998
26801 137 3026
27001 134 2999
27201 136 3028
27401 134 3003
27601 134 3010
27801 137 3037
28001 134 3003
28201 137 3042
28401 135 3023
28601 134 3011
28801 139 3053
29001 134 3008
29201 136 3047
29401 136 3048
29601 134 3013
29801 140 3069
30001 134 3023
30201 135 3049
30401 138 3071
30601 135 3017
30801 139 3082
31001 135 3054
31201 135 3049
31401 140 3094
31601 134 3025
31801 138 3090
32001 136 3083
32201 135 3071
32401 140 3109
32601 133 3028
32801 139 3111
33001 136 3090
33201 134 3059
33401 142 3137
33601 133 3045
33801 137 3110
34001 137 3118
34201 132 3051
34401 143 3156
34601 133 3082
34801 135 3107
35001 140 3153
35201 130 3053
35401 141 3162
35601 134 3124
35801 132 3101
36001 144 3187
36201 130 3081
36401 137 3160
36601 136 3162
36801 130 3102
37001 144 3205
37201 129 3099
37401 139 3192
37601 135 3178
37801 131 3143
38001 144 3222
38201 130 3147
38401 135 3198
38601 137 3213
38801 130 3158
39001 143 3237
39201 132 3201
39401 133 3212
39601 142 3245
39801 129 3183
40001 140 3259
40201 135 3239
40401 132 3221
40601 147 -2480
40801 130 -2539
41001 137 -2500
41201 139 -2488
41401 130 -2527
41601 151 -2430
41801 133 -2497
42001 142 -2457
42201 138 -2467
42401 132 -2492
42601 172 -2316
42801 132 -2481
43001 140 -2434
43201 156 -2349
43401 131 -2477
43601 186 -2249
43801 140 -2407
44001 142 -2392
44201 197 -2218
44401 133 -2435
44601 184 -2225
44801 173 -2242
45001 144 -2346
45201 212 -2214
45401 150 -2305
45601 185 -2196
45801 203 -2185
46001 155 -2272
46201 213 -2204
46401 190 -2173
46601 190 -2169
46801 216 -2211
47001 182 -2172
47201 220 -2225
47401 193 -2151
47601 205 -2166
47801 215 -2197
48001 193 -2141
48201 219 -2220
48401 207 -2164
48601 205 -2156
48801 220 -2257
49001 202 -2133
49201 215 -2206
49401 214 -2199
49601 207 -2148
49801 210 -2359
50001 209 -2161
50201 212 -2208
50401 208 -2330
50601 209 -2151
50801 201 -2408
51001 208 -2257
51201 208 -2226
51401 191 -2508
51601 208 -2193
51801 186 -2547
52001 203 -2270
52201 195 -2385
52401 184 -2530
52601 202 -2263
52801 180 -2559
53001 185 -2464
53201 189 -2415
53401 179 -2579
53601 190 -2376
53801 176 -2556
54001 175 -2560
54201 183 -2452
54401 176 -2583
54601 175 -2524
54801 172 -2554
55001 174 -2580
55201 176 -2501
55401 172 -2579
55601 170 -2567
55801 170 -2558
56001 173 -2585
56201 169 -2555
56401 168 -2571
56601 169 -2577
56801 167 -2570
57001 169 -2581
57201 167 -2558
57401 168 -2582
57601 166 -2570
57801 165 -2565
58001 169 -2587
58201 165 -2562
58401 165 -2574
58601 165 -2576
58801 164 -2563
59001 166 -2588
59201 162 -2568
59401 162 -2570
59601 164 -2586
59801 162 -2563
60001 162 -2581
60201 161 -2574
60401 160 -2567
60601 164 -2591
60801 160 3194
61001 159 3184
61201 160 3178
61401 159 3195
61601 160 3173
61801 159 3196
62001 158 3175
62201 156 3184
62401 156 3191
62601 159 3167
62801 156 3193
63001 155 3182
63201 155 3176
63401 155 3193
63601 157 3167
63801 153 3186
64001 153 3185
64201 155 3168
64401 154 3192
64601 152 3175
64801 151 3178
65001 152 3189
65201 154 3162
65401 150 3188
65601 149 3179
65801 151 3168
66001 151 3182
66201 150 3166
66401 148 3176
66601 149 3167
66801 147 3175
67001 147 3184
67201 150 3158
67401 147 3185
67601 145 3173
67801 146 3166
68001 147 3185
68201 147 3158
68401 144 3175
68601 144 3176
68801 147 3155
69001 145 3182
69201 143 3164
69401 142 3165
69601 143 3178
69801 146 3150
70001 141 3174
70201 140 3166
70401 142 3153
70601 142 3185
70801 141 3153
71001 139 3162
71201 139 3169
71401 138 3162
71601 139 3168
71801 143 3143
72001 138 3167
72201 136 3157
72401 138 3149
72601 139 3167
72801 139 3144
73001 135 3155
73201 135 3159
73401 140 3138
73601 137 3164
73801 134 3147
74001 134 3144
74201 136 3160
74401 138 3136
74601 133 3153
74801 132 3148
75001 136 3136
75201 136 3158
75401 133 3139
75601 130 3141
75801 132 3153
76001 137 3131
76201 131 3147
76401 137 3129
76601 131 3147
76801 128 3138
77001 132 3133
77201 133 3148
77401 132 3130
77601 127 3135
77801 128 3138
78001 135 3125
78201 131 -2620
78401 127 -2629
78601 128 -2629
78801 130 -2622
79001 133 -2636
79201 126 -2629
79401 125 -2630
79601 132 -2637
79801 130 -2628
80001 25 -546
80201 125 -2633
80401 128 -2632
80601 132 -2642
80801 126 -2634
81001 123 -2637
81201 125 -2635
81401 122 -2637
81601 126 -2633
81801 129 -2638
82001 127 -2639
82201 122 -2637
82401 124 -2642
82601 130 -2646
82801 126 -2643
83001 122 -2637
83201 124 -2636
83401 126 -2644
83601 128 -2644
83801 122 -2641
84001 122 -2643
84201 128 -2645
84401 126 -2649
84601 122 -2637
84801 123 -2633
85001 124 -2649
85201 127 -2647
85401 122 -2644
85601 121 -2642
85801 125 -2644
86001 124 -2657
86201 124 -2643
86401 125 -2656
86601 123 -2643
86801 121 -2637
87001 122 -2648
87201 126 -2648
87401 122 -2654
87601 121 -2637
87801 122 -2641
88001 123 -2657
88201 123 -2646
88401 121 -2639
88601 121 -2644
88801 123 -2642
89001 122 -2656
89201 121 -2639
89401 121 -2639
89601 122 -2658
89801 123 -2644
90001 120 -2642
90201 120 -2639
90401 123 -2645
90601 122 -2657
90801 121 -2638
91001 122 -2655
91201 121 -2638
91401 120 -2638
91601 120 -2647
91801 123 -2641
92001 121 -2650
92201 120 -2637
92401 121 -2635
92601 121 -2655
92801 121 -2635
93001 120 -2632
93201 119 -2639
93401 123 -2635
93601 121 -2649
93801 120 -2631
94001 120 -2624
94201 121 -2651
94401 121 -2635
94601 120 -2631
94801 119 -2632
95001 121 -2632
95201 120 -2647
95401 120 -2629
95601 120 -2631
95801 120 -2645
96001 120 -2626
96201 119 -2635
96401 122 -2629
96601 119 -2636
96801 120 -2627
97001 120 -2625
97201 120 -2647
97401 120 -2624
97601 126 -2696
97801 120 -2630
98001 121 -2624
98201 120 -2632
98401 120 -2625
98601 120 -2620
98801 120 -2638
99001 121 -2623
99201 120 -2619
99401 120 3137
99601 121 3141
99801 120 3126
