

 << Logging of terminal I/O resumes >> 

1 648 21
201 308 3394
401 355 -303
601 362 -169
801 331 -47
1001 328 64
1201 321 180
1401 302 305
1601 303 418
1801 288 510
2001 281 606
2201 269 708
2401 246 797
2601 241 882
2801 227 954
3001 215 1026
3201 204 1093
3401 188 1147
3601 183 1210
3801 174 1264
4001 164 1310
4201 160 3115
4401 156 3109
4601 156 3109
4801 155 3104
5001 153 3091
5201 155 3082
5401 151 3079
5601 151 3080
5801 150 3073
6001 150 4868
6201 156 4922
6401 160 4963
6601 165 5015
6801 171 5080
7001 175 5139
7201 182 5203
7401 187 5261
7601 192 5333
7801 196 5416
8001 199 5488
8201 204 -193
8401 207 -117
8601 208 -31
8801 207 62
9001 207 -5621
9201 207 -5537
9401 204 -5453
9601 199 -5372
9801 193 -5291
10001 190 -5215
10201 185 -5141
10401 178 -5072
10601 172 -5006
10801 166 -4943
11001 161 -4877
11201 155 -4819
11401 148 -4770
11601 144 -4716
11801 139 -2783
12001 139 -2782
12201 139 -2785
12401 140 -2792
12601 140 -2788
12801 139 -2788
13001 138 -2788
13201 139 -2790
13401 139 -2797
13601 139 -2791
13801 138 -2792
14001 138 -2793
14201 139 -2794
14401 139 -2799
14601 140 -813
14801 144 -758
15001 147 -699
15201 152 -624
15401 155 -573
15601 160 -505
15801 163 -430
16001 164 -364
16201 168 -275
16401 170 -214
16601 172 -136
16801 172 -45
17001 170 16
17201 172 113
17401 171 183
17601 168 259
17801 165 346
18001 161 395
18201 158 492
18401 155 555
18601 151 613
18801 145 696
19001 142 732
19201 138 814
19401 136 -2793
19601 137 -2795
19801 137 -2790
20001 137 -2792
20201 136 -2790
20401 136 -2789
20601 138 -2791
20801 137 -2787
21001 136 -2787
21201 136 -2787
21401 136 -2785
21601 137 -2785
21801 135 -2783
22001 135 -2783
22201 136 -2780
22401 136 -2781
22601 137 -2777
22801 135 -2778
23001 135 -2778
23201 136 -2773
23401 136 -2776
23601 136 -2768
23801 134 -2774
24001 134 -2774
24201 137 -2762
24401 135 -2771
24601 135 -2764
24801 134 -97
25001 134 -2769
25201 138 -2751
25401 134 2994
25601 134 2996
25801 135 3010
26001 134 2996
26201 137 3020
26401 134 2998
26601 134 2999
26801 137 3026
27001 134 3001
27201 136 3029
27401 133 3003
27601 134 3009
27801 137 3038
28001 134 3004
28201 137 3042
28401 134 3022
28601 134 3010
28801 139 3055
29001 134 3008
29201 135 3047
29401 135 3048
29601 134 3012
29801 140 3071
30001 134 3021
30201 135 3048
30401 137 3072
30601 134 3014
30801 139 3083
31001 135 3052
31201 134 3047
31401 140 3096
31601 134 3021
31801 137 3090
32001 136 3082
32201 135 3070
32401 140 3112
32601 133 3022
32801 139 3113
33001 136 3091
33201 133 3056
33401 143 3142
33601 132 3040
33801 137 3111
34001 137 3120
34201 132 3045
34401 144 3164
34601 132 3080
34801 134 3106
35001 141 3158
35201 130 3045
35401 141 3167
35601 134 3124
35801 131 3097
36001 145 3195
36201 129 3072
36401 137 3162
36601 137 3165
36801 129 3094
37001 146 3213
37201 128 3089
37401 139 3195
37601 135 3179
37801 130 3137
38001 146 3229
38201 129 3140
38401 135 3198
38601 138 3214
38801 129 3150
39001 145 3241
39201 132 3199
39401 133 3209
39601 143 3249
39801 128 3174
40001 140 3259
40201 135 3238
40401 130 3217
40601 149 -2474
40801 129 -2545
41001 136 -2502
41201 139 -2487
41401 129 -2534
41601 154 -2420
41801 132 -2499
42001 142 -2458
42201 138 -2468
42401 130 -2498
42601 177 -2300
42801 130 -2487
43001 138 -2444
43201 155 -2352
43401 129 -2485
43601 189 -2246
43801 137 -2421
44001 138 -2412
44201 200 -2216
44401 130 -2452
44601 183 -2227
44801 171 -2247
45001 139 -2374
45201 214 -2219
45401 143 -2335
45601 182 -2201
45801 203 -2186
46001 145 -2310
46201 214 -2209
46401 187 -2176
46601 186 -2172
46801 218 -2216
47001 175 -2184
47201 223 -2236
47401 189 -2152
47601 205 -2164
47801 216 -2204
48001 187 -2142
48201 220 -2234
48401 207 -2162
48601 205 -2152
48801 220 -2283
49001 200 -2127
49201 215 -2207
49401 214 -2205
49601 205 -2137
49801 207 -2404
50001 208 -2152
50201 212 -2207
50401 207 -2345
50601 207 -2135
50801 200 -2426
51001 208 -2251
51201 208 -2207
51401 189 -2530
51601 208 -2166
51801 186 -2560
52001 204 -2242
52201 196 -2365
52401 183 -2536
52601 204 -2217
52801 180 -2562
53001 186 -2450
53201 191 -2386
53401 179 -2582
53601 193 -2333
53801 176 -2553
54001 175 -2562
54201 185 -2413
54401 177 -2585
54601 176 -2512
54801 173 -2550
55001 174 -2582
55201 178 -2472
55401 172 -2581
55601 170 -2567
55801 170 -2553
56001 174 -2588
56201 169 -2548
56401 168 -2571
56601 169 -2578
56801 167 -2570
57001 170 -2584
57201 167 -2553
57401 168 -2583
57601 166 -2570
57801 165 -2563
58001 169 -2591
58201 165 -2559
58401 165 -2574
58601 165 -2578
58801 164 -2560
59001 167 -2591
59201 162 -2567
59401 162 -2569
59601 165 -2588
59801 162 -2559
60001 162 -2582
60201 161 -2574
60401 160 -2563
60601 164 -2594
60801 160 3197
61001 159 3186
61201 160 3177
61401 159 3199
61601 160 3171
61801 159 3200
62001 158 3174
62201 156 3185
62401 156 3193
62601 160 3164
62801 156 3195
63001 155 3183
63201 155 3175
63401 155 3197
63601 157 3165
63801 153 3188
64001 153 3187
64201 156 3164
64401 154 3196
64601 152 3173
64801 151 3178
65001 152 3192
65201 155 3158
65401 150 3190
65601 149 3180
65801 151 3167
66001 151 3186
66201 151 3163
66401 148 3176
66601 149 3164
66801 147 3174
67001 147 3185
67201 151 3153
67401 147 3186
67601 145 3173
67801 146 3164
68001 147 3188
68201 147 3154
68401 144 3175
68601 144 3177
68801 147 3150
69001 145 3185
69201 143 3164
69401 142 3162
69601 143 3181
69801 146 3145
70001 141 3175
70201 140 3167
70401 143 3149
70601 143 3188
70801 141 3151
71001 139 3160
71201 139 3171
71401 138 3162
71601 139 3172
71801 143 3138
72001 138 3170
72201 136 3157
72401 138 3147
72601 139 3172
72801 139 3141
73001 135 3156
73201 135 3160
73401 140 3135
73601 137 3168
73801 134 3146
74001 134 3143
74201 136 3163
74401 139 3133
74601 133 3155
74801 132 3150
75001 136 3133
75201 136 3162
75401 133 3137
75601 130 3141
75801 132 3156
76001 138 3126
76201 132 3149
76401 138 3125
76601 131 3148
76801 128 3138
77001 132 3132
77201 134 3150
77401 133 3128
77601 127 3135
77801 129 3140
78001 136 3122
78201 131 -2616
78401 127 -2629
78601 128 -2630
78801 131 -2618
79001 134 -2640
79201 126 -2628
79401 125 -2630
79601 132 -2640
79801 131 -2624
80001 49 23
80201 125 -2633
80401 128 -2630
80601 133 -2645
80801 126 -2633
81001 123 -2636
81201 125 -2633
81401 122 -2637
81601 127 -2630
81801 129 -2635
82001 128 -2640
82201 122 -2637
82401 124 -2640
82601 130 -2647
82801 126 -2640
83001 122 -2638
83201 124 -2638
83401 127 -2642
83601 128 -2645
83801 121 -2640
84001 122 -2642
84201 128 -2647
84401 126 -2646
84601 122 -2637
84801 122 -2634
85001 125 -2650
85201 128 -2651
85401 122 -2645
85601 121 -2640
85801 125 -2647
86001 124 -2648
86201 124 -2644
86401 125 -2655
86601 124 -2644
86801 121 -2638
87001 122 -2650
87201 127 -2651
87401 122 -2654
87601 121 -2637
87801 122 -2641
88001 124 -2655
88201 124 -2649
88401 120 -2640
88601 121 -2646
88801 123 -2654
89001 122 -2655
89201 120 -2638
89401 120 -2639
89601 122 -2655
89801 124 -2646
90001 120 -2643
90201 120 -2640
90401 123 -2646
90601 122 -2661
90801 121 -2638
91001 122 -2657
91201 121 -2639
91401 120 -2636
91601 121 -2646
91801 123 -2643
92001 121 -2652
92201 120 -2635
92401 121 -2636
92601 122 -2657
92801 121 -2636
93001 120 -2633
93201 119 -2641
93401 122 -2632
93601 121 -2652
93801 120 -2632
94001 120 -2624
94201 121 -2653
94401 122 -2635
94601 120 -2632
94801 120 -2634
95001 122 -2633
95201 121 -2649
95401 120 -2628
95601 120 -2632
95801 120 -2648
96001 120 -2632
96201 120 -2635
96401 122 -2631
96601 119 -2633
96801 120 -2628
97001 120 -2625
97201 120 -2650
97401 120 -2625
97601 123 -2672
97801 119 -2630
98001 121 -2625
98201 119 -2635
98401 119 -2625
98601 120 -2621
98801 119 -2638
99001 121 -2624
99201 119 -2620
99401 119 3135
99601 121 3140
99801 120 3124
