1000 331338 3036
1100 327267 3036
1200 323305 3037
1300 319165 3037
1400 315954 3038
1500 314197 3040
1600 311364 3041
1700 307504 3037
1800 305140 3041
1900 303499 3035
2000 300706 3035
2100 298939 3035
2200 297542 3034
2300 295981 3033
2400 294281 3029
2500 292563 3030
2600 291451 3028
2700 291105 3028
2800 289640 3024
2900 288198 3027
3000 286951 3022
3100 285218 3020
3200 285676 3019
3300 283716 3017
3400 282573 3016
3500 282424 3014
3600 282236 3014
3700 281085 3014
3800 280071 3012
3900 279646 3011
4000 278860 3010
4100 278133 3006
4200 277933 3006
4300 277451 3005
4400 276749 3007
4500 275923 3003
4600 275546 3007
4700 274978 3004
4800 275684 3001
4900 274337 3002
5000 273997 2999
5100 273587 3001
5200 272486 2999
5300 272417 2997
5400 273034 2999
5500 271498 2998
5600 271624 2994
5700 271506 2995
5800 270162 2993
5900 270052 2994
6000 270320 2996
6100 270150 2992
6200 270030 2991
6300 269953 2992
6400 269266 2991
6500 268757 2989
6600 268433 2989
6700 268118 2989
6800 267797 2989
6900 267633 2988
7000 267705 2989
7100 267236 2986
7200 267436 2986
7300 266900 2990
7400 266398 2988
7500 266174 2988
7600 265538 2987
7700 266540 2987
7800 266379 2985
7900 265294 2984
8000 265810 2986
8100 265971 2985
8200 264517 -2776
8300 264667 -2776
8400 264843 -2778
8500 265397 -2778
8600 264312 -2779
8700 265268 -2778
8800 264996 -2779
8900 263894 -2779
9000 263623 -2778
9100 263335 -2779
9200 264327 -2778
9300 263220 -2778
9400 263372 -2778
9500 263226 -2782
9600 263774 -2782
9700 263510 -2781
9800 262872 -2780
9900 263118 -2783
10000 262487 -2781
10100 262379 -2779
10200 262954 -2779
10300 262277 -2781
10400 262607 -2779
10500 262024 -2781
10600 261824 -2782
10700 263148 -2784
10800 261413 -2783
10900 261338 -2783
11000 262107 -2782
11100 262405 -2783
11200 261066 -2782
11300 261349 -2783
11400 260592 -2782
11500 261229 -2784
11600 261637 -2787
11700 261095 -2784
11800 260717 -2783
11900 261071 -2788
12000 260910 -2786
12100 260535 -2785
12200 260458 -2787
12300 260941 -2784
12400 261048 -2785
12500 260178 -2784
12600 260069 -2785
12700 259352 -2787
12800 259891 -2785
12900 260356 -2786
13000 260214 -2786
13100 260370 -2786
13200 259443 -2784
13300 259870 -2786
13400 260015 -2787
13500 261013 -2789
13600 259089 -2787
13700 260165 -2787
13800 259657 -2783
13900 259824 -2787
14000 258776 -2786
14100 259857 -2786
14200 258814 -2785
14300 259062 -2787
14400 258609 -2786
14500 258459 -2789
14600 258969 -2788
14700 258595 -2789
14800 258540 -2788
14900 258907 -2785
15000 258692 -2788
15100 257789 -2787
15200 258508 -2790
15300 259454 -2789
15400 258701 -2791
15500 259114 -2789
15600 258222 -2788
15700 259517 -2786
15800 258346 -2789
15900 258806 -2787
16000 258809 -2786
16100 258933 -2788
16200 258883 -2785
16300 258120 -2789
16400 258151 -2787
16500 258647 -2790
16600 257771 -2788
16700 258200 -2789
16800 257802 -2787
16900 257330 -2791
17000 258307 -2787
17100 257794 -2790
17200 258804 -2788
17300 258468 -2785
17400 257963 -2786
17500 258295 -2789
17600 257716 -2791
17700 258369 -2787
17800 258279 -2788
17900 257213 -2789
18000 257543 -2791
18100 258288 -2787
18200 257302 -2792
18300 258075 -2788
18400 257084 -2787
18500 257846 -2789
18600 257118 -2785
18700 256872 -2787
18800 258051 -2789
18900 257649 -2787
19000 257705 -2786
19100 257593 -2786
19200 257671 -2785
19300 257655 -2787
19400 257111 -2786
19500 258045 -2787
19600 257567 -2788
19700 257487 -2790
19800 256809 -2787
19900 256949 -2788
20000 257478 -2787
20100 257096 -2791
20200 257009 -2784
20300 257264 -2788
20400 256017 -2786
20500 257900 -2785
20600 257338 -2783
20700 257462 -2784
20800 256983 -2785
20900 257124 -2783
21000 257238 -2784
21100 256630 -2786
21200 257402 -2787
21300 257914 -2787
21400 256235 -2788
21500 256784 -2785
21600 255776 -2786
21700 256847 -2788
21800 256495 -2789
21900 255828 -2789
22000 257144 -2787
22100 256499 -2786
22200 257462 -2785
22300 257232 -2784
22400 257281 -2784
22500 257331 -2784
22600 255717 -2785
22700 256010 -2787
22800 256233 -2784
22900 256283 -2784
23000 256767 -2784
23100 255799 -2785
23200 256297 -2784
23300 256602 -2782
23400 256272 -2784
23500 257088 -2781
23600 256741 -2783
23700 256381 -2785
23800 256321 -2785
23900 257339 -2784
24000 257290 -2784
24100 257256 -2783
24200 256709 -2783
24300 256789 -2785
24400 257254 -2784
24500 257223 -2784
24600 256094 -2784
24700 256587 -2783
24800 256102 -2785
24900 255957 -2782
25000 256510 -2783
25100 257556 -2782
25200 256409 -2779
25300 255709 -2784
25400 256759 -2784
25500 256708 2979
25600 255591 2978
25700 255578 2981
25800 256966 2977
25900 256401 2978
26000 256928 2979
26100 256613 2976
26200 256610 2977
26300 257139 2978
26400 255148 2977
26500 255906 2982
26600 255952 2977
26700 256627 2979
26800 255138 2978
26900 255850 2981
27000 256483 2977
27100 257373 2981
27200 256927 2979
27300 255579 2980
27400 256918 2982
27500 255913 2981
27600 256637 2979
27700 255824 2979
27800 255766 2982
27900 255240 2980
28000 255930 2977
28100 255891 2979
28200 255873 2981
28300 255590 2981
28400 255603 2983
28500 255825 2982
28600 255865 2985
28700 254755 2982
28800 256102 2983
28900 256177 2985
29000 255027 2982
29100 255581 2983
29200 255577 2982
29300 256143 2983
29400 255758 2981
29500 256726 2983
29600 256332 2978
29700 255113 2982
29800 256126 2984
29900 256525 2982
30000 256506 2981
30100 255338 2983
30200 255315 2982
30300 255272 2982
30400 255079 2987
30500 255797 2982
30600 255758 2982
30700 256564 2981
30800 255969 2984
30900 256433 2985
31000 255512 2980
31100 255484 2985
31200 256825 2985
31300 255830 2981
31400 255183 2985
31500 256838 2983
31600 254358 2985
31700 257017 2985
31800 255899 2982
31900 255366 2986
32000 254208 2982
32100 256992 2981
32200 256291 2988
32300 255688 2985
32400 255293 2990
32500 255479 2986
32600 255450 2984
32700 255104 2989
32800 255860 2985
32900 255650 2985
33000 256225 2983
33100 253933 2988
33200 255269 2985
33300 256386 2986
33400 254825 2991
33500 255465 2987
33600 256620 2988
33700 255044 2986
33800 256243 2985
33900 255301 2986
34000 256714 2989
34100 255782 2990
34200 255564 2991
34300 254622 2990
34400 255803 2988
34500 255544 2987
34600 255316 2988
34700 257237 2988
34800 257051 2989
34900 256759 2988
35000 256585 2989
35100 256528 2993
35200 256257 2992
35300 256653 2990
35400 255911 2987
35500 257264 2995
35600 255109 2994
35700 255302 2990
35800 255169 2986
35900 256202 2992
36000 256544 2990
36100 257668 2995
36200 255874 2992
36300 256763 2995
36400 256937 2987
36500 255875 2994
36600 256248 2989
36700 255263 2996
36800 255633 2991
36900 255397 2997
37000 256051 2994
37100 254457 2994
37200 255937 2999
37300 254978 2997
37400 255598 2994
37500 255033 2995
37600 255189 2990
37700 254600 2990
37800 256829 2993
37900 256299 2994
38000 255652 2999
38100 256796 2994
38200 256790 2997
38300 255708 3000
38400 257290 2996
38500 257372 2999
38600 254884 2995
38700 255551 3001
38800 256526 2995
38900 254016 2995
39000 254760 3000
39100 256264 2996
39200 255401 2994
39300 256235 2999
39400 254198 2998
39500 255855 2997
39600 254948 2996
39700 254495 2997
39800 254987 2999
39900 257063 2995
40000 255685 2996
40100 255057 2999
40200 256567 3001
40300 256877 2995
40400 255501 2997
40500 254924 3000
40600 254368 3003
40700 257484 2996
40800 256132 2998
40900 256438 3002
41000 255959 3005
41100 256876 3000
41200 256680 3000
41300 256837 3007
41400 257279 2995
41500 254929 2997
41600 255178 3005
41700 256836 3000
41800 256456 3003
41900 255235 2997
42000 255776 3001
42100 255459 3005
42200 254256 -2754
42300 255776 -2759
42400 256435 -2755
42500 255010 -2761
42600 257586 -2756
42700 256232 -2782
42800 252085 -2764
42900 254305 -2760
43000 256977 -2760
43100 255337 -2765
43200 258219 -2751
43300 256562 -2756
43400 256371 -2754
43500 256707 -2757
43600 256016 -2759
43700 256101 -2750
43800 255300 -2755
43900 256513 -2759
44000 256734 -2750
44100 255859 -2755
44200 255077 -2756
44300 254353 -2757
44400 256446 -2763
44500 256870 -2754
44600 256139 -2755
44700 256284 -2757
44800 256492 -2759
44900 254660 -2759
45000 255195 -2758
45100 256899 -2750
45200 256096 -2751
45300 256669 -2750
45400 255854 -2750
45500 257390 -2751
45600 257038 -2748
45700 255695 -2757
45800 254861 -2758
45900 255394 -2757
46000 256949 -2758
46100 254951 -2749
46200 255591 -2748
46300 255342 -2745
46400 256911 -2747
46500 255239 -2755
46600 256498 -2751
46700 257205 -2750
46800 253879 -2751
46900 255221 -2748
47000 256701 -2744
47100 256313 -2751
47200 257004 -2751
47300 253553 -2745
47400 255085 -2748
47500 256634 -2744
47600 256896 -2749
47700 255533 -2753
47800 255962 -2742
47900 254522 -2746
48000 257837 -2744
48100 256337 -2748
48200 254860 -2752
48300 257220 -2742
48400 256638 -2744
48500 255770 -2751
48600 259147 -2750
48700 257039 -2739
48800 256488 -2740
48900 255429 -2747
49000 255425 -2751
49100 254062 -2743
49200 254491 -2742
49300 258134 -2743
49400 257470 -2744
49500 257370 -2748
49600 256884 -2734
49700 256709 -2739
49800 257737 -2742
49900 258250 -2741
50000 255317 -2747
50100 254584 -2748
50200 254886 -2737
50300 255495 -2736
50400 256395 -2740
50500 257331 -2744
50600 257871 -2743
50700 258770 -2747
50800 253944 -2748
50900 256078 -2751
51000 257928 -2735
51100 258542 -2734
51200 256531 -2738
51300 257133 -2737
51400 257817 -2737
51500 255714 -2740
51600 256388 -2739
51700 254109 -2737
51800 256184 -2736
51900 258229 -2741
52000 254709 -2733
52100 258139 -2738
52200 255944 -2736
52300 258026 -2736
52400 255934 -2733
52500 258044 -2733
52600 254658 -2745
52700 256794 -2745
52800 254602 -2742
52900 257009 -2737
53000 255974 -2739
53100 258456 -2735
53200 257823 -2732
53300 253952 -2743
53400 257955 -2740
53500 255867 -2736
53600 255285 -2732
53700 257894 -2729
53800 255221 -2740
53900 258858 -2744
54000 258765 -2735
54100 254994 -2739
54200 259217 -2739
54300 258637 -2735
54400 256202 -2741
54500 254332 -2734
54600 259243 -2730
54700 256001 -2740
54800 257763 -2733
54900 253762 -2735
55000 256339 -2724
55100 255234 -2742
55200 255863 -2732
55300 255272 -2735
55400 255956 -2725
55500 256766 -2742
55600 257497 -2732
55700 256992 -2735
55800 256454 -2721
55900 259348 -2737
56000 256373 -2741
56100 258629 -2735
56200 256774 -2733
56300 256570 -2720
56400 260324 -2733
56500 258475 -2740
56600 255220 -2741
56700 259210 -2724
56800 255991 -2725
56900 259501 -2740
57000 256265 -2741
57100 254281 -2738
57200 258357 -2730
57300 256450 -2727
57400 257219 -2725
57500 257848 -2739
57600 255905 -2735
57700 255129 -2737
57800 258569 -2725
57900 258485 -2717
58000 258786 -2732
58100 259513 -2730
58200 257819 -2726
58300 258612 -2724
58400 257001 -2719
58500 258662 -2731
58600 257665 -2733
58700 257834 -2725
58800 258692 -2723
58900 260141 -2736
59000 260416 -2729
59100 254521 -2724
59200 255536 -2723
59300 256754 -2736
59400 255106 -2730
59500 258082 -2727
59600 258511 -2719
59700 259496 -2733
59800 253862 -2726
59900 254394 -2718
60000 255550 -2716
60100 256252 -2731
60200 258977 -2722
60300 259892 -2714
60400 253839 -2727
60500 256923 -2726
60600 257951 -2717
60700 253884 -2730
60800 254794 -2721
60900 257088 -2737
61000 258211 -2729
61100 254734 3044
61200 256844 3028
61300 258138 3036
61400 255131 3057
61500 257077 3040
61600 258582 3048
61700 253614 3038
61800 257241 3045
61900 258913 3028
62000 256192 3042
62100 257690 3025
62200 259635 3040
62300 254204 3032
62400 260594 3035
62500 253462 3038
62600 259779 3041
62700 254039 3033
62800 256781 3049
62900 253452 3040
63000 258451 3052
63100 259994 3041
63200 253943 3035
63300 258483 3039
63400 253490 3042
63500 261224 3050
63600 254993 3045
63700 256167 3033
63800 255934 3060
63900 255885 3040
64000 257725 3063
64100 258757 3050
64200 253771 3056
64300 255533 3031
64400 255870 3059
64500 258061 3053
64600 253831 3048
64700 254480 3035
64800 260812 3042
64900 257745 3044
65000 252862 3053
65100 255342 3033
65200 256786 3062
65300 258356 3038
65400 259362 3028
65500 256330 3045
65600 253222 3049
65700 260223 3053
65800 259580 3064
65900 259453 3049
66000 256450 3054
66100 256196 3040
66200 255617 3052
66300 255228 3037
66400 252631 3057
66500 264488 3055
66600 251701 3055
66700 261184 3046
66800 259057 3067
66900 259897 3043
67000 258223 3065
67100 259865 3056
67200 257066 3063
67300 260129 3044
67400 258843 3066
67500 260351 3056
67600 257596 3064
67700 258962 3054
67800 259503 3067
67900 262125 3046
68000 261196 3070
68100 262422 3059
68200 251856 3027
68300 254378 3055
68400 255451 3044
68500 252864 3054
68600 256959 3047
68700 258042 3060
68800 258919 3049
68900 258976 3074
69000 260589 3050
69100 261315 3038
69200 262694 3051
69300 253013 3040
69400 256958 3068
69500 257524 3055
69600 257998 3043
69700 259755 3056
69800 263697 3045
69900 253789 3075
70000 254081 3063
70100 254472 3037
70200 260098 3064
70300 260201 3051
70400 263892 3038
70500 254907 3059
70600 258625 3058
70700 261333 3071
70800 264907 3057
70900 253125 3054
71000 252800 3041
71100 259319 3066
71200 262687 3051
71300 251126 3051
71400 258845 3075
71500 258133 3061
71600 261262 3045
71700 253584 3088
71800 256591 3071
71900 259453 3054
72000 258447 3040
72100 267115 3061
72200 259155 3064
72300 257856 3050
72400 266547 3069
72500 257892 3074
72600 260339 3055
72700 260339 3055
72800 262574 3035
72900 262258 3079
73000 260408 3065
73100 264294 3059
73200 255501 3067
73300 257253 3046
73400 257253 3046
73500 257630 3092
73600 259141 3071
73700 260679 3049
73800 264485 3040
73900 255364 3052
74000 259078 3043
74100 256477 3030
74200 261785 3090
74300 262630 3067
74400 263484 3044
74500 257560 3073
74600 257560 3073
74700 258079 3049
74800 253204 3080
74900 253555 3056
75000 268838 3073
75100 248125 3064
75200 260408 3092
75300 251364 3051
75400 263615 3055
75500 259823 3088
75600 263189 3075
75700 262385 3049
75800 258160 3084
75900 258160 3084
76000 257158 3059
76100 260201 3044
76200 257271 3080
76300 260246 3065
76400 263102 3049
76500 252497 3093
76600 255231 3077
76700 257835 3061
76800 260521 3044
76900 258781 3083
77000 261351 3066
77100 263756 3048
77200 259323 3106
77300 256726 3081
77400 264000 3070
77500 266306 3052
77600 266082 3092
77700 260717 3085
77800 268215 3073
77900 252995 3045
78000 269678 3094
78100 252260 3090
78200 255454 3049
78300 255454 3049
78400 256820 -2666
78500 258209 -2686
78600 258209 -2686
78700 259337 -2707
78800 260479 -2663
78900 266735 -2660
79000 267666 -2681
79100 268607 -2703
79200 249268 -2720
79300 252815 -2673
79400 259028 -2671
79500 259350 -2694
79600 259674 -2717
79700 262676 -2649
79800 262676 -2672
79900 316582 -2436
80000 401316 73
80100 340711 -2837
80200 249796 -2726
80300 262907 -2657
80400 262907 -2657
80500 262186 -2681
80600 268513 -2708
80700 247557 -2683
80800 260408 -2640
80900 260408 -2640
81000 259242 -2665
81100 273900 -2675
81200 245741 -2661
81300 250857 -2692
81400 263188 -2720
81500 248852 -2717
81600 260615 -2647
81700 267970 -2654
81800 265742 -2680
81900 265742 -2680
82000 249593 -2670
82100 249593 -2670
82200 253980 -2705
82300 253980 -2705
82400 270660 -2674
82500 253179 -2621
82600 256958 -2659
82700 256958 -2659
82800 256958 -2659
82900 259906 -2697
83000 259906 -2697
83100 267200 -2712
83200 281114 -2675
83300 253179 -2683
83400 249932 -2691
83500 256959 -2707
83600 272226 -2671
83700 272226 -2671
83800 241960 -2680
83900 258873 -2644
84000 265778 -2663
84100 265778 -2663
84200 272618 -2683
84300 266379 -2706
84400 256346 -2650
84500 256346 -2650
84600 262677 -2672
84700 256346 -2694
84800 269501 -2696
84900 262677 -2718
85000 256285 -2655
85100 256285 -2655
85200 262545 -2681
85300 262545 -2681
85400 268512 -2708
85500 260407 -2729
85600 260407 -2729
85700 252566 -2660
85800 252566 -2660
85900 257713 -2689
86000 257713 -2689
86100 263188 -2720
86200 263188 -2720
86300 260615 -2647
86400 260615 -2647
86500 251938 -2664
86600 265742 -2680
86700 256561 -2696
86800 270254 -2713
86900 262185 -2603
87000 266793 -2638
87100 266793 -2638
87200 266793 -2638
87300 270660 -2674
87400 234399 -2690
87500 274699 -2712
87600 274699 -2712
87700 240627 -2636
87800 277851 -2636
87900 277851 -2636
88000 243452 -2675
88100 281114 -2675
88200 243452 -2675
88300 259243 -2620
88400 245392 -2715
88500 259243 -2620
88600 259243 -2620
88700 259243 -2620
88800 260408 -2663
88900 260408 -2663
89000 260408 -2663
89100 261589 -2706
89200 261589 -2706
89300 261589 -2706
89400 250452 -2585
89500 250452 -2585
89600 285559 -2625
89700 250452 -2631
89800 250452 -2631
89900 250452 -2631
90000 262546 -2681
90100 262546 -2681
90200 262546 -2681
90300 262546 -2681
90400 261115 -2729
90500 273859 -2598
90600 288325 -2606
90700 242973 -2585
90800 242973 -2585
90900 242973 -2585
91000 242973 -2585
91100 253642 -2647
91200 253642 -2647
91300 253642 -2647
91400 253642 -2647
91500 253642 -2647
91600 262185 -2713
91700 262185 -2713
91800 262185 -2713
91900 256958 -2763
92000 235258 -2690
92100 235258 -2690
92200 271653 -2560
92300 228630 -2739
92400 286816 -2585
92500 277851 -2636
92600 277851 -2636
92700 277851 -2636
92800 294140 -2666
92900 294140 -2666
93000 294140 -2666
93100 246379 -2585
93200 246379 -2585
93300 259242 -2620
93400 259242 -2620
93500 259242 -2620
93600 259242 -2620
93700 274356 -2658
93800 261588 -2706
93900 261588 -2706
94000 261588 -2706
94100 261588 -2706
94200 274356 -2750
94300 250451 -2585
94400 250451 -2585
94500 263999 -2633
94600 263999 -2633
94700 263999 -2633
94800 263999 -2633
94900 263999 -2633
95000 250451 -2676
95100 261113 -2729
95200 276577 -2687
95300 261113 -2729
95400 244415 -2585
95500 260407 -2545
95600 244415 -2585
95700 244415 -2585
95800 244415 -2585
95900 253641 -2647
96000 253641 -2647
96100 253641 -2647
96200 263999 -2713
96300 263999 -2713
96400 263999 -2713
96500 263999 -2713
96600 263999 -2713
96700 271652 -2785
96800 271652 -2785
96900 271652 -2560
97000 294139 -2531
97100 271652 -2560
97200 271652 -2560
97300 271652 -2560
97400 280013 -2636
97500 280013 -2636
97600 280013 -2636
97700 310646 -2699
97800 284493 -2715
97900 201166 -2715
98000 219659 -2699
98100 219659 -2699
98200 219659 -2699
98300 219659 -2699
98400 224009 -2789
98500 224009 -2494
98600 224009 -2494
98700 224009 -2494
98800 224009 -2494
98900 224009 -2494
99000 250451 3175
99100 224009 3175
99200 250451 3175
99300 224009 3175
99400 250451 3175
99500 250451 3175
99600 250451 3073
99700 250451 3073
99800 250451 3073
99900 250451 3073
100000 244415 2974
