1000 281736 3227
1100 275059 3222
1200 268639 3219
1300 261966 3212
1400 257773 3208
1500 253090 3203
1600 249444 3195
1700 245807 3188
1800 243130 3185
1900 238938 3179
2000 236866 3175
2100 233863 3170
2200 231954 3164
2300 229694 3158
2400 228014 3153
2500 227238 3151
2600 224458 3144
2700 223648 3143
2800 221614 3136
2900 219791 3134
3000 218663 3131
3100 217289 3128
3200 217064 3123
3300 215436 3119
3400 214662 3116
3500 213960 3114
3600 213460 3112
3700 211928 3109
3800 210921 3105
3900 210990 3104
4000 209721 3103
4100 209229 3098
4200 208632 3095
4300 208440 3096
4400 206797 3092
4500 206807 3088
4600 206253 3087
4700 205696 3087
4800 205070 3084
4900 205123 3081
5000 205005 3078
5100 203695 3079
5200 203140 3074
5300 202838 3076
5400 202727 3075
5500 201986 3073
5600 201664 3070
5700 201483 3068
5800 201284 3066
5900 200772 3068
6000 200092 3064
6100 200262 3061
6200 199857 3063
6300 199311 3061
6400 199784 3059
6500 199023 3059
6600 198765 3057
6700 198364 3055
6800 198079 3054
6900 197865 3055
7000 197728 3052
7100 197861 3052
7200 196923 3052
7300 197115 3049
7400 196424 3049
7500 196780 3047
7600 196023 3047
7700 196107 3048
7800 195659 3045
7900 195545 3045
8000 195215 3043
8100 195097 3044
8200 195176 -2719
8300 194666 -2718
8400 194486 -2720
8500 194990 -2720
8600 194373 -2722
8700 194676 -2721
8800 194442 -2723
8900 194129 -2722
9000 193885 -2725
9100 193827 -2726
9200 193114 -2724
9300 192838 -2726
9400 193144 -2724
9500 193250 -2726
9600 192948 -2727
9700 193027 -2729
9800 192306 -2730
9900 192282 -2727
10000 192766 -2728
10100 192431 -2729
10200 192283 -2730
10300 192175 -2731
10400 192064 -2731
10500 192009 -2730
10600 192219 -2732
10700 191301 -2732
10800 191745 -2733
10900 191349 -2731
11000 191789 -2733
11100 190971 -2734
11200 191474 -2734
11300 190902 -2735
11400 190511 -2736
11500 190689 -2735
11600 190462 -2736
11700 190974 -2739
11800 190553 -2733
11900 190393 -2740
12000 190347 -2736
12100 190367 -2736
12200 190668 -2737
12300 190078 -2741
12400 190404 -2738
12500 190059 -2739
12600 189278 -2739
12700 189547 -2739
12800 189447 -2743
12900 189614 -2741
13000 189620 -2744
13100 189256 -2744
13200 189585 -2741
13300 189231 -2741
13400 189770 -2744
13500 189562 -2743
13600 189359 -2742
13700 188707 -2744
13800 188630 -2743
13900 189050 -2742
14000 188865 -2747
14100 188590 -2743
14200 188362 -2743
14300 188708 -2741
14400 188580 -2742
14500 188740 -2748
14600 188471 -2745
14700 188312 -2744
14800 188516 -2745
14900 188447 -2745
15000 188562 -2745
15100 187997 -2747
15200 188375 -2748
15300 188677 -2747
15400 188395 -2748
15500 187971 -2750
15600 187481 -2746
15700 188259 -2746
15800 187550 -2747
15900 187873 -2747
16000 188021 -2748
16100 186998 -2748
16200 187542 -2748
16300 187431 -2749
16400 186880 -2750
16500 187175 -2750
16600 187699 -2751
16700 187280 -2749
16800 186711 -2749
16900 187425 -2749
17000 187256 -2749
17100 187305 -2750
17200 187136 -2749
17300 186975 -2749
17400 187034 -2748
17500 187116 -2752
17600 186305 -2749
17700 186988 -2749
17800 186620 -2752
17900 186674 -2750
18000 186938 -2750
18100 186519 -2752
18200 186181 -2749
18300 186802 -2753
18400 186736 -2750
18500 186493 -2752
18600 185935 -2751
18700 186468 -2750
18800 186199 -2752
18900 186611 -2749
19000 186754 -2748
19100 185987 -2750
19200 186333 -2749
19300 186399 -2750
19400 186565 -2752
19500 186145 -2749
19600 186595 -2750
19700 186286 -2749
19800 186272 -2753
19900 186372 -2750
20000 185666 -2753
20100 186201 -2754
20200 186145 -2751
20300 185896 -2753
20400 186183 -2749
20500 185691 -2750
20600 185686 -2751
20700 185874 -2748
20800 185696 -2749
20900 185510 -2749
21000 185811 -2750
21100 185936 -2750
21200 185746 -2750
21300 185868 -2751
21400 184648 -2750
21500 185820 -2752
21600 185856 -2750
21700 185156 -2753
21800 185616 -2752
21900 185572 -2754
22000 185707 -2749
22100 185601 -2752
22200 185671 -2755
22300 185026 -2751
22400 185271 -2753
22500 184904 -2751
22600 184743 -2754
22700 184790 -2750
22800 185196 -2749
22900 185631 -2753
23000 185936 -2749
23100 185067 -2754
23200 185197 -2749
23300 184852 -2751
23400 185312 -2748
23500 185028 -2752
23600 184642 -2754
23700 184645 -2753
23800 185087 -2752
23900 185339 -2750
24000 184856 -2752
24100 184830 -2749
24200 185149 -2752
24300 184380 -2753
24400 184325 -2750
24500 184615 -2752
24600 185297 -2752
24700 184519 -2749
24800 184572 -2753
24900 184454 -2753
25000 184142 -2747
25100 184631 -2750
25200 184295 -2751
25300 184192 -2753
25400 184080 -2752
25500 184119 3013
25600 185318 3012
25700 184968 3011
25800 185100 3010
25900 184205 3012
26000 184337 3011
26100 184492 3011
26200 184867 3010
26300 184240 3012
26400 184107 3008
26500 185321 3012
26600 184386 3010
26700 184019 3011
26800 184747 3012
26900 183966 3009
27000 183859 3010
27100 184202 3007
27200 184433 3010
27300 184189 3013
27400 183765 3012
27500 185012 3011
27600 184577 3011
27700 183910 3016
27800 184771 3012
27900 183628 3014
28000 183890 3012
28100 183792 3012
28200 183796 3010
28300 183689 3010
28400 184542 3013
28500 184903 3012
28600 184308 3016
28700 183879 3010
28800 184211 3008
28900 184028 3013
29000 184693 3014
29100 183535 3013
29200 184205 3014
29300 184140 3016
29400 184123 3012
29500 184440 3017
29600 184007 3012
29700 183408 3013
29800 184682 3012
29900 184092 3014
30000 184173 3010
30100 183800 3012
30200 183211 3014
30300 183700 3012
30400 183522 3014
30500 183943 3010
30600 183924 3010
30700 184234 3013
30800 183757 3017
30900 184618 3014
31000 183680 3009
31100 183946 3017
31200 183505 3010
31300 183748 3014
31400 183349 3014
31500 184146 3012
31600 182944 3013
31700 183098 3015
31800 184102 3019
31900 184026 3013
32000 183690 3017
32100 183873 3019
32200 183212 3019
32300 183524 3015
32400 183633 3018
32500 183632 3014
32600 184044 3018
32700 184199 3021
32800 183212 3015
32900 183367 3018
33000 184198 3015
33100 183368 3018
33200 183525 3016
33300 183042 3018
33400 183800 3016
33500 183350 3018
33600 184124 3015
33700 183626 3020
33800 183051 3015
33900 184096 3012
34000 183968 3018
34100 183657 3016
34200 183585 3023
34300 183584 3020
34400 183232 3017
34500 183556 3022
34600 183510 3019
34700 183496 3018
34800 183508 3018
34900 183803 3017
35000 183814 3017
35100 182755 3018
35200 183218 3023
35300 183041 3016
35400 182702 3018
35500 183552 3023
35600 183715 3018
35700 182661 3019
35800 183334 3018
35900 182832 3023
36000 183505 3022
36100 182605 3019
36200 183540 3021
36300 182966 3024
36400 183447 3015
36500 183019 3020
36600 183246 3027
36700 183336 3019
36800 183441 3024
36900 182946 3022
37000 181944 3021
37100 183554 3020
37200 183646 3028
37300 183435 3026
37400 182902 3025
37500 183678 3020
37600 183111 3019
37700 182770 3019
37800 183588 3025
37900 183771 3026
38000 183458 3026
38100 184110 3020
38200 184555 3022
38300 184219 3023
38400 183119 3019
38500 182153 3027
38600 183236 3021
38700 183721 3023
38800 183679 3025
38900 184435 3025
39000 183532 3023
39100 184042 3024
39200 183193 3025
39300 183739 3026
39400 183326 3024
39500 183659 3027
39600 183226 3024
39700 182374 3025
39800 183824 3027
39900 183171 3026
40000 183039 3025
40100 182718 3025
40200 183670 3027
40300 183527 3026
40400 183213 3026
40500 182899 3027
40600 182959 3028
40700 183173 3028
40800 182866 3028
40900 183330 3030
41000 183036 3031
41100 183528 3033
41200 182487 3025
41300 184336 3027
41400 183166 3026
41500 183673 3027
41600 181979 3028
41700 183406 3029
41800 183811 -2725
41900 182595 -2735
42000 183501 -2731
42100 184114 -2732
42200 183649 -2727
42300 184245 -2726
42400 183662 -2730
42500 182396 -2728
42600 183465 -2733
42700 185871 -2738
42800 181066 -2737
42900 183457 -2728
43000 183175 -2734
43100 183753 -2727
43200 182146 -2729
43300 183682 -2728
43400 183226 -2737
43500 183473 -2730
43600 183131 -2732
43700 182925 -2727
43800 182594 -2729
43900 182883 -2724
44000 182868 -2729
44100 182864 -2721
44200 182844 -2726
44300 182475 -2728
44400 182400 -2732
44500 183526 -2724
44600 183116 -2725
44700 183182 -2728
44800 184241 -2722
44900 183838 -2724
45000 184491 -2725
45100 182565 -2724
45200 183227 -2726
45300 183401 -2726
45400 183399 -2729
45500 182993 -2723
45600 182527 -2725
45700 183395 -2725
45800 183592 -2725
45900 182594 -2720
46000 183245 -2722
46100 184117 -2722
46200 181651 -2724
46300 182865 -2722
46400 183437 -2724
46500 182881 -2717
46600 182149 -2724
46700 183024 -2725
46800 182546 -2716
46900 182485 -2727
47000 182958 -2723
47100 183681 -2716
47200 182774 -2720
47300 182908 -2729
47400 182185 -2719
47500 184250 -2722
47600 182760 -2720
47700 182484 -2723
47800 184160 -2725
47900 182765 -2718
48000 184900 -2719
48100 184159 -2724
48200 182683 -2721
48300 183080 -2726
48400 181312 -2720
48500 183932 -2719
48600 183816 -2725
48700 182582 -2718
48800 182950 -2722
48900 183259 -2727
49000 182082 -2719
49100 182401 -2723
49200 182048 -2716
49300 181848 -2715
49400 182351 -2723
49500 182399 -2712
49600 184926 -2712
49700 182856 -2722
49800 183037 -2710
49900 183218 -2716
50000 181432 -2722
50100 184291 -2709
50200 181857 -2715
50300 183015 -2716
50400 183549 -2718
50500 182181 -2722
50600 182092 -2711
50700 183330 -2715
50800 181942 -2719
50900 182441 -2721
51000 183517 -2720
51100 184938 -2711
51200 183360 -2712
51300 181845 -2712
51400 182974 -2714
51500 184159 -2720
51600 182513 -2720
51700 184305 -2719
51800 183273 -2708
51900 181039 -2722
52000 183499 -2708
52100 185279 -2711
52200 182927 -2724
52300 182804 -2706
52400 184616 -2710
52500 183768 -2706
52600 182172 -2704
52700 184710 -2706
52800 182698 -2718
52900 181852 -2714
53000 183553 -2718
53100 183619 -2711
53200 182611 -2710
53300 184540 -2712
53400 184463 -2708
53500 184635 -2701
53600 182219 -2712
53700 182362 -2704
53800 184977 -2709
53900 182666 -2716
54000 183529 -2710
54100 183601 -2706
54200 184659 -2720
54300 182117 -2707
54400 185377 -2706
54500 182451 -2716
54600 183513 -2710
54700 184000 -2703
54800 182399 -2708
54900 182892 -2700
55000 181251 -2704
55100 184812 -2711
55200 183048 -2715
55300 184748 -2707
55400 183558 -2713
55500 184192 -2700
55600 182965 -2706
55700 181658 -2707
55800 183502 -2699
55900 182259 -2705
56000 183684 -2694
56100 182958 -2697
56200 183532 -2711
56300 183817 -2707
56400 184749 -2707
56500 183331 -2707
56600 183116 -2707
56700 181683 -2706
56800 184000 -2700
56900 183750 -2699
57000 182901 -2702
57100 182148 -2698
57200 181964 -2697
57300 182002 -2712
57400 182396 -2710
57500 184844 -2704
57600 185320 -2702
57700 185138 -2702
57800 183704 -2700
57900 184298 -2697
58000 183660 -2693
58100 183513 -2692
58200 184093 -2689
58300 181877 -2710
58400 185044 -2701
58500 181039 -2704
58600 181680 -2702
58700 182266 -2699
58800 182665 -2692
58900 183832 -2710
59000 183282 -2705
59100 183992 -2703
59200 181238 -2696
59300 182000 -2694
59400 182698 -2692
59500 184244 -2705
59600 184077 -2704
59700 181303 -2691
59800 182142 -2689
59900 183529 -2703
60000 184249 -2701
60100 181718 -2692
60200 182406 -2686
60300 182738 -2705
60400 181316 -2695
60500 183053 -2689
60600 183161 -2704
60700 180740 -2698
60800 182551 3068
60900 183506 3053
61000 181238 3064
61100 184183 3069
61200 179634 3060
61300 182717 3065
61400 184741 3071
61500 181177 3062
61600 184538 3071
61700 180763 3063
61800 182874 3068
61900 180353 3064
62000 182641 3069
62100 180607 3083
62200 182180 3070
62300 185626 3072
62400 183017 3070
62500 182188 3083
62600 182575 3071
62700 179512 3064
62800 183441 3070
62900 184768 3056
63000 183009 3072
63100 180245 3071
63200 182458 3054
63300 181452 3076
63400 182541 3060
63500 182756 3080
63600 183758 3064
63700 184152 3084
63800 184029 3071
63900 182173 3069
64000 183590 3058
64100 184056 3078
64200 181173 3080
64300 182807 3059
64400 183683 3080
64500 181270 3096
64600 182745 3075
64700 183166 3058
64800 184153 3078
64900 182071 3087
65000 183138 3074
65100 181820 3079
65200 182815 3065
65300 183824 3080
65400 180723 3047
65500 184229 3077
65600 182289 3087
65700 183945 3068
65800 181830 3079
65900 182519 3064
66000 180614 3076
66100 182030 3056
66200 181018 3071
66300 179234 3084
66400 179691 3069
66500 179618 3080
66600 185478 3075
66700 184593 3082
66800 184126 3072
66900 184288 3083
67000 185692 3070
67100 184180 3084
67200 185517 3071
67300 179863 3074
67400 178517 3089
67500 185736 3082
67600 179535 3094
67700 181226 3074
67800 180047 3089
67900 182467 3078
68000 181168 3094
68100 184036 3075
68200 184504 3093
68300 185400 3078
68400 185783 3096
68500 186597 3081
68600 180552 3065
68700 181252 3084
68800 183754 3063
68900 184054 3089
69000 184907 3065
69100 180500 3095
69200 181193 3071
69300 183716 3091
69400 183889 3083
69500 185430 3094
69600 180046 3092
69700 180250 3075
69800 183161 3094
69900 184940 3078
70000 186676 3096
70100 181417 3096
70200 181354 3079
70300 184713 3097
70400 186245 3080
70500 180513 3081
70600 182707 3100
70700 184069 3081
70800 185393 3063
70900 182448 3102
71000 183661 3083
71100 183347 3074
71200 182231 3105
71300 181875 3096
71400 182841 3076
71500 187571 3100
71600 181587 3098
71700 184136 3076
71800 185413 3064
71900 183742 3108
72000 182538 3090
72100 185494 3074
72200 184400 3119
72300 184767 3097
72400 185839 3085
72500 179879 3097
72600 180864 3084
72700 189123 3100
72800 182764 3105
72900 183632 3091
73000 184423 3078
73100 186998 3059
73200 186908 3106
73300 187609 3092
73400 188270 3078
73500 182893 3095
73600 186381 3084
73700 179400 3094
73800 181066 3088
73900 187464 3094
74000 190926 3081
74100 185750 3102
74200 186057 3086
74300 182208 3102
74400 182208 3102
74500 183978 3079
74600 182183 3104
74700 182183 3088
74800 183774 3080
74900 178483 3106
75000 179847 3082
75100 189796 3097
75200 185393 3124
75300 188409 3106
75400 189942 3097
75500 185152 3126
75600 188049 3107
75700 187546 3090
75800 185534 3128
75900 188298 3108
76000 187579 3091
76100 185361 3130
76200 187952 3109
76300 189255 3098
76400 188292 3081
76500 188265 3110
76600 189467 3099
76700 190618 3088
76800 189251 3128
76900 180834 3095
77000 182867 3071
77100 182437 3115
77200 183413 3103
77300 181845 3086
77400 183826 3134
77500 184683 3122
77600 186353 3096
77700 187164 3083
77800 187903 3070
77900 188651 -2646
78000 189324 -2659
78100 190004 -2672
78200 181527 -2635
78300 182040 -2649
78400 182557 -2663
78500 182992 -2677
78600 186307 -2689
78700 188335 -2643
78800 188710 -2657
78900 192286 -2685
79000 177452 -2692
79100 182262 -2642
79200 182357 -2657
79300 185468 -2671
79400 188534 -2687
79500 189069 -2625
79600 192088 -2655
79700 178855 -2652
79800 181905 -2653
79900 143904 -2805
80000 65734 2321
80100 239277 -2790
80200 191153 -2655
80300 178375 -2646
80400 181018 -2664
80500 180457 -2680
80600 189504 -2636
80700 188785 -2652
80800 192088 -2655
80900 191339 -2672
81000 180483 -2659
81100 193173 -2623
81200 192088 -2639
81300 195542 -2644
81400 187672 -2650
81500 181310 -2637
81600 184609 -2643
81700 183401 -2659
81800 185290 -2682
81900 188669 -2689
82000 197101 -2647
82100 186388 -2623
82200 189776 -2631
82300 188133 -2647
82400 191463 -2656
82500 193036 -2681
82600 183363 -2652
82700 183363 -2652
82800 184604 -2678
82900 184604 -2678
83000 187821 -2688
83100 176781 -2654
83200 189833 -2628
83300 177732 -2611
83400 193156 -2640
83500 193878 -2668
83600 187758 -2613
83700 187758 -2613
83800 188123 -2642
83900 191314 -2655
84000 191506 -2684
84100 181330 -2610
84200 184328 -2625
84300 187277 -2640
84400 184136 -2654
84500 187076 -2670
84600 189951 -2686
84700 182499 -2604
84800 182097 -2635
84900 184761 -2652
85000 187546 -2669
85100 187546 -2669
85200 182134 -2598
85300 181049 -2630
85400 181049 -2630
85500 183461 -2648
85600 185973 -2668
85700 185973 -2668
85800 184018 -2593
85900 186429 -2613
86000 188683 -2634
86100 188683 -2634
86200 191021 -2655
86300 193173 -2677
86400 193173 -2677
86500 190691 -2601
86600 192655 -2623
86700 192655 -2623
86800 194682 -2647
86900 196470 -2670
87000 175728 -2683
87100 177373 -2707
87200 199882 -2618
87300 178780 -2618
87400 180221 -2643
87500 180221 -2643
87600 181398 -2668
87700 182600 -2694
87800 187986 -2574
87900 188986 -2601
88000 188986 -2601
88100 190003 -2628
88200 190691 -2655
88300 191385 -2683
88400 197230 -2680
88500 197230 -2680
88600 178127 -2568
88700 178127 -2568
88800 178475 -2596
88900 184328 -2595
89000 184328 -2625
89100 184328 -2625
89200 184328 -2654
89300 183945 -2684
89400 183945 -2684
89500 189951 -2686
89600 197122 -2570
89700 196687 -2600
89800 173581 -2576
89900 179562 -2581
90000 178729 -2611
90100 178729 -2611
90200 184819 -2617
90300 183461 -2648
90400 182133 -2680
90500 188591 -2687
90600 188591 -2687
90700 166506 -2626
90800 164696 -2658
90900 164696 -2658
91000 164696 -2658
91100 182177 -2567
91200 188786 -2578
91300 188786 -2578
91400 192656 -2623
91500 192656 -2623
91600 199883 -2637
91700 196774 -2670
91800 196774 -2670
91900 175999 -2569
92000 178780 -2618
92100 178780 -2618
92200 185392 -2636
92300 181696 -2668
92400 185392 -2636
92500 185392 -2636
92600 183517 -2720
92700 183517 -2720
92800 164548 -2612
92900 164548 -2612
93000 170148 -2636
93100 170148 -2636
93200 170148 -2636
93300 197999 -2598
93400 197999 -2598
93500 171472 -2693
93600 197999 -2598
93700 177096 -2720
93800 177096 -2720
93900 197999 -2509
94000 161665 -2615
94100 167340 -2585
94200 197121 -2570
94300 203526 -2603
94400 211670 -2574
94500 203526 -2603
94600 203526 -2603
94700 209542 -2639
94800 209542 -2639
94900 177095 -2715
95000 177095 -2715
95100 163376 -2553
95200 156838 -2578
95300 160830 -2617
95400 167902 -2593
95500 172827 -2635
95600 172827 -2635
95700 172827 -2635
95800 172827 -2635
95900 168854 -2701
96000 177095 -2680
96100 181696 -2726
96200 181696 -2726
96300 181696 -2502
96400 181696 -2502
96500 175999 -2794
96600 185392 -2551
96700 175999 -2569
96800 189323 -2602
96900 189323 -2602
97000 189323 -2602
97100 192087 -2655
97200 189323 -2602
97300 189323 -2602
97400 192087 -2655
97500 194976 -2710
97600 194976 -2710
97700 194976 -2710
97800 196470 -2541
97900 196470 -2541
98000 196470 -2541
98100 148354 -2463
98200 209805 -2534
98300 211670 -2594
98400 211670 -2594
98500 149673 -2524
98600 160007 -2520
98700 149673 3175
98800 149673 3175
98900 160007 3175
99000 160007 3175
99100 160007 3110
99200 160007 3110
99300 160007 3110
99400 160007 3110
99500 158399 3045
99600 170806 3035
99700 209194 3279
99800 170806 3035
99900 168854 2967
100000 168854 2967
