1000 189568 3276
1100 184165 3267
1200 180510 3256
1300 176079 3245
1400 172583 3239
1500 170055 3228
1600 167029 3219
1700 164966 3215
1800 162145 3204
1900 160638 3200
2000 158747 3194
2100 157327 3186
2200 155946 3182
2300 154625 3173
2400 152896 3167
2500 152087 3163
2600 151303 3158
2700 150063 3154
2800 148909 3153
2900 148095 3145
3000 147294 3142
3100 146122 3136
3200 145557 3136
3300 145129 3129
3400 144672 3128
3500 144107 3124
3600 143283 3119
3700 143034 3118
3800 142558 3113
3900 141640 3113
4000 141423 3110
4100 141098 3106
4200 140544 3102
4300 140316 3102
4400 139298 3098
4500 139267 3096
4600 139177 3093
4700 138595 3091
4800 138190 3092
4900 137673 3089
5000 137555 3083
5100 137425 3084
5200 137018 3083
5300 136749 3082
5400 136387 3079
5500 136029 3078
5600 135872 3076
5700 135722 3076
5800 135240 3073
5900 135057 3072
6000 135284 3070
6100 134765 3067
6200 134752 3067
6300 134257 3068
6400 134020 3066
6500 133866 3063
6600 133479 3060
6700 133228 3061
6800 133222 3061
6900 133330 3058
7000 133170 3056
7100 132571 3057
7200 132669 3056
7300 132233 3056
7400 132357 3054
7500 132108 3052
7600 131817 3053
7700 131502 3052
7800 131947 3049
7900 131437 3052
8000 131864 3049
8100 131735 -2712
8200 131339 -2715
8300 131328 -2712
8400 130740 -2715
8500 131187 -2716
8600 130720 -2714
8700 131157 -2716
8800 130910 -2717
8900 130564 -2720
9000 130493 -2716
9100 130320 -2721
9200 130256 -2719
9300 130272 -2721
9400 129810 -2721
9500 129820 -2722
9600 130114 -2722
9700 129738 -2723
9800 129281 -2722
9900 129735 -2724
10000 129372 -2723
10100 129096 -2726
10200 129363 -2727
10300 129390 -2726
10400 129329 -2725
10500 129051 -2730
10600 129197 -2728
10700 129410 -2728
10800 128736 -2729
10900 128569 -2726
11000 128568 -2730
11100 128540 -2732
11200 128299 -2728
11300 128689 -2730
11400 128254 -2732
11500 128427 -2727
11600 127931 -2731
11700 128479 -2732
11800 127918 -2734
11900 128295 -2731
12000 127832 -2734
12100 127871 -2733
12200 128014 -2734
12300 127844 -2736
12400 127906 -2733
12500 127620 -2733
12600 127557 -2734
12700 127504 -2737
12800 127314 -2732
12900 127385 -2736
13000 127573 -2738
13100 127131 -2736
13200 127102 -2739
13300 127007 -2737
13400 126841 -2736
13500 127009 -2738
13600 126994 -2736
13700 126829 -2740
13800 127027 -2739
13900 126909 -2736
14000 126841 -2740
14100 126557 -2741
14200 126721 -2739
14300 126517 -2739
14400 126302 -2738
14500 126442 -2742
14600 126488 -2741
14700 126187 -2742
14800 126413 -2740
14900 126338 -2739
15000 126051 -2743
15100 126051 -2738
15200 126538 -2743
15300 126051 -2742
15400 125817 -2742
15500 126160 -2743
15600 125962 -2741
15700 125542 -2741
15800 126050 -2742
15900 125771 -2740
16000 125874 -2744
16100 125830 -2744
16200 125886 -2743
16300 126044 -2742
16400 125594 -2742
16500 125642 -2745
16600 125481 -2745
16700 125832 -2743
16800 125571 -2742
16900 125319 -2741
17000 125194 -2744
17100 125666 -2743
17200 125721 -2742
17300 125580 -2740
17400 125729 -2743
17500 125564 -2745
17600 125207 -2743
17700 125230 -2746
17800 125598 -2744
17900 124907 -2745
18000 125287 -2744
18100 125009 -2744
18200 125277 -2747
18300 125101 -2743
18400 124997 -2744
18500 125292 -2746
18600 124866 -2744
18700 125396 -2742
18800 125257 -2744
18900 125209 -2743
19000 125227 -2744
19100 125182 -2743
19200 124732 -2741
19300 124404 -2745
19400 124633 -2744
19500 124927 -2745
19600 124788 -2750
19700 124487 -2745
19800 125103 -2745
19900 124406 -2747
20000 124468 -2743
20100 124567 -2746
20200 124474 -2742
20300 124440 -2747
20400 124435 -2745
20500 124547 -2741
20600 124836 -2745
20700 124713 -2745
20800 124436 -2745
20900 124602 -2744
21000 124487 -2745
21100 124590 -2744
21200 124076 -2746
21300 124332 -2745
21400 124687 -2747
21500 124065 -2745
21600 124247 -2744
21700 123935 -2746
21800 124363 -2745
21900 124273 -2746
22000 123955 -2747
22100 123937 -2748
22200 124444 -2747
22300 124425 -2749
22400 124192 -2744
22500 124229 -2746
22600 124237 -2746
22700 124356 -2748
22800 124415 -2743
22900 123765 -2745
23000 124224 -2746
23100 123545 -2742
23200 124057 -2748
23300 123628 -2745
23400 124144 -2745
23500 123851 -2747
23600 123690 -2745
23700 123604 -2746
23800 123970 -2746
23900 124202 -2746
24000 123788 -2742
24100 123832 -2744
24200 124093 -2745
24300 123566 -2746
24400 123682 -2746
24500 123678 -2747
24600 123277 -2743
24700 123509 -2743
24800 123449 -2748
24900 123682 -2744
25000 123031 -2744
25100 123604 -2744
25200 123319 -2745
25300 123884 -2745
25400 123700 -2744
25500 123764 -2744
25600 123346 3016
25700 123654 3017
25800 123462 3016
25900 123661 3017
26000 123443 3014
26100 123628 3014
26200 123817 3015
26300 123289 3018
26400 123497 3019
26500 123707 3015
26600 123342 3019
26700 123510 3013
26800 123254 3017
26900 123757 3018
27000 123320 3016
27100 123202 3022
27200 122838 3019
27300 123164 3016
27400 122894 3015
27500 122923 3018
27600 123430 3016
27700 123645 3019
27800 123315 3020
27900 123326 3020
28000 123335 3019
28100 123284 3018
28200 123347 3018
28300 122969 3015
28400 123480 3019
28500 123525 3017
28600 122680 3018
28700 122820 3020
28800 123209 3018
28900 123461 3019
29000 123101 3017
29100 123556 3016
29200 122990 3017
29300 123514 3019
29400 122784 3020
29500 123411 3022
29600 123393 3017
29700 122933 3021
29800 123580 3021
29900 122349 3019
30000 123280 3020
30100 123130 3023
30200 123078 3021
30300 123283 3018
30400 123162 3021
30500 123047 3024
30600 122658 3018
30700 122749 3021
30800 122955 3019
30900 123465 3018
31000 122315 3020
31100 122740 3023
31200 122557 3017
31300 122984 3023
31400 122585 3018
31500 123104 3022
31600 122369 3025
31700 122483 3022
31800 123170 3024
31900 123036 3021
32000 122557 3025
32100 122853 3022
32200 122755 3024
32300 122678 3022
32400 122814 3026
32500 122992 3022
32600 122840 3026
32700 123206 3024
32800 122525 3020
32900 122704 3024
33000 122797 3021
33100 122330 3026
33200 122866 3022
33300 122229 3021
33400 122750 3025
33500 123229 3023
33600 122776 3019
33700 122494 3027
33800 122971 3023
33900 122776 3022
34000 122703 3027
34100 123314 3025
34200 122005 3027
34300 123204 3023
34400 122846 3023
34500 122618 3021
34600 122710 3021
34700 122622 3020
34800 122577 3021
34900 123144 3028
35000 121994 3031
35100 123197 3028
35200 122325 3029
35300 122806 3030
35400 122578 3025
35500 121738 3028
35600 122379 3029
35700 122671 3029
35800 123024 3030
35900 121979 3025
36000 122884 3027
36100 121870 3027
36200 122593 3028
36300 122164 3032
36400 122475 3026
36500 122133 3029
36600 122408 3025
36700 122522 3032
36800 122635 3026
36900 122702 3031
37000 122645 3026
37100 122355 3027
37200 122539 3038
37300 122269 3034
37400 122541 3029
37500 122247 3029
37600 121965 3030
37700 122297 3026
37800 122115 3028
37900 122326 3027
38000 122879 3035
38100 121854 3032
38200 122258 3028
38300 122217 3029
38400 122439 3030
38500 122289 3033
38600 121589 3033
38700 122450 3026
38800 122570 3030
38900 122813 3031
39000 122105 3032
39100 122740 3033
39200 121745 3032
39300 122444 3036
39400 122191 3027
39500 122531 3031
39600 122574 3031
39700 121955 3031
39800 122702 3034
39900 122590 3033
40000 122356 3028
40100 122005 3036
40200 122901 3031
40300 122609 3032
40400 122403 3033
40500 122545 3034
40600 122169 3034
40700 122323 3036
40800 122061 3038
40900 122127 3033
41000 122411 3032
41100 122518 3034
41200 122587 3039
41300 121849 3030
41400 122211 3032
41500 122587 3034
41600 122739 3037
41700 121659 3038
41800 122191 3033
41900 122987 -2724
42000 122253 -2719
42100 122206 -2726
42200 121912 -2724
42300 122414 -2730
42400 121686 -2723
42500 122532 -2722
42600 121476 -2726
42700 119996 -2717
42800 121441 -2735
42900 122224 -2721
43000 122879 -2725
43100 121994 -2725
43200 121684 -2727
43300 121503 -2721
43400 122884 -2731
43500 122341 -2721
43600 121969 -2727
43700 122082 -2719
43800 121739 -2722
43900 121136 -2726
44000 122871 -2720
44100 121195 -2720
44200 122341 -2726
44300 121508 -2714
44400 122446 -2721
44500 122504 -2723
44600 121009 -2717
44700 122100 -2724
44800 122852 -2718
44900 121742 -2713
45000 121782 -2716
45100 121485 -2716
45200 122105 -2717
45300 122109 -2716
45400 122220 -2717
45500 122843 -2719
45600 121875 -2712
45700 121603 -2711
45800 121153 -2719
45900 121440 -2721
46000 121970 -2721
46100 122508 -2720
46200 121835 -2713
46300 121419 -2719
46400 121684 -2722
46500 122524 -2718
46600 121063 -2718
46700 121623 -2718
46800 122345 -2716
46900 121686 -2724
47000 121597 -2712
47100 122710 -2713
47200 122345 -2720
47300 122185 -2707
47400 121420 -2714
47500 121348 -2721
47600 121653 -2707
47700 121373 -2713
47800 122519 -2713
47900 122204 -2719
48000 121314 -2712
48100 122500 -2712
48200 122139 -2718
48300 121650 -2712
48400 121212 -2713
48500 122947 -2714
48600 122517 -2707
48700 121979 -2711
48800 122120 -2716
48900 122012 -2718
49000 121498 -2709
49100 121725 -2712
49200 121367 -2715
49300 121140 -2709
49400 121491 -2709
49500 121722 -2712
49600 121561 -2714
49700 121552 -2705
49800 121941 -2706
49900 122305 -2713
50000 122418 -2714
50100 121049 -2718
50200 121248 -2705
50300 122057 -2709
50400 122140 -2710
50500 122869 -2713
50600 121344 -2714
50700 121721 -2714
50800 122460 -2703
50900 121246 -2703
51000 121971 -2706
51100 122660 -2709
51200 121418 -2708
51300 122090 -2711
51400 120846 -2708
51500 121804 -2712
51600 123085 -2713
51700 121782 -2712
51800 122457 -2713
51900 121790 -2712
52000 122450 -2716
52100 121766 -2712
52200 121158 -2708
52300 121497 -2710
52400 121149 -2708
52500 122454 -2708
52600 121270 -2703
52700 120912 -2701
52800 122278 -2702
52900 121723 -2697
53000 121430 -2695
53100 121612 -2710
53200 121371 -2706
53300 122833 -2705
53400 122688 -2698
53500 121093 -2709
53600 120995 -2702
53700 121246 -2696
53800 122648 -2699
53900 121127 -2704
54000 123090 -2709
54100 121308 -2693
54200 121540 -2708
54300 122020 -2699
54400 121009 -2706
54500 122537 -2708
54600 122923 -2702
54700 121718 -2705
54800 122182 -2699
54900 121434 -2701
55000 121606 -2694
55100 122020 -2708
55200 122700 -2700
55300 122049 -2706
55400 122164 -2694
55500 121711 -2698
55600 120402 -2699
55700 121776 -2691
55800 122195 -2704
55900 121118 -2707
56000 122224 -2698
56100 121392 -2698
56200 120861 -2701
56300 121280 -2694
56400 122588 -2704
56500 121748 -2709
56600 121145 -2707
56700 122740 -2696
56800 122419 -2697
56900 121596 -2697
57000 121025 -2695
57100 120510 -2693
57200 121256 -2711
57300 123365 -2699
57400 122854 -2697
57500 122297 -2695
57600 122142 -2691
57700 121809 -2691
57800 122276 -2703
57900 122124 -2699
58000 121763 -2699
58100 122004 -2693
58200 121476 -2691
58300 121768 -2685
58400 122979 -2705
58500 122655 -2698
58600 119855 -2697
58700 119874 -2696
58800 120075 -2687
58900 120919 -2705
59000 120668 -2697
59100 121592 -2694
59200 121946 -2688
59300 121973 -2684
59400 120130 -2700
59500 120500 -2694
59600 121405 -2688
59700 121847 -2683
59800 119231 -2695
59900 120180 -2689
60000 121100 -2683
60100 121851 -2699
60200 122401 -2694
60300 120400 -2683
60400 121043 -2700
60500 122070 -2691
60600 120055 -2678
60700 121066 -2699
60800 122175 -2691
60900 120132 3059
61000 121205 3068
61100 122409 3076
61200 120175 3064
61300 121334 3072
61400 119139 3064
61500 120904 3071
61600 122157 3079
61700 120289 3071
61800 121594 3075
61900 119834 3071
62000 121672 3078
62100 121747 3062
62200 121284 3081
62300 121786 3065
62400 120787 3082
62500 121352 3068
62600 121082 3088
62700 121276 3067
62800 119532 3069
62900 121558 3074
63000 119530 3072
63100 122401 3079
63200 120457 3078
63300 121285 3062
63400 120054 3083
63500 121531 3068
63600 121359 3091
63700 122058 3075
63800 119728 3081
63900 123210 3082
64000 120728 3086
64100 121575 3072
64200 119419 3074
64300 123385 3077
64400 121200 3085
64500 118931 3094
64600 119758 3074
64700 122887 3074
64800 121560 3084
64900 120223 3089
65000 120807 3074
65100 119125 3082
65200 123287 3087
65300 120768 3086
65400 122016 3079
65500 120401 3088
65600 121650 3071
65700 119896 3081
65800 120215 3065
65900 119064 3078
66000 123216 3072
66100 122916 3084
66200 122698 3071
66300 122577 3084
66400 123201 3069
66500 121555 3080
66600 121195 3098
66700 121181 3080
66800 121086 3094
66900 121551 3079
67000 120440 3099
67100 121741 3081
67200 120873 3097
67300 122111 3079
67400 121461 3096
67500 122338 3082
67600 122575 3066
67700 122433 3084
67800 122200 3096
67900 123625 3083
68000 119951 3063
68100 119958 3083
68200 120631 3068
68300 120713 3093
68400 121546 3072
68500 121780 3092
68600 122157 3081
68700 122868 3095
68800 118521 3079
68900 119669 3101
69000 120806 3085
69100 121068 3075
69200 121821 3094
69300 122890 3078
69400 123575 3098
69500 119697 3092
69600 120731 3069
69700 121671 3095
69800 122583 3078
69900 124297 3098
70000 125143 3086
70100 120830 3076
70200 122926 3102
70300 123679 3084
70400 119482 3082
70500 121514 3101
70600 122143 3083
70700 122803 3070
70800 120159 3108
70900 120768 3095
71000 121238 3076
71100 124557 3099
71200 120048 3095
71300 120709 3088
71400 123509 3105
71500 119718 3109
71600 120137 3095
71700 121357 3079
71800 124336 3101
71900 119915 3109
72000 121045 3092
72100 122156 3075
72200 125969 3103
72300 121766 3103
72400 121940 3088
72500 123273 3077
72600 123082 3121
72700 123152 3105
72800 124451 3093
72900 119676 3106
73000 120894 3094
73100 121663 3075
73200 118397 3093
73300 122731 3111
73400 123890 3097
73500 119984 3111
73600 121073 3097
73700 122144 3083
73800 121826 3066
73900 123526 3119
74000 124534 3104
74100 124719 3093
74200 122310 3112
74300 122446 3101
74400 123340 3085
74500 120623 3100
74600 120675 3089
74700 122172 3078
74800 119078 3105
74900 125940 3113
75000 119757 3077
75100 123539 3130
75200 118578 3094
75300 125599 3100
75400 126176 3082
75500 124370 3117
75600 124857 3098
75700 125309 3080
75800 123463 3123
75900 124482 3097
76000 125119 3090
76100 123776 3127
76200 125025 3113
76300 125248 3093
76400 124632 3131
76500 125806 3116
76600 125318 3104
76700 127545 3092
76800 125655 3127
76900 126723 3111
77000 127242 3103
77100 119685 3126
77200 119043 3114
77300 121051 3100
77400 121500 3092
77500 120529 3123
77600 122104 3117
77700 122889 3099
77800 122416 3078
77900 123987 -2627
78000 124671 -2646
78100 125310 -2665
78200 125619 -2674
78300 119288 -2626
78400 119537 -2636
78500 121298 -2653
78600 121736 -2673
78700 123180 -2618
78800 123539 -2638
78900 125226 -2657
79000 125352 -2668
79100 126984 -2687
79200 119214 -2620
79300 120715 -2640
79400 120747 -2651
79500 122175 -2661
79600 122175 -2672
79700 126364 -2628
79800 117803 -2617
79900 147279 -2455
80000 194389 2909
80100 83952 -2542
80200 121452 -2685
80300 125789 -2631
80400 127132 -2643
80500 126667 -2666
80600 118467 -2650
80700 119663 -2663
80800 123922 -2619
80900 125468 -2621
81000 126283 -2647
81100 122466 -2618
81200 120083 -2638
81300 122682 -2656
81400 119639 -2649
81500 123248 -2683
81600 128025 -2630
81700 129031 -2646
81800 120955 -2616
81900 121846 -2632
82000 123408 -2637
82100 123595 -2665
82200 124451 -2682
82300 126016 -2688
82400 118630 -2652
82500 119350 -2670
82600 118535 -2681
82700 127435 -2638
82800 130646 -2651
82900 121283 -2601
83000 123367 -2627
83100 123851 -2646
83200 124341 -2664
83300 125226 -2688
83400 125845 -2672
83500 119290 -2622
83600 120723 -2631
83700 122500 -2659
83800 122735 -2679
83900 122913 -2699
84000 124359 -2709
84100 118005 -2641
84200 118005 -2641
84300 120779 -2662
84400 120779 -2683
84500 120715 -2704
84600 114976 -2638
84700 128904 -2597
84800 117478 -2660
84900 118726 -2672
85000 129766 -2652
85100 131093 -2664
85200 126822 -2588
85300 126307 -2610
85400 115388 -2657
85500 116493 -2670
85600 130044 -2649
85700 131256 -2663
85800 119853 -2711
85900 117528 -2621
86000 118608 -2635
86100 119638 -2649
86200 117757 -2657
86300 119719 -2687
86400 120696 -2702
86500 117092 -2592
86600 117982 -2607
86700 118893 -2623
86800 121846 -2632
86900 120603 -2655
87000 124450 -2682
87100 122208 -2574
87200 125226 -2585
87300 125226 -2585
87400 126720 -2620
87500 127435 -2638
87600 127435 -2638
87700 128691 -2673
87800 131317 -2669
87900 131885 -2574
88000 114714 -2576
88100 115117 -2595
88200 115525 -2614
88300 116144 -2653
88400 115833 -2633
88500 118615 -2651
88600 118837 -2670
88700 121726 -2689
88800 121726 -2689
88900 126821 -2584
89000 126947 -2604
89100 126947 -2604
89200 129800 -2646
89300 113842 -2606
89400 132711 -2667
89500 116270 -2649
89600 116270 -2649
89700 118726 -2672
89800 118460 -2694
89900 124242 -2564
90000 120920 -2718
90100 126821 -2588
90200 126380 -2610
90300 129411 -2614
90400 128788 -2636
90500 132000 -2640
90600 112005 -2593
90700 114018 -2621
90800 114018 -2621
90900 116144 -2649
91000 112428 -2665
91100 118064 -2680
91200 117092 -2702
91300 117092 -2702
91400 134257 -2587
91500 121846 -2743
91600 136228 -2619
91700 123689 -2551
91800 123689 -2551
91900 122208 -2574
92000 125226 -2585
92100 125226 -2585
92200 128479 -2597
92300 126821 -2620
92400 128058 -2655
92500 128058 -2655
92600 134595 -2684
92700 134595 -2684
92800 117629 -2592
92900 114714 -2576
93000 115525 -2614
93100 115525 -2614
93200 118283 -2631
93300 118948 -2670
93400 121249 -2648
93500 121726 -2689
93600 121726 -2689
93700 121726 -2689
93800 124707 -2708
93900 111339 -2565
94000 113841 -2585
94100 113841 -2585
94200 116520 -2606
94300 116269 -2649
94400 121918 -2652
94500 118859 -2672
94600 121918 -2652
94700 121344 -2696
94800 127476 -2702
94900 110901 -2521
95000 110901 -2521
95100 109830 -2566
95200 115524 -2575
95300 112005 -2593
95400 115524 -2575
95500 117737 -2603
95600 117737 -2603
95700 117737 -2603
95800 120082 -2633
95900 118064 -2680
96000 122207 -2664
96100 120082 -2711
96200 124450 -2696
96300 126416 -2729
96400 121845 -2518
96500 128478 -2538
96600 123689 -2551
96700 128478 -2538
96800 130203 -2573
96900 131999 -2609
97000 131999 -2609
97100 131999 -2609
97200 133396 -2646
97300 131999 -2609
97400 133396 -2646
97500 140556 -2675
97600 140556 -2675
97700 141676 -2715
97800 142823 -2756
97900 100991 -2756
98000 142823 -2531
98100 100991 -2461
98200 101404 -2502
98300 101404 -2502
98400 106310 -2498
98500 106792 -2541
98600 112005 -2539
98700 106792 -2541
98800 106792 3175
98900 106792 3175
99000 112005 3175
99100 112005 3175
99200 106792 3131
99300 112005 3129
99400 118063 3127
99500 111449 3084
99600 117413 3079
99700 116773 3031
99800 116773 3031
99900 116773 3031
100000 116773 3031