1000 113173 3091
1100 111907 3085
1200 110254 3086
1300 108390 3081
1400 107899 3074
1500 106924 3069
1600 106505 3064
1700 106566 3062
1800 108082 3055
1900 107997 3050
2000 104812 3050
2100 104788 3045
2200 104454 3040
2300 104477 3038
2400 103542 3039
2500 102855 3038
2600 102764 3033
2700 102111 3031
2800 101407 3030
2900 101392 3027
3000 100839 3025
3100 100362 3024
3200 100474 3020
3300 100176 3018
3400 99739 3020
3500 99679 3011
3600 99239 3009
3700 99012 3010
3800 98788 3011
3900 98773 3010
4000 97882 3007
4100 98265 3007
4200 98108 3007
4300 99146 3001
4400 96541 2999
4500 97140 2999
4600 98535 2995
4700 98838 2994
4800 96446 2993
4900 98579 2991
5000 97629 2993
5100 97478 2990
5200 97545 2986
5300 97310 2992
5400 97424 2988
5500 97546 2985
5600 96975 2989
5700 96877 2984
5800 96970 2981
5900 96609 2985
6000 96764 2983
6100 96612 2985
6200 97980 2980
6300 97049 2979
6400 96792 2984
6500 96234 2978
6600 96495 2974
6700 96546 2978
6800 95764 2979
6900 96207 2977
7000 95733 2979
7100 96323 2975
7200 96828 2973
7300 96329 2973
7400 95961 2970
7500 95597 2972
7600 96085 2976
7700 95918 2971
7800 95910 2973
7900 94191 2969
8000 94565 2973
8100 95378 2968
8200 95546 2971
8300 95572 2966
8400 94967 -2790
8500 95656 -2795
8600 95394 -2792
8700 95288 -2795
8800 94707 -2793
8900 93102 -2794
9000 94105 -2792
9100 94298 -2797
9200 95174 -2793
9300 94503 -2796
9400 95715 -2794
9500 96217 -2798
9600 95939 -2794
9700 95676 -2796
9800 95564 -2793
9900 95230 -2794
10000 95008 -2798
10100 94827 -2799
10200 95085 -2795
10300 95538 -2799
10400 95072 -2793
10500 95910 -2796
10600 95215 -2796
10700 95077 -2798
10800 95154 -2799
10900 95765 -2797
11000 95651 -2798
11100 95114 -2797
11200 95216 -2798
11300 94795 -2796
11400 94940 -2798
11500 95224 -2800
11600 94994 -2799
11700 94212 -2802
11800 94642 -2803
11900 94457 -2801
12000 94833 -2803
12100 94610 -2801
12200 94728 -2798
12300 93982 -2801
12400 94830 -2799
12500 94732 -2801
12600 94198 -2803
12700 94657 -2801
12800 93444 -2801
12900 94087 -2798
13000 94246 -2806
13100 94592 -2803
13200 94335 -2804
13300 94632 -2802
13400 94608 -2804
13500 94277 -2805
13600 94781 -2802
13700 94683 -2804
13800 94652 -2805
13900 94062 -2800
14000 94203 -2802
14100 94184 -2802
14200 94122 -2804
14300 94264 -2805
14400 94245 -2805
14500 94272 -2802
14600 94259 -2802
14700 94670 -2803
14800 94404 -2806
14900 94197 -2801
15000 94532 -2801
15100 95533 -2804
15200 95906 -2804
15300 95238 -2808
15400 94291 -2804
15500 95087 -2805
15600 94365 -2800
15700 94128 -2803
15800 94049 -2805
15900 93482 -2801
16000 94256 -2804
16100 94037 -2805
16200 93939 -2807
16300 93855 -2802
16400 93666 -2805
16500 93818 -2806
16600 93854 -2803
16700 94004 -2804
16800 94059 -2806
16900 94303 -2810
17000 94528 -2803
17100 93466 -2805
17200 93949 -2806
17300 94036 -2802
17400 93765 -2803
17500 94160 -2805
17600 94367 -2807
17700 93821 -2807
17800 95129 -2804
17900 94129 -2803
18000 93210 -2804
18100 93747 -2804
18200 94113 -2807
18300 93653 -2807
18400 93440 -2807
18500 93284 -2806
18600 93650 -2807
18700 92788 -2806
18800 92702 -2805
18900 92775 -2806
19000 92866 -2805
19100 93626 -2810
19200 94357 -2802
19300 94912 -2800
19400 95027 -2800
19500 94832 -2809
19600 95007 -2807
19700 94452 -2802
19800 94855 -2803
19900 95007 -2802
20000 94986 -2807
20100 94590 -2802
20200 94999 -2803
20300 94336 -2805
20400 94964 -2804
20500 94847 -2810
20600 94788 -2805
20700 94671 -2800
20800 94795 -2805
20900 94961 -2810
21000 94956 -2806
21100 94439 -2805
21200 95147 -2804
21300 94779 -2804
21400 94417 -2804
21500 94532 -2808
21600 94915 -2804
21700 94623 -2803
21800 94395 -2802
21900 94754 -2807
22000 94659 -2807
22100 94443 -2805
22200 94493 -2805
22300 94288 -2802
22400 94284 -2801
22500 94678 -2806
22600 94788 -2807
22700 94817 -2804
22800 94904 -2802
22900 94339 -2804
23000 94579 -2802
23100 94817 -2801
23200 94154 -2803
23300 94446 -2800
23400 94831 -2797
23500 95204 -2807
23600 94702 -2798
23700 94626 -2807
23800 95389 -2805
23900 94691 -2806
24000 94411 -2806
24100 93453 -2798
24200 93039 -2805
24300 92095 -2804
24400 94324 -2804
24500 94299 -2805
24600 94188 -2804
24700 97619 -2805
24800 96094 -2805
24900 96969 -2803
25000 95898 -2804
25100 95698 -2803
25200 95947 -2802
25300 95985 -2801
25400 95929 -2802
25500 95280 -2800
25600 95423 -2798
25700 95695 -2799
25800 95852 -2798
25900 95324 -2797
26000 95927 -2796
26100 96119 2957
26200 93928 2961
26300 94627 2961
26400 95111 2960
26500 94944 2964
26600 95391 2956
26700 94987 2959
26800 95718 2960
26900 95543 2961
27000 95295 2965
27100 95013 2959
27200 95780 2961
27300 95525 2963
27400 95115 2959
27500 95114 2963
27600 96120 2963
27700 94671 2961
27800 95746 2963
27900 95722 2957
28000 95792 2962
28100 94720 2962
28200 94934 2966
28300 94798 2962
28400 95030 2967
28500 95042 2963
28600 95501 2966
28700 95283 2963
28800 95281 2960
28900 95859 2965
29000 94937 2967
29100 95119 2962
29200 95129 2959
29300 95626 2962
29400 95447 2967
29500 95450 2964
29600 95488 2960
29700 96485 2964
29800 95926 2968
29900 95391 2958
30000 94995 2964
30100 95132 2962
30200 94520 2965
30300 94912 2963
30400 94828 2967
30500 95294 2964
30600 95433 2963
30700 95699 2965
30800 96010 2965
30900 95120 2963
31000 95256 2964
31100 95300 2967
31200 94447 2969
31300 94975 2966
31400 95277 2972
31500 95152 2963
31600 94681 2967
31700 94978 2962
31800 95384 2967
31900 94768 2971
32000 95565 2968
32100 94971 2970
32200 94877 2963
32300 95395 2969
32400 95116 2963
32500 94755 2966
32600 94405 2970
32700 95341 2968
32800 95220 2969
32900 94713 2964
33000 94790 2967
33100 95135 2972
33200 94709 2967
33300 93958 2973
33400 95959 2965
33500 94759 2971
33600 94197 2965
33700 95821 2970
33800 94969 2974
33900 95195 2969
34000 95453 2975
34100 95228 2970
34200 94292 2973
34300 94863 2969
34400 94485 2976
34500 93771 2971
34600 93839 2976
34700 94929 2970
34800 96121 2974
34900 93727 2974
35000 94921 2966
35100 93763 2976
35200 95205 2968
35300 94347 2976
35400 94979 2971
35500 94312 2969
35600 95039 2974
35700 94536 2972
35800 93971 2969
35900 94787 2977
36000 94357 2973
36100 95076 2967
36200 94948 2978
36300 94703 2976
36400 94181 2976
36500 94847 2969
36600 94740 2968
36700 94713 2979
36800 94498 2979
36900 94249 2979
37000 95184 2971
37100 94722 2973
37200 94401 2975
37300 94422 2974
37400 93584 2975
37500 93793 2974
37600 94401 2975
37700 95742 2982
37800 94179 2977
37900 94264 2977
38000 94558 2977
38100 94266 2979
38200 94315 2981
38300 93674 2972
38400 93822 2974
38500 93798 2974
38600 94262 2977
38700 94462 2978
38800 93932 2970
38900 93199 2983
39000 93619 2986
39100 93381 2978
39200 93686 2978
39300 94102 2981
39400 93504 2976
39500 94237 2977
39600 93603 2970
39700 94251 2973
39800 93065 2979
39900 93742 2981
40000 93606 2975
40100 94439 2978
40200 93829 2973
40300 94084 2986
40400 93746 2982
40500 93640 2975
40600 94427 2979
40700 94094 2977
40800 92949 2983
40900 93833 2985
41000 93799 2982
41100 93775 2979
41200 93792 2975
41300 93605 2974
41400 93022 2982
41500 93039 2982
41600 94423 2981
41700 94501 2978
41800 93868 2990
41900 93809 2987
42000 93880 2984
42100 93914 2983
42200 93971 2980
42300 93939 2994
42400 94207 2977
42500 92991 2986
42600 94079 2989
42700 91548 2979
42800 93076 2971
42900 94085 2995
43000 93546 2984
43100 92345 2974
43200 95067 -2771
43300 96773 -2774
43400 93610 -2776
43500 92243 -2769
43600 92065 -2770
43700 92611 -2771
43800 92885 -2774
43900 92538 -2773
44000 93060 -2774
44100 91907 -2770
44200 92238 -2773
44300 91312 -2768
44400 92174 -2771
44500 91574 -2768
44600 91918 -2769
44700 92854 -2770
44800 92062 -2767
44900 92790 -2769
45000 91921 -2779
45100 91152 -2774
45200 92087 -2775
45300 91489 -2771
45400 92253 -2772
45500 91705 -2767
45600 92212 -2782
45700 92402 -2761
45800 91527 -2772
45900 92181 -2771
46000 91993 -2767
46100 91778 -2761
46200 92959 -2763
46300 91931 -2769
46400 91918 -2763
46500 92100 -2777
46600 92026 -2771
46700 91962 -2763
46800 90960 -2766
46900 92402 -2769
47000 92388 -2760
47100 91319 -2767
47200 91637 -2761
47300 93234 -2763
47400 91739 -2765
47500 92385 -2758
47600 91644 -2762
47700 90602 -2764
47800 92222 -2770
47900 91567 -2772
48000 91820 -2765
48100 91295 -2765
48200 93031 -2769
48300 92092 -2771
48400 91252 -2775
48500 92172 -2764
48600 91777 -2766
48700 92506 -2756
48800 91218 -2757
48900 94871 -2769
49000 93325 -2764
49100 92780 -2764
49200 91835 -2762
49300 90986 -2761
49400 90177 -2760
49500 92785 -2768
49600 91684 -2764
49700 91886 -2766
49800 91514 -2764
49900 91377 -2761
50000 90627 -2761
50100 92102 -2752
50200 92621 -2767
50300 92464 -2764
50400 92246 -2764
50500 91713 -2757
50600 91927 -2755
50700 91897 -2754
50800 92264 -2770
50900 92174 -2766
51000 92052 -2763
51100 92435 -2758
51200 92116 -2755
51300 92244 -2749
51400 92223 -2766
51500 92536 -2759
51600 93268 -2757
51700 93209 -2753
51800 91591 -2747
51900 91658 -2765
52000 91799 -2758
52100 92322 -2756
52200 93000 -2749
52300 93167 -2763
52400 92044 -2760
52500 91498 -2752
52600 92295 -2748
52700 93122 -2765
52800 94917 -2764
52900 91558 -2747
53000 92047 -2765
53100 94628 -2765
53200 92516 -2752
53300 93103 -2746
53400 91097 -2757
53500 91746 -2751
53600 92917 -2743
53700 91009 -2756
53800 91998 -2748
53900 92520 -2765
54000 91602 -2751
54100 92604 -2746
54200 90608 -2754
54300 92209 -2746
54400 90545 -2752
54500 91591 -2747
54600 93201 -2742
54700 91176 -2747
54800 92785 -2745
54900 91138 -2747
55000 92544 -2742
55100 90973 -2747
55200 92579 -2740
55300 92954 -2759
55400 92511 -2740
55500 92939 -2758
55600 92823 -2739
55700 93325 -2754
55800 91586 -2754
55900 93487 -2750
56000 91927 -2751
56100 90418 -2751
56200 92433 -2748
56300 90693 -2750
56400 92832 -2745
56500 91727 -2743
56600 92411 -2759
56700 92413 -2738
56800 93050 -2754
56900 91921 -2752
57000 92187 -2728
57100 92319 -2745
57200 91434 -2744
57300 91917 -2756
57400 92848 -2737
57500 93079 -2752
57600 92186 -2746
57700 90790 -2739
57800 91587 -2758
57900 92507 -2736
58000 93092 -2747
58100 92163 -2741
58200 92410 -2759
58300 91419 -2745
58400 90516 -2737
58500 93458 -2741
58600 92680 -2733
58700 93044 -2750
58800 92457 -2740
58900 91824 -2727
59000 92101 -2745
59100 91407 -2731
59200 92078 -2750
59300 91951 -2738
59400 92108 -2756
59500 91321 -2739
59600 91727 -2755
59700 91666 -2743
59800 91252 -2731
59900 91447 -2745
60000 91162 -2733
60100 92079 -2748
60200 91725 -2736
60300 92497 -2749
60400 91838 -2734
60500 92578 -2747
60600 92390 -2738
60700 94339 -2756
60800 90077 -2737
60900 89693 -2753
61000 90940 -2740
61100 91493 -2750
61200 91435 -2737
61300 92015 -2751
61400 93043 -2740
61500 93169 -2751
61600 90782 -2736
61700 91270 -2751
61800 92352 -2733
61900 92422 -2748
62000 89621 -2726
62100 90389 3015
62200 91249 3036
62300 91602 3021
62400 92660 3038
62500 93362 3022
62600 91161 3047
62700 91408 3031
62800 92023 3014
62900 94040 3029
63000 90897 3027
63100 92093 3043
63200 92932 3021
63300 90022 3029
63400 91848 3044
63500 92282 3026
63600 92791 3012
63700 91220 3041
63800 91675 3027
63900 91713 3014
64000 91093 3047
64100 91886 3031
64200 91859 3017
64300 91125 3051
64400 91848 3035
64500 91917 3025
64600 92426 3004
64700 91943 3044
64800 92379 3023
64900 89610 3033
65000 90371 3019
65100 92775 3034
65200 93691 3013
65300 91907 3018
65400 91147 3009
65500 91475 3049
65600 91867 3030
65700 92109 3018
65800 90312 3028
65900 90877 3012
66000 93857 3027
66100 91581 3040
66200 92083 3024
66300 89643 3042
66400 90088 3026
66500 90824 3013
66600 92327 3051
66700 92691 3040
66800 93050 3023
66900 90736 3044
67000 92416 3026
67100 89594 3045
67200 94159 3056
67300 95105 3037
67400 95496 3054
67500 94247 3044
67600 94369 3026
67700 92495 3053
67800 92981 3038
67900 91730 3062
68000 92162 3046
68100 92571 3031
68200 92955 3014
68300 91722 3047
68400 92325 3026
68500 91256 3053
68600 92005 3039
68700 92986 3020
68800 91554 3052
68900 91522 3040
69000 92191 3025
69100 92088 3051
69200 92201 3033
69300 92602 3023
69400 92190 3054
69500 94210 3031
69600 93289 3022
69700 87881 3052
69800 94344 3039
69900 89321 3021
70000 89740 3056
70100 95017 3042
70200 90518 3022
70300 90192 3061
70400 91762 3040
70500 92548 3030
70600 92822 3063
70700 92988 3051
70800 87879 3036
70900 94009 3016
71000 89985 3055
71100 90065 3042
71200 91344 3031
71300 91403 3071
71400 92688 3053
71500 92696 3040
71600 93312 3021
71700 90630 3066
71800 91167 3047
71900 91122 3041
72000 92252 3020
72100 92815 3061
72200 89070 3063
72300 89537 3049
72400 96847 3064
72500 89676 3016
72600 92231 3056
72700 93288 3040
72800 89117 3046
72900 96864 3061
73000 92068 3071
73100 93042 3054
73200 93327 3039
73300 88050 3051
73400 89128 3040
73500 88466 3020
73600 92773 3062
73700 93607 3044
73800 89020 3068
73900 94814 3016
74000 90506 3030
74100 93303 3067
74200 94326 3055
74300 89768 3074
74400 89107 3061
74500 90658 3044
74600 91587 3030
74700 96341 3067
74800 87628 3042
74900 93260 3076
75000 93481 3065
75100 93900 3044
75200 94743 3029
75300 90663 3061
75400 90822 3051
75500 91574 3035
75600 88119 3072
75700 88213 3061
75800 94152 3086
75900 94282 3064
76000 85110 3075
76100 85687 3058
76200 91891 3080
76300 92455 3063
76400 93000 3045
76500 93570 3039
76600 90650 3083
76700 91110 3064
76800 91002 3053
76900 92599 3033
77000 92453 3021
77100 89836 3074
77200 90143 3054
77300 90633 3047
77400 91622 3033
77500 89273 3085
77600 89457 3065
77700 89914 3057
77800 91256 3034
77900 88204 3097
78000 89036 3081
78100 89856 3065
78200 90662 3049
78300 91055 3040
78400 90389 3102
78500 91139 3085
78600 90637 3073
78700 91669 3046
78800 92574 3050
78900 92330 3028
79000 91452 3092
79100 92047 3073
79200 93295 3067
79300 92888 3045
79400 86168 3020
79500 86621 -2667
79600 95116 -2677
79700 88174 -2695
79800 88372 -2705
79900 72875 2701
80000 179353 2908
80100 134225 2926
80200 89311 -2675
80300 90445 -2684
80400 91697 -2704
80500 91796 -2714
80600 91944 -2735
80700 93131 -2756
80800 96126 -2677
80900 86414 -2680
81000 96153 -2710
81100 89621 -2680
81200 88469 -2713
81300 90622 -2725
81400 88364 -2735
81500 92524 -2665
81600 92409 -2676
81700 93456 -2689
81800 94326 -2714
81900 94144 -2725
82000 86073 -2704
82100 86759 -2730
82200 86529 -2741
82300 92130 -2659
82400 93015 -2674
82500 93927 -2688
82600 93598 -2700
82700 94460 -2715
82800 84911 -2691
82900 95728 -2758
83000 86350 -2723
83100 88617 -2731
83200 94737 -2655
83300 84547 -2703
83400 93737 -2679
83500 86209 -2628
83600 95078 -2713
83700 87390 -2662
83800 89676 -2674
83900 89069 -2686
84000 89600 -2704
84100 90101 -2723
84200 90101 -2723
84300 91738 -2748
84400 100946 -2684
84500 82797 -2703
84600 83834 -2711
84700 92909 -2639
84800 83407 -2741
84900 95576 -2675
85000 96758 -2684
85100 89194 -2598
85200 89412 -2618
85300 91593 -2636
85400 90619 -2647
85500 91688 -2657
85600 91782 -2678
85700 92843 -2688
85800 93942 -2699
85900 93891 -2720
86000 86321 -2628
86100 87268 -2639
86200 88248 -2650
86300 89210 -2662
86400 89005 -2684
86500 89939 -2696
86600 90903 -2709
86700 90578 -2731
86800 92812 -2735
86900 88109 -2627
87000 88994 -2640
87100 89849 -2654
87200 90729 -2668
87300 91574 -2682
87400 90968 -2705
87500 91759 -2720
87600 92570 -2735
87700 93338 -2750
87800 89295 -2622
87900 89997 -2637
88000 90716 -2653
88100 91384 -2669
88200 91384 -2669
88300 91656 -2725
88400 92696 -2702
88500 93338 -2719
88600 93919 -2585
88700 94512 -2602
88800 95040 -2620
88900 97488 -2633
89000 96044 -2655
89100 97984 -2651
89200 80415 -2669
89300 98914 -2688
89400 81115 -2707
89500 83100 -2722
89600 102152 -2741
89700 83407 -2561
89800 83639 -2761
89900 83873 -2600
90000 85904 -2618
90100 86073 -2638
90200 86073 -2638
90300 86158 -2658
90400 88181 -2678
90500 88181 -2678
90600 88181 -2699
90700 90256 -2720
90800 90159 -2742
90900 90159 -2742
91000 90062 -2763
91100 99557 -2597
91200 99110 -2640
91300 99333 -2618
91400 85803 -2566
91500 87568 -2591
91600 85205 -2610
91700 87249 -2614
91800 89447 -2618
91900 88548 -2663
92000 88548 -2663
92100 88548 -2663
92200 92443 -2697
92300 91820 -2720
92400 91820 -2720
92500 91088 -2742
92600 93338 -2750
92700 93338 -2750
92800 94933 -2781
92900 74615 -2699
93000 96327 -2813
93100 88410 -2528
93200 88410 -2528
93300 88548 -2585
93400 90848 -2597
93500 77662 -2801
93600 89676 -2620
93700 91912 -2633
93800 91912 -2633
93900 92855 -2669
94000 92855 -2669
94100 91452 -2692
94200 95173 -2684
94300 83176 -2541
94400 96043 -2722
94500 85238 -2557
94600 83639 -2580
94700 85736 -2598
94800 85736 -2598
94900 88181 -2657
95000 90062 -2635
95100 88181 -2657
95200 88181 -2657
95300 88181 -2699
95400 90256 -2720
95500 90256 -2720
95600 90256 -2720
95700 92276 -2743
95800 90062 -2763
95900 90062 -2763
96000 77107 -2522
96100 76744 -2566
96200 78806 -2546
96300 80623 -2572
96400 80003 -2618
96500 80003 -2618
96600 80003 -2618
96700 81688 -2645
96800 81688 -2645
96900 83252 -2674
97000 80623 -2691
97100 82126 -2720
97200 87729 -2686
97300 83252 -2674
97400 86414 -2734
97500 84911 -2781
97600 87999 -2471
97700 87999 -2766
97800 87461 -2846
97900 90848 -2538
98000 87461 -2551
98100 90848 -2538
98200 92067 -2573
98300 93337 -2609
98400 92067 -2573
98500 92067 -2573
98600 94325 -2646
98700 94325 -2646
98800 94325 -2646
98900 94325 -2646
99000 94325 -2646
99100 99388 -2675
99200 100180 -2715
99300 100180 -2715
99400 71411 -2756
99500 96757 -2761
99600 101404 -2797
99700 71703 -2797
99800 106792 -2836
99900 75172 -2368
100000 75513 -2411
