1000 982 258
1100 0 0
1200 0 0
1300 0 0
1400 993 -234
1500 0 0
1600 0 0
1700 0 0
1800 0 0
1900 0 0
2000 0 0
2100 0 0
2200 0 0
2300 972 42
2400 0 0
2500 965 595
2600 0 0
2700 0 0
2800 0 0
2900 0 0
3000 0 0
3100 0 0
3200 949 476
3300 0 0
3400 0 0
3500 0 0
3600 939 407
3700 941 391
3800 0 0
3900 938 356
4000 937 341
4100 941 324
4200 937 306
4300 940 290
4400 0 0
4500 927 254
4600 930 239
4700 930 646
4800 923 629
4900 925 613
5000 927 594
5100 923 578
5200 921 561
5300 918 545
5400 925 528
5500 927 510
5600 925 492
5700 920 476
5800 923 459
5900 927 442
6000 920 424
6100 905 833
6200 910 388
6300 1277 669
6400 1259 356
6500 891 766
6600 897 747
6700 897 306
6800 897 714
6900 897 698
7000 898 679
7100 900 662
7200 900 645
7300 900 628
7400 903 611
7500 897 594
7600 895 578
7700 1266 856
7800 899 542
7900 899 526
8000 1270 804
8100 1272 788
8200 0 0
8300 1264 754
8400 897 1031
8500 1267 720
8600 1292 704
8700 1631 -2457
8800 1639 -2472
8900 2310 -2621
9000 0 0
9100 4565 -2592
9200 3823 -2535
9300 2377 -2683
9400 2359 -2700
9500 2359 -2717
9600 1656 -2603
9700 1645 -2621
9800 0 0
9900 0 0
10000 0 0
10100 0 0
10200 0 0
10300 0 0
10400 0 0
10500 0 0
10600 0 0
10700 0 0
10800 0 0
10900 0 0
11000 0 0
11100 0 0
11200 1393 1010
11300 0 0
11400 0 0
11500 0 0
11600 1405 944
11700 0 0
11800 1404 907
11900 1404 892
12000 0 0
12100 0 0
12200 0 0
12300 1409 826
12400 1414 811
12500 0 0
12600 1417 776
12700 1413 760
12800 0 0
12900 1419 731
13000 1411 706
13100 1422 1119
13200 1420 1101
13300 1417 657
13400 0 0
13500 0 0
13600 0 0
13700 0 0
13800 0 0
13900 0 0
14000 1425 965
14100 1430 950
14200 0 0
14300 0 0
14400 0 0
14500 0 0
14600 1429 866
14700 1427 850
14800 0 0
14900 0 0
15000 0 0
15100 0 0
15200 1445 1356
15300 0 0
15400 1445 733
15500 0 0
15600 1438 1291
15700 1437 1273
15800 1448 1257
15900 1441 1238
16000 1442 1224
16100 1439 1206
16200 0 0
16300 0 0
16400 1453 1156
16500 1448 1139
16600 1456 1125
16700 1454 1105
16800 1458 1090
16900 1460 1074
17000 1458 1056
17100 1467 1042
17200 1458 1023
17300 1456 -4329
17400 2058 -4345
17500 2061 -4362
17600 1458 -4380
17700 1467 938
17800 1466 -4412
17900 1466 -4429
18000 2080 -4445
18100 1475 873
18200 1479 -4477
18300 1475 -4495
18400 2085 -4512
18500 1478 -4529
18600 1476 -4542
18700 2098 -4561
18800 1484 -4578
18900 1489 -4594
19000 2097 -4611
19100 2093 -4629
19200 1464 -4646
19300 2083 -4663
19400 1464 -4681
19500 2076 -4697
19600 2061 -4419
19700 2063 -4435
19800 2069 -4748
19900 2080 -4468
20000 2067 -4486
20100 2082 -4501
20200 2088 -4519
20300 2084 -4535
20400 1481 -4420
20500 2092 -4568
20600 2089 -4587
20700 2093 -4601
20800 2103 -4618
20900 2101 -4634
21000 1485 -4522
21100 2105 -4668
21200 2564 -4440
21300 2091 -4276
21400 2093 -4295
21500 2112 -4735
21600 2118 -4326
21700 2120 -4341
21800 2121 -4358
21900 2119 -4376
22000 2124 -4393
22100 2120 -4410
22200 2129 -4425
22300 2140 -4442
22400 2609 -4278
22500 2129 -4482
22600 2145 -4492
22700 2614 -4327
22800 2140 -4525
22900 2138 -4544
23000 2628 -4377
23100 2636 -4395
23200 2149 -4591
23300 2636 -4426
23400 2155 -4201
23500 2648 -4459
23600 2639 -4478
23700 2658 -4495
23800 2177 -4265
23900 2182 -4281
24000 2177 -4298
24100 2180 -4314
24200 2171 -4334
24300 2183 -4348
24400 2197 -4365
24500 2186 -4379
24600 2198 -4400
24700 2073 -4399
24800 2314 -4452
24900 2186 -4449
25000 2187 -4173
25100 2191 -4483
25200 2198 -4204
25300 2192 -4220
25400 2175 -4238
25500 2161 -4256
25600 2170 -4272
25700 2178 -4290
25800 2173 -4308
25900 2181 1438
26000 2174 1422
26100 2167 1697
26200 2171 1388
26300 2179 1371
26400 2187 1354
26500 2187 1634
26600 3098 1547
26700 2196 1600
26800 3091 1514
26900 2200 1566
27000 3105 1477
27100 3107 1463
27200 2201 1516
27300 2202 1503
27400 2200 1482
27500 2186 1465
27600 2180 1449
27700 2187 1432
27800 2181 1414
27900 2188 1397
28000 2191 1383
28100 2688 1610
28200 2689 1593
28300 2204 1333
28400 2698 1561
28500 2704 1543
28600 2711 1526
28700 2704 1511
28800 2714 1494
28900 2721 1476
29000 2725 1462
29100 2221 1626
29200 2227 1608
29300 2739 1412
29400 2234 1574
29500 3157 1560
29600 2735 1360
29700 2744 1706
29800 2744 1690
29900 2759 1676
30000 2753 1658
30100 2749 1641
30200 2746 1622
30300 2744 1605
30400 2748 1590
30500 2748 1574
30600 2763 1558
30700 2761 1540
30800 2764 1524
30900 2754 1506
31000 2731 1489
31100 2746 1471
31200 2246 1700
31300 2749 1439
31400 2750 1417
31500 2246 1650
31600 2270 1635
31700 2265 1617
31800 3209 1672
31900 3220 1655
32000 2281 1569
32100 2282 1551
32200 3234 1606
32300 3231 1589
32400 2294 1503
32500 3244 1556
32600 3268 1766
32700 3265 1748
32800 3268 1731
32900 3279 1715
33000 3292 1700
33100 3287 1684
33200 3292 1663
33300 3269 1649
33400 3282 1632
33500 3288 1615
33600 3294 1600
33700 3301 1583
33800 3303 1567
33900 3314 1775
34000 3321 1758
34100 3330 1742
34200 3334 1727
34300 3366 1713
34400 2384 1764
34500 3384 1680
34600 2386 1737
34700 3398 1646
34800 3400 1629
34900 2410 1683
35000 3407 1595
35100 2417 1651
35200 3431 1565
35300 2436 1618
35400 2436 1602
35500 2988 1829
35600 3008 1812
35700 3018 1796
35800 3014 1781
35900 3022 1764
36000 3036 1747
36100 3032 1731
36200 3054 1714
36300 3059 1698
36400 3061 1683
36500 3072 1667
36600 3070 1651
36700 3088 1636
36800 3091 1619
36900 3104 1601
37000 3105 1584
37100 3107 1569
37200 3605 1735
37300 3137 1897
37400 3139 1883
37500 3158 1866
37600 3159 1850
37700 3161 1833
37800 3157 1817
37900 3177 1801
38000 3182 1784
38100 3190 1767
38200 3219 1751
38300 3222 1735
38400 3225 1720
38500 3229 1703
38600 3241 1687
38700 3247 1673
38800 3250 1656
38900 3265 1638
39000 3266 1623
39100 2671 1850
39200 2681 1835
39300 2695 1817
39400 2694 1800
39500 2707 1785
39600 2711 1768
39700 2720 1753
39800 2723 1737
39900 2737 1719
40000 3890 1774
40100 2762 1690
40200 2756 1672
40300 3901 1952
40400 3918 1709
40500 2783 1623
40600 2782 1902
40700 2799 1592
40800 3964 1870
40900 2811 1854
41000 2814 1838
41100 2827 1821
41200 2833 1804
41300 2844 1790
41400 4027 1771
41500 4045 1756
41600 2866 1741
41700 2870 1725
41800 4084 1707
41900 4088 1916
42000 2901 1675
42100 4101 1886
42200 2910 1643
42300 2920 1924
42400 2926 1907
42500 2933 1889
42600 2940 1875
42700 2936 1858
42800 2959 1841
42900 2961 1825
43000 2973 1808
43100 2977 1793
43200 2980 1777
43300 2994 1761
43400 3019 1741
43500 3027 1729
43600 3018 1713
43700 3704 1938
43800 3716 1924
43900 3727 1908
44000 3736 1890
44100 3749 1875
44200 3748 1861
44300 3769 1844
44400 3778 1826
44500 3795 1812
44600 3802 1795
44700 3819 1777
44800 3831 1761
44900 3844 1747
45000 3144 1914
45100 3152 1894
45200 3159 1879
45300 3174 1863
45400 3175 1847
45500 3193 1828
45600 3205 1815
45700 3201 1798
45800 3938 1962
45900 3213 1764
46000 3227 1750
46100 3978 1911
46200 3983 1901
46300 3994 1883
46400 4001 1867
46500 4014 1848
46600 4018 1837
46700 4050 1818
46800 4047 1802
46900 3315 2031
47000 4073 1777
47100 4077 1752
47200 3357 1982
47300 3363 1968
47400 3342 1948
47500 3369 1930
47600 3372 1918
47700 3389 1901
47800 3409 1886
47900 3410 1870
48000 3428 1853
48100 3438 1836
48200 3443 1820
48300 3463 1806
48400 3462 1789
48500 3470 1770
48600 3492 1757
48700 3499 -3725
48800 3521 -3742
48900 3524 -3756
49000 3545 -3771
49100 3553 -3787
49200 3551 -3805
49300 3556 -3821
49400 3575 -3835
49500 3590 -3853
49600 3584 -3866
49700 3614 -3884
49800 3619 -3903
49900 3639 -3917
50000 3645 -3934
50100 3645 -3949
50200 3653 -3966
50300 3672 -3982
50400 3669 -3702
50500 3685 -3718
50600 3695 -3734
50700 3704 -3751
50800 3717 -3768
50900 3734 -3782
51000 3745 -3799
51100 3773 -3813
51200 3783 -3832
51300 3788 -3846
51400 3800 -3861
51500 3812 -3878
51600 3823 -3895
51700 3837 -3907
51800 3852 -3924
51900 3873 -3941
52000 3872 -3958
52100 2741 -3844
52200 2748 -3861
52300 2769 -3876
52400 2769 -3892
52500 2783 -3909
52600 2778 -3922
52700 3953 -3647
52800 3956 -3662
52900 3979 -3677
53000 3994 -3692
53100 3992 -3711
53200 4020 -3725
53300 4025 -3741
53400 4055 -3760
53500 4073 -3774
53600 4084 -3788
53700 4097 -3806
53800 4089 -3821
53900 4127 -3836
54000 4136 -3854
54100 4136 -3871
54200 4138 -3887
54300 4177 -3905
54400 4195 -3919
54500 4183 -3931
54600 4206 -3951
54700 2985 -3671
54800 2988 -3686
54900 3013 -3703
55000 3022 -3718
55100 3022 -3733
55200 3032 -3751
55300 3040 -3768
55400 3054 -3782
55500 3061 -3796
55600 3073 -3811
55700 3074 -3834
55800 3090 -3846
55900 3098 -3865
56000 3107 -3879
56100 3132 -3894
56200 3126 -3911
56300 3115 -3927
56400 3142 -3943
56500 4463 -3830
56600 3168 -3973
56700 3180 -3566
56800 4506 -3583
56900 3186 -3601
57000 3200 -3616
57100 3208 -3629
57200 4572 -3648
57300 3239 -3661
57400 3244 -3677
57500 3263 -3692
57600 3276 -3709
57700 3281 -3729
57800 3278 -3744
57900 3302 -3760
58000 3307 -3776
58100 3311 -3791
58200 3334 -3812
58300 3337 -3821
58400 3351 -3839
58500 3376 -3855
58600 3369 -3871
58700 3373 -3886
58800 3402 -3902
58900 3418 -3920
59000 3432 -3933
59100 3439 -3952
59200 3456 -3538
59300 3434 -3555
59400 3456 -3577
59500 3483 -3591
59600 3493 -3605
59700 3504 -3621
59800 3515 -3637
59900 3518 -3656
60000 3519 -3673
60100 3553 -3683
60200 3553 -3702
60300 3558 -3719
60400 3602 -3734
60500 3604 -3750
60600 3605 -3765
60700 3623 -3784
60800 3621 -3798
60900 3660 -3812
61000 3665 -3827
61100 3670 -3846
61200 3672 -3859
61300 3726 -3875
61400 3718 -3890
61500 3744 1852
61600 3708 1835
61700 3748 1817
61800 3745 1802
61900 0 0
62000 0 0
62100 0 0
62200 0 0
62300 0 0
62400 0 0
62500 0 0
62600 3846 2264
62700 3846 2244
62800 3883 2233
62900 3891 2213
63000 3906 2201
63100 3909 2186
63200 3929 2164
63300 3932 2151
63400 3964 2132
63500 3965 2119
63600 3980 2103
63700 4012 2090
63800 4025 2074
63900 4023 2056
64000 4043 2038
64100 4062 2020
64200 4075 2011
64300 4106 1994
64400 4112 1977
64500 4138 1968
64600 4149 1944
64700 4171 1929
64800 4199 1917
64900 4190 1900
65000 4234 2310
65100 4231 2292
65200 4248 2277
65300 4177 2277
65400 4290 2245
65500 4313 2227
65600 4317 2213
65700 4337 2199
65800 4349 2180
65900 4367 2165
66000 4383 2148
66100 4416 2133
66200 4405 2117
66300 4426 2100
66400 4429 2084
66500 4458 2069
66600 4468 2054
66700 4490 2031
66800 4482 2020
66900 4513 2002
67000 4525 1985
67100 4540 1971
67200 4564 1959
67300 4561 1940
67400 4590 1925
67500 4625 1907
67600 4640 1890
67700 4648 1876
67800 0 0
67900 0 0
68000 4686 1823
68100 4688 1808
68200 0 0
68300 0 0
68400 0 0
68500 4766 2171
68600 0 0
68700 0 0
68800 0 0
68900 0 0
69000 0 0
69100 0 0
69200 0 0
69300 0 0
69400 0 0
69500 0 0
69600 0 0
69700 0 0
69800 0 0
69900 0 0
70000 0 0
70100 0 0
70200 0 0
70300 0 0
70400 0 0
70500 0 0
70600 0 0
70700 0 0
70800 0 0
70900 0 0
71000 0 0
71100 0 0
71200 0 0
71300 0 0
71400 0 0
71500 0 0
71600 0 0
71700 0 0
71800 0 0
71900 0 0
72000 0 0
72100 0 0
72200 0 0
72300 0 0
72400 0 0
72500 0 0
72600 0 0
72700 0 0
72800 0 0
72900 0 0
73000 0 0
73100 0 0
73200 0 0
73300 0 0
73400 0 0
73500 0 0
73600 0 0
73700 0 0
73800 0 0
73900 0 0
74000 0 0
74100 0 0
74200 0 0
74300 0 0
74400 0 0
74500 0 0
74600 0 0
74700 0 0
74800 0 0
74900 0 0
75000 0 0
75100 0 0
75200 0 0
75300 0 0
75400 0 0
75500 0 0
75600 0 0
75700 0 0
75800 0 0
75900 0 0
76000 0 0
76100 0 0
76200 0 0
76300 0 0
76400 0 0
76500 0 0
76600 0 0
76700 0 0
76800 0 0
76900 0 0
77000 0 0
77100 0 0
77200 0 0
77300 0 0
77400 0 0
77500 0 0
77600 0 0
77700 0 0
77800 0 0
77900 0 0
78000 0 0
78100 0 0
78200 0 0
78300 0 0
78400 0 0
78500 0 0
78600 0 0
78700 0 0
78800 0 0
78900 0 0
79000 0 0
79100 0 0
79200 0 0
79300 0 0
79400 0 0
79500 0 0
79600 0 0
79700 0 0
79800 0 0
79900 15348 1382
80000 62414 2915
80100 7916 -521
80200 0 0
80300 0 0
80400 0 0
80500 0 0
80600 0 0
80700 0 0
80800 0 0
80900 0 0
81000 0 0
81100 0 0
81200 0 0
81300 0 0
81400 0 0
81500 0 0
81600 0 0
81700 0 0
81800 0 0
81900 0 0
82000 0 0
82100 0 0
82200 0 0
82300 0 0
82400 0 0
82500 0 0
82600 0 0
82700 0 0
82800 0 0
82900 0 0
83000 0 0
83100 0 0
83200 0 0
83300 0 0
83400 0 0
83500 0 0
83600 0 0
83700 0 0
83800 0 0
83900 0 0
84000 0 0
84100 0 0
84200 0 0
84300 0 0
84400 0 0
84500 0 0
84600 0 0
84700 0 0
84800 0 0
84900 0 0
85000 0 0
85100 0 0
85200 0 0
85300 0 0
85400 0 0
85500 0 0
85600 0 0
85700 0 0
85800 0 0
85900 0 0
86000 0 0
86100 0 0
86200 0 0
86300 0 0
86400 0 0
86500 0 0
86600 0 0
86700 0 0
86800 0 0
86900 0 0
87000 0 0
87100 0 0
87200 0 0
87300 0 0
87400 0 0
87500 0 0
87600 0 0
87700 0 0
87800 0 0
87900 0 0
88000 0 0
88100 0 0
88200 0 0
88300 0 0
88400 0 0
88500 0 0
88600 0 0
88700 0 0
88800 0 0
88900 0 0
89000 0 0
89100 0 0
89200 0 0
89300 0 0
89400 0 0
89500 0 0
89600 0 0
89700 0 0
89800 0 0
89900 0 0
90000 0 0
90100 0 0
90200 0 0
90300 0 0
90400 0 0
90500 0 0
90600 0 0
90700 0 0
90800 0 0
90900 0 0
91000 0 0
91100 0 0
91200 0 0
91300 0 0
91400 0 0
91500 0 0
91600 0 0
91700 0 0
91800 0 0
91900 0 0
92000 0 0
92100 0 0
92200 0 0
92300 0 0
92400 0 0
92500 0 0
92600 0 0
92700 0 0
92800 0 0
92900 0 0
93000 0 0
93100 0 0
93200 0 0
93300 0 0
93400 0 0
93500 0 0
93600 0 0
93700 0 0
93800 0 0
93900 0 0
94000 0 0
94100 0 0
94200 0 0
94300 0 0
94400 0 0
94500 0 0
94600 0 0
94700 0 0
94800 0 0
94900 0 0
95000 0 0
95100 0 0
95200 0 0
95300 0 0
95400 0 0
95500 0 0
95600 0 0
95700 0 0
95800 0 0
95900 0 0
96000 0 0
96100 0 0
96200 0 0
96300 0 0
96400 0 0
96500 0 0
96600 0 0
96700 0 0
96800 0 0
96900 0 0
97000 0 0
97100 0 0
97200 0 0
97300 0 0
97400 0 0
97500 0 0
97600 0 0
97700 0 0
97800 0 0
97900 0 0
98000 0 0
98100 0 0
98200 0 0
98300 0 0
98400 0 0
98500 0 0
98600 0 0
98700 0 0
98800 0 0
98900 0 0
99000 0 0
99100 0 0
99200 0 0
99300 0 0
99400 0 0
99500 0 0
99600 0 0
99700 0 0
99800 0 0
99900 0 0
100000 0 0
