1000 94212 3235
1100 92067 3220
1200 90783 3205
1300 89089 3196
1400 87651 3183
1500 86289 3172
1600 85490 3163
1700 84609 3157
1800 83568 3148
1900 83088 3137
2000 81947 3131
2100 81457 3126
2200 80874 3120
2300 80385 3115
2400 80066 3110
2500 79561 3100
2600 78770 3099
2700 78790 3093
2800 78522 3089
2900 78122 3084
3000 77837 3081
3100 77493 3078
3200 77100 3073
3300 76696 3070
3400 76631 3067
3500 76272 3063
3600 76150 3061
3700 75933 3055
3800 75735 3055
3900 75416 3052
4000 75378 3048
4100 75405 3045
4200 75058 3045
4300 74836 3044
4400 74594 3041
4500 74661 3038
4600 74650 3035
4700 74135 3033
4800 74233 3030
4900 74106 3030
5000 73828 3026
5100 74111 3026
5200 73856 3025
5300 73350 3025
5400 73347 3021
5500 73763 3018
5600 73487 3019
5700 73196 3018
5800 73072 3014
5900 73193 3013
6000 73049 3014
6100 73009 3012
6200 72729 3012
6300 72628 3010
6400 72364 3010
6500 72527 3008
6600 72083 3009
6700 72108 3006
6800 71998 3006
6900 72109 3003
7000 72260 3004
7100 72085 3001
7200 72158 3003
7300 71666 3002
7400 71709 3000
7500 71630 3001
7600 71744 2998
7700 71288 2997
7800 71593 2999
7900 71234 2995
8000 71099 2997
8100 71424 2994
8200 71133 -2764
8300 71066 -2767
8400 71004 -2766
8500 70887 -2765
8600 70774 -2768
8700 70981 -2767
8800 70431 -2768
8900 70677 -2771
9000 70589 -2770
9100 70640 -2768
9200 70506 -2770
9300 70598 -2772
9400 70333 -2770
9500 70400 -2772
9600 70565 -2774
9700 70330 -2775
9800 70139 -2772
9900 70275 -2773
10000 70158 -2774
10100 70129 -2775
10200 69932 -2775
10300 69964 -2775
10400 69952 -2775
10500 69931 -2776
10600 69875 -2776
10700 69788 -2775
10800 69649 -2778
10900 69509 -2777
11000 69695 -2777
11100 69650 -2780
11200 69604 -2778
11300 69613 -2776
11400 69438 -2777
11500 69416 -2776
11600 69311 -2776
11700 69438 -2780
11800 69176 -2778
11900 69116 -2779
12000 69067 -2780
12100 69014 -2781
12200 69109 -2780
12300 68995 -2779
12400 68762 -2778
12500 68817 -2777
12600 68823 -2779
12700 68613 -2780
12800 68867 -2781
12900 68559 -2784
13000 68676 -2782
13100 68499 -2781
13200 68569 -2785
13300 68536 -2782
13400 68385 -2783
13500 68267 -2782
13600 68543 -2786
13700 68297 -2781
13800 68491 -2784
13900 68310 -2784
14000 68253 -2784
14100 68157 -2785
14200 68309 -2784
14300 68211 -2784
14400 68032 -2785
14500 67875 -2786
14600 68185 -2785
14700 67989 -2781
14800 68091 -2786
14900 67686 -2784
15000 67717 -2782
15100 67842 -2783
15200 67895 -2783
15300 67644 -2785
15400 67904 -2786
15500 67792 -2786
15600 67633 -2782
15700 67460 -2783
15800 67597 -2783
15900 67455 -2785
16000 67703 -2784
16100 67397 -2785
16200 67500 -2785
16300 67494 -2785
16400 67453 -2786
16500 67688 -2786
16600 67233 -2786
16700 67385 -2782
16800 67285 -2785
16900 67154 -2786
17000 67393 -2786
17100 67052 -2786
17200 66896 -2785
17300 67092 -2784
17400 67048 -2783
17500 66977 -2783
17600 67137 -2786
17700 66991 -2785
17800 66905 -2784
17900 66801 -2787
18000 66882 -2784
18100 66657 -2786
18200 66541 -2783
18300 66821 -2784
18400 66564 -2784
18500 66586 -2786
18600 66501 -2788
18700 66729 -2786
18800 66473 -2782
18900 66422 -2783
19000 66407 -2784
19100 66401 -2785
19200 66340 -2784
19300 66269 -2784
19400 66392 -2786
19500 66168 -2783
19600 66291 -2784
19700 66234 -2782
19800 66390 -2783
19900 66091 -2786
20000 65995 -2783
20100 66346 -2783
20200 66031 -2785
20300 66128 -2781
20400 65995 -2783
20500 66105 -2780
20600 66159 -2781
20700 65991 -2781
20800 66076 -2786
20900 65816 -2782
21000 65786 -2783
21100 65773 -2783
21200 65943 -2783
21300 65850 -2783
21400 65820 -2782
21500 65879 -2778
21600 65702 -2782
21700 65535 -2785
21800 65724 -2785
21900 65807 -2780
22000 65728 -2782
22100 65665 -2784
22200 65345 -2782
22300 65705 -2781
22400 65740 -2783
22500 65647 -2781
22600 65385 -2785
22700 65606 -2779
22800 65660 -2781
22900 65301 -2780
23000 65431 -2782
23100 65652 -2782
23200 65356 -2781
23300 65586 -2783
23400 65342 -2780
23500 65321 -2782
23600 65431 -2780
23700 65445 -2782
23800 65339 -2778
23900 65167 -2781
24000 65352 -2782
24100 65229 -2780
24200 65279 -2782
24300 65275 -2778
24400 65056 -2781
24500 65134 -2782
24600 65224 -2778
24700 64937 -2780
24800 64986 -2783
24900 65415 -2777
25000 65146 -2778
25100 65084 -2775
25200 64963 -2781
25300 64772 2978
25400 64783 2983
25500 65182 2982
25600 64990 2981
25700 64924 2980
25800 65101 2980
25900 64763 2981
26000 64886 2981
26100 65015 2987
26200 65000 2981
26300 64662 2982
26400 64633 2983
26500 64769 2985
26600 64846 2986
26700 64949 2980
26800 64856 2982
26900 64666 2985
27000 64461 2982
27100 64853 2983
27200 64812 2981
27300 64452 2984
27400 64530 2986
27500 64878 2982
27600 64894 2985
27700 64608 2986
27800 64839 2983
27900 64391 2984
28000 64648 2988
28100 64635 2987
28200 64563 2986
28300 64691 2985
28400 64636 2984
28500 64652 2987
28600 64667 2985
28700 64749 2986
28800 64819 2985
28900 64388 2984
29000 64657 2985
29100 64236 2984
29200 64584 2984
29300 64330 2988
29400 64457 2984
29500 64327 2989
29600 64282 2984
29700 64528 2989
29800 64225 2990
29900 64287 2986
30000 64031 2987
30100 65257 2988
30200 64856 2989
30300 65117 2991
30400 64486 2985
30500 65005 2990
30600 64965 2993
30700 65066 2987
30800 64705 2989
30900 64700 2991
31000 64517 2987
31100 64527 2987
31200 64796 2991
31300 64581 2986
31400 64291 2987
31500 64635 2990
31600 64176 2992
31700 64710 2990
31800 64624 2991
31900 64282 2993
32000 64317 2988
32100 64243 2990
32200 64217 2992
32300 64188 2988
32400 64148 2991
32500 64157 2994
32600 64210 2988
32700 64399 2992
32800 63939 2995
32900 64041 2990
33000 64280 2995
33100 63808 2992
33200 64042 2994
33300 63781 2992
33400 63900 2995
33500 63755 2992
33600 64109 2994
33700 63911 2993
33800 64220 2989
33900 64194 2993
34000 63988 2991
34100 63932 2995
34200 63880 2994
34300 63738 2991
34400 63787 2997
34500 63770 2995
34600 63740 2993
34700 63732 2993
34800 63966 2999
34900 63951 2998
35000 63669 2999
35100 63659 2996
35200 63685 2996
35300 63804 2996
35400 63611 2998
35500 63714 2997
35600 63887 2997
35700 63716 3000
35800 63962 3000
35900 63482 2996
36000 63643 2996
36100 63589 3000
36200 63864 3001
36300 63509 2997
36400 63895 2997
36500 63731 3002
36600 63331 3000
36700 63931 3000
36800 63589 2997
36900 63687 3001
37000 63388 3000
37100 63475 2996
37200 63649 3003
37300 63577 3000
37400 63238 2999
37500 63603 3004
37600 63808 3000
37700 63698 3000
37800 63626 3000
37900 63573 3001
38000 63530 3001
38100 63421 3000
38200 63565 3001
38300 63488 3002
38400 63388 3004
38500 63544 3007
38600 63640 3008
38700 63321 3004
38800 63321 3005
38900 63485 3006
39000 63908 3003
39100 63708 3000
39200 63091 3006
39300 63686 3000
39400 63306 2998
39500 63622 3000
39600 63446 2997
39700 63729 3000
39800 63471 3002
39900 63214 3008
40000 63603 3010
40100 63053 3009
40200 63366 3011
40300 63501 3001
40400 63331 3002
40500 63510 3003
40600 63288 3003
40700 63290 3003
40800 63218 3005
40900 63332 3005
41000 63374 3007
41100 63548 3009
41200 63123 3008
41300 63775 3011
41400 63385 3011
41500 63435 3013
41600 63680 3005
41700 63964 3007
41800 63945 -2753
41900 64295 -2749
42000 63568 -2747
42100 63689 -2745
42200 63494 -2753
42300 63233 -2750
42400 63513 -2747
42500 63493 -2754
42600 64092 -2749
42700 63594 -2738
42800 63690 -2762
42900 63683 -2748
43000 63550 -2747
43100 63335 -2751
43200 63273 -2746
43300 63687 -2753
43400 63684 -2754
43500 63698 -2744
43600 63510 -2748
43700 63205 -2752
43800 63413 -2746
43900 63306 -2751
44000 63522 -2742
44100 63330 -2748
44200 63240 -2751
44300 63394 -2744
44400 63416 -2747
44500 63236 -2748
44600 63353 -2751
44700 63667 -2745
44800 63580 -2747
44900 63013 -2745
45000 63096 -2743
45100 63147 -2746
45200 63234 -2750
45300 63249 -2751
45400 63735 -2743
45500 62969 -2748
45600 63094 -2749
45700 63250 -2749
45800 62820 -2743
45900 63121 -2745
46000 63092 -2746
46100 63556 -2748
46200 63178 -2739
46300 62950 -2749
46400 63267 -2749
46500 63093 -2741
46600 63352 -2743
46700 62696 -2741
46800 63120 -2742
46900 63458 -2741
47000 62801 -2740
47100 63274 -2741
47200 62979 -2747
47300 63055 -2738
47400 62607 -2743
47500 63571 -2746
47600 63022 -2740
47700 63536 -2741
47800 63044 -2736
47900 62912 -2742
48000 63131 -2733
48100 63061 -2737
48200 63100 -2743
48300 63399 -2734
48400 63349 -2738
48500 63391 -2743
48600 63010 -2738
48700 63024 -2740
48800 62986 -2746
48900 63579 -2734
49000 62677 -2742
49100 63461 -2730
49200 63568 -2734
49300 63646 -2739
49400 62572 -2734
49500 62702 -2736
49600 63548 -2736
49700 62882 -2731
49800 62897 -2735
49900 63181 -2739
50000 63598 -2730
50100 63532 -2734
50200 62874 -2736
50300 63001 -2740
50400 63154 -2730
50500 63553 -2733
50600 62877 -2734
50700 63196 -2737
50800 62466 -2740
50900 62832 -2731
51000 63285 -2733
51100 62662 -2733
51200 63111 -2736
51300 63494 -2737
51400 62862 -2739
51500 63382 -2729
51600 62979 -2729
51700 63431 -2730
51800 62884 -2730
51900 63489 -2732
52000 63067 -2733
52100 62670 -2730
52200 63207 -2732
52300 62867 -2730
52400 63337 -2732
52500 63159 -2731
52600 62749 -2729
52700 63548 -2730
52800 63095 -2727
52900 63007 -2725
53000 63500 -2726
53100 63480 -2722
53200 62980 -2732
53300 62536 -2728
53400 63503 -2731
53500 63340 -2726
53600 63208 -2723
53700 62571 -2729
53800 63446 -2733
53900 63526 -2727
54000 62719 -2736
54100 62902 -2730
54200 63030 -2722
54300 63134 -2719
54400 62745 -2723
54500 62548 -2715
54600 63052 -2732
54700 63080 -2726
54800 63249 -2719
54900 63051 -2725
55000 63041 -2716
55100 62580 -2722
55200 62969 -2714
55300 63503 -2730
55400 62789 -2733
55500 63343 -2725
55600 62817 -2729
55700 63312 -2720
55800 62835 -2721
55900 62510 -2725
56000 63115 -2718
56100 62982 -2719
56200 63090 -2737
56300 63492 -2729
56400 63551 -2729
56500 63178 -2729
56600 62960 -2730
56700 63505 -2723
56800 63236 -2722
56900 63116 -2724
57000 62923 -2722
57100 62547 -2722
57200 62330 -2721
57300 63345 -2711
57400 63334 -2713
57500 63594 -2727
57600 63295 -2726
57700 63431 -2723
57800 63138 -2721
57900 63288 -2721
58000 63093 -2718
58100 63067 -2716
58200 63114 -2714
58300 63059 -2710
58400 63259 -2709
58500 63404 -2723
58600 62285 -2723
58700 62437 -2720
58800 62526 -2717
58900 62800 -2713
59000 62849 -2707
59100 63085 -2726
59200 63420 -2720
59300 62324 -2716
59400 62541 -2714
59500 62951 -2707
59600 63150 -2723
59700 62066 -2720
59800 62368 -2712
59900 62688 -2707
60000 61596 -2722
60100 62188 -2720
60200 62617 -2712
60300 63109 -2706
60400 62191 -2719
60500 62538 -2711
60600 63058 -2706
60700 62047 3043
60800 62655 3047
60900 63442 3052
61000 61945 3044
61100 62941 3049
61200 62152 3058
61300 62657 3045
61400 63578 3049
61500 62230 3042
61600 62953 3046
61700 62475 3062
61800 63015 3045
61900 62102 3059
62000 62539 3046
62100 62210 3061
62200 62556 3044
62300 62251 3060
62400 62399 3042
62500 62249 3062
62600 62443 3047
62700 63728 3051
62800 62698 3045
62900 62600 3064
63000 62899 3050
63100 61816 3049
63200 63221 3049
63300 61961 3054
63400 63280 3056
63500 62491 3057
63600 62762 3043
63700 62878 3062
63800 61895 3063
63900 62045 3047
64000 63869 3050
64100 62774 3054
64200 61879 3054
64300 62122 3042
64400 62685 3064
64500 62058 3070
64600 62286 3054
64700 62608 3036
64800 63335 3056
64900 62097 3063
65000 61937 3047
65100 61155 3056
65200 61167 3041
65300 61500 3056
65400 61192 3071
65500 61758 3052
65600 60986 3064
65700 61304 3045
65800 60665 3054
65900 61103 3042
66000 60324 3051
66100 61657 3073
66200 61944 3060
66300 61434 3069
66400 61776 3054
66500 61388 3068
66600 61780 3050
66700 61345 3064
66800 61484 3046
66900 61492 3062
67000 61593 3044
67100 61345 3059
67200 61148 3078
67300 61551 3060
67400 59453 3067
67500 61686 3060
67600 59722 3067
67700 59978 3050
67800 59863 3067
67900 60236 3051
68000 60240 3069
68100 60631 3050
68200 60506 3072
68300 61556 3053
68400 61078 3074
68500 59445 3057
68600 59700 3074
68700 60068 3059
68800 60090 3077
68900 60769 3063
69000 60929 3048
69100 61589 3067
69200 59333 3051
69300 60095 3076
69400 60554 3058
69500 61341 3077
69600 61579 3061
69700 59253 3053
69800 60178 3072
69900 60543 3056
70000 61639 3074
70100 59500 3066
70200 59827 3054
70300 60709 3073
70400 61006 3058
70500 59495 3088
70600 59939 3072
70700 60561 3057
70800 61612 3077
70900 59555 3075
71000 59755 3060
71100 61183 3079
71200 59453 3084
71300 59797 3068
71400 59936 3052
71500 61296 3067
71600 59463 3075
71700 59796 3060
71800 61232 3079
71900 59613 3083
72000 59903 3068
72100 60181 3053
72200 59644 3092
72300 60075 3076
72400 60389 3064
72500 58529 3072
72600 59182 3056
72700 60875 3079
72800 59082 3086
72900 59512 3072
73000 59935 3057
73100 58063 3068
73200 60361 3085
73300 60559 3071
73400 59293 3088
73500 59462 3074
73600 59796 3058
73700 58077 3075
73800 58677 3060
73900 61282 3077
74000 59621 3098
74100 60048 3079
74200 60114 3064
74300 58810 3085
74400 58841 3070
74500 59502 3056
74600 58217 3080
74700 58523 3065
74800 61580 3077
74900 60260 3102
75000 57668 3061
75100 60947 3068
75200 59690 3098
75300 60100 3084
75400 60159 3070
75500 59639 3097
75600 60011 3083
75700 60373 3068
75800 59421 3098
75900 59961 3085
76000 60279 3070
76100 59453 3104
76200 60088 3087
76300 60360 3071
76400 59717 3109
76500 60309 3091
76600 60295 3074
76700 60067 3116
76800 60614 3098
76900 61294 3084
77000 61099 3069
77100 57883 3102
77200 58005 3085
77300 58358 3069
77400 58613 3057
77500 58826 3095
77600 59137 3078
77700 59704 3063
77800 59987 -2656
77900 59910 -2670
78000 60660 -2681
78100 60957 -2702
78200 57174 -2654
78300 57958 -2675
78400 58044 -2684
78500 58773 -2700
78600 59369 -2649
78700 59795 -2667
78800 60202 -2684
78900 57039 -2694
79000 57348 -2640
79100 57993 -2663
79200 58008 -2677
79300 58612 -2691
79400 60048 -2644
79500 60639 -2663
79600 60947 -2669
79700 57314 -2670
79800 57596 -2675
79900 71614 -2540
80000 113211 2852
80100 73704 -2801
80200 56353 -2660
80300 57182 -2672
80400 57328 -2688
80500 59215 -2635
80600 59661 -2652
80700 60014 -2675
80800 60847 -2688
80900 56791 -2667
81000 56930 -2679
81100 61480 -2645
81200 60227 -2650
81300 57704 -2622
81400 60339 -2662
81500 58097 -2654
81600 58169 -2666
81700 58559 -2680
81800 59125 -2702
81900 55015 -2669
82000 59027 -2626
82100 59363 -2642
82200 59526 -2649
82300 60176 -2668
82400 60477 -2683
82500 57415 -2653
82600 57859 -2665
82700 58298 -2676
82800 58209 -2689
82900 58955 -2704
83000 55422 -2668
83100 55504 -2677
83200 59816 -2644
83300 59846 -2687
83400 60906 -2673
83500 58035 -2615
83600 58690 -2632
83700 59305 -2640
83800 59958 -2658
83900 60000 -2676
84000 60923 -2690
84100 57394 -2639
84200 58265 -2644
84300 58800 -2672
84400 58800 -2672
84500 59051 -2687
84600 57502 -2630
84700 58387 -2636
84800 57641 -2654
84900 58700 -2676
85000 58964 -2682
85100 59495 -2693
85200 56996 -2630
85300 57117 -2646
85400 58215 -2660
85500 58459 -2666
85600 58546 -2682
85700 57486 -2610
85800 58569 -2626
85900 59016 -2639
86000 59236 -2645
86100 59894 -2666
86200 59426 -2686
86300 60281 -2696
86400 59413 -2618
86500 58958 -2621
86600 60460 -2637
86700 61013 -2659
86800 60869 -2677
86900 55198 -2702
87000 55031 -2605
87100 62206 -2610
87200 62662 -2634
87300 56303 -2649
87400 57543 -2661
87500 57269 -2680
87600 57382 -2688
87700 58111 -2588
87800 58397 -2613
87900 59104 -2629
88000 59186 -2637
88100 59891 -2653
88200 60020 -2670
88300 59124 -2715
88400 53076 -2670
88500 61448 -2721
88600 53235 -2714
88700 56527 -2598
88800 56549 -2616
88900 57692 -2634
89000 57680 -2643
89100 57621 -2671
89200 58769 -2682
89300 58732 -2691
89400 58682 -2700
89500 60782 -2603
89600 59725 -2731
89700 62460 -2635
89800 55775 -2602
89900 56363 -2603
90000 56756 -2624
90100 57117 -2646
90200 56982 -2655
90300 57458 -2667
90400 57917 -2680
90500 59017 -2694
90600 58839 -2704
90700 51692 -2653
90800 57397 -2550
90900 57594 -2573
91000 57367 -2583
91100 57763 -2596
91200 59032 -2604
91300 58772 -2614
91400 59514 -2643
91500 60530 -2662
91600 60215 -2672
91700 61883 -2671
91800 54751 -2590
91900 55915 -2626
92000 57157 -2637
92100 56178 -2642
92200 56055 -2667
92300 57046 -2663
92400 57897 -2686
92500 57897 -2686
92600 58308 -2719
92700 58930 -2726
92800 59572 -2733
92900 51867 -2637
93000 51446 -2646
93100 51978 -2654
93200 53076 -2670
93300 60833 -2602
93400 62010 -2601
93500 53764 -2714
93600 64003 -2646
93700 55428 -2741
93800 60464 -2527
93900 60439 -2546
94000 51576 -2632
94100 51620 -2613
94200 60949 -2575
94300 61524 -2585
94400 62697 -2606
94500 53989 -2704
94600 53348 -2712
94700 64852 -2670
94800 67142 -2665
94900 54810 -2746
95000 61104 -2526
95100 50317 -2582
95200 51609 -2619
95300 62321 -2583
95400 52025 -2632
95500 52451 -2646
95600 52081 -2666
95700 52081 -2700
95800 53245 -2707
95900 53982 -2736
96000 53982 -2736
96100 53155 -2741
96200 57046 -2731
96300 55587 -2534
96400 55349 -2570
96500 56285 -2564
96600 55656 -2585
96700 56249 -2616
96800 55967 -2600
96900 59114 -2655
97000 57533 -2627
97100 59114 -2655
97200 58072 -2659
97300 59114 -2655
97400 60968 -2702
97500 61378 -2737
97600 61378 -2737
97700 61703 -2548
97800 60654 -2792
97900 43797 -2513
98000 61844 -2566
98100 63058 -2564
98200 64345 -2562
98300 65942 -2617
98400 65942 -2617
98500 46669 3175
98600 48698 3155
98700 46669 3175
98800 46669 3156
98900 46628 3137
99000 48652 3135
99100 47501 3097
99200 49694 3114
99300 50599 3071
99400 51774 3069
99500 50292 3030
99600 51445 3027
99700 61348 3254
99800 49023 3014
99900 64169 3247
100000 52166 2981
